[2024-06-17T08:31:13.311+0000] {local_task_job_runner.py:120} INFO - ::group::Pre task execution logs
[2024-06-17T08:31:13.390+0000] {taskinstance.py:2076} INFO - Dependencies all met for dep_context=non-requeueable deps ti=<TaskInstance: postgres.transform manual__2024-06-17T08:30:50.163165+00:00 [queued]>
[2024-06-17T08:31:13.426+0000] {taskinstance.py:2076} INFO - Dependencies all met for dep_context=requeueable deps ti=<TaskInstance: postgres.transform manual__2024-06-17T08:30:50.163165+00:00 [queued]>
[2024-06-17T08:31:13.427+0000] {taskinstance.py:2306} INFO - Starting attempt 1 of 6
[2024-06-17T08:31:13.564+0000] {taskinstance.py:2330} INFO - Executing <Task(PythonOperator): transform> on 2024-06-17 08:30:50.163165+00:00
[2024-06-17T08:31:13.606+0000] {standard_task_runner.py:90} INFO - Running: ['***', 'tasks', 'run', 'postgres', 'transform', 'manual__2024-06-17T08:30:50.163165+00:00', '--job-id', '58', '--raw', '--subdir', 'DAGS_FOLDER/postgres.py', '--cfg-path', '/tmp/tmpx8hhdhxp']
[2024-06-17T08:31:13.610+0000] {standard_task_runner.py:91} INFO - Job 58: Subtask transform
[2024-06-17T08:31:13.617+0000] {logging_mixin.py:188} WARNING - /home/***/.local/lib/python3.12/site-packages/***/task/task_runner/standard_task_runner.py:61 DeprecationWarning: This process (pid=2758) is multi-threaded, use of fork() may lead to deadlocks in the child.
[2024-06-17T08:31:13.619+0000] {standard_task_runner.py:63} INFO - Started process 2772 to run task
[2024-06-17T08:31:13.827+0000] {task_command.py:426} INFO - Running <TaskInstance: postgres.transform manual__2024-06-17T08:30:50.163165+00:00 [running]> on host dc64bc371a82
[2024-06-17T08:31:14.180+0000] {taskinstance.py:2648} INFO - Exporting env vars: AIRFLOW_CTX_DAG_EMAIL='protectorateog@gmail.com' AIRFLOW_CTX_DAG_OWNER='protectorate' AIRFLOW_CTX_DAG_ID='postgres' AIRFLOW_CTX_TASK_ID='transform' AIRFLOW_CTX_EXECUTION_DATE='2024-06-17T08:30:50.163165+00:00' AIRFLOW_CTX_TRY_NUMBER='1' AIRFLOW_CTX_DAG_RUN_ID='manual__2024-06-17T08:30:50.163165+00:00'
[2024-06-17T08:31:14.182+0000] {taskinstance.py:430} INFO - ::endgroup::
[2024-06-17T08:31:14.229+0000] {python.py:237} INFO - Done. Returned value was:   first_name  ... nationality
0       Neil  ...          IE

[1 rows x 11 columns]
[2024-06-17T08:31:14.291+0000] {taskinstance.py:441} INFO - ::group::Post task execution logs
[2024-06-17T08:31:14.504+0000] {taskinstance.py:1206} INFO - Marking task as SUCCESS. dag_id=postgres, task_id=transform, run_id=manual__2024-06-17T08:30:50.163165+00:00, execution_date=20240617T083050, start_date=20240617T083113, end_date=20240617T083114
[2024-06-17T08:31:14.646+0000] {local_task_job_runner.py:240} INFO - Task exited with return code 0
[2024-06-17T08:31:14.712+0000] {taskinstance.py:3498} INFO - 1 downstream tasks scheduled from follow-on schedule check
[2024-06-17T08:31:14.901+0000] {local_task_job_runner.py:222} INFO - ::endgroup::
