[2024-06-15T21:09:09.901+0000] {processor.py:161} INFO - Started process (PID=7983) to work on /opt/airflow/dags/rand.py
[2024-06-15T21:09:09.988+0000] {processor.py:830} INFO - Processing file /opt/airflow/dags/rand.py for tasks to queue
[2024-06-15T21:09:09.991+0000] {logging_mixin.py:188} INFO - [2024-06-15T21:09:09.990+0000] {dagbag.py:545} INFO - Filling up the DagBag from /opt/airflow/dags/rand.py
[2024-06-15T21:09:13.722+0000] {processor.py:840} INFO - DAG(s) 'rand_request' retrieved from /opt/airflow/dags/rand.py
[2024-06-15T21:09:14.180+0000] {logging_mixin.py:188} INFO - [2024-06-15T21:09:14.179+0000] {override.py:1829} INFO - Created Permission View: can read on DAG:rand_request
[2024-06-15T21:09:14.329+0000] {logging_mixin.py:188} INFO - [2024-06-15T21:09:14.328+0000] {override.py:1829} INFO - Created Permission View: can delete on DAG:rand_request
[2024-06-15T21:09:14.396+0000] {logging_mixin.py:188} INFO - [2024-06-15T21:09:14.395+0000] {override.py:1829} INFO - Created Permission View: can edit on DAG:rand_request
[2024-06-15T21:09:14.398+0000] {logging_mixin.py:188} INFO - [2024-06-15T21:09:14.397+0000] {dag.py:3096} INFO - Sync 1 DAGs
[2024-06-15T21:09:14.441+0000] {logging_mixin.py:188} INFO - [2024-06-15T21:09:14.440+0000] {dag.py:3118} INFO - Creating ORM DAG for rand_request
[2024-06-15T21:09:14.483+0000] {logging_mixin.py:188} INFO - [2024-06-15T21:09:14.482+0000] {dag.py:3954} INFO - Setting next_dagrun for rand_request to 2024-06-15 20:05:00+00:00, run_after=2024-06-15 21:05:00+00:00
[2024-06-15T21:09:14.573+0000] {processor.py:183} INFO - Processing /opt/airflow/dags/rand.py took 4.701 seconds
[2024-06-15T21:09:44.743+0000] {processor.py:161} INFO - Started process (PID=8033) to work on /opt/airflow/dags/rand.py
[2024-06-15T21:09:44.745+0000] {processor.py:830} INFO - Processing file /opt/airflow/dags/rand.py for tasks to queue
[2024-06-15T21:09:44.746+0000] {logging_mixin.py:188} INFO - [2024-06-15T21:09:44.746+0000] {dagbag.py:545} INFO - Filling up the DagBag from /opt/airflow/dags/rand.py
[2024-06-15T21:09:45.571+0000] {processor.py:840} INFO - DAG(s) 'rand_request' retrieved from /opt/airflow/dags/rand.py
[2024-06-15T21:09:45.605+0000] {logging_mixin.py:188} INFO - [2024-06-15T21:09:45.604+0000] {dag.py:3096} INFO - Sync 1 DAGs
[2024-06-15T21:09:45.653+0000] {logging_mixin.py:188} INFO - [2024-06-15T21:09:45.653+0000] {dag.py:3954} INFO - Setting next_dagrun for rand_request to 2024-06-15 20:05:00+00:00, run_after=2024-06-15 21:05:00+00:00
[2024-06-15T21:09:45.738+0000] {processor.py:183} INFO - Processing /opt/airflow/dags/rand.py took 1.009 seconds
[2024-06-15T21:10:17.003+0000] {processor.py:161} INFO - Started process (PID=8093) to work on /opt/airflow/dags/rand.py
[2024-06-15T21:10:17.005+0000] {processor.py:830} INFO - Processing file /opt/airflow/dags/rand.py for tasks to queue
[2024-06-15T21:10:17.006+0000] {logging_mixin.py:188} INFO - [2024-06-15T21:10:17.006+0000] {dagbag.py:545} INFO - Filling up the DagBag from /opt/airflow/dags/rand.py
[2024-06-15T21:10:21.578+0000] {processor.py:840} INFO - DAG(s) 'rand_request' retrieved from /opt/airflow/dags/rand.py
[2024-06-15T21:10:21.657+0000] {logging_mixin.py:188} INFO - [2024-06-15T21:10:21.656+0000] {dag.py:3096} INFO - Sync 1 DAGs
[2024-06-15T21:10:21.723+0000] {logging_mixin.py:188} INFO - [2024-06-15T21:10:21.722+0000] {dag.py:3954} INFO - Setting next_dagrun for rand_request to 2024-06-15 21:05:00+00:00, run_after=2024-06-15 22:05:00+00:00
[2024-06-15T21:10:21.873+0000] {processor.py:183} INFO - Processing /opt/airflow/dags/rand.py took 4.902 seconds
[2024-06-15T21:11:46.144+0000] {processor.py:161} INFO - Started process (PID=8131) to work on /opt/airflow/dags/rand.py
[2024-06-15T21:11:46.205+0000] {processor.py:830} INFO - Processing file /opt/airflow/dags/rand.py for tasks to queue
[2024-06-15T21:11:46.208+0000] {logging_mixin.py:188} INFO - [2024-06-15T21:11:46.207+0000] {dagbag.py:545} INFO - Filling up the DagBag from /opt/airflow/dags/rand.py
[2024-06-15T21:12:42.749+0000] {processor.py:161} INFO - Started process (PID=8178) to work on /opt/airflow/dags/rand.py
[2024-06-15T21:12:42.750+0000] {processor.py:830} INFO - Processing file /opt/airflow/dags/rand.py for tasks to queue
[2024-06-15T21:12:42.753+0000] {logging_mixin.py:188} INFO - [2024-06-15T21:12:42.752+0000] {dagbag.py:545} INFO - Filling up the DagBag from /opt/airflow/dags/rand.py
[2024-06-15T21:12:43.604+0000] {processor.py:840} INFO - DAG(s) 'rand_request' retrieved from /opt/airflow/dags/rand.py
[2024-06-15T21:12:43.648+0000] {logging_mixin.py:188} INFO - [2024-06-15T21:12:43.647+0000] {dag.py:3096} INFO - Sync 1 DAGs
[2024-06-15T21:12:43.683+0000] {logging_mixin.py:188} INFO - [2024-06-15T21:12:43.683+0000] {dag.py:3954} INFO - Setting next_dagrun for rand_request to 2024-06-15 21:05:00+00:00, run_after=2024-06-15 22:05:00+00:00
[2024-06-15T21:12:43.752+0000] {processor.py:183} INFO - Processing /opt/airflow/dags/rand.py took 1.016 seconds
[2024-06-15T21:13:14.096+0000] {processor.py:161} INFO - Started process (PID=8218) to work on /opt/airflow/dags/rand.py
[2024-06-15T21:13:14.098+0000] {processor.py:830} INFO - Processing file /opt/airflow/dags/rand.py for tasks to queue
[2024-06-15T21:13:14.100+0000] {logging_mixin.py:188} INFO - [2024-06-15T21:13:14.099+0000] {dagbag.py:545} INFO - Filling up the DagBag from /opt/airflow/dags/rand.py
[2024-06-15T21:13:14.827+0000] {processor.py:840} INFO - DAG(s) 'rand_request' retrieved from /opt/airflow/dags/rand.py
[2024-06-15T21:13:14.859+0000] {logging_mixin.py:188} INFO - [2024-06-15T21:13:14.858+0000] {dag.py:3096} INFO - Sync 1 DAGs
[2024-06-15T21:13:14.893+0000] {logging_mixin.py:188} INFO - [2024-06-15T21:13:14.893+0000] {dag.py:3954} INFO - Setting next_dagrun for rand_request to 2024-06-15 21:05:00+00:00, run_after=2024-06-15 22:05:00+00:00
[2024-06-15T21:13:14.952+0000] {processor.py:183} INFO - Processing /opt/airflow/dags/rand.py took 0.866 seconds
[2024-06-15T21:13:45.393+0000] {processor.py:161} INFO - Started process (PID=8258) to work on /opt/airflow/dags/rand.py
[2024-06-15T21:13:45.400+0000] {processor.py:830} INFO - Processing file /opt/airflow/dags/rand.py for tasks to queue
[2024-06-15T21:13:45.405+0000] {logging_mixin.py:188} INFO - [2024-06-15T21:13:45.404+0000] {dagbag.py:545} INFO - Filling up the DagBag from /opt/airflow/dags/rand.py
[2024-06-15T21:13:46.912+0000] {processor.py:840} INFO - DAG(s) 'rand_request' retrieved from /opt/airflow/dags/rand.py
[2024-06-15T21:13:46.977+0000] {logging_mixin.py:188} INFO - [2024-06-15T21:13:46.975+0000] {dag.py:3096} INFO - Sync 1 DAGs
[2024-06-15T21:13:47.040+0000] {logging_mixin.py:188} INFO - [2024-06-15T21:13:47.039+0000] {dag.py:3954} INFO - Setting next_dagrun for rand_request to 2024-06-15 21:05:00+00:00, run_after=2024-06-15 22:05:00+00:00
[2024-06-15T21:13:47.115+0000] {processor.py:183} INFO - Processing /opt/airflow/dags/rand.py took 1.741 seconds
[2024-06-15T21:14:17.236+0000] {processor.py:161} INFO - Started process (PID=8296) to work on /opt/airflow/dags/rand.py
[2024-06-15T21:14:17.238+0000] {processor.py:830} INFO - Processing file /opt/airflow/dags/rand.py for tasks to queue
[2024-06-15T21:14:17.240+0000] {logging_mixin.py:188} INFO - [2024-06-15T21:14:17.240+0000] {dagbag.py:545} INFO - Filling up the DagBag from /opt/airflow/dags/rand.py
[2024-06-15T21:14:18.224+0000] {processor.py:840} INFO - DAG(s) 'rand_request' retrieved from /opt/airflow/dags/rand.py
[2024-06-15T21:14:18.259+0000] {logging_mixin.py:188} INFO - [2024-06-15T21:14:18.258+0000] {dag.py:3096} INFO - Sync 1 DAGs
[2024-06-15T21:14:18.293+0000] {logging_mixin.py:188} INFO - [2024-06-15T21:14:18.292+0000] {dag.py:3954} INFO - Setting next_dagrun for rand_request to 2024-06-15 21:05:00+00:00, run_after=2024-06-15 22:05:00+00:00
[2024-06-15T21:14:18.385+0000] {processor.py:183} INFO - Processing /opt/airflow/dags/rand.py took 1.165 seconds
[2024-06-15T21:14:48.658+0000] {processor.py:161} INFO - Started process (PID=8346) to work on /opt/airflow/dags/rand.py
[2024-06-15T21:14:48.664+0000] {processor.py:830} INFO - Processing file /opt/airflow/dags/rand.py for tasks to queue
[2024-06-15T21:14:48.666+0000] {logging_mixin.py:188} INFO - [2024-06-15T21:14:48.665+0000] {dagbag.py:545} INFO - Filling up the DagBag from /opt/airflow/dags/rand.py
[2024-06-15T21:14:49.457+0000] {processor.py:840} INFO - DAG(s) 'rand_request' retrieved from /opt/airflow/dags/rand.py
[2024-06-15T21:14:49.489+0000] {logging_mixin.py:188} INFO - [2024-06-15T21:14:49.488+0000] {dag.py:3096} INFO - Sync 1 DAGs
[2024-06-15T21:14:49.519+0000] {logging_mixin.py:188} INFO - [2024-06-15T21:14:49.519+0000] {dag.py:3954} INFO - Setting next_dagrun for rand_request to 2024-06-15 21:05:00+00:00, run_after=2024-06-15 22:05:00+00:00
[2024-06-15T21:14:49.585+0000] {processor.py:183} INFO - Processing /opt/airflow/dags/rand.py took 0.941 seconds
[2024-06-15T21:14:56.693+0000] {processor.py:161} INFO - Started process (PID=8360) to work on /opt/airflow/dags/rand.py
[2024-06-15T21:14:56.696+0000] {processor.py:830} INFO - Processing file /opt/airflow/dags/rand.py for tasks to queue
[2024-06-15T21:14:56.697+0000] {logging_mixin.py:188} INFO - [2024-06-15T21:14:56.697+0000] {dagbag.py:545} INFO - Filling up the DagBag from /opt/airflow/dags/rand.py
[2024-06-15T21:14:57.898+0000] {processor.py:840} INFO - DAG(s) 'rand_request' retrieved from /opt/airflow/dags/rand.py
[2024-06-15T21:14:58.103+0000] {logging_mixin.py:188} INFO - [2024-06-15T21:14:58.102+0000] {dag.py:3096} INFO - Sync 1 DAGs
[2024-06-15T21:14:58.222+0000] {logging_mixin.py:188} INFO - [2024-06-15T21:14:58.222+0000] {dag.py:3954} INFO - Setting next_dagrun for rand_request to 2024-06-15 21:05:00+00:00, run_after=2024-06-15 22:05:00+00:00
[2024-06-15T21:14:58.977+0000] {processor.py:183} INFO - Processing /opt/airflow/dags/rand.py took 2.296 seconds
[2024-06-15T21:15:29.268+0000] {processor.py:161} INFO - Started process (PID=8400) to work on /opt/airflow/dags/rand.py
[2024-06-15T21:15:29.270+0000] {processor.py:830} INFO - Processing file /opt/airflow/dags/rand.py for tasks to queue
[2024-06-15T21:15:29.272+0000] {logging_mixin.py:188} INFO - [2024-06-15T21:15:29.271+0000] {dagbag.py:545} INFO - Filling up the DagBag from /opt/airflow/dags/rand.py
[2024-06-15T21:15:30.004+0000] {processor.py:840} INFO - DAG(s) 'rand_request' retrieved from /opt/airflow/dags/rand.py
[2024-06-15T21:15:30.037+0000] {logging_mixin.py:188} INFO - [2024-06-15T21:15:30.037+0000] {dag.py:3096} INFO - Sync 1 DAGs
[2024-06-15T21:15:30.069+0000] {logging_mixin.py:188} INFO - [2024-06-15T21:15:30.069+0000] {dag.py:3954} INFO - Setting next_dagrun for rand_request to 2024-06-15 21:05:00+00:00, run_after=2024-06-15 22:05:00+00:00
[2024-06-15T21:15:30.133+0000] {processor.py:183} INFO - Processing /opt/airflow/dags/rand.py took 0.876 seconds
[2024-06-15T21:15:51.831+0000] {processor.py:161} INFO - Started process (PID=8428) to work on /opt/airflow/dags/rand.py
[2024-06-15T21:15:51.835+0000] {processor.py:830} INFO - Processing file /opt/airflow/dags/rand.py for tasks to queue
[2024-06-15T21:15:51.837+0000] {logging_mixin.py:188} INFO - [2024-06-15T21:15:51.836+0000] {dagbag.py:545} INFO - Filling up the DagBag from /opt/airflow/dags/rand.py
[2024-06-15T21:15:52.592+0000] {processor.py:840} INFO - DAG(s) 'rand_request' retrieved from /opt/airflow/dags/rand.py
[2024-06-15T21:15:52.620+0000] {logging_mixin.py:188} INFO - [2024-06-15T21:15:52.620+0000] {dag.py:3096} INFO - Sync 1 DAGs
[2024-06-15T21:15:52.654+0000] {logging_mixin.py:188} INFO - [2024-06-15T21:15:52.653+0000] {dag.py:3954} INFO - Setting next_dagrun for rand_request to 2024-06-15 21:05:00+00:00, run_after=2024-06-15 22:05:00+00:00
[2024-06-15T21:15:52.735+0000] {processor.py:183} INFO - Processing /opt/airflow/dags/rand.py took 0.914 seconds
[2024-06-15T21:15:55.888+0000] {processor.py:161} INFO - Started process (PID=8438) to work on /opt/airflow/dags/rand.py
[2024-06-15T21:15:55.889+0000] {processor.py:830} INFO - Processing file /opt/airflow/dags/rand.py for tasks to queue
[2024-06-15T21:15:55.891+0000] {logging_mixin.py:188} INFO - [2024-06-15T21:15:55.891+0000] {dagbag.py:545} INFO - Filling up the DagBag from /opt/airflow/dags/rand.py
[2024-06-15T21:15:56.703+0000] {processor.py:840} INFO - DAG(s) 'rand_request' retrieved from /opt/airflow/dags/rand.py
[2024-06-15T21:15:56.741+0000] {logging_mixin.py:188} INFO - [2024-06-15T21:15:56.741+0000] {dag.py:3096} INFO - Sync 1 DAGs
[2024-06-15T21:15:56.774+0000] {logging_mixin.py:188} INFO - [2024-06-15T21:15:56.774+0000] {dag.py:3954} INFO - Setting next_dagrun for rand_request to 2024-06-15 21:05:00+00:00, run_after=2024-06-15 22:05:00+00:00
[2024-06-15T21:15:56.837+0000] {processor.py:183} INFO - Processing /opt/airflow/dags/rand.py took 0.960 seconds
[2024-06-15T21:15:57.905+0000] {processor.py:161} INFO - Started process (PID=8453) to work on /opt/airflow/dags/rand.py
[2024-06-15T21:15:57.907+0000] {processor.py:830} INFO - Processing file /opt/airflow/dags/rand.py for tasks to queue
[2024-06-15T21:15:57.908+0000] {logging_mixin.py:188} INFO - [2024-06-15T21:15:57.908+0000] {dagbag.py:545} INFO - Filling up the DagBag from /opt/airflow/dags/rand.py
[2024-06-15T21:15:58.785+0000] {processor.py:840} INFO - DAG(s) 'rand_request' retrieved from /opt/airflow/dags/rand.py
[2024-06-15T21:15:58.821+0000] {logging_mixin.py:188} INFO - [2024-06-15T21:15:58.820+0000] {dag.py:3096} INFO - Sync 1 DAGs
[2024-06-15T21:15:58.851+0000] {logging_mixin.py:188} INFO - [2024-06-15T21:15:58.851+0000] {dag.py:3954} INFO - Setting next_dagrun for rand_request to 2024-06-15 21:05:00+00:00, run_after=2024-06-15 22:05:00+00:00
[2024-06-15T21:15:58.921+0000] {processor.py:183} INFO - Processing /opt/airflow/dags/rand.py took 1.030 seconds
[2024-06-15T21:15:59.988+0000] {processor.py:161} INFO - Started process (PID=8459) to work on /opt/airflow/dags/rand.py
[2024-06-15T21:15:59.990+0000] {processor.py:830} INFO - Processing file /opt/airflow/dags/rand.py for tasks to queue
[2024-06-15T21:15:59.991+0000] {logging_mixin.py:188} INFO - [2024-06-15T21:15:59.991+0000] {dagbag.py:545} INFO - Filling up the DagBag from /opt/airflow/dags/rand.py
[2024-06-15T21:16:00.830+0000] {processor.py:840} INFO - DAG(s) 'rand_request' retrieved from /opt/airflow/dags/rand.py
[2024-06-15T21:16:00.861+0000] {logging_mixin.py:188} INFO - [2024-06-15T21:16:00.860+0000] {dag.py:3096} INFO - Sync 1 DAGs
[2024-06-15T21:16:00.897+0000] {logging_mixin.py:188} INFO - [2024-06-15T21:16:00.896+0000] {dag.py:3954} INFO - Setting next_dagrun for rand_request to 2024-06-15 21:05:00+00:00, run_after=2024-06-15 22:05:00+00:00
[2024-06-15T21:16:00.971+0000] {processor.py:183} INFO - Processing /opt/airflow/dags/rand.py took 0.996 seconds
[2024-06-15T21:16:24.667+0000] {processor.py:161} INFO - Started process (PID=8487) to work on /opt/airflow/dags/rand.py
[2024-06-15T21:16:24.669+0000] {processor.py:830} INFO - Processing file /opt/airflow/dags/rand.py for tasks to queue
[2024-06-15T21:16:24.671+0000] {logging_mixin.py:188} INFO - [2024-06-15T21:16:24.670+0000] {dagbag.py:545} INFO - Filling up the DagBag from /opt/airflow/dags/rand.py
[2024-06-15T21:16:25.537+0000] {processor.py:840} INFO - DAG(s) 'rand_request' retrieved from /opt/airflow/dags/rand.py
[2024-06-15T21:16:25.567+0000] {logging_mixin.py:188} INFO - [2024-06-15T21:16:25.566+0000] {dag.py:3096} INFO - Sync 1 DAGs
[2024-06-15T21:16:25.602+0000] {logging_mixin.py:188} INFO - [2024-06-15T21:16:25.601+0000] {dag.py:3954} INFO - Setting next_dagrun for rand_request to 2024-06-15 21:05:00+00:00, run_after=2024-06-15 22:05:00+00:00
[2024-06-15T21:16:25.686+0000] {processor.py:183} INFO - Processing /opt/airflow/dags/rand.py took 1.031 seconds
[2024-06-15T21:16:27.784+0000] {processor.py:161} INFO - Started process (PID=8498) to work on /opt/airflow/dags/rand.py
[2024-06-15T21:16:27.785+0000] {processor.py:830} INFO - Processing file /opt/airflow/dags/rand.py for tasks to queue
[2024-06-15T21:16:27.787+0000] {logging_mixin.py:188} INFO - [2024-06-15T21:16:27.786+0000] {dagbag.py:545} INFO - Filling up the DagBag from /opt/airflow/dags/rand.py
[2024-06-15T21:16:28.750+0000] {processor.py:840} INFO - DAG(s) 'rand_request' retrieved from /opt/airflow/dags/rand.py
[2024-06-15T21:16:28.787+0000] {logging_mixin.py:188} INFO - [2024-06-15T21:16:28.786+0000] {dag.py:3096} INFO - Sync 1 DAGs
[2024-06-15T21:16:28.826+0000] {logging_mixin.py:188} INFO - [2024-06-15T21:16:28.825+0000] {dag.py:3954} INFO - Setting next_dagrun for rand_request to 2024-06-15 21:05:00+00:00, run_after=2024-06-15 22:05:00+00:00
[2024-06-15T21:16:28.995+0000] {processor.py:183} INFO - Processing /opt/airflow/dags/rand.py took 1.229 seconds
[2024-06-15T21:16:59.536+0000] {processor.py:161} INFO - Started process (PID=8538) to work on /opt/airflow/dags/rand.py
[2024-06-15T21:16:59.538+0000] {processor.py:830} INFO - Processing file /opt/airflow/dags/rand.py for tasks to queue
[2024-06-15T21:16:59.540+0000] {logging_mixin.py:188} INFO - [2024-06-15T21:16:59.539+0000] {dagbag.py:545} INFO - Filling up the DagBag from /opt/airflow/dags/rand.py
[2024-06-15T21:17:00.386+0000] {processor.py:840} INFO - DAG(s) 'rand_request' retrieved from /opt/airflow/dags/rand.py
[2024-06-15T21:17:00.421+0000] {logging_mixin.py:188} INFO - [2024-06-15T21:17:00.420+0000] {dag.py:3096} INFO - Sync 1 DAGs
[2024-06-15T21:17:00.459+0000] {logging_mixin.py:188} INFO - [2024-06-15T21:17:00.458+0000] {dag.py:3954} INFO - Setting next_dagrun for rand_request to 2024-06-15 21:05:00+00:00, run_after=2024-06-15 22:05:00+00:00
[2024-06-15T21:17:00.527+0000] {processor.py:183} INFO - Processing /opt/airflow/dags/rand.py took 1.002 seconds
[2024-06-15T21:17:30.901+0000] {processor.py:161} INFO - Started process (PID=8578) to work on /opt/airflow/dags/rand.py
[2024-06-15T21:17:30.903+0000] {processor.py:830} INFO - Processing file /opt/airflow/dags/rand.py for tasks to queue
[2024-06-15T21:17:30.908+0000] {logging_mixin.py:188} INFO - [2024-06-15T21:17:30.907+0000] {dagbag.py:545} INFO - Filling up the DagBag from /opt/airflow/dags/rand.py
[2024-06-15T21:17:31.983+0000] {processor.py:840} INFO - DAG(s) 'rand_request' retrieved from /opt/airflow/dags/rand.py
[2024-06-15T21:17:32.023+0000] {logging_mixin.py:188} INFO - [2024-06-15T21:17:32.022+0000] {dag.py:3096} INFO - Sync 1 DAGs
[2024-06-15T21:17:32.070+0000] {logging_mixin.py:188} INFO - [2024-06-15T21:17:32.070+0000] {dag.py:3954} INFO - Setting next_dagrun for rand_request to 2024-06-15 21:05:00+00:00, run_after=2024-06-15 22:05:00+00:00
[2024-06-15T21:17:32.144+0000] {processor.py:183} INFO - Processing /opt/airflow/dags/rand.py took 1.262 seconds
[2024-06-15T21:18:02.505+0000] {processor.py:161} INFO - Started process (PID=8618) to work on /opt/airflow/dags/rand.py
[2024-06-15T21:18:02.518+0000] {processor.py:830} INFO - Processing file /opt/airflow/dags/rand.py for tasks to queue
[2024-06-15T21:18:02.524+0000] {logging_mixin.py:188} INFO - [2024-06-15T21:18:02.524+0000] {dagbag.py:545} INFO - Filling up the DagBag from /opt/airflow/dags/rand.py
[2024-06-15T21:18:04.320+0000] {processor.py:840} INFO - DAG(s) 'rand_request' retrieved from /opt/airflow/dags/rand.py
[2024-06-15T21:18:04.437+0000] {logging_mixin.py:188} INFO - [2024-06-15T21:18:04.436+0000] {dag.py:3096} INFO - Sync 1 DAGs
[2024-06-15T21:18:04.573+0000] {logging_mixin.py:188} INFO - [2024-06-15T21:18:04.572+0000] {dag.py:3954} INFO - Setting next_dagrun for rand_request to 2024-06-15 21:05:00+00:00, run_after=2024-06-15 22:05:00+00:00
[2024-06-15T21:18:04.684+0000] {processor.py:183} INFO - Processing /opt/airflow/dags/rand.py took 2.213 seconds
[2024-06-15T21:18:34.965+0000] {processor.py:161} INFO - Started process (PID=8658) to work on /opt/airflow/dags/rand.py
[2024-06-15T21:18:34.967+0000] {processor.py:830} INFO - Processing file /opt/airflow/dags/rand.py for tasks to queue
[2024-06-15T21:18:34.968+0000] {logging_mixin.py:188} INFO - [2024-06-15T21:18:34.968+0000] {dagbag.py:545} INFO - Filling up the DagBag from /opt/airflow/dags/rand.py
[2024-06-15T21:18:40.471+0000] {processor.py:840} INFO - DAG(s) 'rand_request' retrieved from /opt/airflow/dags/rand.py
[2024-06-15T21:18:40.504+0000] {logging_mixin.py:188} INFO - [2024-06-15T21:18:40.504+0000] {dag.py:3096} INFO - Sync 1 DAGs
[2024-06-15T21:18:40.539+0000] {logging_mixin.py:188} INFO - [2024-06-15T21:18:40.539+0000] {dag.py:3954} INFO - Setting next_dagrun for rand_request to 2024-06-15 21:05:00+00:00, run_after=2024-06-15 22:05:00+00:00
[2024-06-15T21:18:41.039+0000] {processor.py:183} INFO - Processing /opt/airflow/dags/rand.py took 6.084 seconds
[2024-06-15T21:19:12.004+0000] {processor.py:161} INFO - Started process (PID=8698) to work on /opt/airflow/dags/rand.py
[2024-06-15T21:19:12.365+0000] {processor.py:830} INFO - Processing file /opt/airflow/dags/rand.py for tasks to queue
[2024-06-15T21:19:12.367+0000] {logging_mixin.py:188} INFO - [2024-06-15T21:19:12.366+0000] {dagbag.py:545} INFO - Filling up the DagBag from /opt/airflow/dags/rand.py
[2024-06-15T21:19:14.048+0000] {processor.py:840} INFO - DAG(s) 'rand_request' retrieved from /opt/airflow/dags/rand.py
[2024-06-15T21:19:14.080+0000] {logging_mixin.py:188} INFO - [2024-06-15T21:19:14.080+0000] {dag.py:3096} INFO - Sync 1 DAGs
[2024-06-15T21:19:14.112+0000] {logging_mixin.py:188} INFO - [2024-06-15T21:19:14.112+0000] {dag.py:3954} INFO - Setting next_dagrun for rand_request to 2024-06-15 21:05:00+00:00, run_after=2024-06-15 22:05:00+00:00
[2024-06-15T21:19:14.882+0000] {processor.py:183} INFO - Processing /opt/airflow/dags/rand.py took 2.890 seconds
[2024-06-15T21:20:27.537+0000] {processor.py:161} INFO - Started process (PID=8726) to work on /opt/airflow/dags/rand.py
[2024-06-15T21:20:27.904+0000] {processor.py:830} INFO - Processing file /opt/airflow/dags/rand.py for tasks to queue
[2024-06-15T21:20:27.906+0000] {logging_mixin.py:188} INFO - [2024-06-15T21:20:27.905+0000] {dagbag.py:545} INFO - Filling up the DagBag from /opt/airflow/dags/rand.py
[2024-06-15T21:20:29.267+0000] {processor.py:840} INFO - DAG(s) 'rand_request' retrieved from /opt/airflow/dags/rand.py
[2024-06-15T21:20:30.503+0000] {logging_mixin.py:188} INFO - [2024-06-15T21:20:30.502+0000] {dag.py:3096} INFO - Sync 1 DAGs
[2024-06-15T21:20:30.546+0000] {logging_mixin.py:188} INFO - [2024-06-15T21:20:30.546+0000] {dag.py:3954} INFO - Setting next_dagrun for rand_request to 2024-06-15 21:05:00+00:00, run_after=2024-06-15 22:05:00+00:00
[2024-06-15T21:20:34.202+0000] {processor.py:183} INFO - Processing /opt/airflow/dags/rand.py took 6.674 seconds
