[2024-06-15T20:54:09.008+0000] {processor.py:161} INFO - Started process (PID=6957) to work on /opt/airflow/dags/rand_request_api.py
[2024-06-15T20:54:09.010+0000] {processor.py:830} INFO - Processing file /opt/airflow/dags/rand_request_api.py for tasks to queue
[2024-06-15T20:54:09.011+0000] {logging_mixin.py:188} INFO - [2024-06-15T20:54:09.011+0000] {dagbag.py:545} INFO - Filling up the DagBag from /opt/airflow/dags/rand_request_api.py
[2024-06-15T20:54:09.955+0000] {processor.py:840} INFO - DAG(s) 'rand_api' retrieved from /opt/airflow/dags/rand_request_api.py
[2024-06-15T20:54:10.721+0000] {logging_mixin.py:188} INFO - [2024-06-15T20:54:10.720+0000] {override.py:1829} INFO - Created Permission View: can read on DAG:rand_api
[2024-06-15T20:54:11.045+0000] {logging_mixin.py:188} INFO - [2024-06-15T20:54:11.045+0000] {override.py:1829} INFO - Created Permission View: can delete on DAG:rand_api
[2024-06-15T20:54:11.129+0000] {logging_mixin.py:188} INFO - [2024-06-15T20:54:11.129+0000] {override.py:1829} INFO - Created Permission View: can edit on DAG:rand_api
[2024-06-15T20:54:11.130+0000] {logging_mixin.py:188} INFO - [2024-06-15T20:54:11.130+0000] {dag.py:3096} INFO - Sync 1 DAGs
[2024-06-15T20:54:11.146+0000] {logging_mixin.py:188} INFO - [2024-06-15T20:54:11.145+0000] {dag.py:3118} INFO - Creating ORM DAG for rand_api
[2024-06-15T20:54:11.162+0000] {logging_mixin.py:188} INFO - [2024-06-15T20:54:11.161+0000] {dag.py:3954} INFO - Setting next_dagrun for rand_api to 2024-06-15 19:05:00+00:00, run_after=2024-06-15 20:05:00+00:00
[2024-06-15T20:54:11.257+0000] {processor.py:183} INFO - Processing /opt/airflow/dags/rand_request_api.py took 2.259 seconds
[2024-06-15T20:54:17.494+0000] {processor.py:161} INFO - Started process (PID=6969) to work on /opt/airflow/dags/rand_request_api.py
[2024-06-15T20:54:17.496+0000] {processor.py:830} INFO - Processing file /opt/airflow/dags/rand_request_api.py for tasks to queue
[2024-06-15T20:54:17.498+0000] {logging_mixin.py:188} INFO - [2024-06-15T20:54:17.498+0000] {dagbag.py:545} INFO - Filling up the DagBag from /opt/airflow/dags/rand_request_api.py
[2024-06-15T20:54:18.392+0000] {processor.py:840} INFO - DAG(s) 'ran_api' retrieved from /opt/airflow/dags/rand_request_api.py
[2024-06-15T20:54:18.656+0000] {logging_mixin.py:188} INFO - [2024-06-15T20:54:18.654+0000] {override.py:1829} INFO - Created Permission View: can read on DAG:ran_api
[2024-06-15T20:54:18.713+0000] {logging_mixin.py:188} INFO - [2024-06-15T20:54:18.712+0000] {override.py:1829} INFO - Created Permission View: can delete on DAG:ran_api
[2024-06-15T20:54:18.762+0000] {logging_mixin.py:188} INFO - [2024-06-15T20:54:18.762+0000] {override.py:1829} INFO - Created Permission View: can edit on DAG:ran_api
[2024-06-15T20:54:18.763+0000] {logging_mixin.py:188} INFO - [2024-06-15T20:54:18.763+0000] {dag.py:3096} INFO - Sync 1 DAGs
[2024-06-15T20:54:18.781+0000] {logging_mixin.py:188} INFO - [2024-06-15T20:54:18.780+0000] {dag.py:3118} INFO - Creating ORM DAG for ran_api
[2024-06-15T20:54:18.797+0000] {logging_mixin.py:188} INFO - [2024-06-15T20:54:18.797+0000] {dag.py:3954} INFO - Setting next_dagrun for ran_api to 2024-06-15 19:05:00+00:00, run_after=2024-06-15 20:05:00+00:00
[2024-06-15T20:54:18.915+0000] {processor.py:183} INFO - Processing /opt/airflow/dags/rand_request_api.py took 1.433 seconds
[2024-06-15T20:54:23.787+0000] {processor.py:161} INFO - Started process (PID=6982) to work on /opt/airflow/dags/rand_request_api.py
[2024-06-15T20:54:23.789+0000] {processor.py:830} INFO - Processing file /opt/airflow/dags/rand_request_api.py for tasks to queue
[2024-06-15T20:54:23.790+0000] {logging_mixin.py:188} INFO - [2024-06-15T20:54:23.790+0000] {dagbag.py:545} INFO - Filling up the DagBag from /opt/airflow/dags/rand_request_api.py
[2024-06-15T20:54:24.698+0000] {processor.py:840} INFO - DAG(s) 'ran_info_api' retrieved from /opt/airflow/dags/rand_request_api.py
[2024-06-15T20:54:24.981+0000] {logging_mixin.py:188} INFO - [2024-06-15T20:54:24.980+0000] {override.py:1829} INFO - Created Permission View: can read on DAG:ran_info_api
[2024-06-15T20:54:25.663+0000] {logging_mixin.py:188} INFO - [2024-06-15T20:54:25.662+0000] {override.py:1829} INFO - Created Permission View: can delete on DAG:ran_info_api
[2024-06-15T20:54:25.998+0000] {logging_mixin.py:188} INFO - [2024-06-15T20:54:25.997+0000] {override.py:1829} INFO - Created Permission View: can edit on DAG:ran_info_api
[2024-06-15T20:54:26.000+0000] {logging_mixin.py:188} INFO - [2024-06-15T20:54:25.999+0000] {dag.py:3096} INFO - Sync 1 DAGs
[2024-06-15T20:54:26.025+0000] {logging_mixin.py:188} INFO - [2024-06-15T20:54:26.025+0000] {dag.py:3118} INFO - Creating ORM DAG for ran_info_api
[2024-06-15T20:54:26.055+0000] {logging_mixin.py:188} INFO - [2024-06-15T20:54:26.054+0000] {dag.py:3954} INFO - Setting next_dagrun for ran_info_api to 2024-06-15 19:05:00+00:00, run_after=2024-06-15 20:05:00+00:00
[2024-06-15T20:54:26.192+0000] {processor.py:183} INFO - Processing /opt/airflow/dags/rand_request_api.py took 2.416 seconds
[2024-06-15T20:54:56.408+0000] {processor.py:161} INFO - Started process (PID=7016) to work on /opt/airflow/dags/rand_request_api.py
[2024-06-15T20:54:56.410+0000] {processor.py:830} INFO - Processing file /opt/airflow/dags/rand_request_api.py for tasks to queue
[2024-06-15T20:54:56.413+0000] {logging_mixin.py:188} INFO - [2024-06-15T20:54:56.412+0000] {dagbag.py:545} INFO - Filling up the DagBag from /opt/airflow/dags/rand_request_api.py
[2024-06-15T20:54:57.250+0000] {processor.py:840} INFO - DAG(s) 'ran_info_api' retrieved from /opt/airflow/dags/rand_request_api.py
[2024-06-15T20:54:57.284+0000] {logging_mixin.py:188} INFO - [2024-06-15T20:54:57.282+0000] {dag.py:3096} INFO - Sync 1 DAGs
[2024-06-15T20:54:57.319+0000] {logging_mixin.py:188} INFO - [2024-06-15T20:54:57.318+0000] {dag.py:3954} INFO - Setting next_dagrun for ran_info_api to 2024-06-15 19:05:00+00:00, run_after=2024-06-15 20:05:00+00:00
[2024-06-15T20:54:57.400+0000] {processor.py:183} INFO - Processing /opt/airflow/dags/rand_request_api.py took 1.007 seconds
[2024-06-15T20:55:27.616+0000] {processor.py:161} INFO - Started process (PID=7050) to work on /opt/airflow/dags/rand_request_api.py
[2024-06-15T20:55:27.618+0000] {processor.py:830} INFO - Processing file /opt/airflow/dags/rand_request_api.py for tasks to queue
[2024-06-15T20:55:27.620+0000] {logging_mixin.py:188} INFO - [2024-06-15T20:55:27.619+0000] {dagbag.py:545} INFO - Filling up the DagBag from /opt/airflow/dags/rand_request_api.py
[2024-06-15T20:55:28.646+0000] {processor.py:840} INFO - DAG(s) 'ran_info_api' retrieved from /opt/airflow/dags/rand_request_api.py
[2024-06-15T20:55:28.684+0000] {logging_mixin.py:188} INFO - [2024-06-15T20:55:28.684+0000] {dag.py:3096} INFO - Sync 1 DAGs
[2024-06-15T20:55:28.729+0000] {logging_mixin.py:188} INFO - [2024-06-15T20:55:28.728+0000] {dag.py:3954} INFO - Setting next_dagrun for ran_info_api to 2024-06-15 19:05:00+00:00, run_after=2024-06-15 20:05:00+00:00
[2024-06-15T20:55:28.803+0000] {processor.py:183} INFO - Processing /opt/airflow/dags/rand_request_api.py took 1.201 seconds
[2024-06-15T20:55:59.148+0000] {processor.py:161} INFO - Started process (PID=7087) to work on /opt/airflow/dags/rand_request_api.py
[2024-06-15T20:55:59.150+0000] {processor.py:830} INFO - Processing file /opt/airflow/dags/rand_request_api.py for tasks to queue
[2024-06-15T20:55:59.151+0000] {logging_mixin.py:188} INFO - [2024-06-15T20:55:59.151+0000] {dagbag.py:545} INFO - Filling up the DagBag from /opt/airflow/dags/rand_request_api.py
[2024-06-15T20:55:59.907+0000] {processor.py:840} INFO - DAG(s) 'ran_info_api' retrieved from /opt/airflow/dags/rand_request_api.py
[2024-06-15T20:55:59.940+0000] {logging_mixin.py:188} INFO - [2024-06-15T20:55:59.939+0000] {dag.py:3096} INFO - Sync 1 DAGs
[2024-06-15T20:55:59.971+0000] {logging_mixin.py:188} INFO - [2024-06-15T20:55:59.971+0000] {dag.py:3954} INFO - Setting next_dagrun for ran_info_api to 2024-06-15 19:05:00+00:00, run_after=2024-06-15 20:05:00+00:00
[2024-06-15T20:56:00.086+0000] {processor.py:183} INFO - Processing /opt/airflow/dags/rand_request_api.py took 0.950 seconds
[2024-06-15T20:56:41.003+0000] {processor.py:161} INFO - Started process (PID=7110) to work on /opt/airflow/dags/rand_request_api.py
[2024-06-15T20:56:41.041+0000] {processor.py:830} INFO - Processing file /opt/airflow/dags/rand_request_api.py for tasks to queue
[2024-06-15T20:56:41.138+0000] {logging_mixin.py:188} INFO - [2024-06-15T20:56:41.138+0000] {dagbag.py:545} INFO - Filling up the DagBag from /opt/airflow/dags/rand_request_api.py
[2024-06-15T20:57:14.330+0000] {logging_mixin.py:188} INFO - [2024-06-15T20:57:14.327+0000] {timeout.py:68} ERROR - Process timed out, PID: 7110
[2024-06-15T20:57:14.331+0000] {logging_mixin.py:188} WARNING - Exception ignored in: <function WeakKeyDictionary.__init__.<locals>.remove at 0x7f40ca410ae0>
[2024-06-15T20:57:14.331+0000] {logging_mixin.py:188} WARNING - Traceback (most recent call last):
[2024-06-15T20:57:14.332+0000] {logging_mixin.py:188} WARNING -   File "/usr/local/lib/python3.12/weakref.py", line 369, in remove
[2024-06-15T20:57:14.333+0000] {logging_mixin.py:188} WARNING -     def remove(k, selfref=ref(self)):
[2024-06-15T20:57:14.334+0000] {logging_mixin.py:188} WARNING -   File "/home/airflow/.local/lib/python3.12/site-packages/airflow/utils/timeout.py", line 69, in handle_timeout
[2024-06-15T20:57:14.335+0000] {logging_mixin.py:188} WARNING -     raise AirflowTaskTimeout(self.error_message)
[2024-06-15T20:57:14.336+0000] {logging_mixin.py:188} WARNING - airflow.exceptions.AirflowTaskTimeout: DagBag import timeout for /opt/airflow/dags/rand_request_api.py after 30.0s.
Please take a look at these docs to improve your DAG import time:
* https://airflow.apache.org/docs/apache-airflow/2.9.1/best-practices.html#top-level-python-code
* https://airflow.apache.org/docs/apache-airflow/2.9.1/best-practices.html#reducing-dag-complexity, PID: 7110
[2024-06-15T20:57:17.211+0000] {processor.py:840} INFO - DAG(s) 'ran_info_api' retrieved from /opt/airflow/dags/rand_request_api.py
[2024-06-15T20:57:17.370+0000] {logging_mixin.py:188} INFO - [2024-06-15T20:57:17.369+0000] {dag.py:3096} INFO - Sync 1 DAGs
[2024-06-15T20:57:17.566+0000] {logging_mixin.py:188} INFO - [2024-06-15T20:57:17.565+0000] {dag.py:3954} INFO - Setting next_dagrun for ran_info_api to 2024-06-15 20:05:00+00:00, run_after=2024-06-15 21:05:00+00:00
[2024-06-15T20:57:18.066+0000] {processor.py:183} INFO - Processing /opt/airflow/dags/rand_request_api.py took 37.698 seconds
[2024-06-15T20:57:48.532+0000] {processor.py:161} INFO - Started process (PID=7165) to work on /opt/airflow/dags/rand_request_api.py
[2024-06-15T20:57:48.535+0000] {processor.py:830} INFO - Processing file /opt/airflow/dags/rand_request_api.py for tasks to queue
[2024-06-15T20:57:48.539+0000] {logging_mixin.py:188} INFO - [2024-06-15T20:57:48.538+0000] {dagbag.py:545} INFO - Filling up the DagBag from /opt/airflow/dags/rand_request_api.py
[2024-06-15T20:57:53.013+0000] {processor.py:840} INFO - DAG(s) 'ran_info_api' retrieved from /opt/airflow/dags/rand_request_api.py
[2024-06-15T20:57:53.071+0000] {logging_mixin.py:188} INFO - [2024-06-15T20:57:53.070+0000] {dag.py:3096} INFO - Sync 1 DAGs
[2024-06-15T20:57:53.143+0000] {logging_mixin.py:188} INFO - [2024-06-15T20:57:53.139+0000] {dag.py:3954} INFO - Setting next_dagrun for ran_info_api to 2024-06-15 20:05:00+00:00, run_after=2024-06-15 21:05:00+00:00
[2024-06-15T20:57:53.494+0000] {processor.py:183} INFO - Processing /opt/airflow/dags/rand_request_api.py took 5.029 seconds
[2024-06-15T20:58:23.628+0000] {processor.py:161} INFO - Started process (PID=7204) to work on /opt/airflow/dags/rand_request_api.py
[2024-06-15T20:58:23.630+0000] {processor.py:830} INFO - Processing file /opt/airflow/dags/rand_request_api.py for tasks to queue
[2024-06-15T20:58:23.632+0000] {logging_mixin.py:188} INFO - [2024-06-15T20:58:23.631+0000] {dagbag.py:545} INFO - Filling up the DagBag from /opt/airflow/dags/rand_request_api.py
[2024-06-15T20:58:24.611+0000] {processor.py:840} INFO - DAG(s) 'ran_info_api' retrieved from /opt/airflow/dags/rand_request_api.py
[2024-06-15T20:58:24.665+0000] {logging_mixin.py:188} INFO - [2024-06-15T20:58:24.664+0000] {dag.py:3096} INFO - Sync 1 DAGs
[2024-06-15T20:58:24.712+0000] {logging_mixin.py:188} INFO - [2024-06-15T20:58:24.711+0000] {dag.py:3954} INFO - Setting next_dagrun for ran_info_api to 2024-06-15 20:05:00+00:00, run_after=2024-06-15 21:05:00+00:00
[2024-06-15T20:58:24.777+0000] {processor.py:183} INFO - Processing /opt/airflow/dags/rand_request_api.py took 1.162 seconds
[2024-06-15T20:58:55.543+0000] {processor.py:161} INFO - Started process (PID=7245) to work on /opt/airflow/dags/rand_request_api.py
[2024-06-15T20:58:55.544+0000] {processor.py:830} INFO - Processing file /opt/airflow/dags/rand_request_api.py for tasks to queue
[2024-06-15T20:58:55.546+0000] {logging_mixin.py:188} INFO - [2024-06-15T20:58:55.545+0000] {dagbag.py:545} INFO - Filling up the DagBag from /opt/airflow/dags/rand_request_api.py
[2024-06-15T20:58:56.622+0000] {processor.py:840} INFO - DAG(s) 'ran_info_api' retrieved from /opt/airflow/dags/rand_request_api.py
[2024-06-15T20:58:56.664+0000] {logging_mixin.py:188} INFO - [2024-06-15T20:58:56.663+0000] {dag.py:3096} INFO - Sync 1 DAGs
[2024-06-15T20:58:56.706+0000] {logging_mixin.py:188} INFO - [2024-06-15T20:58:56.705+0000] {dag.py:3954} INFO - Setting next_dagrun for ran_info_api to 2024-06-15 20:05:00+00:00, run_after=2024-06-15 21:05:00+00:00
[2024-06-15T20:58:56.798+0000] {processor.py:183} INFO - Processing /opt/airflow/dags/rand_request_api.py took 1.271 seconds
[2024-06-15T20:59:17.438+0000] {processor.py:161} INFO - Started process (PID=7273) to work on /opt/airflow/dags/rand_request_api.py
[2024-06-15T20:59:17.441+0000] {processor.py:830} INFO - Processing file /opt/airflow/dags/rand_request_api.py for tasks to queue
[2024-06-15T20:59:17.443+0000] {logging_mixin.py:188} INFO - [2024-06-15T20:59:17.442+0000] {dagbag.py:545} INFO - Filling up the DagBag from /opt/airflow/dags/rand_request_api.py
[2024-06-15T20:59:18.348+0000] {processor.py:840} INFO - DAG(s) 'ran_info_api' retrieved from /opt/airflow/dags/rand_request_api.py
[2024-06-15T20:59:18.617+0000] {logging_mixin.py:188} INFO - [2024-06-15T20:59:18.616+0000] {dag.py:3096} INFO - Sync 1 DAGs
[2024-06-15T20:59:18.660+0000] {logging_mixin.py:188} INFO - [2024-06-15T20:59:18.660+0000] {dag.py:3954} INFO - Setting next_dagrun for ran_info_api to 2024-06-15 20:05:00+00:00, run_after=2024-06-15 21:05:00+00:00
[2024-06-15T20:59:18.744+0000] {processor.py:183} INFO - Processing /opt/airflow/dags/rand_request_api.py took 1.318 seconds
[2024-06-15T20:59:48.912+0000] {processor.py:161} INFO - Started process (PID=7313) to work on /opt/airflow/dags/rand_request_api.py
[2024-06-15T20:59:48.914+0000] {processor.py:830} INFO - Processing file /opt/airflow/dags/rand_request_api.py for tasks to queue
[2024-06-15T20:59:48.916+0000] {logging_mixin.py:188} INFO - [2024-06-15T20:59:48.915+0000] {dagbag.py:545} INFO - Filling up the DagBag from /opt/airflow/dags/rand_request_api.py
[2024-06-15T20:59:49.810+0000] {processor.py:840} INFO - DAG(s) 'ran_info_api' retrieved from /opt/airflow/dags/rand_request_api.py
[2024-06-15T20:59:49.848+0000] {logging_mixin.py:188} INFO - [2024-06-15T20:59:49.847+0000] {dag.py:3096} INFO - Sync 1 DAGs
[2024-06-15T20:59:49.889+0000] {logging_mixin.py:188} INFO - [2024-06-15T20:59:49.888+0000] {dag.py:3954} INFO - Setting next_dagrun for ran_info_api to 2024-06-15 20:05:00+00:00, run_after=2024-06-15 21:05:00+00:00
[2024-06-15T20:59:50.362+0000] {processor.py:183} INFO - Processing /opt/airflow/dags/rand_request_api.py took 1.460 seconds
[2024-06-15T21:00:20.524+0000] {processor.py:161} INFO - Started process (PID=7350) to work on /opt/airflow/dags/rand_request_api.py
[2024-06-15T21:00:20.526+0000] {processor.py:830} INFO - Processing file /opt/airflow/dags/rand_request_api.py for tasks to queue
[2024-06-15T21:00:20.528+0000] {logging_mixin.py:188} INFO - [2024-06-15T21:00:20.527+0000] {dagbag.py:545} INFO - Filling up the DagBag from /opt/airflow/dags/rand_request_api.py
[2024-06-15T21:00:21.335+0000] {processor.py:840} INFO - DAG(s) 'ran_info_api' retrieved from /opt/airflow/dags/rand_request_api.py
[2024-06-15T21:00:21.369+0000] {logging_mixin.py:188} INFO - [2024-06-15T21:00:21.368+0000] {dag.py:3096} INFO - Sync 1 DAGs
[2024-06-15T21:00:21.402+0000] {logging_mixin.py:188} INFO - [2024-06-15T21:00:21.401+0000] {dag.py:3954} INFO - Setting next_dagrun for ran_info_api to 2024-06-15 20:05:00+00:00, run_after=2024-06-15 21:05:00+00:00
[2024-06-15T21:00:21.474+0000] {processor.py:183} INFO - Processing /opt/airflow/dags/rand_request_api.py took 0.973 seconds
[2024-06-15T21:00:52.089+0000] {processor.py:161} INFO - Started process (PID=7395) to work on /opt/airflow/dags/rand_request_api.py
[2024-06-15T21:00:52.091+0000] {processor.py:830} INFO - Processing file /opt/airflow/dags/rand_request_api.py for tasks to queue
[2024-06-15T21:00:52.093+0000] {logging_mixin.py:188} INFO - [2024-06-15T21:00:52.093+0000] {dagbag.py:545} INFO - Filling up the DagBag from /opt/airflow/dags/rand_request_api.py
[2024-06-15T21:00:52.995+0000] {processor.py:840} INFO - DAG(s) 'ran_info_api' retrieved from /opt/airflow/dags/rand_request_api.py
[2024-06-15T21:00:53.042+0000] {logging_mixin.py:188} INFO - [2024-06-15T21:00:53.040+0000] {dag.py:3096} INFO - Sync 1 DAGs
[2024-06-15T21:00:53.088+0000] {logging_mixin.py:188} INFO - [2024-06-15T21:00:53.087+0000] {dag.py:3954} INFO - Setting next_dagrun for ran_info_api to 2024-06-15 20:05:00+00:00, run_after=2024-06-15 21:05:00+00:00
[2024-06-15T21:00:53.150+0000] {processor.py:183} INFO - Processing /opt/airflow/dags/rand_request_api.py took 1.073 seconds
[2024-06-15T21:01:23.660+0000] {processor.py:161} INFO - Started process (PID=7432) to work on /opt/airflow/dags/rand_request_api.py
[2024-06-15T21:01:23.662+0000] {processor.py:830} INFO - Processing file /opt/airflow/dags/rand_request_api.py for tasks to queue
[2024-06-15T21:01:23.664+0000] {logging_mixin.py:188} INFO - [2024-06-15T21:01:23.663+0000] {dagbag.py:545} INFO - Filling up the DagBag from /opt/airflow/dags/rand_request_api.py
[2024-06-15T21:01:24.639+0000] {processor.py:840} INFO - DAG(s) 'ran_info_api' retrieved from /opt/airflow/dags/rand_request_api.py
[2024-06-15T21:01:24.678+0000] {logging_mixin.py:188} INFO - [2024-06-15T21:01:24.678+0000] {dag.py:3096} INFO - Sync 1 DAGs
[2024-06-15T21:01:24.708+0000] {logging_mixin.py:188} INFO - [2024-06-15T21:01:24.708+0000] {dag.py:3954} INFO - Setting next_dagrun for ran_info_api to 2024-06-15 20:05:00+00:00, run_after=2024-06-15 21:05:00+00:00
[2024-06-15T21:01:24.781+0000] {processor.py:183} INFO - Processing /opt/airflow/dags/rand_request_api.py took 1.134 seconds
[2024-06-15T21:01:55.030+0000] {processor.py:161} INFO - Started process (PID=7473) to work on /opt/airflow/dags/rand_request_api.py
[2024-06-15T21:01:55.031+0000] {processor.py:830} INFO - Processing file /opt/airflow/dags/rand_request_api.py for tasks to queue
[2024-06-15T21:01:55.033+0000] {logging_mixin.py:188} INFO - [2024-06-15T21:01:55.032+0000] {dagbag.py:545} INFO - Filling up the DagBag from /opt/airflow/dags/rand_request_api.py
[2024-06-15T21:01:55.769+0000] {processor.py:840} INFO - DAG(s) 'ran_info_api' retrieved from /opt/airflow/dags/rand_request_api.py
[2024-06-15T21:01:55.803+0000] {logging_mixin.py:188} INFO - [2024-06-15T21:01:55.803+0000] {dag.py:3096} INFO - Sync 1 DAGs
[2024-06-15T21:01:55.841+0000] {logging_mixin.py:188} INFO - [2024-06-15T21:01:55.840+0000] {dag.py:3954} INFO - Setting next_dagrun for ran_info_api to 2024-06-15 20:05:00+00:00, run_after=2024-06-15 21:05:00+00:00
[2024-06-15T21:01:55.920+0000] {processor.py:183} INFO - Processing /opt/airflow/dags/rand_request_api.py took 0.902 seconds
[2024-06-15T21:02:26.512+0000] {processor.py:161} INFO - Started process (PID=7510) to work on /opt/airflow/dags/rand_request_api.py
[2024-06-15T21:02:26.513+0000] {processor.py:830} INFO - Processing file /opt/airflow/dags/rand_request_api.py for tasks to queue
[2024-06-15T21:02:26.515+0000] {logging_mixin.py:188} INFO - [2024-06-15T21:02:26.514+0000] {dagbag.py:545} INFO - Filling up the DagBag from /opt/airflow/dags/rand_request_api.py
[2024-06-15T21:02:27.340+0000] {processor.py:840} INFO - DAG(s) 'ran_info_api' retrieved from /opt/airflow/dags/rand_request_api.py
[2024-06-15T21:02:27.486+0000] {logging_mixin.py:188} INFO - [2024-06-15T21:02:27.486+0000] {dag.py:3096} INFO - Sync 1 DAGs
[2024-06-15T21:02:27.526+0000] {logging_mixin.py:188} INFO - [2024-06-15T21:02:27.526+0000] {dag.py:3954} INFO - Setting next_dagrun for ran_info_api to 2024-06-15 20:05:00+00:00, run_after=2024-06-15 21:05:00+00:00
[2024-06-15T21:02:27.694+0000] {processor.py:183} INFO - Processing /opt/airflow/dags/rand_request_api.py took 1.193 seconds
[2024-06-15T21:02:58.670+0000] {processor.py:161} INFO - Started process (PID=7550) to work on /opt/airflow/dags/rand_request_api.py
[2024-06-15T21:02:58.672+0000] {processor.py:830} INFO - Processing file /opt/airflow/dags/rand_request_api.py for tasks to queue
[2024-06-15T21:02:58.674+0000] {logging_mixin.py:188} INFO - [2024-06-15T21:02:58.673+0000] {dagbag.py:545} INFO - Filling up the DagBag from /opt/airflow/dags/rand_request_api.py
[2024-06-15T21:02:59.588+0000] {processor.py:840} INFO - DAG(s) 'ran_info_api' retrieved from /opt/airflow/dags/rand_request_api.py
[2024-06-15T21:02:59.658+0000] {logging_mixin.py:188} INFO - [2024-06-15T21:02:59.657+0000] {dag.py:3096} INFO - Sync 1 DAGs
[2024-06-15T21:02:59.810+0000] {logging_mixin.py:188} INFO - [2024-06-15T21:02:59.809+0000] {dag.py:3954} INFO - Setting next_dagrun for ran_info_api to 2024-06-15 20:05:00+00:00, run_after=2024-06-15 21:05:00+00:00
[2024-06-15T21:03:00.945+0000] {processor.py:183} INFO - Processing /opt/airflow/dags/rand_request_api.py took 2.285 seconds
[2024-06-15T21:03:31.735+0000] {processor.py:161} INFO - Started process (PID=7587) to work on /opt/airflow/dags/rand_request_api.py
[2024-06-15T21:03:31.737+0000] {processor.py:830} INFO - Processing file /opt/airflow/dags/rand_request_api.py for tasks to queue
[2024-06-15T21:03:31.738+0000] {logging_mixin.py:188} INFO - [2024-06-15T21:03:31.738+0000] {dagbag.py:545} INFO - Filling up the DagBag from /opt/airflow/dags/rand_request_api.py
[2024-06-15T21:03:32.477+0000] {processor.py:840} INFO - DAG(s) 'ran_info_api' retrieved from /opt/airflow/dags/rand_request_api.py
[2024-06-15T21:03:32.507+0000] {logging_mixin.py:188} INFO - [2024-06-15T21:03:32.506+0000] {dag.py:3096} INFO - Sync 1 DAGs
[2024-06-15T21:03:32.545+0000] {logging_mixin.py:188} INFO - [2024-06-15T21:03:32.544+0000] {dag.py:3954} INFO - Setting next_dagrun for ran_info_api to 2024-06-15 20:05:00+00:00, run_after=2024-06-15 21:05:00+00:00
[2024-06-15T21:03:32.619+0000] {processor.py:183} INFO - Processing /opt/airflow/dags/rand_request_api.py took 0.894 seconds
[2024-06-15T21:04:03.202+0000] {processor.py:161} INFO - Started process (PID=7627) to work on /opt/airflow/dags/rand_request_api.py
[2024-06-15T21:04:03.204+0000] {processor.py:830} INFO - Processing file /opt/airflow/dags/rand_request_api.py for tasks to queue
[2024-06-15T21:04:03.207+0000] {logging_mixin.py:188} INFO - [2024-06-15T21:04:03.206+0000] {dagbag.py:545} INFO - Filling up the DagBag from /opt/airflow/dags/rand_request_api.py
[2024-06-15T21:04:04.222+0000] {processor.py:840} INFO - DAG(s) 'ran_info_api' retrieved from /opt/airflow/dags/rand_request_api.py
[2024-06-15T21:04:04.257+0000] {logging_mixin.py:188} INFO - [2024-06-15T21:04:04.256+0000] {dag.py:3096} INFO - Sync 1 DAGs
[2024-06-15T21:04:04.294+0000] {logging_mixin.py:188} INFO - [2024-06-15T21:04:04.294+0000] {dag.py:3954} INFO - Setting next_dagrun for ran_info_api to 2024-06-15 20:05:00+00:00, run_after=2024-06-15 21:05:00+00:00
[2024-06-15T21:04:04.352+0000] {processor.py:183} INFO - Processing /opt/airflow/dags/rand_request_api.py took 1.166 seconds
[2024-06-15T21:04:35.069+0000] {processor.py:161} INFO - Started process (PID=7664) to work on /opt/airflow/dags/rand_request_api.py
[2024-06-15T21:04:35.071+0000] {processor.py:830} INFO - Processing file /opt/airflow/dags/rand_request_api.py for tasks to queue
[2024-06-15T21:04:35.073+0000] {logging_mixin.py:188} INFO - [2024-06-15T21:04:35.072+0000] {dagbag.py:545} INFO - Filling up the DagBag from /opt/airflow/dags/rand_request_api.py
[2024-06-15T21:04:35.957+0000] {processor.py:840} INFO - DAG(s) 'ran_info_api' retrieved from /opt/airflow/dags/rand_request_api.py
[2024-06-15T21:04:35.996+0000] {logging_mixin.py:188} INFO - [2024-06-15T21:04:35.996+0000] {dag.py:3096} INFO - Sync 1 DAGs
[2024-06-15T21:04:36.039+0000] {logging_mixin.py:188} INFO - [2024-06-15T21:04:36.039+0000] {dag.py:3954} INFO - Setting next_dagrun for ran_info_api to 2024-06-15 20:05:00+00:00, run_after=2024-06-15 21:05:00+00:00
[2024-06-15T21:04:36.122+0000] {processor.py:183} INFO - Processing /opt/airflow/dags/rand_request_api.py took 1.062 seconds
[2024-06-15T21:05:06.888+0000] {processor.py:161} INFO - Started process (PID=7703) to work on /opt/airflow/dags/rand_request_api.py
[2024-06-15T21:05:06.890+0000] {processor.py:830} INFO - Processing file /opt/airflow/dags/rand_request_api.py for tasks to queue
[2024-06-15T21:05:06.892+0000] {logging_mixin.py:188} INFO - [2024-06-15T21:05:06.892+0000] {dagbag.py:545} INFO - Filling up the DagBag from /opt/airflow/dags/rand_request_api.py
[2024-06-15T21:05:07.764+0000] {processor.py:840} INFO - DAG(s) 'ran_info_api' retrieved from /opt/airflow/dags/rand_request_api.py
[2024-06-15T21:05:07.797+0000] {logging_mixin.py:188} INFO - [2024-06-15T21:05:07.797+0000] {dag.py:3096} INFO - Sync 1 DAGs
[2024-06-15T21:05:07.829+0000] {logging_mixin.py:188} INFO - [2024-06-15T21:05:07.829+0000] {dag.py:3954} INFO - Setting next_dagrun for ran_info_api to 2024-06-15 21:05:00+00:00, run_after=2024-06-15 22:05:00+00:00
[2024-06-15T21:05:07.962+0000] {processor.py:183} INFO - Processing /opt/airflow/dags/rand_request_api.py took 1.088 seconds
[2024-06-15T21:05:39.006+0000] {processor.py:161} INFO - Started process (PID=7748) to work on /opt/airflow/dags/rand_request_api.py
[2024-06-15T21:05:39.007+0000] {processor.py:830} INFO - Processing file /opt/airflow/dags/rand_request_api.py for tasks to queue
[2024-06-15T21:05:39.009+0000] {logging_mixin.py:188} INFO - [2024-06-15T21:05:39.008+0000] {dagbag.py:545} INFO - Filling up the DagBag from /opt/airflow/dags/rand_request_api.py
[2024-06-15T21:05:40.634+0000] {processor.py:840} INFO - DAG(s) 'ran_info_api' retrieved from /opt/airflow/dags/rand_request_api.py
[2024-06-15T21:05:40.700+0000] {logging_mixin.py:188} INFO - [2024-06-15T21:05:40.700+0000] {dag.py:3096} INFO - Sync 1 DAGs
[2024-06-15T21:05:40.762+0000] {logging_mixin.py:188} INFO - [2024-06-15T21:05:40.762+0000] {dag.py:3954} INFO - Setting next_dagrun for ran_info_api to 2024-06-15 21:05:00+00:00, run_after=2024-06-15 22:05:00+00:00
[2024-06-15T21:05:40.965+0000] {processor.py:183} INFO - Processing /opt/airflow/dags/rand_request_api.py took 1.970 seconds
[2024-06-15T21:06:11.386+0000] {processor.py:161} INFO - Started process (PID=7786) to work on /opt/airflow/dags/rand_request_api.py
[2024-06-15T21:06:11.391+0000] {processor.py:830} INFO - Processing file /opt/airflow/dags/rand_request_api.py for tasks to queue
[2024-06-15T21:06:11.396+0000] {logging_mixin.py:188} INFO - [2024-06-15T21:06:11.395+0000] {dagbag.py:545} INFO - Filling up the DagBag from /opt/airflow/dags/rand_request_api.py
[2024-06-15T21:06:12.869+0000] {processor.py:840} INFO - DAG(s) 'ran_info_api' retrieved from /opt/airflow/dags/rand_request_api.py
[2024-06-15T21:06:12.938+0000] {logging_mixin.py:188} INFO - [2024-06-15T21:06:12.938+0000] {dag.py:3096} INFO - Sync 1 DAGs
[2024-06-15T21:06:13.014+0000] {logging_mixin.py:188} INFO - [2024-06-15T21:06:13.014+0000] {dag.py:3954} INFO - Setting next_dagrun for ran_info_api to 2024-06-15 21:05:00+00:00, run_after=2024-06-15 22:05:00+00:00
[2024-06-15T21:06:13.129+0000] {processor.py:183} INFO - Processing /opt/airflow/dags/rand_request_api.py took 1.759 seconds
[2024-06-15T21:06:43.333+0000] {processor.py:161} INFO - Started process (PID=7825) to work on /opt/airflow/dags/rand_request_api.py
[2024-06-15T21:06:43.334+0000] {processor.py:830} INFO - Processing file /opt/airflow/dags/rand_request_api.py for tasks to queue
[2024-06-15T21:06:43.336+0000] {logging_mixin.py:188} INFO - [2024-06-15T21:06:43.335+0000] {dagbag.py:545} INFO - Filling up the DagBag from /opt/airflow/dags/rand_request_api.py
[2024-06-15T21:06:44.109+0000] {processor.py:840} INFO - DAG(s) 'ran_info_api' retrieved from /opt/airflow/dags/rand_request_api.py
[2024-06-15T21:06:44.138+0000] {logging_mixin.py:188} INFO - [2024-06-15T21:06:44.137+0000] {dag.py:3096} INFO - Sync 1 DAGs
[2024-06-15T21:06:44.168+0000] {logging_mixin.py:188} INFO - [2024-06-15T21:06:44.167+0000] {dag.py:3954} INFO - Setting next_dagrun for ran_info_api to 2024-06-15 21:05:00+00:00, run_after=2024-06-15 22:05:00+00:00
[2024-06-15T21:06:44.226+0000] {processor.py:183} INFO - Processing /opt/airflow/dags/rand_request_api.py took 0.903 seconds
[2024-06-15T21:07:14.897+0000] {processor.py:161} INFO - Started process (PID=7858) to work on /opt/airflow/dags/rand_request_api.py
[2024-06-15T21:07:14.898+0000] {processor.py:830} INFO - Processing file /opt/airflow/dags/rand_request_api.py for tasks to queue
[2024-06-15T21:07:14.900+0000] {logging_mixin.py:188} INFO - [2024-06-15T21:07:14.900+0000] {dagbag.py:545} INFO - Filling up the DagBag from /opt/airflow/dags/rand_request_api.py
[2024-06-15T21:07:15.680+0000] {processor.py:840} INFO - DAG(s) 'ran_info_api' retrieved from /opt/airflow/dags/rand_request_api.py
[2024-06-15T21:07:15.711+0000] {logging_mixin.py:188} INFO - [2024-06-15T21:07:15.711+0000] {dag.py:3096} INFO - Sync 1 DAGs
[2024-06-15T21:07:15.742+0000] {logging_mixin.py:188} INFO - [2024-06-15T21:07:15.742+0000] {dag.py:3954} INFO - Setting next_dagrun for ran_info_api to 2024-06-15 21:05:00+00:00, run_after=2024-06-15 22:05:00+00:00
[2024-06-15T21:07:15.827+0000] {processor.py:183} INFO - Processing /opt/airflow/dags/rand_request_api.py took 0.944 seconds
[2024-06-15T21:07:45.906+0000] {processor.py:161} INFO - Started process (PID=7895) to work on /opt/airflow/dags/rand_request_api.py
[2024-06-15T21:07:45.907+0000] {processor.py:830} INFO - Processing file /opt/airflow/dags/rand_request_api.py for tasks to queue
[2024-06-15T21:07:45.909+0000] {logging_mixin.py:188} INFO - [2024-06-15T21:07:45.908+0000] {dagbag.py:545} INFO - Filling up the DagBag from /opt/airflow/dags/rand_request_api.py
[2024-06-15T21:07:46.840+0000] {processor.py:840} INFO - DAG(s) 'ran_info_api' retrieved from /opt/airflow/dags/rand_request_api.py
[2024-06-15T21:07:46.903+0000] {logging_mixin.py:188} INFO - [2024-06-15T21:07:46.902+0000] {dag.py:3096} INFO - Sync 1 DAGs
[2024-06-15T21:07:46.940+0000] {logging_mixin.py:188} INFO - [2024-06-15T21:07:46.940+0000] {dag.py:3954} INFO - Setting next_dagrun for ran_info_api to 2024-06-15 21:05:00+00:00, run_after=2024-06-15 22:05:00+00:00
[2024-06-15T21:07:47.212+0000] {processor.py:183} INFO - Processing /opt/airflow/dags/rand_request_api.py took 1.317 seconds
[2024-06-15T21:08:17.415+0000] {processor.py:161} INFO - Started process (PID=7926) to work on /opt/airflow/dags/rand_request_api.py
[2024-06-15T21:08:17.416+0000] {processor.py:830} INFO - Processing file /opt/airflow/dags/rand_request_api.py for tasks to queue
[2024-06-15T21:08:17.418+0000] {logging_mixin.py:188} INFO - [2024-06-15T21:08:17.417+0000] {dagbag.py:545} INFO - Filling up the DagBag from /opt/airflow/dags/rand_request_api.py
[2024-06-15T21:08:19.016+0000] {processor.py:840} INFO - DAG(s) 'ran_info_api' retrieved from /opt/airflow/dags/rand_request_api.py
[2024-06-15T21:08:19.074+0000] {logging_mixin.py:188} INFO - [2024-06-15T21:08:19.073+0000] {dag.py:3096} INFO - Sync 1 DAGs
[2024-06-15T21:08:19.158+0000] {logging_mixin.py:188} INFO - [2024-06-15T21:08:19.158+0000] {dag.py:3954} INFO - Setting next_dagrun for ran_info_api to 2024-06-15 21:05:00+00:00, run_after=2024-06-15 22:05:00+00:00
[2024-06-15T21:08:19.268+0000] {processor.py:183} INFO - Processing /opt/airflow/dags/rand_request_api.py took 1.865 seconds
[2024-06-15T21:08:50.092+0000] {processor.py:161} INFO - Started process (PID=7959) to work on /opt/airflow/dags/rand_request_api.py
[2024-06-15T21:08:50.093+0000] {processor.py:830} INFO - Processing file /opt/airflow/dags/rand_request_api.py for tasks to queue
[2024-06-15T21:08:50.095+0000] {logging_mixin.py:188} INFO - [2024-06-15T21:08:50.095+0000] {dagbag.py:545} INFO - Filling up the DagBag from /opt/airflow/dags/rand_request_api.py
[2024-06-15T21:08:50.812+0000] {processor.py:840} INFO - DAG(s) 'ran_info_api' retrieved from /opt/airflow/dags/rand_request_api.py
[2024-06-15T21:08:50.842+0000] {logging_mixin.py:188} INFO - [2024-06-15T21:08:50.841+0000] {dag.py:3096} INFO - Sync 1 DAGs
[2024-06-15T21:08:50.874+0000] {logging_mixin.py:188} INFO - [2024-06-15T21:08:50.873+0000] {dag.py:3954} INFO - Setting next_dagrun for ran_info_api to 2024-06-15 21:05:00+00:00, run_after=2024-06-15 22:05:00+00:00
[2024-06-15T21:08:51.205+0000] {processor.py:183} INFO - Processing /opt/airflow/dags/rand_request_api.py took 1.123 seconds
[2024-06-15T21:09:21.703+0000] {processor.py:161} INFO - Started process (PID=7999) to work on /opt/airflow/dags/rand_request_api.py
[2024-06-15T21:09:21.706+0000] {processor.py:830} INFO - Processing file /opt/airflow/dags/rand_request_api.py for tasks to queue
[2024-06-15T21:09:21.708+0000] {logging_mixin.py:188} INFO - [2024-06-15T21:09:21.707+0000] {dagbag.py:545} INFO - Filling up the DagBag from /opt/airflow/dags/rand_request_api.py
[2024-06-15T21:09:22.902+0000] {processor.py:840} INFO - DAG(s) 'ran_info_api' retrieved from /opt/airflow/dags/rand_request_api.py
[2024-06-15T21:09:22.978+0000] {logging_mixin.py:188} INFO - [2024-06-15T21:09:22.977+0000] {dag.py:3096} INFO - Sync 1 DAGs
[2024-06-15T21:09:23.045+0000] {logging_mixin.py:188} INFO - [2024-06-15T21:09:23.044+0000] {dag.py:3954} INFO - Setting next_dagrun for ran_info_api to 2024-06-15 21:05:00+00:00, run_after=2024-06-15 22:05:00+00:00
[2024-06-15T21:09:23.317+0000] {processor.py:183} INFO - Processing /opt/airflow/dags/rand_request_api.py took 1.633 seconds
[2024-06-15T21:09:53.942+0000] {processor.py:161} INFO - Started process (PID=8045) to work on /opt/airflow/dags/rand_request_api.py
[2024-06-15T21:09:53.943+0000] {processor.py:830} INFO - Processing file /opt/airflow/dags/rand_request_api.py for tasks to queue
[2024-06-15T21:09:53.945+0000] {logging_mixin.py:188} INFO - [2024-06-15T21:09:53.944+0000] {dagbag.py:545} INFO - Filling up the DagBag from /opt/airflow/dags/rand_request_api.py
[2024-06-15T21:09:54.884+0000] {processor.py:840} INFO - DAG(s) 'ran_info_api' retrieved from /opt/airflow/dags/rand_request_api.py
[2024-06-15T21:09:54.936+0000] {logging_mixin.py:188} INFO - [2024-06-15T21:09:54.933+0000] {dag.py:3096} INFO - Sync 1 DAGs
[2024-06-15T21:09:54.978+0000] {logging_mixin.py:188} INFO - [2024-06-15T21:09:54.978+0000] {dag.py:3954} INFO - Setting next_dagrun for ran_info_api to 2024-06-15 21:05:00+00:00, run_after=2024-06-15 22:05:00+00:00
[2024-06-15T21:09:55.184+0000] {processor.py:183} INFO - Processing /opt/airflow/dags/rand_request_api.py took 1.256 seconds
[2024-06-15T21:10:26.090+0000] {processor.py:161} INFO - Started process (PID=8110) to work on /opt/airflow/dags/rand_request_api.py
[2024-06-15T21:10:26.092+0000] {processor.py:830} INFO - Processing file /opt/airflow/dags/rand_request_api.py for tasks to queue
[2024-06-15T21:10:26.096+0000] {logging_mixin.py:188} INFO - [2024-06-15T21:10:26.095+0000] {dagbag.py:545} INFO - Filling up the DagBag from /opt/airflow/dags/rand_request_api.py
[2024-06-15T21:12:24.437+0000] {processor.py:161} INFO - Started process (PID=8158) to work on /opt/airflow/dags/rand_request_api.py
[2024-06-15T21:12:24.553+0000] {processor.py:830} INFO - Processing file /opt/airflow/dags/rand_request_api.py for tasks to queue
[2024-06-15T21:12:24.555+0000] {logging_mixin.py:188} INFO - [2024-06-15T21:12:24.555+0000] {dagbag.py:545} INFO - Filling up the DagBag from /opt/airflow/dags/rand_request_api.py
[2024-06-15T21:12:37.651+0000] {processor.py:840} INFO - DAG(s) 'ran_info_api' retrieved from /opt/airflow/dags/rand_request_api.py
[2024-06-15T21:12:38.207+0000] {logging_mixin.py:188} INFO - [2024-06-15T21:12:38.206+0000] {dag.py:3096} INFO - Sync 1 DAGs
[2024-06-15T21:12:38.241+0000] {logging_mixin.py:188} INFO - [2024-06-15T21:12:38.240+0000] {dag.py:3954} INFO - Setting next_dagrun for ran_info_api to 2024-06-15 21:05:00+00:00, run_after=2024-06-15 22:05:00+00:00
[2024-06-15T21:12:38.395+0000] {processor.py:183} INFO - Processing /opt/airflow/dags/rand_request_api.py took 13.970 seconds
[2024-06-15T21:13:08.839+0000] {processor.py:161} INFO - Started process (PID=8200) to work on /opt/airflow/dags/rand_request_api.py
[2024-06-15T21:13:08.841+0000] {processor.py:830} INFO - Processing file /opt/airflow/dags/rand_request_api.py for tasks to queue
[2024-06-15T21:13:08.842+0000] {logging_mixin.py:188} INFO - [2024-06-15T21:13:08.842+0000] {dagbag.py:545} INFO - Filling up the DagBag from /opt/airflow/dags/rand_request_api.py
[2024-06-15T21:13:09.730+0000] {processor.py:840} INFO - DAG(s) 'ran_info_api' retrieved from /opt/airflow/dags/rand_request_api.py
[2024-06-15T21:13:09.768+0000] {logging_mixin.py:188} INFO - [2024-06-15T21:13:09.768+0000] {dag.py:3096} INFO - Sync 1 DAGs
[2024-06-15T21:13:09.808+0000] {logging_mixin.py:188} INFO - [2024-06-15T21:13:09.808+0000] {dag.py:3954} INFO - Setting next_dagrun for ran_info_api to 2024-06-15 21:05:00+00:00, run_after=2024-06-15 22:05:00+00:00
[2024-06-15T21:13:09.936+0000] {processor.py:183} INFO - Processing /opt/airflow/dags/rand_request_api.py took 1.108 seconds
[2024-06-15T21:13:40.311+0000] {processor.py:161} INFO - Started process (PID=8240) to work on /opt/airflow/dags/rand_request_api.py
[2024-06-15T21:13:40.313+0000] {processor.py:830} INFO - Processing file /opt/airflow/dags/rand_request_api.py for tasks to queue
[2024-06-15T21:13:40.314+0000] {logging_mixin.py:188} INFO - [2024-06-15T21:13:40.314+0000] {dagbag.py:545} INFO - Filling up the DagBag from /opt/airflow/dags/rand_request_api.py
[2024-06-15T21:13:41.128+0000] {processor.py:840} INFO - DAG(s) 'ran_info_api' retrieved from /opt/airflow/dags/rand_request_api.py
[2024-06-15T21:13:41.163+0000] {logging_mixin.py:188} INFO - [2024-06-15T21:13:41.162+0000] {dag.py:3096} INFO - Sync 1 DAGs
[2024-06-15T21:13:41.197+0000] {logging_mixin.py:188} INFO - [2024-06-15T21:13:41.197+0000] {dag.py:3954} INFO - Setting next_dagrun for ran_info_api to 2024-06-15 21:05:00+00:00, run_after=2024-06-15 22:05:00+00:00
[2024-06-15T21:13:41.267+0000] {processor.py:183} INFO - Processing /opt/airflow/dags/rand_request_api.py took 0.966 seconds
[2024-06-15T21:14:11.849+0000] {processor.py:161} INFO - Started process (PID=8280) to work on /opt/airflow/dags/rand_request_api.py
[2024-06-15T21:14:11.850+0000] {processor.py:830} INFO - Processing file /opt/airflow/dags/rand_request_api.py for tasks to queue
[2024-06-15T21:14:11.852+0000] {logging_mixin.py:188} INFO - [2024-06-15T21:14:11.851+0000] {dagbag.py:545} INFO - Filling up the DagBag from /opt/airflow/dags/rand_request_api.py
[2024-06-15T21:14:12.709+0000] {processor.py:840} INFO - DAG(s) 'ran_info_api' retrieved from /opt/airflow/dags/rand_request_api.py
[2024-06-15T21:14:12.752+0000] {logging_mixin.py:188} INFO - [2024-06-15T21:14:12.751+0000] {dag.py:3096} INFO - Sync 1 DAGs
[2024-06-15T21:14:12.801+0000] {logging_mixin.py:188} INFO - [2024-06-15T21:14:12.801+0000] {dag.py:3954} INFO - Setting next_dagrun for ran_info_api to 2024-06-15 21:05:00+00:00, run_after=2024-06-15 22:05:00+00:00
[2024-06-15T21:14:14.100+0000] {processor.py:183} INFO - Processing /opt/airflow/dags/rand_request_api.py took 2.265 seconds
[2024-06-15T21:14:44.694+0000] {processor.py:161} INFO - Started process (PID=8330) to work on /opt/airflow/dags/rand_request_api.py
[2024-06-15T21:14:44.696+0000] {processor.py:830} INFO - Processing file /opt/airflow/dags/rand_request_api.py for tasks to queue
[2024-06-15T21:14:44.697+0000] {logging_mixin.py:188} INFO - [2024-06-15T21:14:44.697+0000] {dagbag.py:545} INFO - Filling up the DagBag from /opt/airflow/dags/rand_request_api.py
[2024-06-15T21:14:45.435+0000] {processor.py:840} INFO - DAG(s) 'ran_info_api' retrieved from /opt/airflow/dags/rand_request_api.py
[2024-06-15T21:14:45.467+0000] {logging_mixin.py:188} INFO - [2024-06-15T21:14:45.466+0000] {dag.py:3096} INFO - Sync 1 DAGs
[2024-06-15T21:14:45.504+0000] {logging_mixin.py:188} INFO - [2024-06-15T21:14:45.504+0000] {dag.py:3954} INFO - Setting next_dagrun for ran_info_api to 2024-06-15 21:05:00+00:00, run_after=2024-06-15 22:05:00+00:00
[2024-06-15T21:14:45.567+0000] {processor.py:183} INFO - Processing /opt/airflow/dags/rand_request_api.py took 0.885 seconds
[2024-06-15T21:15:15.778+0000] {processor.py:161} INFO - Started process (PID=8376) to work on /opt/airflow/dags/rand_request_api.py
[2024-06-15T21:15:15.780+0000] {processor.py:830} INFO - Processing file /opt/airflow/dags/rand_request_api.py for tasks to queue
[2024-06-15T21:15:15.782+0000] {logging_mixin.py:188} INFO - [2024-06-15T21:15:15.781+0000] {dagbag.py:545} INFO - Filling up the DagBag from /opt/airflow/dags/rand_request_api.py
[2024-06-15T21:15:17.026+0000] {processor.py:840} INFO - DAG(s) 'ran_info_api' retrieved from /opt/airflow/dags/rand_request_api.py
[2024-06-15T21:15:17.070+0000] {logging_mixin.py:188} INFO - [2024-06-15T21:15:17.069+0000] {dag.py:3096} INFO - Sync 1 DAGs
[2024-06-15T21:15:17.121+0000] {logging_mixin.py:188} INFO - [2024-06-15T21:15:17.121+0000] {dag.py:3954} INFO - Setting next_dagrun for ran_info_api to 2024-06-15 21:05:00+00:00, run_after=2024-06-15 22:05:00+00:00
[2024-06-15T21:15:17.196+0000] {processor.py:183} INFO - Processing /opt/airflow/dags/rand_request_api.py took 1.442 seconds
[2024-06-15T21:15:47.786+0000] {processor.py:161} INFO - Started process (PID=8416) to work on /opt/airflow/dags/rand_request_api.py
[2024-06-15T21:15:47.788+0000] {processor.py:830} INFO - Processing file /opt/airflow/dags/rand_request_api.py for tasks to queue
[2024-06-15T21:15:47.790+0000] {logging_mixin.py:188} INFO - [2024-06-15T21:15:47.789+0000] {dagbag.py:545} INFO - Filling up the DagBag from /opt/airflow/dags/rand_request_api.py
[2024-06-15T21:15:48.518+0000] {processor.py:840} INFO - DAG(s) 'ran_info_api' retrieved from /opt/airflow/dags/rand_request_api.py
[2024-06-15T21:15:48.551+0000] {logging_mixin.py:188} INFO - [2024-06-15T21:15:48.551+0000] {dag.py:3096} INFO - Sync 1 DAGs
[2024-06-15T21:15:48.586+0000] {logging_mixin.py:188} INFO - [2024-06-15T21:15:48.586+0000] {dag.py:3954} INFO - Setting next_dagrun for ran_info_api to 2024-06-15 21:05:00+00:00, run_after=2024-06-15 22:05:00+00:00
[2024-06-15T21:15:48.677+0000] {processor.py:183} INFO - Processing /opt/airflow/dags/rand_request_api.py took 0.901 seconds
[2024-06-15T21:16:19.522+0000] {processor.py:161} INFO - Started process (PID=8475) to work on /opt/airflow/dags/rand_request_api.py
[2024-06-15T21:16:19.524+0000] {processor.py:830} INFO - Processing file /opt/airflow/dags/rand_request_api.py for tasks to queue
[2024-06-15T21:16:19.525+0000] {logging_mixin.py:188} INFO - [2024-06-15T21:16:19.525+0000] {dagbag.py:545} INFO - Filling up the DagBag from /opt/airflow/dags/rand_request_api.py
[2024-06-15T21:16:20.253+0000] {processor.py:840} INFO - DAG(s) 'ran_info_api' retrieved from /opt/airflow/dags/rand_request_api.py
[2024-06-15T21:16:20.283+0000] {logging_mixin.py:188} INFO - [2024-06-15T21:16:20.283+0000] {dag.py:3096} INFO - Sync 1 DAGs
[2024-06-15T21:16:20.317+0000] {logging_mixin.py:188} INFO - [2024-06-15T21:16:20.317+0000] {dag.py:3954} INFO - Setting next_dagrun for ran_info_api to 2024-06-15 21:05:00+00:00, run_after=2024-06-15 22:05:00+00:00
[2024-06-15T21:16:20.469+0000] {processor.py:183} INFO - Processing /opt/airflow/dags/rand_request_api.py took 0.958 seconds
[2024-06-15T21:16:51.448+0000] {processor.py:161} INFO - Started process (PID=8520) to work on /opt/airflow/dags/rand_request_api.py
[2024-06-15T21:16:51.450+0000] {processor.py:830} INFO - Processing file /opt/airflow/dags/rand_request_api.py for tasks to queue
[2024-06-15T21:16:51.452+0000] {logging_mixin.py:188} INFO - [2024-06-15T21:16:51.451+0000] {dagbag.py:545} INFO - Filling up the DagBag from /opt/airflow/dags/rand_request_api.py
[2024-06-15T21:16:52.217+0000] {processor.py:840} INFO - DAG(s) 'ran_info_api' retrieved from /opt/airflow/dags/rand_request_api.py
[2024-06-15T21:16:52.250+0000] {logging_mixin.py:188} INFO - [2024-06-15T21:16:52.249+0000] {dag.py:3096} INFO - Sync 1 DAGs
[2024-06-15T21:16:52.284+0000] {logging_mixin.py:188} INFO - [2024-06-15T21:16:52.283+0000] {dag.py:3954} INFO - Setting next_dagrun for ran_info_api to 2024-06-15 21:05:00+00:00, run_after=2024-06-15 22:05:00+00:00
[2024-06-15T21:16:52.346+0000] {processor.py:183} INFO - Processing /opt/airflow/dags/rand_request_api.py took 0.908 seconds
[2024-06-15T21:17:22.532+0000] {processor.py:161} INFO - Started process (PID=8560) to work on /opt/airflow/dags/rand_request_api.py
[2024-06-15T21:17:22.533+0000] {processor.py:830} INFO - Processing file /opt/airflow/dags/rand_request_api.py for tasks to queue
[2024-06-15T21:17:22.535+0000] {logging_mixin.py:188} INFO - [2024-06-15T21:17:22.534+0000] {dagbag.py:545} INFO - Filling up the DagBag from /opt/airflow/dags/rand_request_api.py
[2024-06-15T21:17:24.113+0000] {processor.py:840} INFO - DAG(s) 'ran_info_api' retrieved from /opt/airflow/dags/rand_request_api.py
[2024-06-15T21:17:24.153+0000] {logging_mixin.py:188} INFO - [2024-06-15T21:17:24.152+0000] {dag.py:3096} INFO - Sync 1 DAGs
[2024-06-15T21:17:24.199+0000] {logging_mixin.py:188} INFO - [2024-06-15T21:17:24.198+0000] {dag.py:3954} INFO - Setting next_dagrun for ran_info_api to 2024-06-15 21:05:00+00:00, run_after=2024-06-15 22:05:00+00:00
[2024-06-15T21:17:24.283+0000] {processor.py:183} INFO - Processing /opt/airflow/dags/rand_request_api.py took 1.761 seconds
[2024-06-15T21:17:54.891+0000] {processor.py:161} INFO - Started process (PID=8600) to work on /opt/airflow/dags/rand_request_api.py
[2024-06-15T21:17:54.894+0000] {processor.py:830} INFO - Processing file /opt/airflow/dags/rand_request_api.py for tasks to queue
[2024-06-15T21:17:54.895+0000] {logging_mixin.py:188} INFO - [2024-06-15T21:17:54.895+0000] {dagbag.py:545} INFO - Filling up the DagBag from /opt/airflow/dags/rand_request_api.py
[2024-06-15T21:17:56.986+0000] {processor.py:840} INFO - DAG(s) 'ran_info_api' retrieved from /opt/airflow/dags/rand_request_api.py
[2024-06-15T21:17:57.029+0000] {logging_mixin.py:188} INFO - [2024-06-15T21:17:57.028+0000] {dag.py:3096} INFO - Sync 1 DAGs
[2024-06-15T21:17:57.075+0000] {logging_mixin.py:188} INFO - [2024-06-15T21:17:57.075+0000] {dag.py:3954} INFO - Setting next_dagrun for ran_info_api to 2024-06-15 21:05:00+00:00, run_after=2024-06-15 22:05:00+00:00
[2024-06-15T21:17:58.248+0000] {processor.py:183} INFO - Processing /opt/airflow/dags/rand_request_api.py took 3.374 seconds
[2024-06-15T21:18:28.520+0000] {processor.py:161} INFO - Started process (PID=8640) to work on /opt/airflow/dags/rand_request_api.py
[2024-06-15T21:18:28.522+0000] {processor.py:830} INFO - Processing file /opt/airflow/dags/rand_request_api.py for tasks to queue
[2024-06-15T21:18:28.523+0000] {logging_mixin.py:188} INFO - [2024-06-15T21:18:28.523+0000] {dagbag.py:545} INFO - Filling up the DagBag from /opt/airflow/dags/rand_request_api.py
[2024-06-15T21:18:29.394+0000] {processor.py:840} INFO - DAG(s) 'ran_info_api' retrieved from /opt/airflow/dags/rand_request_api.py
[2024-06-15T21:18:29.501+0000] {logging_mixin.py:188} INFO - [2024-06-15T21:18:29.499+0000] {dag.py:3096} INFO - Sync 1 DAGs
[2024-06-15T21:18:29.542+0000] {logging_mixin.py:188} INFO - [2024-06-15T21:18:29.542+0000] {dag.py:3954} INFO - Setting next_dagrun for ran_info_api to 2024-06-15 21:05:00+00:00, run_after=2024-06-15 22:05:00+00:00
[2024-06-15T21:18:29.786+0000] {processor.py:183} INFO - Processing /opt/airflow/dags/rand_request_api.py took 1.279 seconds
[2024-06-15T21:19:00.470+0000] {processor.py:161} INFO - Started process (PID=8686) to work on /opt/airflow/dags/rand_request_api.py
[2024-06-15T21:19:01.472+0000] {processor.py:830} INFO - Processing file /opt/airflow/dags/rand_request_api.py for tasks to queue
[2024-06-15T21:19:01.474+0000] {logging_mixin.py:188} INFO - [2024-06-15T21:19:01.473+0000] {dagbag.py:545} INFO - Filling up the DagBag from /opt/airflow/dags/rand_request_api.py
[2024-06-15T21:19:03.395+0000] {processor.py:840} INFO - DAG(s) 'ran_info_api' retrieved from /opt/airflow/dags/rand_request_api.py
[2024-06-15T21:19:03.427+0000] {logging_mixin.py:188} INFO - [2024-06-15T21:19:03.426+0000] {dag.py:3096} INFO - Sync 1 DAGs
[2024-06-15T21:19:03.460+0000] {logging_mixin.py:188} INFO - [2024-06-15T21:19:03.459+0000] {dag.py:3954} INFO - Setting next_dagrun for ran_info_api to 2024-06-15 21:05:00+00:00, run_after=2024-06-15 22:05:00+00:00
[2024-06-15T21:19:09.387+0000] {processor.py:183} INFO - Processing /opt/airflow/dags/rand_request_api.py took 8.933 seconds
[2024-06-15T21:20:27.901+0000] {processor.py:161} INFO - Started process (PID=8735) to work on /opt/airflow/dags/rand_request_api.py
[2024-06-15T21:20:28.478+0000] {processor.py:830} INFO - Processing file /opt/airflow/dags/rand_request_api.py for tasks to queue
[2024-06-15T21:20:28.480+0000] {logging_mixin.py:188} INFO - [2024-06-15T21:20:28.479+0000] {dagbag.py:545} INFO - Filling up the DagBag from /opt/airflow/dags/rand_request_api.py
[2024-06-15T21:20:30.805+0000] {processor.py:840} INFO - DAG(s) 'ran_info_api' retrieved from /opt/airflow/dags/rand_request_api.py
[2024-06-15T21:20:30.844+0000] {logging_mixin.py:188} INFO - [2024-06-15T21:20:30.844+0000] {dag.py:3096} INFO - Sync 1 DAGs
[2024-06-15T21:20:30.877+0000] {logging_mixin.py:188} INFO - [2024-06-15T21:20:30.877+0000] {dag.py:3954} INFO - Setting next_dagrun for ran_info_api to 2024-06-15 21:05:00+00:00, run_after=2024-06-15 22:05:00+00:00
[2024-06-15T21:20:34.202+0000] {processor.py:183} INFO - Processing /opt/airflow/dags/rand_request_api.py took 6.311 seconds
