[2024-06-22T14:36:29.114+0000] {local_task_job_runner.py:120} INFO - ::group::Pre task execution logs
[2024-06-22T14:36:32.300+0000] {taskinstance.py:2076} INFO - Dependencies all met for dep_context=non-requeueable deps ti=<TaskInstance: load_csv_dag.load_csv manual__2024-06-22T14:33:54.365349+00:00 [queued]>
[2024-06-22T14:36:32.464+0000] {taskinstance.py:2076} INFO - Dependencies all met for dep_context=requeueable deps ti=<TaskInstance: load_csv_dag.load_csv manual__2024-06-22T14:33:54.365349+00:00 [queued]>
[2024-06-22T14:36:32.464+0000] {taskinstance.py:2306} INFO - Starting attempt 1 of 6
[2024-06-22T14:36:32.594+0000] {taskinstance.py:2330} INFO - Executing <Task(PythonOperator): load_csv> on 2024-06-22 14:33:54.365349+00:00
[2024-06-22T14:36:32.605+0000] {standard_task_runner.py:90} INFO - Running: ['***', 'tasks', 'run', 'load_csv_dag', 'load_csv', 'manual__2024-06-22T14:33:54.365349+00:00', '--job-id', '5', '--raw', '--subdir', 'DAGS_FOLDER/rush.py', '--cfg-path', '/tmp/tmpwsjt_jal']
[2024-06-22T14:36:32.609+0000] {standard_task_runner.py:91} INFO - Job 5: Subtask load_csv
[2024-06-22T14:36:32.615+0000] {logging_mixin.py:188} WARNING - /home/***/.local/lib/python3.12/site-packages/***/task/task_runner/standard_task_runner.py:61 DeprecationWarning: This process (pid=407) is multi-threaded, use of fork() may lead to deadlocks in the child.
[2024-06-22T14:36:32.616+0000] {standard_task_runner.py:63} INFO - Started process 510 to run task
[2024-06-22T14:36:32.719+0000] {task_command.py:426} INFO - Running <TaskInstance: load_csv_dag.load_csv manual__2024-06-22T14:33:54.365349+00:00 [running]> on host 6380d29236af
[2024-06-22T14:36:33.497+0000] {taskinstance.py:2648} INFO - Exporting env vars: AIRFLOW_CTX_DAG_OWNER='protectorate' AIRFLOW_CTX_DAG_ID='load_csv_dag' AIRFLOW_CTX_TASK_ID='load_csv' AIRFLOW_CTX_EXECUTION_DATE='2024-06-22T14:33:54.365349+00:00' AIRFLOW_CTX_TRY_NUMBER='1' AIRFLOW_CTX_DAG_RUN_ID='manual__2024-06-22T14:33:54.365349+00:00'
[2024-06-22T14:36:33.499+0000] {taskinstance.py:430} INFO - ::endgroup::
[2024-06-22T14:36:38.008+0000] {logging_mixin.py:188} INFO -                                              reviews  ... sentiment
0  ✅ Trip Verified |  I had the most fantastic BA...  ...  positive
1  ✅ Trip Verified |  Couldn’t book in online. Ar...  ...   neutral
2  ✅ Trip Verified | London Heathrow to Mumbai in...  ...  positive
3  ✅ Trip Verified | Keflavík, Iceland to London ...  ...  positive
4  ✅ Trip Verified | Terrible Experience with Bri...  ...  negative

[5 rows x 13 columns]
[2024-06-22T14:36:38.009+0000] {python.py:237} INFO - Done. Returned value was: None
[2024-06-22T14:36:38.011+0000] {taskinstance.py:441} INFO - ::group::Post task execution logs
[2024-06-22T14:36:38.023+0000] {taskinstance.py:1206} INFO - Marking task as SUCCESS. dag_id=load_csv_dag, task_id=load_csv, run_id=manual__2024-06-22T14:33:54.365349+00:00, execution_date=20240622T143354, start_date=20240622T143632, end_date=20240622T143638
[2024-06-22T14:36:38.241+0000] {local_task_job_runner.py:240} INFO - Task exited with return code 0
[2024-06-22T14:36:38.259+0000] {taskinstance.py:3498} INFO - 0 downstream tasks scheduled from follow-on schedule check
[2024-06-22T14:36:38.397+0000] {local_task_job_runner.py:222} INFO - ::endgroup::
