[2024-06-15T21:10:04.810+0000] {local_task_job_runner.py:120} INFO - ::group::Pre task execution logs
[2024-06-15T21:10:04.847+0000] {taskinstance.py:2076} INFO - Dependencies all met for dep_context=non-requeueable deps ti=<TaskInstance: rand_request.transform scheduled__2024-06-15T20:05:00+00:00 [queued]>
[2024-06-15T21:10:04.870+0000] {taskinstance.py:2076} INFO - Dependencies all met for dep_context=requeueable deps ti=<TaskInstance: rand_request.transform scheduled__2024-06-15T20:05:00+00:00 [queued]>
[2024-06-15T21:10:04.871+0000] {taskinstance.py:2306} INFO - Starting attempt 1 of 6
[2024-06-15T21:10:04.998+0000] {taskinstance.py:2330} INFO - Executing <Task(PythonOperator): transform> on 2024-06-15 20:05:00+00:00
[2024-06-15T21:10:05.031+0000] {logging_mixin.py:188} WARNING - /home/***/.local/lib/python3.12/site-packages/***/task/task_runner/standard_task_runner.py:61 DeprecationWarning: This process (pid=8063) is multi-threaded, use of fork() may lead to deadlocks in the child.
[2024-06-15T21:10:05.037+0000] {standard_task_runner.py:63} INFO - Started process 8077 to run task
[2024-06-15T21:10:05.050+0000] {standard_task_runner.py:90} INFO - Running: ['***', 'tasks', 'run', 'rand_request', 'transform', 'scheduled__2024-06-15T20:05:00+00:00', '--job-id', '88', '--raw', '--subdir', 'DAGS_FOLDER/rand.py', '--cfg-path', '/tmp/tmp6knnil3s']
[2024-06-15T21:10:05.055+0000] {standard_task_runner.py:91} INFO - Job 88: Subtask transform
[2024-06-15T21:10:05.251+0000] {task_command.py:426} INFO - Running <TaskInstance: rand_request.transform scheduled__2024-06-15T20:05:00+00:00 [running]> on host d4d3ae2e009b
[2024-06-15T21:10:05.515+0000] {taskinstance.py:2648} INFO - Exporting env vars: AIRFLOW_CTX_DAG_OWNER='protectorate' AIRFLOW_CTX_DAG_ID='rand_request' AIRFLOW_CTX_TASK_ID='transform' AIRFLOW_CTX_EXECUTION_DATE='2024-06-15T20:05:00+00:00' AIRFLOW_CTX_TRY_NUMBER='1' AIRFLOW_CTX_DAG_RUN_ID='scheduled__2024-06-15T20:05:00+00:00'
[2024-06-15T21:10:05.518+0000] {taskinstance.py:430} INFO - ::endgroup::
[2024-06-15T21:10:05.639+0000] {python.py:237} INFO - Done. Returned value was:   first_name  ... nationality
0        Jim  ...          IE

[1 rows x 15 columns]
[2024-06-15T21:10:05.851+0000] {taskinstance.py:441} INFO - ::group::Post task execution logs
[2024-06-15T21:10:10.823+0000] {taskinstance.py:1206} INFO - Marking task as SUCCESS. dag_id=rand_request, task_id=transform, run_id=scheduled__2024-06-15T20:05:00+00:00, execution_date=20240615T200500, start_date=20240615T211004, end_date=20240615T211010
[2024-06-15T21:10:13.660+0000] {local_task_job_runner.py:240} INFO - Task exited with return code 0
[2024-06-15T21:10:13.698+0000] {taskinstance.py:3498} INFO - 1 downstream tasks scheduled from follow-on schedule check
[2024-06-15T21:10:13.798+0000] {local_task_job_runner.py:222} INFO - ::endgroup::
