[2024-06-14T12:45:39.124+0000] {local_task_job_runner.py:120} INFO - ::group::Pre task execution logs
[2024-06-14T12:45:39.585+0000] {taskinstance.py:2076} INFO - Dependencies all met for dep_context=non-requeueable deps ti=<TaskInstance: first_python_operator.greet scheduled__2024-06-02T00:00:00+00:00 [queued]>
[2024-06-14T12:45:39.636+0000] {taskinstance.py:2076} INFO - Dependencies all met for dep_context=requeueable deps ti=<TaskInstance: first_python_operator.greet scheduled__2024-06-02T00:00:00+00:00 [queued]>
[2024-06-14T12:45:39.637+0000] {taskinstance.py:2306} INFO - Starting attempt 1 of 6
[2024-06-14T12:45:40.362+0000] {taskinstance.py:2330} INFO - Executing <Task(PythonOperator): greet> on 2024-06-02 00:00:00+00:00
[2024-06-14T12:45:40.424+0000] {logging_mixin.py:188} WARNING - /home/***/.local/lib/python3.12/site-packages/***/task/task_runner/standard_task_runner.py:61 DeprecationWarning: This process (pid=434) is multi-threaded, use of fork() may lead to deadlocks in the child.
[2024-06-14T12:45:40.432+0000] {standard_task_runner.py:63} INFO - Started process 437 to run task
[2024-06-14T12:45:40.436+0000] {standard_task_runner.py:90} INFO - Running: ['***', 'tasks', 'run', 'first_python_operator', 'greet', 'scheduled__2024-06-02T00:00:00+00:00', '--job-id', '20', '--raw', '--subdir', 'DAGS_FOLDER/pythonops.py', '--cfg-path', '/tmp/tmp5u2szyyy']
[2024-06-14T12:45:40.450+0000] {standard_task_runner.py:91} INFO - Job 20: Subtask greet
[2024-06-14T12:45:41.978+0000] {task_command.py:426} INFO - Running <TaskInstance: first_python_operator.greet scheduled__2024-06-02T00:00:00+00:00 [running]> on host 4ad055bac4bf
[2024-06-14T12:45:43.169+0000] {taskinstance.py:2648} INFO - Exporting env vars: AIRFLOW_CTX_DAG_OWNER='protectorate' AIRFLOW_CTX_DAG_ID='first_python_operator' AIRFLOW_CTX_TASK_ID='greet' AIRFLOW_CTX_EXECUTION_DATE='2024-06-02T00:00:00+00:00' AIRFLOW_CTX_TRY_NUMBER='1' AIRFLOW_CTX_DAG_RUN_ID='scheduled__2024-06-02T00:00:00+00:00'
[2024-06-14T12:45:43.198+0000] {taskinstance.py:430} INFO - ::endgroup::
[2024-06-14T12:45:43.256+0000] {logging_mixin.py:188} INFO - Hello Adewunmi!!!, welcome to *** with python operator
[2024-06-14T12:45:43.257+0000] {python.py:237} INFO - Done. Returned value was: None
[2024-06-14T12:45:43.259+0000] {taskinstance.py:441} INFO - ::group::Post task execution logs
[2024-06-14T12:45:43.271+0000] {taskinstance.py:1206} INFO - Marking task as SUCCESS. dag_id=first_python_operator, task_id=greet, run_id=scheduled__2024-06-02T00:00:00+00:00, execution_date=20240602T000000, start_date=20240614T124539, end_date=20240614T124543
[2024-06-14T12:45:43.519+0000] {local_task_job_runner.py:240} INFO - Task exited with return code 0
[2024-06-14T12:45:43.660+0000] {taskinstance.py:3498} INFO - 1 downstream tasks scheduled from follow-on schedule check
[2024-06-14T12:45:43.927+0000] {local_task_job_runner.py:222} INFO - ::endgroup::
[2024-06-15T10:12:34.012+0000] {local_task_job_runner.py:120} INFO - ::group::Pre task execution logs
[2024-06-15T10:12:34.202+0000] {taskinstance.py:2076} INFO - Dependencies all met for dep_context=non-requeueable deps ti=<TaskInstance: first_python_operator.greet scheduled__2024-06-02T00:00:00+00:00 [queued]>
[2024-06-15T10:12:34.248+0000] {taskinstance.py:2076} INFO - Dependencies all met for dep_context=requeueable deps ti=<TaskInstance: first_python_operator.greet scheduled__2024-06-02T00:00:00+00:00 [queued]>
[2024-06-15T10:12:34.252+0000] {taskinstance.py:2306} INFO - Starting attempt 1 of 6
[2024-06-15T10:12:34.757+0000] {taskinstance.py:2330} INFO - Executing <Task(PythonOperator): greet> on 2024-06-02 00:00:00+00:00
[2024-06-15T10:12:34.795+0000] {logging_mixin.py:188} WARNING - /home/***/.local/lib/python3.12/site-packages/***/task/task_runner/standard_task_runner.py:61 DeprecationWarning: This process (pid=2697) is multi-threaded, use of fork() may lead to deadlocks in the child.
[2024-06-15T10:12:34.802+0000] {standard_task_runner.py:63} INFO - Started process 2709 to run task
[2024-06-15T10:12:34.805+0000] {standard_task_runner.py:90} INFO - Running: ['***', 'tasks', 'run', 'first_python_operator', 'greet', 'scheduled__2024-06-02T00:00:00+00:00', '--job-id', '25', '--raw', '--subdir', 'DAGS_FOLDER/pythonops.py', '--cfg-path', '/tmp/tmpmljfba43']
[2024-06-15T10:12:34.810+0000] {standard_task_runner.py:91} INFO - Job 25: Subtask greet
[2024-06-15T10:12:35.243+0000] {task_command.py:426} INFO - Running <TaskInstance: first_python_operator.greet scheduled__2024-06-02T00:00:00+00:00 [running]> on host d4d3ae2e009b
[2024-06-15T10:12:36.291+0000] {taskinstance.py:2648} INFO - Exporting env vars: AIRFLOW_CTX_DAG_OWNER='protectorate' AIRFLOW_CTX_DAG_ID='first_python_operator' AIRFLOW_CTX_TASK_ID='greet' AIRFLOW_CTX_EXECUTION_DATE='2024-06-02T00:00:00+00:00' AIRFLOW_CTX_TRY_NUMBER='1' AIRFLOW_CTX_DAG_RUN_ID='scheduled__2024-06-02T00:00:00+00:00'
[2024-06-15T10:12:36.294+0000] {taskinstance.py:430} INFO - ::endgroup::
[2024-06-15T10:12:36.325+0000] {logging_mixin.py:188} INFO - Hello Adewunmi!!!, welcome to *** with python operator
[2024-06-15T10:12:36.326+0000] {python.py:237} INFO - Done. Returned value was: None
[2024-06-15T10:12:36.327+0000] {taskinstance.py:441} INFO - ::group::Post task execution logs
[2024-06-15T10:12:36.349+0000] {taskinstance.py:1206} INFO - Marking task as SUCCESS. dag_id=first_python_operator, task_id=greet, run_id=scheduled__2024-06-02T00:00:00+00:00, execution_date=20240602T000000, start_date=20240615T101234, end_date=20240615T101236
[2024-06-15T10:12:36.553+0000] {local_task_job_runner.py:240} INFO - Task exited with return code 0
[2024-06-15T10:12:36.591+0000] {taskinstance.py:3498} INFO - 1 downstream tasks scheduled from follow-on schedule check
[2024-06-15T10:12:36.832+0000] {local_task_job_runner.py:222} INFO - ::endgroup::
