[2024-06-16T11:55:04.224+0000] {local_task_job_runner.py:120} INFO - ::group::Pre task execution logs
[2024-06-16T11:55:04.258+0000] {taskinstance.py:2076} INFO - Dependencies all met for dep_context=non-requeueable deps ti=<TaskInstance: rat.transform manual__2024-06-16T11:54:42.441397+00:00 [queued]>
[2024-06-16T11:55:04.277+0000] {taskinstance.py:2076} INFO - Dependencies all met for dep_context=requeueable deps ti=<TaskInstance: rat.transform manual__2024-06-16T11:54:42.441397+00:00 [queued]>
[2024-06-16T11:55:04.278+0000] {taskinstance.py:2306} INFO - Starting attempt 1 of 6
[2024-06-16T11:55:04.371+0000] {taskinstance.py:2330} INFO - Executing <Task(PythonOperator): transform> on 2024-06-16 11:54:42.441397+00:00
[2024-06-16T11:55:04.469+0000] {logging_mixin.py:188} WARNING - /home/***/.local/lib/python3.12/site-packages/***/task/task_runner/standard_task_runner.py:61 DeprecationWarning: This process (pid=6380) is multi-threaded, use of fork() may lead to deadlocks in the child.
[2024-06-16T11:55:04.471+0000] {standard_task_runner.py:63} INFO - Started process 6394 to run task
[2024-06-16T11:55:04.469+0000] {standard_task_runner.py:90} INFO - Running: ['***', 'tasks', 'run', 'rat', 'transform', 'manual__2024-06-16T11:54:42.441397+00:00', '--job-id', '98', '--raw', '--subdir', 'DAGS_FOLDER/postgres.py', '--cfg-path', '/tmp/tmp90cybrrb']
[2024-06-16T11:55:04.472+0000] {standard_task_runner.py:91} INFO - Job 98: Subtask transform
[2024-06-16T11:55:04.602+0000] {task_command.py:426} INFO - Running <TaskInstance: rat.transform manual__2024-06-16T11:54:42.441397+00:00 [running]> on host f2978f02cf5d
[2024-06-16T11:55:04.833+0000] {taskinstance.py:2648} INFO - Exporting env vars: AIRFLOW_CTX_DAG_EMAIL='protectorateog@gmail.com' AIRFLOW_CTX_DAG_OWNER='protectorate' AIRFLOW_CTX_DAG_ID='rat' AIRFLOW_CTX_TASK_ID='transform' AIRFLOW_CTX_EXECUTION_DATE='2024-06-16T11:54:42.441397+00:00' AIRFLOW_CTX_TRY_NUMBER='1' AIRFLOW_CTX_DAG_RUN_ID='manual__2024-06-16T11:54:42.441397+00:00'
[2024-06-16T11:55:04.835+0000] {taskinstance.py:430} INFO - ::endgroup::
[2024-06-16T11:55:04.878+0000] {python.py:237} INFO - Done. Returned value was:   first_name  ... nationality
0     Ubiara  ...          BR

[1 rows x 11 columns]
[2024-06-16T11:55:04.902+0000] {taskinstance.py:441} INFO - ::group::Post task execution logs
[2024-06-16T11:55:05.235+0000] {taskinstance.py:1206} INFO - Marking task as SUCCESS. dag_id=rat, task_id=transform, run_id=manual__2024-06-16T11:54:42.441397+00:00, execution_date=20240616T115442, start_date=20240616T115504, end_date=20240616T115505
[2024-06-16T11:55:05.369+0000] {local_task_job_runner.py:240} INFO - Task exited with return code 0
[2024-06-16T11:55:05.401+0000] {taskinstance.py:3498} INFO - 1 downstream tasks scheduled from follow-on schedule check
[2024-06-16T11:55:05.496+0000] {local_task_job_runner.py:222} INFO - ::endgroup::
