[2024-06-14T12:46:00.490+0000] {local_task_job_runner.py:120} INFO - ::group::Pre task execution logs
[2024-06-14T12:46:00.615+0000] {taskinstance.py:2076} INFO - Dependencies all met for dep_context=non-requeueable deps ti=<TaskInstance: first_python_operator.greet scheduled__2024-06-09T00:00:00+00:00 [queued]>
[2024-06-14T12:46:00.632+0000] {taskinstance.py:2076} INFO - Dependencies all met for dep_context=requeueable deps ti=<TaskInstance: first_python_operator.greet scheduled__2024-06-09T00:00:00+00:00 [queued]>
[2024-06-14T12:46:00.633+0000] {taskinstance.py:2306} INFO - Starting attempt 1 of 6
[2024-06-14T12:46:00.811+0000] {taskinstance.py:2330} INFO - Executing <Task(PythonOperator): greet> on 2024-06-09 00:00:00+00:00
[2024-06-14T12:46:00.881+0000] {standard_task_runner.py:90} INFO - Running: ['***', 'tasks', 'run', 'first_python_operator', 'greet', 'scheduled__2024-06-09T00:00:00+00:00', '--job-id', '34', '--raw', '--subdir', 'DAGS_FOLDER/pythonops.py', '--cfg-path', '/tmp/tmprq6ochpx']
[2024-06-14T12:46:00.896+0000] {standard_task_runner.py:91} INFO - Job 34: Subtask greet
[2024-06-14T12:46:00.904+0000] {logging_mixin.py:188} WARNING - /home/***/.local/lib/python3.12/site-packages/***/task/task_runner/standard_task_runner.py:61 DeprecationWarning: This process (pid=484) is multi-threaded, use of fork() may lead to deadlocks in the child.
[2024-06-14T12:46:00.911+0000] {standard_task_runner.py:63} INFO - Started process 486 to run task
[2024-06-14T12:46:01.106+0000] {task_command.py:426} INFO - Running <TaskInstance: first_python_operator.greet scheduled__2024-06-09T00:00:00+00:00 [running]> on host 4ad055bac4bf
[2024-06-14T12:46:02.142+0000] {taskinstance.py:2648} INFO - Exporting env vars: AIRFLOW_CTX_DAG_OWNER='protectorate' AIRFLOW_CTX_DAG_ID='first_python_operator' AIRFLOW_CTX_TASK_ID='greet' AIRFLOW_CTX_EXECUTION_DATE='2024-06-09T00:00:00+00:00' AIRFLOW_CTX_TRY_NUMBER='1' AIRFLOW_CTX_DAG_RUN_ID='scheduled__2024-06-09T00:00:00+00:00'
[2024-06-14T12:46:02.146+0000] {taskinstance.py:430} INFO - ::endgroup::
[2024-06-14T12:46:02.195+0000] {logging_mixin.py:188} INFO - Hello Adewunmi!!!, welcome to *** with python operator
[2024-06-14T12:46:02.196+0000] {python.py:237} INFO - Done. Returned value was: None
[2024-06-14T12:46:02.200+0000] {taskinstance.py:441} INFO - ::group::Post task execution logs
[2024-06-14T12:46:02.214+0000] {taskinstance.py:1206} INFO - Marking task as SUCCESS. dag_id=first_python_operator, task_id=greet, run_id=scheduled__2024-06-09T00:00:00+00:00, execution_date=20240609T000000, start_date=20240614T124600, end_date=20240614T124602
[2024-06-14T12:46:02.376+0000] {local_task_job_runner.py:240} INFO - Task exited with return code 0
[2024-06-14T12:46:02.514+0000] {taskinstance.py:3498} INFO - 1 downstream tasks scheduled from follow-on schedule check
[2024-06-14T12:46:02.697+0000] {local_task_job_runner.py:222} INFO - ::endgroup::
[2024-06-15T10:12:50.383+0000] {local_task_job_runner.py:120} INFO - ::group::Pre task execution logs
[2024-06-15T10:12:50.458+0000] {taskinstance.py:2076} INFO - Dependencies all met for dep_context=non-requeueable deps ti=<TaskInstance: first_python_operator.greet scheduled__2024-06-09T00:00:00+00:00 [queued]>
[2024-06-15T10:12:50.476+0000] {taskinstance.py:2076} INFO - Dependencies all met for dep_context=requeueable deps ti=<TaskInstance: first_python_operator.greet scheduled__2024-06-09T00:00:00+00:00 [queued]>
[2024-06-15T10:12:50.477+0000] {taskinstance.py:2306} INFO - Starting attempt 1 of 6
[2024-06-15T10:12:50.541+0000] {taskinstance.py:2330} INFO - Executing <Task(PythonOperator): greet> on 2024-06-09 00:00:00+00:00
[2024-06-15T10:12:50.550+0000] {standard_task_runner.py:90} INFO - Running: ['***', 'tasks', 'run', 'first_python_operator', 'greet', 'scheduled__2024-06-09T00:00:00+00:00', '--job-id', '35', '--raw', '--subdir', 'DAGS_FOLDER/pythonops.py', '--cfg-path', '/tmp/tmppkmq4zo5']
[2024-06-15T10:12:50.554+0000] {standard_task_runner.py:91} INFO - Job 35: Subtask greet
[2024-06-15T10:12:50.745+0000] {task_command.py:426} INFO - Running <TaskInstance: first_python_operator.greet scheduled__2024-06-09T00:00:00+00:00 [running]> on host d4d3ae2e009b
[2024-06-15T10:12:50.825+0000] {logging_mixin.py:188} WARNING - /home/***/.local/lib/python3.12/site-packages/***/task/task_runner/standard_task_runner.py:61 DeprecationWarning: This process (pid=2728) is multi-threaded, use of fork() may lead to deadlocks in the child.
[2024-06-15T10:12:50.826+0000] {standard_task_runner.py:63} INFO - Started process 2740 to run task
[2024-06-15T10:12:51.103+0000] {taskinstance.py:2648} INFO - Exporting env vars: AIRFLOW_CTX_DAG_OWNER='protectorate' AIRFLOW_CTX_DAG_ID='first_python_operator' AIRFLOW_CTX_TASK_ID='greet' AIRFLOW_CTX_EXECUTION_DATE='2024-06-09T00:00:00+00:00' AIRFLOW_CTX_TRY_NUMBER='1' AIRFLOW_CTX_DAG_RUN_ID='scheduled__2024-06-09T00:00:00+00:00'
[2024-06-15T10:12:51.105+0000] {taskinstance.py:430} INFO - ::endgroup::
[2024-06-15T10:12:51.140+0000] {logging_mixin.py:188} INFO - Hello Adewunmi!!!, welcome to *** with python operator
[2024-06-15T10:12:51.141+0000] {python.py:237} INFO - Done. Returned value was: None
[2024-06-15T10:12:51.143+0000] {taskinstance.py:441} INFO - ::group::Post task execution logs
[2024-06-15T10:12:51.168+0000] {taskinstance.py:1206} INFO - Marking task as SUCCESS. dag_id=first_python_operator, task_id=greet, run_id=scheduled__2024-06-09T00:00:00+00:00, execution_date=20240609T000000, start_date=20240615T101250, end_date=20240615T101251
[2024-06-15T10:12:51.323+0000] {local_task_job_runner.py:240} INFO - Task exited with return code 0
[2024-06-15T10:12:51.391+0000] {taskinstance.py:3498} INFO - 1 downstream tasks scheduled from follow-on schedule check
[2024-06-15T10:12:51.512+0000] {local_task_job_runner.py:222} INFO - ::endgroup::
