[2024-06-14T12:45:57.068+0000] {local_task_job_runner.py:120} INFO - ::group::Pre task execution logs
[2024-06-14T12:45:57.157+0000] {taskinstance.py:2076} INFO - Dependencies all met for dep_context=non-requeueable deps ti=<TaskInstance: first_python_operator.greet scheduled__2024-06-07T00:00:00+00:00 [queued]>
[2024-06-14T12:45:57.187+0000] {taskinstance.py:2076} INFO - Dependencies all met for dep_context=requeueable deps ti=<TaskInstance: first_python_operator.greet scheduled__2024-06-07T00:00:00+00:00 [queued]>
[2024-06-14T12:45:57.189+0000] {taskinstance.py:2306} INFO - Starting attempt 1 of 6
[2024-06-14T12:45:57.680+0000] {taskinstance.py:2330} INFO - Executing <Task(PythonOperator): greet> on 2024-06-07 00:00:00+00:00
[2024-06-14T12:45:57.728+0000] {standard_task_runner.py:90} INFO - Running: ['***', 'tasks', 'run', 'first_python_operator', 'greet', 'scheduled__2024-06-07T00:00:00+00:00', '--job-id', '31', '--raw', '--subdir', 'DAGS_FOLDER/pythonops.py', '--cfg-path', '/tmp/tmpqmw2ggq3']
[2024-06-14T12:45:57.743+0000] {standard_task_runner.py:91} INFO - Job 31: Subtask greet
[2024-06-14T12:45:57.767+0000] {logging_mixin.py:188} WARNING - /home/***/.local/lib/python3.12/site-packages/***/task/task_runner/standard_task_runner.py:61 DeprecationWarning: This process (pid=465) is multi-threaded, use of fork() may lead to deadlocks in the child.
[2024-06-14T12:45:57.784+0000] {standard_task_runner.py:63} INFO - Started process 480 to run task
[2024-06-14T12:45:58.159+0000] {task_command.py:426} INFO - Running <TaskInstance: first_python_operator.greet scheduled__2024-06-07T00:00:00+00:00 [running]> on host 4ad055bac4bf
[2024-06-14T12:45:58.705+0000] {taskinstance.py:2648} INFO - Exporting env vars: AIRFLOW_CTX_DAG_OWNER='protectorate' AIRFLOW_CTX_DAG_ID='first_python_operator' AIRFLOW_CTX_TASK_ID='greet' AIRFLOW_CTX_EXECUTION_DATE='2024-06-07T00:00:00+00:00' AIRFLOW_CTX_TRY_NUMBER='1' AIRFLOW_CTX_DAG_RUN_ID='scheduled__2024-06-07T00:00:00+00:00'
[2024-06-14T12:45:58.729+0000] {taskinstance.py:430} INFO - ::endgroup::
[2024-06-14T12:45:58.795+0000] {logging_mixin.py:188} INFO - Hello Adewunmi!!!, welcome to *** with python operator
[2024-06-14T12:45:58.803+0000] {python.py:237} INFO - Done. Returned value was: None
[2024-06-14T12:45:58.804+0000] {taskinstance.py:441} INFO - ::group::Post task execution logs
[2024-06-14T12:45:58.841+0000] {taskinstance.py:1206} INFO - Marking task as SUCCESS. dag_id=first_python_operator, task_id=greet, run_id=scheduled__2024-06-07T00:00:00+00:00, execution_date=20240607T000000, start_date=20240614T124557, end_date=20240614T124558
[2024-06-14T12:45:59.168+0000] {local_task_job_runner.py:240} INFO - Task exited with return code 0
[2024-06-14T12:45:59.371+0000] {taskinstance.py:3498} INFO - 1 downstream tasks scheduled from follow-on schedule check
[2024-06-14T12:45:59.624+0000] {local_task_job_runner.py:222} INFO - ::endgroup::
[2024-06-15T10:12:49.670+0000] {local_task_job_runner.py:120} INFO - ::group::Pre task execution logs
[2024-06-15T10:12:49.770+0000] {taskinstance.py:2076} INFO - Dependencies all met for dep_context=non-requeueable deps ti=<TaskInstance: first_python_operator.greet scheduled__2024-06-07T00:00:00+00:00 [queued]>
[2024-06-15T10:12:49.786+0000] {taskinstance.py:2076} INFO - Dependencies all met for dep_context=requeueable deps ti=<TaskInstance: first_python_operator.greet scheduled__2024-06-07T00:00:00+00:00 [queued]>
[2024-06-15T10:12:49.787+0000] {taskinstance.py:2306} INFO - Starting attempt 1 of 6
[2024-06-15T10:12:49.973+0000] {taskinstance.py:2330} INFO - Executing <Task(PythonOperator): greet> on 2024-06-07 00:00:00+00:00
[2024-06-15T10:12:49.987+0000] {standard_task_runner.py:90} INFO - Running: ['***', 'tasks', 'run', 'first_python_operator', 'greet', 'scheduled__2024-06-07T00:00:00+00:00', '--job-id', '34', '--raw', '--subdir', 'DAGS_FOLDER/pythonops.py', '--cfg-path', '/tmp/tmp_5esy7hc']
[2024-06-15T10:12:49.993+0000] {standard_task_runner.py:91} INFO - Job 34: Subtask greet
[2024-06-15T10:12:49.994+0000] {logging_mixin.py:188} WARNING - /home/***/.local/lib/python3.12/site-packages/***/task/task_runner/standard_task_runner.py:61 DeprecationWarning: This process (pid=2729) is multi-threaded, use of fork() may lead to deadlocks in the child.
[2024-06-15T10:12:49.996+0000] {standard_task_runner.py:63} INFO - Started process 2739 to run task
[2024-06-15T10:12:50.156+0000] {task_command.py:426} INFO - Running <TaskInstance: first_python_operator.greet scheduled__2024-06-07T00:00:00+00:00 [running]> on host d4d3ae2e009b
[2024-06-15T10:12:50.477+0000] {taskinstance.py:2648} INFO - Exporting env vars: AIRFLOW_CTX_DAG_OWNER='protectorate' AIRFLOW_CTX_DAG_ID='first_python_operator' AIRFLOW_CTX_TASK_ID='greet' AIRFLOW_CTX_EXECUTION_DATE='2024-06-07T00:00:00+00:00' AIRFLOW_CTX_TRY_NUMBER='1' AIRFLOW_CTX_DAG_RUN_ID='scheduled__2024-06-07T00:00:00+00:00'
[2024-06-15T10:12:50.479+0000] {taskinstance.py:430} INFO - ::endgroup::
[2024-06-15T10:12:50.502+0000] {logging_mixin.py:188} INFO - Hello Adewunmi!!!, welcome to *** with python operator
[2024-06-15T10:12:50.503+0000] {python.py:237} INFO - Done. Returned value was: None
[2024-06-15T10:12:50.504+0000] {taskinstance.py:441} INFO - ::group::Post task execution logs
[2024-06-15T10:12:50.520+0000] {taskinstance.py:1206} INFO - Marking task as SUCCESS. dag_id=first_python_operator, task_id=greet, run_id=scheduled__2024-06-07T00:00:00+00:00, execution_date=20240607T000000, start_date=20240615T101249, end_date=20240615T101250
[2024-06-15T10:12:50.598+0000] {local_task_job_runner.py:240} INFO - Task exited with return code 0
[2024-06-15T10:12:50.634+0000] {taskinstance.py:3498} INFO - 1 downstream tasks scheduled from follow-on schedule check
[2024-06-15T10:12:50.750+0000] {local_task_job_runner.py:222} INFO - ::endgroup::
