[2024-06-22T15:26:02.198+0000] {local_task_job_runner.py:120} INFO - ::group::Pre task execution logs
[2024-06-22T15:26:02.242+0000] {taskinstance.py:2076} INFO - Dependencies all met for dep_context=non-requeueable deps ti=<TaskInstance: postgres_to_s3.transform scheduled__2024-06-21T00:00:00+00:00 [queued]>
[2024-06-22T15:26:02.263+0000] {taskinstance.py:2076} INFO - Dependencies all met for dep_context=requeueable deps ti=<TaskInstance: postgres_to_s3.transform scheduled__2024-06-21T00:00:00+00:00 [queued]>
[2024-06-22T15:26:02.264+0000] {taskinstance.py:2306} INFO - Starting attempt 1 of 6
[2024-06-22T15:26:03.641+0000] {taskinstance.py:2330} INFO - Executing <Task(PythonOperator): transform> on 2024-06-21 00:00:00+00:00
[2024-06-22T15:26:03.652+0000] {standard_task_runner.py:90} INFO - Running: ['***', 'tasks', 'run', 'postgres_to_s3', 'transform', 'scheduled__2024-06-21T00:00:00+00:00', '--job-id', '21', '--raw', '--subdir', 'DAGS_FOLDER/postgres_s3.py', '--cfg-path', '/tmp/tmpasbvki9b']
[2024-06-22T15:26:03.663+0000] {logging_mixin.py:188} WARNING - /home/***/.local/lib/python3.12/site-packages/***/task/task_runner/standard_task_runner.py:61 DeprecationWarning: This process (pid=3895) is multi-threaded, use of fork() may lead to deadlocks in the child.
[2024-06-22T15:26:03.661+0000] {standard_task_runner.py:91} INFO - Job 21: Subtask transform
[2024-06-22T15:26:03.670+0000] {standard_task_runner.py:63} INFO - Started process 3901 to run task
[2024-06-22T15:26:04.608+0000] {task_command.py:426} INFO - Running <TaskInstance: postgres_to_s3.transform scheduled__2024-06-21T00:00:00+00:00 [running]> on host 6380d29236af
[2024-06-22T15:26:07.586+0000] {taskinstance.py:2648} INFO - Exporting env vars: AIRFLOW_CTX_DAG_EMAIL='protectorateog@gmail.com' AIRFLOW_CTX_DAG_OWNER='protectorate' AIRFLOW_CTX_DAG_ID='postgres_to_s3' AIRFLOW_CTX_TASK_ID='transform' AIRFLOW_CTX_EXECUTION_DATE='2024-06-21T00:00:00+00:00' AIRFLOW_CTX_TRY_NUMBER='1' AIRFLOW_CTX_DAG_RUN_ID='scheduled__2024-06-21T00:00:00+00:00'
[2024-06-22T15:26:07.588+0000] {taskinstance.py:430} INFO - ::endgroup::
[2024-06-22T15:26:07.720+0000] {python.py:237} INFO - Done. Returned value was:   first_name  ... nationality
0        Cem  ...          NL

[1 rows x 11 columns]
[2024-06-22T15:26:07.740+0000] {taskinstance.py:441} INFO - ::group::Post task execution logs
[2024-06-22T15:26:08.567+0000] {taskinstance.py:1206} INFO - Marking task as SUCCESS. dag_id=postgres_to_s3, task_id=transform, run_id=scheduled__2024-06-21T00:00:00+00:00, execution_date=20240621T000000, start_date=20240622T152602, end_date=20240622T152608
[2024-06-22T15:26:09.047+0000] {local_task_job_runner.py:240} INFO - Task exited with return code 0
[2024-06-22T15:26:09.080+0000] {taskinstance.py:3498} INFO - 1 downstream tasks scheduled from follow-on schedule check
[2024-06-22T15:26:09.650+0000] {local_task_job_runner.py:222} INFO - ::endgroup::
