[2024-06-14T12:45:39.254+0000] {local_task_job_runner.py:120} INFO - ::group::Pre task execution logs
[2024-06-14T12:45:39.592+0000] {taskinstance.py:2076} INFO - Dependencies all met for dep_context=non-requeueable deps ti=<TaskInstance: first_python_operator.greet_task2 scheduled__2024-05-30T00:00:00+00:00 [queued]>
[2024-06-14T12:45:39.631+0000] {taskinstance.py:2076} INFO - Dependencies all met for dep_context=requeueable deps ti=<TaskInstance: first_python_operator.greet_task2 scheduled__2024-05-30T00:00:00+00:00 [queued]>
[2024-06-14T12:45:39.632+0000] {taskinstance.py:2306} INFO - Starting attempt 1 of 6
[2024-06-14T12:45:40.362+0000] {taskinstance.py:2330} INFO - Executing <Task(PythonOperator): greet_task2> on 2024-05-30 00:00:00+00:00
[2024-06-14T12:45:40.414+0000] {logging_mixin.py:188} WARNING - /home/***/.local/lib/python3.12/site-packages/***/task/task_runner/standard_task_runner.py:61 DeprecationWarning: This process (pid=432) is multi-threaded, use of fork() may lead to deadlocks in the child.
[2024-06-14T12:45:40.420+0000] {standard_task_runner.py:63} INFO - Started process 435 to run task
[2024-06-14T12:45:40.391+0000] {standard_task_runner.py:90} INFO - Running: ['***', 'tasks', 'run', 'first_python_operator', 'greet_task2', 'scheduled__2024-05-30T00:00:00+00:00', '--job-id', '21', '--raw', '--subdir', 'DAGS_FOLDER/pythonops.py', '--cfg-path', '/tmp/tmpeci09yod']
[2024-06-14T12:45:40.440+0000] {standard_task_runner.py:91} INFO - Job 21: Subtask greet_task2
[2024-06-14T12:45:42.054+0000] {task_command.py:426} INFO - Running <TaskInstance: first_python_operator.greet_task2 scheduled__2024-05-30T00:00:00+00:00 [running]> on host 4ad055bac4bf
[2024-06-14T12:45:43.048+0000] {taskinstance.py:2648} INFO - Exporting env vars: AIRFLOW_CTX_DAG_OWNER='protectorate' AIRFLOW_CTX_DAG_ID='first_python_operator' AIRFLOW_CTX_TASK_ID='greet_task2' AIRFLOW_CTX_EXECUTION_DATE='2024-05-30T00:00:00+00:00' AIRFLOW_CTX_TRY_NUMBER='1' AIRFLOW_CTX_DAG_RUN_ID='scheduled__2024-05-30T00:00:00+00:00'
[2024-06-14T12:45:43.056+0000] {taskinstance.py:430} INFO - ::endgroup::
[2024-06-14T12:45:43.209+0000] {logging_mixin.py:188} INFO - Hello Adewunmi!!!, welcome to *** with python operator task 2
[2024-06-14T12:45:43.213+0000] {python.py:237} INFO - Done. Returned value was: None
[2024-06-14T12:45:43.215+0000] {taskinstance.py:441} INFO - ::group::Post task execution logs
[2024-06-14T12:45:43.267+0000] {taskinstance.py:1206} INFO - Marking task as SUCCESS. dag_id=first_python_operator, task_id=greet_task2, run_id=scheduled__2024-05-30T00:00:00+00:00, execution_date=20240530T000000, start_date=20240614T124539, end_date=20240614T124543
[2024-06-14T12:45:43.522+0000] {local_task_job_runner.py:240} INFO - Task exited with return code 0
[2024-06-14T12:45:43.611+0000] {taskinstance.py:3498} INFO - 0 downstream tasks scheduled from follow-on schedule check
[2024-06-14T12:45:43.792+0000] {local_task_job_runner.py:222} INFO - ::endgroup::
[2024-06-15T10:12:22.429+0000] {local_task_job_runner.py:120} INFO - ::group::Pre task execution logs
[2024-06-15T10:12:22.589+0000] {taskinstance.py:2076} INFO - Dependencies all met for dep_context=non-requeueable deps ti=<TaskInstance: first_python_operator.greet_task2 scheduled__2024-05-30T00:00:00+00:00 [queued]>
[2024-06-15T10:12:22.611+0000] {taskinstance.py:2076} INFO - Dependencies all met for dep_context=requeueable deps ti=<TaskInstance: first_python_operator.greet_task2 scheduled__2024-05-30T00:00:00+00:00 [queued]>
[2024-06-15T10:12:22.612+0000] {taskinstance.py:2306} INFO - Starting attempt 1 of 6
[2024-06-15T10:12:22.882+0000] {taskinstance.py:2330} INFO - Executing <Task(PythonOperator): greet_task2> on 2024-05-30 00:00:00+00:00
[2024-06-15T10:12:22.937+0000] {standard_task_runner.py:90} INFO - Running: ['***', 'tasks', 'run', 'first_python_operator', 'greet_task2', 'scheduled__2024-05-30T00:00:00+00:00', '--job-id', '16', '--raw', '--subdir', 'DAGS_FOLDER/pythonops.py', '--cfg-path', '/tmp/tmpzmr61gxq']
[2024-06-15T10:12:22.974+0000] {standard_task_runner.py:91} INFO - Job 16: Subtask greet_task2
[2024-06-15T10:12:22.967+0000] {logging_mixin.py:188} WARNING - /home/***/.local/lib/python3.12/site-packages/***/task/task_runner/standard_task_runner.py:61 DeprecationWarning: This process (pid=2683) is multi-threaded, use of fork() may lead to deadlocks in the child.
[2024-06-15T10:12:22.986+0000] {standard_task_runner.py:63} INFO - Started process 2693 to run task
[2024-06-15T10:12:23.679+0000] {task_command.py:426} INFO - Running <TaskInstance: first_python_operator.greet_task2 scheduled__2024-05-30T00:00:00+00:00 [running]> on host d4d3ae2e009b
[2024-06-15T10:12:24.865+0000] {taskinstance.py:2648} INFO - Exporting env vars: AIRFLOW_CTX_DAG_OWNER='protectorate' AIRFLOW_CTX_DAG_ID='first_python_operator' AIRFLOW_CTX_TASK_ID='greet_task2' AIRFLOW_CTX_EXECUTION_DATE='2024-05-30T00:00:00+00:00' AIRFLOW_CTX_TRY_NUMBER='1' AIRFLOW_CTX_DAG_RUN_ID='scheduled__2024-05-30T00:00:00+00:00'
[2024-06-15T10:12:24.878+0000] {taskinstance.py:430} INFO - ::endgroup::
[2024-06-15T10:12:24.931+0000] {logging_mixin.py:188} INFO - Hello Adewunmi!!!, welcome to *** with python operator task 2
[2024-06-15T10:12:24.932+0000] {python.py:237} INFO - Done. Returned value was: None
[2024-06-15T10:12:24.934+0000] {taskinstance.py:441} INFO - ::group::Post task execution logs
[2024-06-15T10:12:24.953+0000] {taskinstance.py:1206} INFO - Marking task as SUCCESS. dag_id=first_python_operator, task_id=greet_task2, run_id=scheduled__2024-05-30T00:00:00+00:00, execution_date=20240530T000000, start_date=20240615T101222, end_date=20240615T101224
[2024-06-15T10:12:25.287+0000] {local_task_job_runner.py:240} INFO - Task exited with return code 0
[2024-06-15T10:12:25.341+0000] {taskinstance.py:3498} INFO - 0 downstream tasks scheduled from follow-on schedule check
[2024-06-15T10:12:26.667+0000] {local_task_job_runner.py:222} INFO - ::endgroup::
