[2024-06-16T11:50:39.379+0000] {local_task_job_runner.py:120} INFO - ::group::Pre task execution logs
[2024-06-16T11:50:39.406+0000] {taskinstance.py:2076} INFO - Dependencies all met for dep_context=non-requeueable deps ti=<TaskInstance: rat.transform manual__2024-06-16T11:50:18.675355+00:00 [queued]>
[2024-06-16T11:50:39.423+0000] {taskinstance.py:2076} INFO - Dependencies all met for dep_context=requeueable deps ti=<TaskInstance: rat.transform manual__2024-06-16T11:50:18.675355+00:00 [queued]>
[2024-06-16T11:50:39.424+0000] {taskinstance.py:2306} INFO - Starting attempt 1 of 6
[2024-06-16T11:50:39.577+0000] {taskinstance.py:2330} INFO - Executing <Task(PythonOperator): transform> on 2024-06-16 11:50:18.675355+00:00
[2024-06-16T11:50:39.637+0000] {logging_mixin.py:188} WARNING - /home/***/.local/lib/python3.12/site-packages/***/task/task_runner/standard_task_runner.py:61 DeprecationWarning: This process (pid=6055) is multi-threaded, use of fork() may lead to deadlocks in the child.
[2024-06-16T11:50:39.638+0000] {standard_task_runner.py:63} INFO - Started process 6075 to run task
[2024-06-16T11:50:39.638+0000] {standard_task_runner.py:90} INFO - Running: ['***', 'tasks', 'run', 'rat', 'transform', 'manual__2024-06-16T11:50:18.675355+00:00', '--job-id', '93', '--raw', '--subdir', 'DAGS_FOLDER/postgres.py', '--cfg-path', '/tmp/tmpyvhp2o1f']
[2024-06-16T11:50:39.644+0000] {standard_task_runner.py:91} INFO - Job 93: Subtask transform
[2024-06-16T11:50:39.909+0000] {task_command.py:426} INFO - Running <TaskInstance: rat.transform manual__2024-06-16T11:50:18.675355+00:00 [running]> on host f2978f02cf5d
[2024-06-16T11:50:40.289+0000] {taskinstance.py:2648} INFO - Exporting env vars: AIRFLOW_CTX_DAG_EMAIL='protectorateog@gmail.com' AIRFLOW_CTX_DAG_OWNER='protectorate' AIRFLOW_CTX_DAG_ID='rat' AIRFLOW_CTX_TASK_ID='transform' AIRFLOW_CTX_EXECUTION_DATE='2024-06-16T11:50:18.675355+00:00' AIRFLOW_CTX_TRY_NUMBER='1' AIRFLOW_CTX_DAG_RUN_ID='manual__2024-06-16T11:50:18.675355+00:00'
[2024-06-16T11:50:40.292+0000] {taskinstance.py:430} INFO - ::endgroup::
[2024-06-16T11:50:40.347+0000] {python.py:237} INFO - Done. Returned value was:   first_name  ... nationality
0    Susanne  ...          IE

[1 rows x 11 columns]
[2024-06-16T11:50:41.106+0000] {taskinstance.py:441} INFO - ::group::Post task execution logs
[2024-06-16T11:50:42.806+0000] {taskinstance.py:1206} INFO - Marking task as SUCCESS. dag_id=rat, task_id=transform, run_id=manual__2024-06-16T11:50:18.675355+00:00, execution_date=20240616T115018, start_date=20240616T115039, end_date=20240616T115042
[2024-06-16T11:50:42.900+0000] {local_task_job_runner.py:240} INFO - Task exited with return code 0
[2024-06-16T11:50:42.938+0000] {taskinstance.py:3498} INFO - 1 downstream tasks scheduled from follow-on schedule check
[2024-06-16T11:50:42.975+0000] {local_task_job_runner.py:222} INFO - ::endgroup::
