[2024-06-16T06:38:33.271+0000] {local_task_job_runner.py:120} INFO - ::group::Pre task execution logs
[2024-06-16T06:38:33.329+0000] {taskinstance.py:2076} INFO - Dependencies all met for dep_context=non-requeueable deps ti=<TaskInstance: rand_request.transform scheduled__2024-06-16T05:05:00+00:00 [queued]>
[2024-06-16T06:38:33.356+0000] {taskinstance.py:2076} INFO - Dependencies all met for dep_context=requeueable deps ti=<TaskInstance: rand_request.transform scheduled__2024-06-16T05:05:00+00:00 [queued]>
[2024-06-16T06:38:33.358+0000] {taskinstance.py:2306} INFO - Starting attempt 1 of 6
[2024-06-16T06:38:33.572+0000] {taskinstance.py:2330} INFO - Executing <Task(PythonOperator): transform> on 2024-06-16 05:05:00+00:00
[2024-06-16T06:38:33.661+0000] {logging_mixin.py:188} WARNING - /home/***/.local/lib/python3.12/site-packages/***/task/task_runner/standard_task_runner.py:61 DeprecationWarning: This process (pid=9277) is multi-threaded, use of fork() may lead to deadlocks in the child.
[2024-06-16T06:38:33.668+0000] {standard_task_runner.py:63} INFO - Started process 9299 to run task
[2024-06-16T06:38:33.663+0000] {standard_task_runner.py:90} INFO - Running: ['***', 'tasks', 'run', 'rand_request', 'transform', 'scheduled__2024-06-16T05:05:00+00:00', '--job-id', '101', '--raw', '--subdir', 'DAGS_FOLDER/rand.py', '--cfg-path', '/tmp/tmpvvf6x_bp']
[2024-06-16T06:38:33.679+0000] {standard_task_runner.py:91} INFO - Job 101: Subtask transform
[2024-06-16T06:38:34.201+0000] {task_command.py:426} INFO - Running <TaskInstance: rand_request.transform scheduled__2024-06-16T05:05:00+00:00 [running]> on host d4d3ae2e009b
[2024-06-16T06:38:35.442+0000] {taskinstance.py:2648} INFO - Exporting env vars: AIRFLOW_CTX_DAG_OWNER='protectorate' AIRFLOW_CTX_DAG_ID='rand_request' AIRFLOW_CTX_TASK_ID='transform' AIRFLOW_CTX_EXECUTION_DATE='2024-06-16T05:05:00+00:00' AIRFLOW_CTX_TRY_NUMBER='1' AIRFLOW_CTX_DAG_RUN_ID='scheduled__2024-06-16T05:05:00+00:00'
[2024-06-16T06:38:35.446+0000] {taskinstance.py:430} INFO - ::endgroup::
[2024-06-16T06:38:35.495+0000] {python.py:237} INFO - Done. Returned value was:   first_name  ... nationality
0    Eleanor  ...          GB

[1 rows x 15 columns]
[2024-06-16T06:38:35.524+0000] {taskinstance.py:441} INFO - ::group::Post task execution logs
[2024-06-16T06:38:36.344+0000] {taskinstance.py:1206} INFO - Marking task as SUCCESS. dag_id=rand_request, task_id=transform, run_id=scheduled__2024-06-16T05:05:00+00:00, execution_date=20240616T050500, start_date=20240616T063833, end_date=20240616T063836
[2024-06-16T06:38:36.797+0000] {local_task_job_runner.py:240} INFO - Task exited with return code 0
[2024-06-16T06:38:36.830+0000] {taskinstance.py:3498} INFO - 1 downstream tasks scheduled from follow-on schedule check
[2024-06-16T06:38:37.166+0000] {local_task_job_runner.py:222} INFO - ::endgroup::
