[2024-06-14T12:45:29.100+0000] {local_task_job_runner.py:120} INFO - ::group::Pre task execution logs
[2024-06-14T12:45:29.282+0000] {taskinstance.py:2076} INFO - Dependencies all met for dep_context=non-requeueable deps ti=<TaskInstance: first_python_operator.greet scheduled__2024-05-29T00:00:00+00:00 [queued]>
[2024-06-14T12:45:29.315+0000] {taskinstance.py:2076} INFO - Dependencies all met for dep_context=requeueable deps ti=<TaskInstance: first_python_operator.greet scheduled__2024-05-29T00:00:00+00:00 [queued]>
[2024-06-14T12:45:29.316+0000] {taskinstance.py:2306} INFO - Starting attempt 1 of 6
[2024-06-14T12:45:29.909+0000] {taskinstance.py:2330} INFO - Executing <Task(PythonOperator): greet> on 2024-05-29 00:00:00+00:00
[2024-06-14T12:45:29.930+0000] {logging_mixin.py:188} WARNING - /home/***/.local/lib/python3.12/site-packages/***/task/task_runner/standard_task_runner.py:61 DeprecationWarning: This process (pid=416) is multi-threaded, use of fork() may lead to deadlocks in the child.
[2024-06-14T12:45:29.924+0000] {standard_task_runner.py:90} INFO - Running: ['***', 'tasks', 'run', 'first_python_operator', 'greet', 'scheduled__2024-05-29T00:00:00+00:00', '--job-id', '11', '--raw', '--subdir', 'DAGS_FOLDER/pythonops.py', '--cfg-path', '/tmp/tmpenvzqsl7']
[2024-06-14T12:45:29.932+0000] {standard_task_runner.py:63} INFO - Started process 418 to run task
[2024-06-14T12:45:29.932+0000] {standard_task_runner.py:91} INFO - Job 11: Subtask greet
[2024-06-14T12:45:30.464+0000] {task_command.py:426} INFO - Running <TaskInstance: first_python_operator.greet scheduled__2024-05-29T00:00:00+00:00 [running]> on host 4ad055bac4bf
[2024-06-14T12:45:31.332+0000] {taskinstance.py:2648} INFO - Exporting env vars: AIRFLOW_CTX_DAG_OWNER='protectorate' AIRFLOW_CTX_DAG_ID='first_python_operator' AIRFLOW_CTX_TASK_ID='greet' AIRFLOW_CTX_EXECUTION_DATE='2024-05-29T00:00:00+00:00' AIRFLOW_CTX_TRY_NUMBER='1' AIRFLOW_CTX_DAG_RUN_ID='scheduled__2024-05-29T00:00:00+00:00'
[2024-06-14T12:45:31.337+0000] {taskinstance.py:430} INFO - ::endgroup::
[2024-06-14T12:45:31.451+0000] {logging_mixin.py:188} INFO - Hello Adewunmi!!!, welcome to *** with python operator
[2024-06-14T12:45:31.496+0000] {python.py:237} INFO - Done. Returned value was: None
[2024-06-14T12:45:31.518+0000] {taskinstance.py:441} INFO - ::group::Post task execution logs
[2024-06-14T12:45:31.724+0000] {taskinstance.py:1206} INFO - Marking task as SUCCESS. dag_id=first_python_operator, task_id=greet, run_id=scheduled__2024-05-29T00:00:00+00:00, execution_date=20240529T000000, start_date=20240614T124529, end_date=20240614T124531
[2024-06-14T12:45:32.936+0000] {local_task_job_runner.py:240} INFO - Task exited with return code 0
[2024-06-14T12:45:32.997+0000] {taskinstance.py:3498} INFO - 1 downstream tasks scheduled from follow-on schedule check
[2024-06-14T12:45:33.597+0000] {local_task_job_runner.py:222} INFO - ::endgroup::
[2024-06-15T10:12:14.124+0000] {local_task_job_runner.py:120} INFO - ::group::Pre task execution logs
[2024-06-15T10:12:14.335+0000] {taskinstance.py:2076} INFO - Dependencies all met for dep_context=non-requeueable deps ti=<TaskInstance: first_python_operator.greet scheduled__2024-05-29T00:00:00+00:00 [queued]>
[2024-06-15T10:12:14.356+0000] {taskinstance.py:2076} INFO - Dependencies all met for dep_context=requeueable deps ti=<TaskInstance: first_python_operator.greet scheduled__2024-05-29T00:00:00+00:00 [queued]>
[2024-06-15T10:12:14.357+0000] {taskinstance.py:2306} INFO - Starting attempt 1 of 6
[2024-06-15T10:12:14.714+0000] {taskinstance.py:2330} INFO - Executing <Task(PythonOperator): greet> on 2024-05-29 00:00:00+00:00
[2024-06-15T10:12:14.743+0000] {standard_task_runner.py:90} INFO - Running: ['***', 'tasks', 'run', 'first_python_operator', 'greet', 'scheduled__2024-05-29T00:00:00+00:00', '--job-id', '10', '--raw', '--subdir', 'DAGS_FOLDER/pythonops.py', '--cfg-path', '/tmp/tmpzuva9ixq']
[2024-06-15T10:12:14.752+0000] {standard_task_runner.py:91} INFO - Job 10: Subtask greet
[2024-06-15T10:12:14.750+0000] {logging_mixin.py:188} WARNING - /home/***/.local/lib/python3.12/site-packages/***/task/task_runner/standard_task_runner.py:61 DeprecationWarning: This process (pid=2658) is multi-threaded, use of fork() may lead to deadlocks in the child.
[2024-06-15T10:12:14.852+0000] {standard_task_runner.py:63} INFO - Started process 2663 to run task
[2024-06-15T10:12:15.287+0000] {task_command.py:426} INFO - Running <TaskInstance: first_python_operator.greet scheduled__2024-05-29T00:00:00+00:00 [running]> on host d4d3ae2e009b
[2024-06-15T10:12:15.779+0000] {taskinstance.py:2648} INFO - Exporting env vars: AIRFLOW_CTX_DAG_OWNER='protectorate' AIRFLOW_CTX_DAG_ID='first_python_operator' AIRFLOW_CTX_TASK_ID='greet' AIRFLOW_CTX_EXECUTION_DATE='2024-05-29T00:00:00+00:00' AIRFLOW_CTX_TRY_NUMBER='1' AIRFLOW_CTX_DAG_RUN_ID='scheduled__2024-05-29T00:00:00+00:00'
[2024-06-15T10:12:15.793+0000] {taskinstance.py:430} INFO - ::endgroup::
[2024-06-15T10:12:15.857+0000] {logging_mixin.py:188} INFO - Hello Adewunmi!!!, welcome to *** with python operator
[2024-06-15T10:12:15.859+0000] {python.py:237} INFO - Done. Returned value was: None
[2024-06-15T10:12:15.861+0000] {taskinstance.py:441} INFO - ::group::Post task execution logs
[2024-06-15T10:12:15.894+0000] {taskinstance.py:1206} INFO - Marking task as SUCCESS. dag_id=first_python_operator, task_id=greet, run_id=scheduled__2024-05-29T00:00:00+00:00, execution_date=20240529T000000, start_date=20240615T101214, end_date=20240615T101215
[2024-06-15T10:12:16.094+0000] {local_task_job_runner.py:240} INFO - Task exited with return code 0
[2024-06-15T10:12:16.137+0000] {taskinstance.py:3498} INFO - 1 downstream tasks scheduled from follow-on schedule check
[2024-06-15T10:12:16.725+0000] {local_task_job_runner.py:222} INFO - ::endgroup::
