[2024-06-14T12:45:33.427+0000] {local_task_job_runner.py:120} INFO - ::group::Pre task execution logs
[2024-06-14T12:45:33.869+0000] {taskinstance.py:2076} INFO - Dependencies all met for dep_context=non-requeueable deps ti=<TaskInstance: first_python_operator.greet_task2 scheduled__2024-05-28T00:00:00+00:00 [queued]>
[2024-06-14T12:45:33.902+0000] {taskinstance.py:2076} INFO - Dependencies all met for dep_context=requeueable deps ti=<TaskInstance: first_python_operator.greet_task2 scheduled__2024-05-28T00:00:00+00:00 [queued]>
[2024-06-14T12:45:33.903+0000] {taskinstance.py:2306} INFO - Starting attempt 1 of 6
[2024-06-14T12:45:34.812+0000] {taskinstance.py:2330} INFO - Executing <Task(PythonOperator): greet_task2> on 2024-05-28 00:00:00+00:00
[2024-06-14T12:45:34.854+0000] {logging_mixin.py:188} WARNING - /home/***/.local/lib/python3.12/site-packages/***/task/task_runner/standard_task_runner.py:61 DeprecationWarning: This process (pid=423) is multi-threaded, use of fork() may lead to deadlocks in the child.
[2024-06-14T12:45:34.868+0000] {standard_task_runner.py:63} INFO - Started process 428 to run task
[2024-06-14T12:45:34.863+0000] {standard_task_runner.py:90} INFO - Running: ['***', 'tasks', 'run', 'first_python_operator', 'greet_task2', 'scheduled__2024-05-28T00:00:00+00:00', '--job-id', '16', '--raw', '--subdir', 'DAGS_FOLDER/pythonops.py', '--cfg-path', '/tmp/tmpj2hei16z']
[2024-06-14T12:45:34.895+0000] {standard_task_runner.py:91} INFO - Job 16: Subtask greet_task2
[2024-06-14T12:45:35.741+0000] {task_command.py:426} INFO - Running <TaskInstance: first_python_operator.greet_task2 scheduled__2024-05-28T00:00:00+00:00 [running]> on host 4ad055bac4bf
[2024-06-14T12:45:37.287+0000] {taskinstance.py:2648} INFO - Exporting env vars: AIRFLOW_CTX_DAG_OWNER='protectorate' AIRFLOW_CTX_DAG_ID='first_python_operator' AIRFLOW_CTX_TASK_ID='greet_task2' AIRFLOW_CTX_EXECUTION_DATE='2024-05-28T00:00:00+00:00' AIRFLOW_CTX_TRY_NUMBER='1' AIRFLOW_CTX_DAG_RUN_ID='scheduled__2024-05-28T00:00:00+00:00'
[2024-06-14T12:45:37.288+0000] {taskinstance.py:430} INFO - ::endgroup::
[2024-06-14T12:45:37.339+0000] {logging_mixin.py:188} INFO - Hello Adewunmi!!!, welcome to *** with python operator task 2
[2024-06-14T12:45:37.345+0000] {python.py:237} INFO - Done. Returned value was: None
[2024-06-14T12:45:37.347+0000] {taskinstance.py:441} INFO - ::group::Post task execution logs
[2024-06-14T12:45:37.383+0000] {taskinstance.py:1206} INFO - Marking task as SUCCESS. dag_id=first_python_operator, task_id=greet_task2, run_id=scheduled__2024-05-28T00:00:00+00:00, execution_date=20240528T000000, start_date=20240614T124533, end_date=20240614T124537
[2024-06-14T12:45:38.044+0000] {local_task_job_runner.py:240} INFO - Task exited with return code 0
[2024-06-14T12:45:38.421+0000] {taskinstance.py:3498} INFO - 0 downstream tasks scheduled from follow-on schedule check
[2024-06-14T12:45:38.923+0000] {local_task_job_runner.py:222} INFO - ::endgroup::
[2024-06-15T10:12:20.451+0000] {local_task_job_runner.py:120} INFO - ::group::Pre task execution logs
[2024-06-15T10:12:20.719+0000] {taskinstance.py:2076} INFO - Dependencies all met for dep_context=non-requeueable deps ti=<TaskInstance: first_python_operator.greet_task2 scheduled__2024-05-28T00:00:00+00:00 [queued]>
[2024-06-15T10:12:20.864+0000] {taskinstance.py:2076} INFO - Dependencies all met for dep_context=requeueable deps ti=<TaskInstance: first_python_operator.greet_task2 scheduled__2024-05-28T00:00:00+00:00 [queued]>
[2024-06-15T10:12:20.951+0000] {taskinstance.py:2306} INFO - Starting attempt 1 of 6
[2024-06-15T10:12:21.404+0000] {taskinstance.py:2330} INFO - Executing <Task(PythonOperator): greet_task2> on 2024-05-28 00:00:00+00:00
[2024-06-15T10:12:21.434+0000] {logging_mixin.py:188} WARNING - /home/***/.local/lib/python3.12/site-packages/***/task/task_runner/standard_task_runner.py:61 DeprecationWarning: This process (pid=2668) is multi-threaded, use of fork() may lead to deadlocks in the child.
[2024-06-15T10:12:21.434+0000] {standard_task_runner.py:90} INFO - Running: ['***', 'tasks', 'run', 'first_python_operator', 'greet_task2', 'scheduled__2024-05-28T00:00:00+00:00', '--job-id', '14', '--raw', '--subdir', 'DAGS_FOLDER/pythonops.py', '--cfg-path', '/tmp/tmpydgzmbot']
[2024-06-15T10:12:21.440+0000] {standard_task_runner.py:63} INFO - Started process 2689 to run task
[2024-06-15T10:12:21.441+0000] {standard_task_runner.py:91} INFO - Job 14: Subtask greet_task2
[2024-06-15T10:12:21.985+0000] {task_command.py:426} INFO - Running <TaskInstance: first_python_operator.greet_task2 scheduled__2024-05-28T00:00:00+00:00 [running]> on host d4d3ae2e009b
[2024-06-15T10:12:22.987+0000] {taskinstance.py:2648} INFO - Exporting env vars: AIRFLOW_CTX_DAG_OWNER='protectorate' AIRFLOW_CTX_DAG_ID='first_python_operator' AIRFLOW_CTX_TASK_ID='greet_task2' AIRFLOW_CTX_EXECUTION_DATE='2024-05-28T00:00:00+00:00' AIRFLOW_CTX_TRY_NUMBER='1' AIRFLOW_CTX_DAG_RUN_ID='scheduled__2024-05-28T00:00:00+00:00'
[2024-06-15T10:12:22.991+0000] {taskinstance.py:430} INFO - ::endgroup::
[2024-06-15T10:12:23.152+0000] {logging_mixin.py:188} INFO - Hello Adewunmi!!!, welcome to *** with python operator task 2
[2024-06-15T10:12:23.154+0000] {python.py:237} INFO - Done. Returned value was: None
[2024-06-15T10:12:23.166+0000] {taskinstance.py:441} INFO - ::group::Post task execution logs
[2024-06-15T10:12:23.237+0000] {taskinstance.py:1206} INFO - Marking task as SUCCESS. dag_id=first_python_operator, task_id=greet_task2, run_id=scheduled__2024-05-28T00:00:00+00:00, execution_date=20240528T000000, start_date=20240615T101220, end_date=20240615T101223
[2024-06-15T10:12:23.633+0000] {local_task_job_runner.py:240} INFO - Task exited with return code 0
[2024-06-15T10:12:23.679+0000] {taskinstance.py:3498} INFO - 0 downstream tasks scheduled from follow-on schedule check
[2024-06-15T10:12:24.222+0000] {local_task_job_runner.py:222} INFO - ::endgroup::
