[2024-06-22T15:26:00.259+0000] {local_task_job_runner.py:120} INFO - ::group::Pre task execution logs
[2024-06-22T15:26:00.289+0000] {taskinstance.py:2076} INFO - Dependencies all met for dep_context=non-requeueable deps ti=<TaskInstance: postgres_to_s3.transform scheduled__2024-06-19T00:00:00+00:00 [queued]>
[2024-06-22T15:26:00.310+0000] {taskinstance.py:2076} INFO - Dependencies all met for dep_context=requeueable deps ti=<TaskInstance: postgres_to_s3.transform scheduled__2024-06-19T00:00:00+00:00 [queued]>
[2024-06-22T15:26:00.311+0000] {taskinstance.py:2306} INFO - Starting attempt 2 of 6
[2024-06-22T15:26:00.786+0000] {taskinstance.py:2330} INFO - Executing <Task(PythonOperator): transform> on 2024-06-19 00:00:00+00:00
[2024-06-22T15:26:00.837+0000] {logging_mixin.py:188} WARNING - /home/***/.local/lib/python3.12/site-packages/***/task/task_runner/standard_task_runner.py:61 DeprecationWarning: This process (pid=3884) is multi-threaded, use of fork() may lead to deadlocks in the child.
[2024-06-22T15:26:00.860+0000] {standard_task_runner.py:63} INFO - Started process 3898 to run task
[2024-06-22T15:26:00.841+0000] {standard_task_runner.py:90} INFO - Running: ['***', 'tasks', 'run', 'postgres_to_s3', 'transform', 'scheduled__2024-06-19T00:00:00+00:00', '--job-id', '18', '--raw', '--subdir', 'DAGS_FOLDER/postgres_s3.py', '--cfg-path', '/tmp/tmpe_t4xhoq']
[2024-06-22T15:26:00.863+0000] {standard_task_runner.py:91} INFO - Job 18: Subtask transform
[2024-06-22T15:26:01.241+0000] {task_command.py:426} INFO - Running <TaskInstance: postgres_to_s3.transform scheduled__2024-06-19T00:00:00+00:00 [running]> on host 6380d29236af
[2024-06-22T15:26:02.154+0000] {taskinstance.py:2648} INFO - Exporting env vars: AIRFLOW_CTX_DAG_EMAIL='protectorateog@gmail.com' AIRFLOW_CTX_DAG_OWNER='protectorate' AIRFLOW_CTX_DAG_ID='postgres_to_s3' AIRFLOW_CTX_TASK_ID='transform' AIRFLOW_CTX_EXECUTION_DATE='2024-06-19T00:00:00+00:00' AIRFLOW_CTX_TRY_NUMBER='2' AIRFLOW_CTX_DAG_RUN_ID='scheduled__2024-06-19T00:00:00+00:00'
[2024-06-22T15:26:02.161+0000] {taskinstance.py:430} INFO - ::endgroup::
[2024-06-22T15:26:02.230+0000] {python.py:237} INFO - Done. Returned value was:   first_name  ... nationality
0   Cornelio  ...          MX

[1 rows x 11 columns]
[2024-06-22T15:26:02.265+0000] {taskinstance.py:441} INFO - ::group::Post task execution logs
[2024-06-22T15:26:05.733+0000] {taskinstance.py:1206} INFO - Marking task as SUCCESS. dag_id=postgres_to_s3, task_id=transform, run_id=scheduled__2024-06-19T00:00:00+00:00, execution_date=20240619T000000, start_date=20240622T152600, end_date=20240622T152605
[2024-06-22T15:26:06.970+0000] {local_task_job_runner.py:240} INFO - Task exited with return code 0
[2024-06-22T15:26:07.012+0000] {taskinstance.py:3498} INFO - 1 downstream tasks scheduled from follow-on schedule check
[2024-06-22T15:26:08.116+0000] {local_task_job_runner.py:222} INFO - ::endgroup::
