[2024-06-16T06:38:09.987+0000] {local_task_job_runner.py:120} INFO - ::group::Pre task execution logs
[2024-06-16T06:38:10.009+0000] {taskinstance.py:2076} INFO - Dependencies all met for dep_context=non-requeueable deps ti=<TaskInstance: rand_request.transform scheduled__2024-06-15T21:05:00+00:00 [queued]>
[2024-06-16T06:38:10.024+0000] {taskinstance.py:2076} INFO - Dependencies all met for dep_context=requeueable deps ti=<TaskInstance: rand_request.transform scheduled__2024-06-15T21:05:00+00:00 [queued]>
[2024-06-16T06:38:10.025+0000] {taskinstance.py:2306} INFO - Starting attempt 1 of 6
[2024-06-16T06:38:10.672+0000] {taskinstance.py:2330} INFO - Executing <Task(PythonOperator): transform> on 2024-06-15 21:05:00+00:00
[2024-06-16T06:38:10.757+0000] {logging_mixin.py:188} WARNING - /home/***/.local/lib/python3.12/site-packages/***/task/task_runner/standard_task_runner.py:61 DeprecationWarning: This process (pid=9216) is multi-threaded, use of fork() may lead to deadlocks in the child.
[2024-06-16T06:38:10.758+0000] {standard_task_runner.py:63} INFO - Started process 9260 to run task
[2024-06-16T06:38:10.757+0000] {standard_task_runner.py:90} INFO - Running: ['***', 'tasks', 'run', 'rand_request', 'transform', 'scheduled__2024-06-15T21:05:00+00:00', '--job-id', '99', '--raw', '--subdir', 'DAGS_FOLDER/rand.py', '--cfg-path', '/tmp/tmpx23kyoqx']
[2024-06-16T06:38:10.760+0000] {standard_task_runner.py:91} INFO - Job 99: Subtask transform
[2024-06-16T06:38:11.682+0000] {task_command.py:426} INFO - Running <TaskInstance: rand_request.transform scheduled__2024-06-15T21:05:00+00:00 [running]> on host d4d3ae2e009b
[2024-06-16T06:38:12.256+0000] {taskinstance.py:2648} INFO - Exporting env vars: AIRFLOW_CTX_DAG_OWNER='protectorate' AIRFLOW_CTX_DAG_ID='rand_request' AIRFLOW_CTX_TASK_ID='transform' AIRFLOW_CTX_EXECUTION_DATE='2024-06-15T21:05:00+00:00' AIRFLOW_CTX_TRY_NUMBER='1' AIRFLOW_CTX_DAG_RUN_ID='scheduled__2024-06-15T21:05:00+00:00'
[2024-06-16T06:38:12.263+0000] {taskinstance.py:430} INFO - ::endgroup::
[2024-06-16T06:38:12.592+0000] {python.py:237} INFO - Done. Returned value was:   first_name  ... nationality
0    Mizamir  ...          UA

[1 rows x 15 columns]
[2024-06-16T06:38:16.185+0000] {taskinstance.py:441} INFO - ::group::Post task execution logs
[2024-06-16T06:38:19.021+0000] {taskinstance.py:1206} INFO - Marking task as SUCCESS. dag_id=rand_request, task_id=transform, run_id=scheduled__2024-06-15T21:05:00+00:00, execution_date=20240615T210500, start_date=20240616T063810, end_date=20240616T063819
[2024-06-16T06:38:19.888+0000] {local_task_job_runner.py:240} INFO - Task exited with return code 0
[2024-06-16T06:38:19.986+0000] {taskinstance.py:3498} INFO - 1 downstream tasks scheduled from follow-on schedule check
[2024-06-16T06:38:20.354+0000] {local_task_job_runner.py:222} INFO - ::endgroup::
