[2024-06-14T12:45:46.648+0000] {local_task_job_runner.py:120} INFO - ::group::Pre task execution logs
[2024-06-14T12:45:46.795+0000] {taskinstance.py:2076} INFO - Dependencies all met for dep_context=non-requeueable deps ti=<TaskInstance: first_python_operator.greet_task2 scheduled__2024-06-02T00:00:00+00:00 [queued]>
[2024-06-14T12:45:46.811+0000] {taskinstance.py:2076} INFO - Dependencies all met for dep_context=requeueable deps ti=<TaskInstance: first_python_operator.greet_task2 scheduled__2024-06-02T00:00:00+00:00 [queued]>
[2024-06-14T12:45:46.812+0000] {taskinstance.py:2306} INFO - Starting attempt 1 of 6
[2024-06-14T12:45:47.369+0000] {taskinstance.py:2330} INFO - Executing <Task(PythonOperator): greet_task2> on 2024-06-02 00:00:00+00:00
[2024-06-14T12:45:47.385+0000] {standard_task_runner.py:90} INFO - Running: ['***', 'tasks', 'run', 'first_python_operator', 'greet_task2', 'scheduled__2024-06-02T00:00:00+00:00', '--job-id', '25', '--raw', '--subdir', 'DAGS_FOLDER/pythonops.py', '--cfg-path', '/tmp/tmp_mjtimci']
[2024-06-14T12:45:47.389+0000] {logging_mixin.py:188} WARNING - /home/***/.local/lib/python3.12/site-packages/***/task/task_runner/standard_task_runner.py:61 DeprecationWarning: This process (pid=448) is multi-threaded, use of fork() may lead to deadlocks in the child.
[2024-06-14T12:45:47.389+0000] {standard_task_runner.py:91} INFO - Job 25: Subtask greet_task2
[2024-06-14T12:45:47.390+0000] {standard_task_runner.py:63} INFO - Started process 451 to run task
[2024-06-14T12:45:47.779+0000] {task_command.py:426} INFO - Running <TaskInstance: first_python_operator.greet_task2 scheduled__2024-06-02T00:00:00+00:00 [running]> on host 4ad055bac4bf
[2024-06-14T12:45:48.571+0000] {taskinstance.py:2648} INFO - Exporting env vars: AIRFLOW_CTX_DAG_OWNER='protectorate' AIRFLOW_CTX_DAG_ID='first_python_operator' AIRFLOW_CTX_TASK_ID='greet_task2' AIRFLOW_CTX_EXECUTION_DATE='2024-06-02T00:00:00+00:00' AIRFLOW_CTX_TRY_NUMBER='1' AIRFLOW_CTX_DAG_RUN_ID='scheduled__2024-06-02T00:00:00+00:00'
[2024-06-14T12:45:48.573+0000] {taskinstance.py:430} INFO - ::endgroup::
[2024-06-14T12:45:48.594+0000] {logging_mixin.py:188} INFO - Hello Adewunmi!!!, welcome to *** with python operator task 2
[2024-06-14T12:45:48.595+0000] {python.py:237} INFO - Done. Returned value was: None
[2024-06-14T12:45:48.596+0000] {taskinstance.py:441} INFO - ::group::Post task execution logs
[2024-06-14T12:45:48.610+0000] {taskinstance.py:1206} INFO - Marking task as SUCCESS. dag_id=first_python_operator, task_id=greet_task2, run_id=scheduled__2024-06-02T00:00:00+00:00, execution_date=20240602T000000, start_date=20240614T124546, end_date=20240614T124548
[2024-06-14T12:45:48.880+0000] {local_task_job_runner.py:240} INFO - Task exited with return code 0
[2024-06-14T12:45:48.925+0000] {taskinstance.py:3498} INFO - 0 downstream tasks scheduled from follow-on schedule check
[2024-06-14T12:45:49.262+0000] {local_task_job_runner.py:222} INFO - ::endgroup::
[2024-06-15T10:12:40.146+0000] {local_task_job_runner.py:120} INFO - ::group::Pre task execution logs
[2024-06-15T10:12:40.204+0000] {taskinstance.py:2076} INFO - Dependencies all met for dep_context=non-requeueable deps ti=<TaskInstance: first_python_operator.greet_task2 scheduled__2024-06-02T00:00:00+00:00 [queued]>
[2024-06-15T10:12:40.218+0000] {taskinstance.py:2076} INFO - Dependencies all met for dep_context=requeueable deps ti=<TaskInstance: first_python_operator.greet_task2 scheduled__2024-06-02T00:00:00+00:00 [queued]>
[2024-06-15T10:12:40.219+0000] {taskinstance.py:2306} INFO - Starting attempt 1 of 6
[2024-06-15T10:12:40.282+0000] {taskinstance.py:2330} INFO - Executing <Task(PythonOperator): greet_task2> on 2024-06-02 00:00:00+00:00
[2024-06-15T10:12:40.293+0000] {standard_task_runner.py:90} INFO - Running: ['***', 'tasks', 'run', 'first_python_operator', 'greet_task2', 'scheduled__2024-06-02T00:00:00+00:00', '--job-id', '30', '--raw', '--subdir', 'DAGS_FOLDER/pythonops.py', '--cfg-path', '/tmp/tmp7ia1je5f']
[2024-06-15T10:12:40.298+0000] {standard_task_runner.py:91} INFO - Job 30: Subtask greet_task2
[2024-06-15T10:12:40.300+0000] {logging_mixin.py:188} WARNING - /home/***/.local/lib/python3.12/site-packages/***/task/task_runner/standard_task_runner.py:61 DeprecationWarning: This process (pid=2722) is multi-threaded, use of fork() may lead to deadlocks in the child.
[2024-06-15T10:12:40.302+0000] {standard_task_runner.py:63} INFO - Started process 2724 to run task
[2024-06-15T10:12:40.435+0000] {task_command.py:426} INFO - Running <TaskInstance: first_python_operator.greet_task2 scheduled__2024-06-02T00:00:00+00:00 [running]> on host d4d3ae2e009b
[2024-06-15T10:12:40.654+0000] {taskinstance.py:2648} INFO - Exporting env vars: AIRFLOW_CTX_DAG_OWNER='protectorate' AIRFLOW_CTX_DAG_ID='first_python_operator' AIRFLOW_CTX_TASK_ID='greet_task2' AIRFLOW_CTX_EXECUTION_DATE='2024-06-02T00:00:00+00:00' AIRFLOW_CTX_TRY_NUMBER='1' AIRFLOW_CTX_DAG_RUN_ID='scheduled__2024-06-02T00:00:00+00:00'
[2024-06-15T10:12:40.656+0000] {taskinstance.py:430} INFO - ::endgroup::
[2024-06-15T10:12:40.678+0000] {logging_mixin.py:188} INFO - Hello Adewunmi!!!, welcome to *** with python operator task 2
[2024-06-15T10:12:40.679+0000] {python.py:237} INFO - Done. Returned value was: None
[2024-06-15T10:12:40.680+0000] {taskinstance.py:441} INFO - ::group::Post task execution logs
[2024-06-15T10:12:40.693+0000] {taskinstance.py:1206} INFO - Marking task as SUCCESS. dag_id=first_python_operator, task_id=greet_task2, run_id=scheduled__2024-06-02T00:00:00+00:00, execution_date=20240602T000000, start_date=20240615T101240, end_date=20240615T101240
[2024-06-15T10:12:40.760+0000] {local_task_job_runner.py:240} INFO - Task exited with return code 0
[2024-06-15T10:12:40.792+0000] {taskinstance.py:3498} INFO - 0 downstream tasks scheduled from follow-on schedule check
[2024-06-15T10:12:40.940+0000] {local_task_job_runner.py:222} INFO - ::endgroup::
