[2024-06-14T12:45:58.778+0000] {local_task_job_runner.py:120} INFO - ::group::Pre task execution logs
[2024-06-14T12:45:58.935+0000] {taskinstance.py:2076} INFO - Dependencies all met for dep_context=non-requeueable deps ti=<TaskInstance: first_python_operator.greet scheduled__2024-06-08T00:00:00+00:00 [queued]>
[2024-06-14T12:45:58.962+0000] {taskinstance.py:2076} INFO - Dependencies all met for dep_context=requeueable deps ti=<TaskInstance: first_python_operator.greet scheduled__2024-06-08T00:00:00+00:00 [queued]>
[2024-06-14T12:45:58.963+0000] {taskinstance.py:2306} INFO - Starting attempt 1 of 6
[2024-06-14T12:45:59.378+0000] {taskinstance.py:2330} INFO - Executing <Task(PythonOperator): greet> on 2024-06-08 00:00:00+00:00
[2024-06-14T12:45:59.390+0000] {standard_task_runner.py:90} INFO - Running: ['***', 'tasks', 'run', 'first_python_operator', 'greet', 'scheduled__2024-06-08T00:00:00+00:00', '--job-id', '33', '--raw', '--subdir', 'DAGS_FOLDER/pythonops.py', '--cfg-path', '/tmp/tmpgzftxnok']
[2024-06-14T12:45:59.394+0000] {standard_task_runner.py:91} INFO - Job 33: Subtask greet
[2024-06-14T12:45:59.400+0000] {logging_mixin.py:188} WARNING - /home/***/.local/lib/python3.12/site-packages/***/task/task_runner/standard_task_runner.py:61 DeprecationWarning: This process (pid=481) is multi-threaded, use of fork() may lead to deadlocks in the child.
[2024-06-14T12:45:59.401+0000] {standard_task_runner.py:63} INFO - Started process 485 to run task
[2024-06-14T12:46:00.130+0000] {task_command.py:426} INFO - Running <TaskInstance: first_python_operator.greet scheduled__2024-06-08T00:00:00+00:00 [running]> on host 4ad055bac4bf
[2024-06-14T12:46:00.786+0000] {taskinstance.py:2648} INFO - Exporting env vars: AIRFLOW_CTX_DAG_OWNER='protectorate' AIRFLOW_CTX_DAG_ID='first_python_operator' AIRFLOW_CTX_TASK_ID='greet' AIRFLOW_CTX_EXECUTION_DATE='2024-06-08T00:00:00+00:00' AIRFLOW_CTX_TRY_NUMBER='1' AIRFLOW_CTX_DAG_RUN_ID='scheduled__2024-06-08T00:00:00+00:00'
[2024-06-14T12:46:00.791+0000] {taskinstance.py:430} INFO - ::endgroup::
[2024-06-14T12:46:00.904+0000] {logging_mixin.py:188} INFO - Hello Adewunmi!!!, welcome to *** with python operator
[2024-06-14T12:46:00.912+0000] {python.py:237} INFO - Done. Returned value was: None
[2024-06-14T12:46:00.915+0000] {taskinstance.py:441} INFO - ::group::Post task execution logs
[2024-06-14T12:46:00.953+0000] {taskinstance.py:1206} INFO - Marking task as SUCCESS. dag_id=first_python_operator, task_id=greet, run_id=scheduled__2024-06-08T00:00:00+00:00, execution_date=20240608T000000, start_date=20240614T124558, end_date=20240614T124600
[2024-06-14T12:46:01.192+0000] {local_task_job_runner.py:240} INFO - Task exited with return code 0
[2024-06-14T12:46:01.224+0000] {taskinstance.py:3498} INFO - 1 downstream tasks scheduled from follow-on schedule check
[2024-06-14T12:46:01.628+0000] {local_task_job_runner.py:222} INFO - ::endgroup::
[2024-06-15T10:12:48.084+0000] {local_task_job_runner.py:120} INFO - ::group::Pre task execution logs
[2024-06-15T10:12:48.271+0000] {taskinstance.py:2076} INFO - Dependencies all met for dep_context=non-requeueable deps ti=<TaskInstance: first_python_operator.greet scheduled__2024-06-08T00:00:00+00:00 [queued]>
[2024-06-15T10:12:48.348+0000] {taskinstance.py:2076} INFO - Dependencies all met for dep_context=requeueable deps ti=<TaskInstance: first_python_operator.greet scheduled__2024-06-08T00:00:00+00:00 [queued]>
[2024-06-15T10:12:48.359+0000] {taskinstance.py:2306} INFO - Starting attempt 1 of 6
[2024-06-15T10:12:48.782+0000] {taskinstance.py:2330} INFO - Executing <Task(PythonOperator): greet> on 2024-06-08 00:00:00+00:00
[2024-06-15T10:12:48.806+0000] {standard_task_runner.py:90} INFO - Running: ['***', 'tasks', 'run', 'first_python_operator', 'greet', 'scheduled__2024-06-08T00:00:00+00:00', '--job-id', '32', '--raw', '--subdir', 'DAGS_FOLDER/pythonops.py', '--cfg-path', '/tmp/tmp592i4_of']
[2024-06-15T10:12:48.810+0000] {standard_task_runner.py:91} INFO - Job 32: Subtask greet
[2024-06-15T10:12:48.851+0000] {logging_mixin.py:188} WARNING - /home/***/.local/lib/python3.12/site-packages/***/task/task_runner/standard_task_runner.py:61 DeprecationWarning: This process (pid=2726) is multi-threaded, use of fork() may lead to deadlocks in the child.
[2024-06-15T10:12:48.881+0000] {standard_task_runner.py:63} INFO - Started process 2737 to run task
[2024-06-15T10:12:49.129+0000] {task_command.py:426} INFO - Running <TaskInstance: first_python_operator.greet scheduled__2024-06-08T00:00:00+00:00 [running]> on host d4d3ae2e009b
[2024-06-15T10:12:49.647+0000] {taskinstance.py:2648} INFO - Exporting env vars: AIRFLOW_CTX_DAG_OWNER='protectorate' AIRFLOW_CTX_DAG_ID='first_python_operator' AIRFLOW_CTX_TASK_ID='greet' AIRFLOW_CTX_EXECUTION_DATE='2024-06-08T00:00:00+00:00' AIRFLOW_CTX_TRY_NUMBER='1' AIRFLOW_CTX_DAG_RUN_ID='scheduled__2024-06-08T00:00:00+00:00'
[2024-06-15T10:12:49.649+0000] {taskinstance.py:430} INFO - ::endgroup::
[2024-06-15T10:12:49.701+0000] {logging_mixin.py:188} INFO - Hello Adewunmi!!!, welcome to *** with python operator
[2024-06-15T10:12:49.702+0000] {python.py:237} INFO - Done. Returned value was: None
[2024-06-15T10:12:49.703+0000] {taskinstance.py:441} INFO - ::group::Post task execution logs
[2024-06-15T10:12:49.719+0000] {taskinstance.py:1206} INFO - Marking task as SUCCESS. dag_id=first_python_operator, task_id=greet, run_id=scheduled__2024-06-08T00:00:00+00:00, execution_date=20240608T000000, start_date=20240615T101248, end_date=20240615T101249
[2024-06-15T10:12:49.837+0000] {local_task_job_runner.py:240} INFO - Task exited with return code 0
[2024-06-15T10:12:49.888+0000] {taskinstance.py:3498} INFO - 1 downstream tasks scheduled from follow-on schedule check
[2024-06-15T10:12:50.065+0000] {local_task_job_runner.py:222} INFO - ::endgroup::
