[2024-06-14T12:45:33.664+0000] {local_task_job_runner.py:120} INFO - ::group::Pre task execution logs
[2024-06-14T12:45:33.856+0000] {taskinstance.py:2076} INFO - Dependencies all met for dep_context=non-requeueable deps ti=<TaskInstance: first_python_operator.greet scheduled__2024-05-31T00:00:00+00:00 [queued]>
[2024-06-14T12:45:33.886+0000] {taskinstance.py:2076} INFO - Dependencies all met for dep_context=requeueable deps ti=<TaskInstance: first_python_operator.greet scheduled__2024-05-31T00:00:00+00:00 [queued]>
[2024-06-14T12:45:33.894+0000] {taskinstance.py:2306} INFO - Starting attempt 1 of 6
[2024-06-14T12:45:34.810+0000] {taskinstance.py:2330} INFO - Executing <Task(PythonOperator): greet> on 2024-05-31 00:00:00+00:00
[2024-06-14T12:45:34.862+0000] {logging_mixin.py:188} WARNING - /home/***/.local/lib/python3.12/site-packages/***/task/task_runner/standard_task_runner.py:61 DeprecationWarning: This process (pid=422) is multi-threaded, use of fork() may lead to deadlocks in the child.
[2024-06-14T12:45:34.865+0000] {standard_task_runner.py:90} INFO - Running: ['***', 'tasks', 'run', 'first_python_operator', 'greet', 'scheduled__2024-05-31T00:00:00+00:00', '--job-id', '14', '--raw', '--subdir', 'DAGS_FOLDER/pythonops.py', '--cfg-path', '/tmp/tmptv5sd9wz']
[2024-06-14T12:45:34.888+0000] {standard_task_runner.py:91} INFO - Job 14: Subtask greet
[2024-06-14T12:45:34.887+0000] {standard_task_runner.py:63} INFO - Started process 430 to run task
[2024-06-14T12:45:35.760+0000] {task_command.py:426} INFO - Running <TaskInstance: first_python_operator.greet scheduled__2024-05-31T00:00:00+00:00 [running]> on host 4ad055bac4bf
[2024-06-14T12:45:37.260+0000] {taskinstance.py:2648} INFO - Exporting env vars: AIRFLOW_CTX_DAG_OWNER='protectorate' AIRFLOW_CTX_DAG_ID='first_python_operator' AIRFLOW_CTX_TASK_ID='greet' AIRFLOW_CTX_EXECUTION_DATE='2024-05-31T00:00:00+00:00' AIRFLOW_CTX_TRY_NUMBER='1' AIRFLOW_CTX_DAG_RUN_ID='scheduled__2024-05-31T00:00:00+00:00'
[2024-06-14T12:45:37.263+0000] {taskinstance.py:430} INFO - ::endgroup::
[2024-06-14T12:45:37.322+0000] {logging_mixin.py:188} INFO - Hello Adewunmi!!!, welcome to *** with python operator
[2024-06-14T12:45:37.324+0000] {python.py:237} INFO - Done. Returned value was: None
[2024-06-14T12:45:37.325+0000] {taskinstance.py:441} INFO - ::group::Post task execution logs
[2024-06-14T12:45:37.360+0000] {taskinstance.py:1206} INFO - Marking task as SUCCESS. dag_id=first_python_operator, task_id=greet, run_id=scheduled__2024-05-31T00:00:00+00:00, execution_date=20240531T000000, start_date=20240614T124533, end_date=20240614T124537
[2024-06-14T12:45:38.045+0000] {local_task_job_runner.py:240} INFO - Task exited with return code 0
[2024-06-14T12:45:38.402+0000] {taskinstance.py:3498} INFO - 1 downstream tasks scheduled from follow-on schedule check
[2024-06-14T12:45:38.927+0000] {local_task_job_runner.py:222} INFO - ::endgroup::
[2024-06-15T10:12:16.054+0000] {local_task_job_runner.py:120} INFO - ::group::Pre task execution logs
[2024-06-15T10:12:16.199+0000] {taskinstance.py:2076} INFO - Dependencies all met for dep_context=non-requeueable deps ti=<TaskInstance: first_python_operator.greet scheduled__2024-05-31T00:00:00+00:00 [queued]>
[2024-06-15T10:12:16.225+0000] {taskinstance.py:2076} INFO - Dependencies all met for dep_context=requeueable deps ti=<TaskInstance: first_python_operator.greet scheduled__2024-05-31T00:00:00+00:00 [queued]>
[2024-06-15T10:12:16.226+0000] {taskinstance.py:2306} INFO - Starting attempt 1 of 6
[2024-06-15T10:12:16.727+0000] {taskinstance.py:2330} INFO - Executing <Task(PythonOperator): greet> on 2024-05-31 00:00:00+00:00
[2024-06-15T10:12:16.745+0000] {standard_task_runner.py:90} INFO - Running: ['***', 'tasks', 'run', 'first_python_operator', 'greet', 'scheduled__2024-05-31T00:00:00+00:00', '--job-id', '12', '--raw', '--subdir', 'DAGS_FOLDER/pythonops.py', '--cfg-path', '/tmp/tmpq6w7xgcs']
[2024-06-15T10:12:16.752+0000] {standard_task_runner.py:91} INFO - Job 12: Subtask greet
[2024-06-15T10:12:16.753+0000] {logging_mixin.py:188} WARNING - /home/***/.local/lib/python3.12/site-packages/***/task/task_runner/standard_task_runner.py:61 DeprecationWarning: This process (pid=2664) is multi-threaded, use of fork() may lead to deadlocks in the child.
[2024-06-15T10:12:16.777+0000] {standard_task_runner.py:63} INFO - Started process 2669 to run task
[2024-06-15T10:12:17.760+0000] {task_command.py:426} INFO - Running <TaskInstance: first_python_operator.greet scheduled__2024-05-31T00:00:00+00:00 [running]> on host d4d3ae2e009b
[2024-06-15T10:12:19.821+0000] {taskinstance.py:2648} INFO - Exporting env vars: AIRFLOW_CTX_DAG_OWNER='protectorate' AIRFLOW_CTX_DAG_ID='first_python_operator' AIRFLOW_CTX_TASK_ID='greet' AIRFLOW_CTX_EXECUTION_DATE='2024-05-31T00:00:00+00:00' AIRFLOW_CTX_TRY_NUMBER='1' AIRFLOW_CTX_DAG_RUN_ID='scheduled__2024-05-31T00:00:00+00:00'
[2024-06-15T10:12:19.854+0000] {taskinstance.py:430} INFO - ::endgroup::
[2024-06-15T10:12:19.917+0000] {logging_mixin.py:188} INFO - Hello Adewunmi!!!, welcome to *** with python operator
[2024-06-15T10:12:19.921+0000] {python.py:237} INFO - Done. Returned value was: None
[2024-06-15T10:12:19.925+0000] {taskinstance.py:441} INFO - ::group::Post task execution logs
[2024-06-15T10:12:19.970+0000] {taskinstance.py:1206} INFO - Marking task as SUCCESS. dag_id=first_python_operator, task_id=greet, run_id=scheduled__2024-05-31T00:00:00+00:00, execution_date=20240531T000000, start_date=20240615T101216, end_date=20240615T101219
[2024-06-15T10:12:20.304+0000] {local_task_job_runner.py:240} INFO - Task exited with return code 0
[2024-06-15T10:12:20.401+0000] {taskinstance.py:3498} INFO - 1 downstream tasks scheduled from follow-on schedule check
[2024-06-15T10:12:20.983+0000] {local_task_job_runner.py:222} INFO - ::endgroup::
