[2024-06-14T12:45:47.425+0000] {local_task_job_runner.py:120} INFO - ::group::Pre task execution logs
[2024-06-14T12:45:47.490+0000] {taskinstance.py:2076} INFO - Dependencies all met for dep_context=non-requeueable deps ti=<TaskInstance: first_python_operator.greet_task2 scheduled__2024-06-03T00:00:00+00:00 [queued]>
[2024-06-14T12:45:47.513+0000] {taskinstance.py:2076} INFO - Dependencies all met for dep_context=requeueable deps ti=<TaskInstance: first_python_operator.greet_task2 scheduled__2024-06-03T00:00:00+00:00 [queued]>
[2024-06-14T12:45:47.513+0000] {taskinstance.py:2306} INFO - Starting attempt 1 of 6
[2024-06-14T12:45:47.910+0000] {taskinstance.py:2330} INFO - Executing <Task(PythonOperator): greet_task2> on 2024-06-03 00:00:00+00:00
[2024-06-14T12:45:47.921+0000] {standard_task_runner.py:90} INFO - Running: ['***', 'tasks', 'run', 'first_python_operator', 'greet_task2', 'scheduled__2024-06-03T00:00:00+00:00', '--job-id', '26', '--raw', '--subdir', 'DAGS_FOLDER/pythonops.py', '--cfg-path', '/tmp/tmpi2gb8v70']
[2024-06-14T12:45:47.924+0000] {standard_task_runner.py:91} INFO - Job 26: Subtask greet_task2
[2024-06-14T12:45:47.926+0000] {logging_mixin.py:188} WARNING - /home/***/.local/lib/python3.12/site-packages/***/task/task_runner/standard_task_runner.py:61 DeprecationWarning: This process (pid=450) is multi-threaded, use of fork() may lead to deadlocks in the child.
[2024-06-14T12:45:47.927+0000] {standard_task_runner.py:63} INFO - Started process 452 to run task
[2024-06-14T12:45:48.407+0000] {task_command.py:426} INFO - Running <TaskInstance: first_python_operator.greet_task2 scheduled__2024-06-03T00:00:00+00:00 [running]> on host 4ad055bac4bf
[2024-06-14T12:45:49.051+0000] {taskinstance.py:2648} INFO - Exporting env vars: AIRFLOW_CTX_DAG_OWNER='protectorate' AIRFLOW_CTX_DAG_ID='first_python_operator' AIRFLOW_CTX_TASK_ID='greet_task2' AIRFLOW_CTX_EXECUTION_DATE='2024-06-03T00:00:00+00:00' AIRFLOW_CTX_TRY_NUMBER='1' AIRFLOW_CTX_DAG_RUN_ID='scheduled__2024-06-03T00:00:00+00:00'
[2024-06-14T12:45:49.053+0000] {taskinstance.py:430} INFO - ::endgroup::
[2024-06-14T12:45:49.071+0000] {logging_mixin.py:188} INFO - Hello Adewunmi!!!, welcome to *** with python operator task 2
[2024-06-14T12:45:49.072+0000] {python.py:237} INFO - Done. Returned value was: None
[2024-06-14T12:45:49.073+0000] {taskinstance.py:441} INFO - ::group::Post task execution logs
[2024-06-14T12:45:49.087+0000] {taskinstance.py:1206} INFO - Marking task as SUCCESS. dag_id=first_python_operator, task_id=greet_task2, run_id=scheduled__2024-06-03T00:00:00+00:00, execution_date=20240603T000000, start_date=20240614T124547, end_date=20240614T124549
[2024-06-14T12:45:49.397+0000] {local_task_job_runner.py:240} INFO - Task exited with return code 0
[2024-06-14T12:45:49.426+0000] {taskinstance.py:3498} INFO - 0 downstream tasks scheduled from follow-on schedule check
[2024-06-14T12:45:49.559+0000] {local_task_job_runner.py:222} INFO - ::endgroup::
[2024-06-15T10:12:36.108+0000] {local_task_job_runner.py:120} INFO - ::group::Pre task execution logs
[2024-06-15T10:12:36.305+0000] {taskinstance.py:2076} INFO - Dependencies all met for dep_context=non-requeueable deps ti=<TaskInstance: first_python_operator.greet_task2 scheduled__2024-06-03T00:00:00+00:00 [queued]>
[2024-06-15T10:12:36.324+0000] {taskinstance.py:2076} INFO - Dependencies all met for dep_context=requeueable deps ti=<TaskInstance: first_python_operator.greet_task2 scheduled__2024-06-03T00:00:00+00:00 [queued]>
[2024-06-15T10:12:36.325+0000] {taskinstance.py:2306} INFO - Starting attempt 1 of 6
[2024-06-15T10:12:36.514+0000] {taskinstance.py:2330} INFO - Executing <Task(PythonOperator): greet_task2> on 2024-06-03 00:00:00+00:00
[2024-06-15T10:12:36.532+0000] {standard_task_runner.py:90} INFO - Running: ['***', 'tasks', 'run', 'first_python_operator', 'greet_task2', 'scheduled__2024-06-03T00:00:00+00:00', '--job-id', '26', '--raw', '--subdir', 'DAGS_FOLDER/pythonops.py', '--cfg-path', '/tmp/tmpeqwzrxx7']
[2024-06-15T10:12:36.537+0000] {standard_task_runner.py:91} INFO - Job 26: Subtask greet_task2
[2024-06-15T10:12:36.540+0000] {logging_mixin.py:188} WARNING - /home/***/.local/lib/python3.12/site-packages/***/task/task_runner/standard_task_runner.py:61 DeprecationWarning: This process (pid=2707) is multi-threaded, use of fork() may lead to deadlocks in the child.
[2024-06-15T10:12:36.542+0000] {standard_task_runner.py:63} INFO - Started process 2712 to run task
[2024-06-15T10:12:36.993+0000] {task_command.py:426} INFO - Running <TaskInstance: first_python_operator.greet_task2 scheduled__2024-06-03T00:00:00+00:00 [running]> on host d4d3ae2e009b
[2024-06-15T10:12:37.862+0000] {taskinstance.py:2648} INFO - Exporting env vars: AIRFLOW_CTX_DAG_OWNER='protectorate' AIRFLOW_CTX_DAG_ID='first_python_operator' AIRFLOW_CTX_TASK_ID='greet_task2' AIRFLOW_CTX_EXECUTION_DATE='2024-06-03T00:00:00+00:00' AIRFLOW_CTX_TRY_NUMBER='1' AIRFLOW_CTX_DAG_RUN_ID='scheduled__2024-06-03T00:00:00+00:00'
[2024-06-15T10:12:37.864+0000] {taskinstance.py:430} INFO - ::endgroup::
[2024-06-15T10:12:37.898+0000] {logging_mixin.py:188} INFO - Hello Adewunmi!!!, welcome to *** with python operator task 2
[2024-06-15T10:12:37.899+0000] {python.py:237} INFO - Done. Returned value was: None
[2024-06-15T10:12:37.900+0000] {taskinstance.py:441} INFO - ::group::Post task execution logs
[2024-06-15T10:12:37.917+0000] {taskinstance.py:1206} INFO - Marking task as SUCCESS. dag_id=first_python_operator, task_id=greet_task2, run_id=scheduled__2024-06-03T00:00:00+00:00, execution_date=20240603T000000, start_date=20240615T101236, end_date=20240615T101237
[2024-06-15T10:12:38.068+0000] {local_task_job_runner.py:240} INFO - Task exited with return code 0
[2024-06-15T10:12:38.096+0000] {local_task_job_runner.py:222} INFO - ::endgroup::
