[2024-06-19T05:15:33.712+0000] {local_task_job_runner.py:120} INFO - ::group::Pre task execution logs
[2024-06-19T05:15:33.757+0000] {taskinstance.py:2076} INFO - Dependencies all met for dep_context=non-requeueable deps ti=<TaskInstance: postgres_to_s3.fetch_user scheduled__2024-06-17T00:00:00+00:00 [queued]>
[2024-06-19T05:15:33.778+0000] {taskinstance.py:2076} INFO - Dependencies all met for dep_context=requeueable deps ti=<TaskInstance: postgres_to_s3.fetch_user scheduled__2024-06-17T00:00:00+00:00 [queued]>
[2024-06-19T05:15:33.779+0000] {taskinstance.py:2306} INFO - Starting attempt 1 of 6
[2024-06-19T05:15:34.088+0000] {taskinstance.py:2330} INFO - Executing <Task(PythonOperator): fetch_user> on 2024-06-17 00:00:00+00:00
[2024-06-19T05:15:34.113+0000] {standard_task_runner.py:90} INFO - Running: ['***', 'tasks', 'run', 'postgres_to_s3', 'fetch_user', 'scheduled__2024-06-17T00:00:00+00:00', '--job-id', '102', '--raw', '--subdir', 'DAGS_FOLDER/postgres_s3.py', '--cfg-path', '/tmp/tmpkfrch_55']
[2024-06-19T05:15:34.118+0000] {logging_mixin.py:188} WARNING - /home/***/.local/lib/python3.12/site-packages/***/task/task_runner/standard_task_runner.py:61 DeprecationWarning: This process (pid=181) is multi-threaded, use of fork() may lead to deadlocks in the child.
[2024-06-19T05:15:34.119+0000] {standard_task_runner.py:63} INFO - Started process 206 to run task
[2024-06-19T05:15:34.119+0000] {standard_task_runner.py:91} INFO - Job 102: Subtask fetch_user
[2024-06-19T05:15:34.366+0000] {task_command.py:426} INFO - Running <TaskInstance: postgres_to_s3.fetch_user scheduled__2024-06-17T00:00:00+00:00 [running]> on host dc64bc371a82
[2024-06-19T05:15:34.837+0000] {taskinstance.py:2648} INFO - Exporting env vars: AIRFLOW_CTX_DAG_EMAIL='protectorateog@gmail.com' AIRFLOW_CTX_DAG_OWNER='protectorate' AIRFLOW_CTX_DAG_ID='postgres_to_s3' AIRFLOW_CTX_TASK_ID='fetch_user' AIRFLOW_CTX_EXECUTION_DATE='2024-06-17T00:00:00+00:00' AIRFLOW_CTX_TRY_NUMBER='1' AIRFLOW_CTX_DAG_RUN_ID='scheduled__2024-06-17T00:00:00+00:00'
[2024-06-19T05:15:34.840+0000] {taskinstance.py:430} INFO - ::endgroup::
[2024-06-19T05:15:37.348+0000] {python.py:237} INFO - Done. Returned value was: {'gender': 'female', 'name': {'title': 'Miss', 'first': 'Afet', 'last': 'Adan'}, 'location': {'street': {'number': 6316, 'name': 'Bağdat Cd'}, 'city': 'İzmir', 'state': 'Elazığ', 'country': 'Turkey', 'postcode': 30918, 'coordinates': {'latitude': '70.3792', 'longitude': '113.7129'}, 'timezone': {'offset': '-1:00', 'description': 'Azores, Cape Verde Islands'}}, 'email': 'afet.adan@example.com', 'login': {'uuid': '0016ad64-344a-4515-bf17-b2b8d2b5b5b6', 'username': 'heavypanda262', 'password': '***', 'salt': 'pqOwfwQ8', 'md5': 'bb5b522014f570cae6248d7f5027870b', 'sha1': '2a6e26eb52bc8789d251a2a838798259843c2ffc', 'sha256': '77db82ceb59d412fbfbb24745037077b77b7ef5d9070b04cda5e86ac4a40a63f'}, 'dob': {'date': '1986-02-13T21:23:02.163Z', 'age': 38}, 'registered': {'date': '2013-04-05T04:16:58.161Z', 'age': 11}, 'phone': '(173)-737-4310', 'cell': '(009)-342-3747', 'id': {'name': '', 'value': None}, 'picture': {'large': 'https://randomuser.me/api/portraits/women/83.jpg', 'medium': 'https://randomuser.me/api/portraits/med/women/83.jpg', 'thumbnail': 'https://randomuser.me/api/portraits/thumb/women/83.jpg'}, 'nat': 'TR'}
[2024-06-19T05:15:37.350+0000] {taskinstance.py:441} INFO - ::group::Post task execution logs
[2024-06-19T05:15:37.999+0000] {taskinstance.py:1206} INFO - Marking task as SUCCESS. dag_id=postgres_to_s3, task_id=fetch_user, run_id=scheduled__2024-06-17T00:00:00+00:00, execution_date=20240617T000000, start_date=20240619T051533, end_date=20240619T051537
[2024-06-19T05:15:38.252+0000] {local_task_job_runner.py:240} INFO - Task exited with return code 0
[2024-06-19T05:15:38.288+0000] {taskinstance.py:3498} INFO - 1 downstream tasks scheduled from follow-on schedule check
[2024-06-19T05:15:38.726+0000] {local_task_job_runner.py:222} INFO - ::endgroup::
[2024-06-22T15:21:53.743+0000] {local_task_job_runner.py:120} INFO - ::group::Pre task execution logs
[2024-06-22T15:21:53.902+0000] {taskinstance.py:2076} INFO - Dependencies all met for dep_context=non-requeueable deps ti=<TaskInstance: postgres_to_s3.fetch_user scheduled__2024-06-17T00:00:00+00:00 [queued]>
[2024-06-22T15:21:53.951+0000] {taskinstance.py:2076} INFO - Dependencies all met for dep_context=requeueable deps ti=<TaskInstance: postgres_to_s3.fetch_user scheduled__2024-06-17T00:00:00+00:00 [queued]>
[2024-06-22T15:21:53.952+0000] {taskinstance.py:2306} INFO - Starting attempt 1 of 6
[2024-06-22T15:21:54.454+0000] {taskinstance.py:2330} INFO - Executing <Task(PythonOperator): fetch_user> on 2024-06-17 00:00:00+00:00
[2024-06-22T15:21:54.465+0000] {standard_task_runner.py:90} INFO - Running: ['***', 'tasks', 'run', 'postgres_to_s3', 'fetch_user', 'scheduled__2024-06-17T00:00:00+00:00', '--job-id', '12', '--raw', '--subdir', 'DAGS_FOLDER/postgres_s3.py', '--cfg-path', '/tmp/tmp2vze5bhq']
[2024-06-22T15:21:54.468+0000] {standard_task_runner.py:91} INFO - Job 12: Subtask fetch_user
[2024-06-22T15:21:54.475+0000] {logging_mixin.py:188} WARNING - /home/***/.local/lib/python3.12/site-packages/***/task/task_runner/standard_task_runner.py:61 DeprecationWarning: This process (pid=3751) is multi-threaded, use of fork() may lead to deadlocks in the child.
[2024-06-22T15:21:54.478+0000] {standard_task_runner.py:63} INFO - Started process 3761 to run task
[2024-06-22T15:21:55.222+0000] {task_command.py:426} INFO - Running <TaskInstance: postgres_to_s3.fetch_user scheduled__2024-06-17T00:00:00+00:00 [running]> on host 6380d29236af
[2024-06-22T15:22:01.804+0000] {taskinstance.py:2648} INFO - Exporting env vars: AIRFLOW_CTX_DAG_EMAIL='protectorateog@gmail.com' AIRFLOW_CTX_DAG_OWNER='protectorate' AIRFLOW_CTX_DAG_ID='postgres_to_s3' AIRFLOW_CTX_TASK_ID='fetch_user' AIRFLOW_CTX_EXECUTION_DATE='2024-06-17T00:00:00+00:00' AIRFLOW_CTX_TRY_NUMBER='1' AIRFLOW_CTX_DAG_RUN_ID='scheduled__2024-06-17T00:00:00+00:00'
[2024-06-22T15:22:01.807+0000] {taskinstance.py:430} INFO - ::endgroup::
[2024-06-22T15:22:16.458+0000] {python.py:237} INFO - Done. Returned value was: {'gender': 'male', 'name': {'title': 'Mr', 'first': 'Gabriel', 'last': 'Lucas'}, 'location': {'street': {'number': 8014, 'name': 'First Street'}, 'city': 'Port Macquarie', 'state': 'New South Wales', 'country': 'Australia', 'postcode': 8907, 'coordinates': {'latitude': '-89.4982', 'longitude': '-104.5116'}, 'timezone': {'offset': '+5:00', 'description': 'Ekaterinburg, Islamabad, Karachi, Tashkent'}}, 'email': 'gabriel.lucas@example.com', 'login': {'uuid': '58bc4a2d-4059-4b19-8323-0cb61f4ef2df', 'username': 'bluedog100', 'password': '***', 'salt': 'sdxKUhLr', 'md5': '25bb8d0afe11ae087ff6f707d0b71280', 'sha1': 'bdc07ebc9c150f6a45eeb849b3fe1e3a33e59538', 'sha256': '93e688e45d50fae70bccfb3578c7d5fd10522fae6baba2ed25d35d5aa2f34e48'}, 'dob': {'date': '1987-08-30T13:27:51.803Z', 'age': 36}, 'registered': {'date': '2017-05-01T02:03:22.361Z', 'age': 7}, 'phone': '00-9399-1894', 'cell': '0450-877-288', 'id': {'name': 'TFN', 'value': '817584274'}, 'picture': {'large': 'https://randomuser.me/api/portraits/men/41.jpg', 'medium': 'https://randomuser.me/api/portraits/med/men/41.jpg', 'thumbnail': 'https://randomuser.me/api/portraits/thumb/men/41.jpg'}, 'nat': 'AU'}
[2024-06-22T15:22:16.460+0000] {taskinstance.py:441} INFO - ::group::Post task execution logs
[2024-06-22T15:22:17.040+0000] {taskinstance.py:1206} INFO - Marking task as SUCCESS. dag_id=postgres_to_s3, task_id=fetch_user, run_id=scheduled__2024-06-17T00:00:00+00:00, execution_date=20240617T000000, start_date=20240622T152153, end_date=20240622T152217
[2024-06-22T15:22:17.726+0000] {local_task_job_runner.py:240} INFO - Task exited with return code 0
[2024-06-22T15:22:17.861+0000] {taskinstance.py:3498} INFO - 1 downstream tasks scheduled from follow-on schedule check
[2024-06-22T15:22:18.704+0000] {local_task_job_runner.py:222} INFO - ::endgroup::
