[2024-06-14T12:46:02.283+0000] {local_task_job_runner.py:120} INFO - ::group::Pre task execution logs
[2024-06-14T12:46:02.461+0000] {taskinstance.py:2076} INFO - Dependencies all met for dep_context=non-requeueable deps ti=<TaskInstance: first_python_operator.greet scheduled__2024-06-10T00:00:00+00:00 [queued]>
[2024-06-14T12:46:02.544+0000] {taskinstance.py:2076} INFO - Dependencies all met for dep_context=requeueable deps ti=<TaskInstance: first_python_operator.greet scheduled__2024-06-10T00:00:00+00:00 [queued]>
[2024-06-14T12:46:02.545+0000] {taskinstance.py:2306} INFO - Starting attempt 1 of 6
[2024-06-14T12:46:05.612+0000] {taskinstance.py:2330} INFO - Executing <Task(PythonOperator): greet> on 2024-06-10 00:00:00+00:00
[2024-06-14T12:46:05.684+0000] {standard_task_runner.py:90} INFO - Running: ['***', 'tasks', 'run', 'first_python_operator', 'greet', 'scheduled__2024-06-10T00:00:00+00:00', '--job-id', '36', '--raw', '--subdir', 'DAGS_FOLDER/pythonops.py', '--cfg-path', '/tmp/tmp57w3_0f1']
[2024-06-14T12:46:05.734+0000] {standard_task_runner.py:91} INFO - Job 36: Subtask greet
[2024-06-14T12:46:05.702+0000] {logging_mixin.py:188} WARNING - /home/***/.local/lib/python3.12/site-packages/***/task/task_runner/standard_task_runner.py:61 DeprecationWarning: This process (pid=489) is multi-threaded, use of fork() may lead to deadlocks in the child.
[2024-06-14T12:46:05.774+0000] {standard_task_runner.py:63} INFO - Started process 492 to run task
[2024-06-14T12:46:06.274+0000] {task_command.py:426} INFO - Running <TaskInstance: first_python_operator.greet scheduled__2024-06-10T00:00:00+00:00 [running]> on host 4ad055bac4bf
[2024-06-14T12:46:07.171+0000] {taskinstance.py:2648} INFO - Exporting env vars: AIRFLOW_CTX_DAG_OWNER='protectorate' AIRFLOW_CTX_DAG_ID='first_python_operator' AIRFLOW_CTX_TASK_ID='greet' AIRFLOW_CTX_EXECUTION_DATE='2024-06-10T00:00:00+00:00' AIRFLOW_CTX_TRY_NUMBER='1' AIRFLOW_CTX_DAG_RUN_ID='scheduled__2024-06-10T00:00:00+00:00'
[2024-06-14T12:46:07.176+0000] {taskinstance.py:430} INFO - ::endgroup::
[2024-06-14T12:46:07.255+0000] {logging_mixin.py:188} INFO - Hello Adewunmi!!!, welcome to *** with python operator
[2024-06-14T12:46:07.267+0000] {python.py:237} INFO - Done. Returned value was: None
[2024-06-14T12:46:07.270+0000] {taskinstance.py:441} INFO - ::group::Post task execution logs
[2024-06-14T12:46:07.309+0000] {taskinstance.py:1206} INFO - Marking task as SUCCESS. dag_id=first_python_operator, task_id=greet, run_id=scheduled__2024-06-10T00:00:00+00:00, execution_date=20240610T000000, start_date=20240614T124602, end_date=20240614T124607
[2024-06-14T12:46:07.685+0000] {local_task_job_runner.py:240} INFO - Task exited with return code 0
[2024-06-14T12:46:07.731+0000] {taskinstance.py:3498} INFO - 1 downstream tasks scheduled from follow-on schedule check
[2024-06-14T12:46:07.856+0000] {local_task_job_runner.py:222} INFO - ::endgroup::
[2024-06-15T10:12:49.198+0000] {local_task_job_runner.py:120} INFO - ::group::Pre task execution logs
[2024-06-15T10:12:49.310+0000] {taskinstance.py:2076} INFO - Dependencies all met for dep_context=non-requeueable deps ti=<TaskInstance: first_python_operator.greet scheduled__2024-06-10T00:00:00+00:00 [queued]>
[2024-06-15T10:12:49.341+0000] {taskinstance.py:2076} INFO - Dependencies all met for dep_context=requeueable deps ti=<TaskInstance: first_python_operator.greet scheduled__2024-06-10T00:00:00+00:00 [queued]>
[2024-06-15T10:12:49.342+0000] {taskinstance.py:2306} INFO - Starting attempt 1 of 6
[2024-06-15T10:12:49.573+0000] {taskinstance.py:2330} INFO - Executing <Task(PythonOperator): greet> on 2024-06-10 00:00:00+00:00
[2024-06-15T10:12:49.583+0000] {logging_mixin.py:188} WARNING - /home/***/.local/lib/python3.12/site-packages/***/task/task_runner/standard_task_runner.py:61 DeprecationWarning: This process (pid=2730) is multi-threaded, use of fork() may lead to deadlocks in the child.
[2024-06-15T10:12:49.585+0000] {standard_task_runner.py:63} INFO - Started process 2738 to run task
[2024-06-15T10:12:49.583+0000] {standard_task_runner.py:90} INFO - Running: ['***', 'tasks', 'run', 'first_python_operator', 'greet', 'scheduled__2024-06-10T00:00:00+00:00', '--job-id', '33', '--raw', '--subdir', 'DAGS_FOLDER/pythonops.py', '--cfg-path', '/tmp/tmpt49n4n_d']
[2024-06-15T10:12:49.586+0000] {standard_task_runner.py:91} INFO - Job 33: Subtask greet
[2024-06-15T10:12:49.796+0000] {task_command.py:426} INFO - Running <TaskInstance: first_python_operator.greet scheduled__2024-06-10T00:00:00+00:00 [running]> on host d4d3ae2e009b
[2024-06-15T10:12:50.231+0000] {taskinstance.py:2648} INFO - Exporting env vars: AIRFLOW_CTX_DAG_OWNER='protectorate' AIRFLOW_CTX_DAG_ID='first_python_operator' AIRFLOW_CTX_TASK_ID='greet' AIRFLOW_CTX_EXECUTION_DATE='2024-06-10T00:00:00+00:00' AIRFLOW_CTX_TRY_NUMBER='1' AIRFLOW_CTX_DAG_RUN_ID='scheduled__2024-06-10T00:00:00+00:00'
[2024-06-15T10:12:50.238+0000] {taskinstance.py:430} INFO - ::endgroup::
[2024-06-15T10:12:50.272+0000] {logging_mixin.py:188} INFO - Hello Adewunmi!!!, welcome to *** with python operator
[2024-06-15T10:12:50.273+0000] {python.py:237} INFO - Done. Returned value was: None
[2024-06-15T10:12:50.274+0000] {taskinstance.py:441} INFO - ::group::Post task execution logs
[2024-06-15T10:12:50.291+0000] {taskinstance.py:1206} INFO - Marking task as SUCCESS. dag_id=first_python_operator, task_id=greet, run_id=scheduled__2024-06-10T00:00:00+00:00, execution_date=20240610T000000, start_date=20240615T101249, end_date=20240615T101250
[2024-06-15T10:12:50.416+0000] {local_task_job_runner.py:240} INFO - Task exited with return code 0
[2024-06-15T10:12:50.452+0000] {taskinstance.py:3498} INFO - 1 downstream tasks scheduled from follow-on schedule check
[2024-06-15T10:12:50.499+0000] {local_task_job_runner.py:222} INFO - ::endgroup::
