[2024-06-14T12:45:35.528+0000] {local_task_job_runner.py:120} INFO - ::group::Pre task execution logs
[2024-06-14T12:45:35.866+0000] {taskinstance.py:2076} INFO - Dependencies all met for dep_context=non-requeueable deps ti=<TaskInstance: first_python_operator.greet scheduled__2024-06-01T00:00:00+00:00 [queued]>
[2024-06-14T12:45:35.890+0000] {taskinstance.py:2076} INFO - Dependencies all met for dep_context=requeueable deps ti=<TaskInstance: first_python_operator.greet scheduled__2024-06-01T00:00:00+00:00 [queued]>
[2024-06-14T12:45:35.891+0000] {taskinstance.py:2306} INFO - Starting attempt 1 of 6
[2024-06-14T12:45:36.785+0000] {taskinstance.py:2330} INFO - Executing <Task(PythonOperator): greet> on 2024-06-01 00:00:00+00:00
[2024-06-14T12:45:36.832+0000] {logging_mixin.py:188} WARNING - /home/***/.local/lib/python3.12/site-packages/***/task/task_runner/standard_task_runner.py:61 DeprecationWarning: This process (pid=425) is multi-threaded, use of fork() may lead to deadlocks in the child.
[2024-06-14T12:45:36.848+0000] {standard_task_runner.py:63} INFO - Started process 431 to run task
[2024-06-14T12:45:36.842+0000] {standard_task_runner.py:90} INFO - Running: ['***', 'tasks', 'run', 'first_python_operator', 'greet', 'scheduled__2024-06-01T00:00:00+00:00', '--job-id', '18', '--raw', '--subdir', 'DAGS_FOLDER/pythonops.py', '--cfg-path', '/tmp/tmpy7m1hk0l']
[2024-06-14T12:45:36.878+0000] {standard_task_runner.py:91} INFO - Job 18: Subtask greet
[2024-06-14T12:45:37.499+0000] {task_command.py:426} INFO - Running <TaskInstance: first_python_operator.greet scheduled__2024-06-01T00:00:00+00:00 [running]> on host 4ad055bac4bf
[2024-06-14T12:45:39.107+0000] {taskinstance.py:2648} INFO - Exporting env vars: AIRFLOW_CTX_DAG_OWNER='protectorate' AIRFLOW_CTX_DAG_ID='first_python_operator' AIRFLOW_CTX_TASK_ID='greet' AIRFLOW_CTX_EXECUTION_DATE='2024-06-01T00:00:00+00:00' AIRFLOW_CTX_TRY_NUMBER='1' AIRFLOW_CTX_DAG_RUN_ID='scheduled__2024-06-01T00:00:00+00:00'
[2024-06-14T12:45:39.109+0000] {taskinstance.py:430} INFO - ::endgroup::
[2024-06-14T12:45:39.142+0000] {logging_mixin.py:188} INFO - Hello Adewunmi!!!, welcome to *** with python operator
[2024-06-14T12:45:39.142+0000] {python.py:237} INFO - Done. Returned value was: None
[2024-06-14T12:45:39.143+0000] {taskinstance.py:441} INFO - ::group::Post task execution logs
[2024-06-14T12:45:39.155+0000] {taskinstance.py:1206} INFO - Marking task as SUCCESS. dag_id=first_python_operator, task_id=greet, run_id=scheduled__2024-06-01T00:00:00+00:00, execution_date=20240601T000000, start_date=20240614T124535, end_date=20240614T124539
[2024-06-14T12:45:39.814+0000] {local_task_job_runner.py:240} INFO - Task exited with return code 0
[2024-06-14T12:45:39.848+0000] {taskinstance.py:3498} INFO - 1 downstream tasks scheduled from follow-on schedule check
[2024-06-14T12:45:40.364+0000] {local_task_job_runner.py:222} INFO - ::endgroup::
[2024-06-15T10:12:21.184+0000] {local_task_job_runner.py:120} INFO - ::group::Pre task execution logs
[2024-06-15T10:12:21.325+0000] {taskinstance.py:2076} INFO - Dependencies all met for dep_context=non-requeueable deps ti=<TaskInstance: first_python_operator.greet scheduled__2024-06-01T00:00:00+00:00 [queued]>
[2024-06-15T10:12:21.344+0000] {taskinstance.py:2076} INFO - Dependencies all met for dep_context=requeueable deps ti=<TaskInstance: first_python_operator.greet scheduled__2024-06-01T00:00:00+00:00 [queued]>
[2024-06-15T10:12:21.345+0000] {taskinstance.py:2306} INFO - Starting attempt 1 of 6
[2024-06-15T10:12:21.622+0000] {taskinstance.py:2330} INFO - Executing <Task(PythonOperator): greet> on 2024-06-01 00:00:00+00:00
[2024-06-15T10:12:21.651+0000] {standard_task_runner.py:90} INFO - Running: ['***', 'tasks', 'run', 'first_python_operator', 'greet', 'scheduled__2024-06-01T00:00:00+00:00', '--job-id', '15', '--raw', '--subdir', 'DAGS_FOLDER/pythonops.py', '--cfg-path', '/tmp/tmpds7_lv93']
[2024-06-15T10:12:21.655+0000] {standard_task_runner.py:91} INFO - Job 15: Subtask greet
[2024-06-15T10:12:21.672+0000] {logging_mixin.py:188} WARNING - /home/***/.local/lib/python3.12/site-packages/***/task/task_runner/standard_task_runner.py:61 DeprecationWarning: This process (pid=2666) is multi-threaded, use of fork() may lead to deadlocks in the child.
[2024-06-15T10:12:21.733+0000] {standard_task_runner.py:63} INFO - Started process 2690 to run task
[2024-06-15T10:12:22.280+0000] {task_command.py:426} INFO - Running <TaskInstance: first_python_operator.greet scheduled__2024-06-01T00:00:00+00:00 [running]> on host d4d3ae2e009b
[2024-06-15T10:12:23.551+0000] {taskinstance.py:2648} INFO - Exporting env vars: AIRFLOW_CTX_DAG_OWNER='protectorate' AIRFLOW_CTX_DAG_ID='first_python_operator' AIRFLOW_CTX_TASK_ID='greet' AIRFLOW_CTX_EXECUTION_DATE='2024-06-01T00:00:00+00:00' AIRFLOW_CTX_TRY_NUMBER='1' AIRFLOW_CTX_DAG_RUN_ID='scheduled__2024-06-01T00:00:00+00:00'
[2024-06-15T10:12:23.554+0000] {taskinstance.py:430} INFO - ::endgroup::
[2024-06-15T10:12:23.627+0000] {logging_mixin.py:188} INFO - Hello Adewunmi!!!, welcome to *** with python operator
[2024-06-15T10:12:23.628+0000] {python.py:237} INFO - Done. Returned value was: None
[2024-06-15T10:12:23.630+0000] {taskinstance.py:441} INFO - ::group::Post task execution logs
[2024-06-15T10:12:23.665+0000] {taskinstance.py:1206} INFO - Marking task as SUCCESS. dag_id=first_python_operator, task_id=greet, run_id=scheduled__2024-06-01T00:00:00+00:00, execution_date=20240601T000000, start_date=20240615T101221, end_date=20240615T101223
[2024-06-15T10:12:24.277+0000] {local_task_job_runner.py:240} INFO - Task exited with return code 0
[2024-06-15T10:12:24.320+0000] {local_task_job_runner.py:222} INFO - ::endgroup::
