[2024-06-17T08:40:11.771+0000] {local_task_job_runner.py:120} INFO - ::group::Pre task execution logs
[2024-06-17T08:40:11.805+0000] {taskinstance.py:2076} INFO - Dependencies all met for dep_context=non-requeueable deps ti=<TaskInstance: postgres.transform manual__2024-06-17T08:39:58.083681+00:00 [queued]>
[2024-06-17T08:40:11.827+0000] {taskinstance.py:2076} INFO - Dependencies all met for dep_context=requeueable deps ti=<TaskInstance: postgres.transform manual__2024-06-17T08:39:58.083681+00:00 [queued]>
[2024-06-17T08:40:11.829+0000] {taskinstance.py:2306} INFO - Starting attempt 1 of 6
[2024-06-17T08:40:11.981+0000] {taskinstance.py:2330} INFO - Executing <Task(PythonOperator): transform> on 2024-06-17 08:39:58.083681+00:00
[2024-06-17T08:40:12.003+0000] {logging_mixin.py:188} WARNING - /home/***/.local/lib/python3.12/site-packages/***/task/task_runner/standard_task_runner.py:61 DeprecationWarning: This process (pid=3680) is multi-threaded, use of fork() may lead to deadlocks in the child.
[2024-06-17T08:40:12.004+0000] {standard_task_runner.py:63} INFO - Started process 3687 to run task
[2024-06-17T08:40:12.003+0000] {standard_task_runner.py:90} INFO - Running: ['***', 'tasks', 'run', 'postgres', 'transform', 'manual__2024-06-17T08:39:58.083681+00:00', '--job-id', '68', '--raw', '--subdir', 'DAGS_FOLDER/postgres.py', '--cfg-path', '/tmp/tmpgkhm7ib8']
[2024-06-17T08:40:12.006+0000] {standard_task_runner.py:91} INFO - Job 68: Subtask transform
[2024-06-17T08:40:12.173+0000] {task_command.py:426} INFO - Running <TaskInstance: postgres.transform manual__2024-06-17T08:39:58.083681+00:00 [running]> on host dc64bc371a82
[2024-06-17T08:40:12.688+0000] {taskinstance.py:2648} INFO - Exporting env vars: AIRFLOW_CTX_DAG_EMAIL='protectorateog@gmail.com' AIRFLOW_CTX_DAG_OWNER='protectorate' AIRFLOW_CTX_DAG_ID='postgres' AIRFLOW_CTX_TASK_ID='transform' AIRFLOW_CTX_EXECUTION_DATE='2024-06-17T08:39:58.083681+00:00' AIRFLOW_CTX_TRY_NUMBER='1' AIRFLOW_CTX_DAG_RUN_ID='manual__2024-06-17T08:39:58.083681+00:00'
[2024-06-17T08:40:12.690+0000] {taskinstance.py:430} INFO - ::endgroup::
[2024-06-17T08:40:12.727+0000] {python.py:237} INFO - Done. Returned value was:   first_name  ... nationality
0       Sita  ...          IN

[1 rows x 11 columns]
[2024-06-17T08:40:12.753+0000] {taskinstance.py:441} INFO - ::group::Post task execution logs
[2024-06-17T08:40:12.998+0000] {taskinstance.py:1206} INFO - Marking task as SUCCESS. dag_id=postgres, task_id=transform, run_id=manual__2024-06-17T08:39:58.083681+00:00, execution_date=20240617T083958, start_date=20240617T084011, end_date=20240617T084012
[2024-06-17T08:40:13.078+0000] {local_task_job_runner.py:240} INFO - Task exited with return code 0
[2024-06-17T08:40:13.108+0000] {taskinstance.py:3498} INFO - 1 downstream tasks scheduled from follow-on schedule check
[2024-06-17T08:40:13.248+0000] {local_task_job_runner.py:222} INFO - ::endgroup::
