[2024-06-14T12:45:29.959+0000] {local_task_job_runner.py:120} INFO - ::group::Pre task execution logs
[2024-06-14T12:45:30.004+0000] {taskinstance.py:2076} INFO - Dependencies all met for dep_context=non-requeueable deps ti=<TaskInstance: first_python_operator.greet scheduled__2024-05-30T00:00:00+00:00 [queued]>
[2024-06-14T12:45:30.015+0000] {taskinstance.py:2076} INFO - Dependencies all met for dep_context=requeueable deps ti=<TaskInstance: first_python_operator.greet scheduled__2024-05-30T00:00:00+00:00 [queued]>
[2024-06-14T12:45:30.016+0000] {taskinstance.py:2306} INFO - Starting attempt 1 of 6
[2024-06-14T12:45:30.383+0000] {taskinstance.py:2330} INFO - Executing <Task(PythonOperator): greet> on 2024-05-30 00:00:00+00:00
[2024-06-14T12:45:30.404+0000] {standard_task_runner.py:90} INFO - Running: ['***', 'tasks', 'run', 'first_python_operator', 'greet', 'scheduled__2024-05-30T00:00:00+00:00', '--job-id', '12', '--raw', '--subdir', 'DAGS_FOLDER/pythonops.py', '--cfg-path', '/tmp/tmpxqgw7le4']
[2024-06-14T12:45:30.408+0000] {standard_task_runner.py:91} INFO - Job 12: Subtask greet
[2024-06-14T12:45:30.410+0000] {logging_mixin.py:188} WARNING - /home/***/.local/lib/python3.12/site-packages/***/task/task_runner/standard_task_runner.py:61 DeprecationWarning: This process (pid=417) is multi-threaded, use of fork() may lead to deadlocks in the child.
[2024-06-14T12:45:30.411+0000] {standard_task_runner.py:63} INFO - Started process 419 to run task
[2024-06-14T12:45:30.937+0000] {task_command.py:426} INFO - Running <TaskInstance: first_python_operator.greet scheduled__2024-05-30T00:00:00+00:00 [running]> on host 4ad055bac4bf
[2024-06-14T12:45:32.413+0000] {taskinstance.py:2648} INFO - Exporting env vars: AIRFLOW_CTX_DAG_OWNER='protectorate' AIRFLOW_CTX_DAG_ID='first_python_operator' AIRFLOW_CTX_TASK_ID='greet' AIRFLOW_CTX_EXECUTION_DATE='2024-05-30T00:00:00+00:00' AIRFLOW_CTX_TRY_NUMBER='1' AIRFLOW_CTX_DAG_RUN_ID='scheduled__2024-05-30T00:00:00+00:00'
[2024-06-14T12:45:32.454+0000] {taskinstance.py:430} INFO - ::endgroup::
[2024-06-14T12:45:32.557+0000] {logging_mixin.py:188} INFO - Hello Adewunmi!!!, welcome to *** with python operator
[2024-06-14T12:45:32.576+0000] {python.py:237} INFO - Done. Returned value was: None
[2024-06-14T12:45:32.592+0000] {taskinstance.py:441} INFO - ::group::Post task execution logs
[2024-06-14T12:45:32.685+0000] {taskinstance.py:1206} INFO - Marking task as SUCCESS. dag_id=first_python_operator, task_id=greet, run_id=scheduled__2024-05-30T00:00:00+00:00, execution_date=20240530T000000, start_date=20240614T124530, end_date=20240614T124532
[2024-06-14T12:45:33.377+0000] {local_task_job_runner.py:240} INFO - Task exited with return code 0
[2024-06-14T12:45:33.431+0000] {taskinstance.py:3498} INFO - 1 downstream tasks scheduled from follow-on schedule check
[2024-06-14T12:45:34.416+0000] {local_task_job_runner.py:222} INFO - ::endgroup::
[2024-06-15T10:12:14.873+0000] {local_task_job_runner.py:120} INFO - ::group::Pre task execution logs
[2024-06-15T10:12:15.026+0000] {taskinstance.py:2076} INFO - Dependencies all met for dep_context=non-requeueable deps ti=<TaskInstance: first_python_operator.greet scheduled__2024-05-30T00:00:00+00:00 [queued]>
[2024-06-15T10:12:15.062+0000] {taskinstance.py:2076} INFO - Dependencies all met for dep_context=requeueable deps ti=<TaskInstance: first_python_operator.greet scheduled__2024-05-30T00:00:00+00:00 [queued]>
[2024-06-15T10:12:15.063+0000] {taskinstance.py:2306} INFO - Starting attempt 1 of 6
[2024-06-15T10:12:15.363+0000] {taskinstance.py:2330} INFO - Executing <Task(PythonOperator): greet> on 2024-05-30 00:00:00+00:00
[2024-06-15T10:12:15.380+0000] {standard_task_runner.py:90} INFO - Running: ['***', 'tasks', 'run', 'first_python_operator', 'greet', 'scheduled__2024-05-30T00:00:00+00:00', '--job-id', '11', '--raw', '--subdir', 'DAGS_FOLDER/pythonops.py', '--cfg-path', '/tmp/tmpakmeso0v']
[2024-06-15T10:12:15.385+0000] {standard_task_runner.py:91} INFO - Job 11: Subtask greet
[2024-06-15T10:12:15.389+0000] {logging_mixin.py:188} WARNING - /home/***/.local/lib/python3.12/site-packages/***/task/task_runner/standard_task_runner.py:61 DeprecationWarning: This process (pid=2661) is multi-threaded, use of fork() may lead to deadlocks in the child.
[2024-06-15T10:12:15.392+0000] {standard_task_runner.py:63} INFO - Started process 2665 to run task
[2024-06-15T10:12:15.705+0000] {task_command.py:426} INFO - Running <TaskInstance: first_python_operator.greet scheduled__2024-05-30T00:00:00+00:00 [running]> on host d4d3ae2e009b
[2024-06-15T10:12:16.308+0000] {taskinstance.py:2648} INFO - Exporting env vars: AIRFLOW_CTX_DAG_OWNER='protectorate' AIRFLOW_CTX_DAG_ID='first_python_operator' AIRFLOW_CTX_TASK_ID='greet' AIRFLOW_CTX_EXECUTION_DATE='2024-05-30T00:00:00+00:00' AIRFLOW_CTX_TRY_NUMBER='1' AIRFLOW_CTX_DAG_RUN_ID='scheduled__2024-05-30T00:00:00+00:00'
[2024-06-15T10:12:16.310+0000] {taskinstance.py:430} INFO - ::endgroup::
[2024-06-15T10:12:16.349+0000] {logging_mixin.py:188} INFO - Hello Adewunmi!!!, welcome to *** with python operator
[2024-06-15T10:12:16.351+0000] {python.py:237} INFO - Done. Returned value was: None
[2024-06-15T10:12:16.353+0000] {taskinstance.py:441} INFO - ::group::Post task execution logs
[2024-06-15T10:12:16.417+0000] {taskinstance.py:1206} INFO - Marking task as SUCCESS. dag_id=first_python_operator, task_id=greet, run_id=scheduled__2024-05-30T00:00:00+00:00, execution_date=20240530T000000, start_date=20240615T101215, end_date=20240615T101216
[2024-06-15T10:12:16.982+0000] {local_task_job_runner.py:240} INFO - Task exited with return code 0
[2024-06-15T10:12:17.376+0000] {taskinstance.py:3498} INFO - 1 downstream tasks scheduled from follow-on schedule check
[2024-06-15T10:12:17.521+0000] {local_task_job_runner.py:222} INFO - ::endgroup::
