[2024-06-15T20:49:52.727+0000] {local_task_job_runner.py:120} INFO - ::group::Pre task execution logs
[2024-06-15T20:49:52.760+0000] {taskinstance.py:2076} INFO - Dependencies all met for dep_context=non-requeueable deps ti=<TaskInstance: random_api.format_reponse scheduled__2024-06-15T19:05:00+00:00 [queued]>
[2024-06-15T20:49:52.779+0000] {taskinstance.py:2076} INFO - Dependencies all met for dep_context=requeueable deps ti=<TaskInstance: random_api.format_reponse scheduled__2024-06-15T19:05:00+00:00 [queued]>
[2024-06-15T20:49:52.780+0000] {taskinstance.py:2306} INFO - Starting attempt 1 of 6
[2024-06-15T20:49:53.111+0000] {taskinstance.py:2330} INFO - Executing <Task(PythonOperator): format_reponse> on 2024-06-15 19:05:00+00:00
[2024-06-15T20:49:53.134+0000] {standard_task_runner.py:90} INFO - Running: ['***', 'tasks', 'run', 'random_api', 'format_reponse', 'scheduled__2024-06-15T19:05:00+00:00', '--job-id', '53', '--raw', '--subdir', 'DAGS_FOLDER/random_api_request_w.py', '--cfg-path', '/tmp/tmpo8ek_p_m']
[2024-06-15T20:49:53.134+0000] {logging_mixin.py:188} WARNING - /home/***/.local/lib/python3.12/site-packages/***/task/task_runner/standard_task_runner.py:61 DeprecationWarning: This process (pid=6729) is multi-threaded, use of fork() may lead to deadlocks in the child.
[2024-06-15T20:49:53.141+0000] {standard_task_runner.py:63} INFO - Started process 6731 to run task
[2024-06-15T20:49:53.143+0000] {standard_task_runner.py:91} INFO - Job 53: Subtask format_reponse
[2024-06-15T20:49:53.320+0000] {task_command.py:426} INFO - Running <TaskInstance: random_api.format_reponse scheduled__2024-06-15T19:05:00+00:00 [running]> on host d4d3ae2e009b
[2024-06-15T20:49:53.686+0000] {taskinstance.py:2648} INFO - Exporting env vars: AIRFLOW_CTX_DAG_OWNER='protectorate' AIRFLOW_CTX_DAG_ID='random_api' AIRFLOW_CTX_TASK_ID='format_reponse' AIRFLOW_CTX_EXECUTION_DATE='2024-06-15T19:05:00+00:00' AIRFLOW_CTX_TRY_NUMBER='1' AIRFLOW_CTX_DAG_RUN_ID='scheduled__2024-06-15T19:05:00+00:00'
[2024-06-15T20:49:53.689+0000] {taskinstance.py:430} INFO - ::endgroup::
[2024-06-15T20:49:53.714+0000] {taskinstance.py:441} INFO - ::group::Post task execution logs
[2024-06-15T20:49:53.715+0000] {taskinstance.py:2905} ERROR - Task failed with exception
Traceback (most recent call last):
  File "/home/airflow/.local/lib/python3.12/site-packages/airflow/models/taskinstance.py", line 465, in _execute_task
    result = _execute_callable(context=context, **execute_callable_kwargs)
             ^^^^^^^^^^^^^^^^^^^^^^^^^^^^^^^^^^^^^^^^^^^^^^^^^^^^^^^^^^^^^
  File "/home/airflow/.local/lib/python3.12/site-packages/airflow/models/taskinstance.py", line 432, in _execute_callable
    return execute_callable(context=context, **execute_callable_kwargs)
           ^^^^^^^^^^^^^^^^^^^^^^^^^^^^^^^^^^^^^^^^^^^^^^^^^^^^^^^^^^^^
  File "/home/airflow/.local/lib/python3.12/site-packages/airflow/models/baseoperator.py", line 400, in wrapper
    return func(self, *args, **kwargs)
           ^^^^^^^^^^^^^^^^^^^^^^^^^^^
  File "/home/airflow/.local/lib/python3.12/site-packages/airflow/operators/python.py", line 235, in execute
    return_value = self.execute_callable()
                   ^^^^^^^^^^^^^^^^^^^^^^^
  File "/home/airflow/.local/lib/python3.12/site-packages/airflow/operators/python.py", line 252, in execute_callable
    return self.python_callable(*self.op_args, **self.op_kwargs)
           ^^^^^^^^^^^^^^^^^^^^^^^^^^^^^^^^^^^^^^^^^^^^^^^^^^^^^
TypeError: format_reponse() missing 1 required positional argument: 'res'
[2024-06-15T20:49:53.730+0000] {taskinstance.py:1206} INFO - Marking task as UP_FOR_RETRY. dag_id=random_api, task_id=format_reponse, run_id=scheduled__2024-06-15T19:05:00+00:00, execution_date=20240615T190500, start_date=20240615T204952, end_date=20240615T204953
[2024-06-15T20:49:53.875+0000] {standard_task_runner.py:110} ERROR - Failed to execute job 53 for task format_reponse (format_reponse() missing 1 required positional argument: 'res'; 6731)
[2024-06-15T20:49:53.925+0000] {local_task_job_runner.py:240} INFO - Task exited with return code 1
[2024-06-15T20:49:53.966+0000] {taskinstance.py:3498} INFO - 0 downstream tasks scheduled from follow-on schedule check
[2024-06-15T20:49:54.050+0000] {local_task_job_runner.py:222} INFO - ::endgroup::
