[2024-06-14T12:45:25.199+0000] {local_task_job_runner.py:120} INFO - ::group::Pre task execution logs
[2024-06-14T12:45:25.298+0000] {taskinstance.py:2076} INFO - Dependencies all met for dep_context=non-requeueable deps ti=<TaskInstance: first_python_operator.greet scheduled__2024-05-27T00:00:00+00:00 [queued]>
[2024-06-14T12:45:25.326+0000] {taskinstance.py:2076} INFO - Dependencies all met for dep_context=requeueable deps ti=<TaskInstance: first_python_operator.greet scheduled__2024-05-27T00:00:00+00:00 [queued]>
[2024-06-14T12:45:25.326+0000] {taskinstance.py:2306} INFO - Starting attempt 1 of 6
[2024-06-14T12:45:25.925+0000] {taskinstance.py:2330} INFO - Executing <Task(PythonOperator): greet> on 2024-05-27 00:00:00+00:00
[2024-06-14T12:45:25.990+0000] {logging_mixin.py:188} WARNING - /home/***/.local/lib/python3.12/site-packages/***/task/task_runner/standard_task_runner.py:61 DeprecationWarning: This process (pid=394) is multi-threaded, use of fork() may lead to deadlocks in the child.
[2024-06-14T12:45:25.981+0000] {standard_task_runner.py:90} INFO - Running: ['***', 'tasks', 'run', 'first_python_operator', 'greet', 'scheduled__2024-05-27T00:00:00+00:00', '--job-id', '9', '--raw', '--subdir', 'DAGS_FOLDER/pythonops.py', '--cfg-path', '/tmp/tmprqduj9qi']
[2024-06-14T12:45:25.998+0000] {standard_task_runner.py:63} INFO - Started process 408 to run task
[2024-06-14T12:45:26.000+0000] {standard_task_runner.py:91} INFO - Job 9: Subtask greet
[2024-06-14T12:45:26.564+0000] {task_command.py:426} INFO - Running <TaskInstance: first_python_operator.greet scheduled__2024-05-27T00:00:00+00:00 [running]> on host 4ad055bac4bf
[2024-06-14T12:45:27.848+0000] {taskinstance.py:2648} INFO - Exporting env vars: AIRFLOW_CTX_DAG_OWNER='protectorate' AIRFLOW_CTX_DAG_ID='first_python_operator' AIRFLOW_CTX_TASK_ID='greet' AIRFLOW_CTX_EXECUTION_DATE='2024-05-27T00:00:00+00:00' AIRFLOW_CTX_TRY_NUMBER='1' AIRFLOW_CTX_DAG_RUN_ID='scheduled__2024-05-27T00:00:00+00:00'
[2024-06-14T12:45:27.849+0000] {taskinstance.py:430} INFO - ::endgroup::
[2024-06-14T12:45:28.878+0000] {logging_mixin.py:188} INFO - Hello Adewunmi!!!, welcome to *** with python operator
[2024-06-14T12:45:28.880+0000] {python.py:237} INFO - Done. Returned value was: None
[2024-06-14T12:45:28.881+0000] {taskinstance.py:441} INFO - ::group::Post task execution logs
[2024-06-14T12:45:28.915+0000] {taskinstance.py:1206} INFO - Marking task as SUCCESS. dag_id=first_python_operator, task_id=greet, run_id=scheduled__2024-05-27T00:00:00+00:00, execution_date=20240527T000000, start_date=20240614T124525, end_date=20240614T124528
[2024-06-14T12:45:29.219+0000] {local_task_job_runner.py:240} INFO - Task exited with return code 0
[2024-06-14T12:45:29.308+0000] {taskinstance.py:3498} INFO - 1 downstream tasks scheduled from follow-on schedule check
[2024-06-14T12:45:29.763+0000] {local_task_job_runner.py:222} INFO - ::endgroup::
[2024-06-15T10:12:12.665+0000] {local_task_job_runner.py:120} INFO - ::group::Pre task execution logs
[2024-06-15T10:12:12.788+0000] {taskinstance.py:2076} INFO - Dependencies all met for dep_context=non-requeueable deps ti=<TaskInstance: first_python_operator.greet scheduled__2024-05-27T00:00:00+00:00 [queued]>
[2024-06-15T10:12:12.812+0000] {taskinstance.py:2076} INFO - Dependencies all met for dep_context=requeueable deps ti=<TaskInstance: first_python_operator.greet scheduled__2024-05-27T00:00:00+00:00 [queued]>
[2024-06-15T10:12:12.813+0000] {taskinstance.py:2306} INFO - Starting attempt 1 of 6
[2024-06-15T10:12:12.987+0000] {taskinstance.py:2330} INFO - Executing <Task(PythonOperator): greet> on 2024-05-27 00:00:00+00:00
[2024-06-15T10:12:13.008+0000] {standard_task_runner.py:90} INFO - Running: ['***', 'tasks', 'run', 'first_python_operator', 'greet', 'scheduled__2024-05-27T00:00:00+00:00', '--job-id', '8', '--raw', '--subdir', 'DAGS_FOLDER/pythonops.py', '--cfg-path', '/tmp/tmp8llht7u9']
[2024-06-15T10:12:13.011+0000] {standard_task_runner.py:91} INFO - Job 8: Subtask greet
[2024-06-15T10:12:13.019+0000] {logging_mixin.py:188} WARNING - /home/***/.local/lib/python3.12/site-packages/***/task/task_runner/standard_task_runner.py:61 DeprecationWarning: This process (pid=2656) is multi-threaded, use of fork() may lead to deadlocks in the child.
[2024-06-15T10:12:13.020+0000] {standard_task_runner.py:63} INFO - Started process 2660 to run task
[2024-06-15T10:12:13.281+0000] {task_command.py:426} INFO - Running <TaskInstance: first_python_operator.greet scheduled__2024-05-27T00:00:00+00:00 [running]> on host d4d3ae2e009b
[2024-06-15T10:12:13.874+0000] {taskinstance.py:2648} INFO - Exporting env vars: AIRFLOW_CTX_DAG_OWNER='protectorate' AIRFLOW_CTX_DAG_ID='first_python_operator' AIRFLOW_CTX_TASK_ID='greet' AIRFLOW_CTX_EXECUTION_DATE='2024-05-27T00:00:00+00:00' AIRFLOW_CTX_TRY_NUMBER='1' AIRFLOW_CTX_DAG_RUN_ID='scheduled__2024-05-27T00:00:00+00:00'
[2024-06-15T10:12:13.876+0000] {taskinstance.py:430} INFO - ::endgroup::
[2024-06-15T10:12:13.959+0000] {logging_mixin.py:188} INFO - Hello Adewunmi!!!, welcome to *** with python operator
[2024-06-15T10:12:13.967+0000] {python.py:237} INFO - Done. Returned value was: None
[2024-06-15T10:12:13.969+0000] {taskinstance.py:441} INFO - ::group::Post task execution logs
[2024-06-15T10:12:14.022+0000] {taskinstance.py:1206} INFO - Marking task as SUCCESS. dag_id=first_python_operator, task_id=greet, run_id=scheduled__2024-05-27T00:00:00+00:00, execution_date=20240527T000000, start_date=20240615T101212, end_date=20240615T101214
[2024-06-15T10:12:14.573+0000] {local_task_job_runner.py:240} INFO - Task exited with return code 0
[2024-06-15T10:12:14.608+0000] {taskinstance.py:3498} INFO - 1 downstream tasks scheduled from follow-on schedule check
[2024-06-15T10:12:14.964+0000] {local_task_job_runner.py:222} INFO - ::endgroup::
