[2024-06-17T09:02:55.277+0000] {local_task_job_runner.py:120} INFO - ::group::Pre task execution logs
[2024-06-17T09:02:55.318+0000] {taskinstance.py:2076} INFO - Dependencies all met for dep_context=non-requeueable deps ti=<TaskInstance: postgres_to_s3.transform manual__2024-06-17T09:02:01.724998+00:00 [queued]>
[2024-06-17T09:02:55.333+0000] {taskinstance.py:2076} INFO - Dependencies all met for dep_context=requeueable deps ti=<TaskInstance: postgres_to_s3.transform manual__2024-06-17T09:02:01.724998+00:00 [queued]>
[2024-06-17T09:02:55.334+0000] {taskinstance.py:2306} INFO - Starting attempt 1 of 6
[2024-06-17T09:02:55.434+0000] {taskinstance.py:2330} INFO - Executing <Task(PythonOperator): transform> on 2024-06-17 09:02:01.724998+00:00
[2024-06-17T09:02:55.456+0000] {logging_mixin.py:188} WARNING - /home/***/.local/lib/python3.12/site-packages/***/task/task_runner/standard_task_runner.py:61 DeprecationWarning: This process (pid=5312) is multi-threaded, use of fork() may lead to deadlocks in the child.
[2024-06-17T09:02:55.451+0000] {standard_task_runner.py:90} INFO - Running: ['***', 'tasks', 'run', 'postgres_to_s3', 'transform', 'manual__2024-06-17T09:02:01.724998+00:00', '--job-id', '73', '--raw', '--subdir', 'DAGS_FOLDER/postgres_s3.py', '--cfg-path', '/tmp/tmpzx2fp2mj']
[2024-06-17T09:02:55.458+0000] {standard_task_runner.py:63} INFO - Started process 5315 to run task
[2024-06-17T09:02:55.459+0000] {standard_task_runner.py:91} INFO - Job 73: Subtask transform
[2024-06-17T09:02:55.664+0000] {task_command.py:426} INFO - Running <TaskInstance: postgres_to_s3.transform manual__2024-06-17T09:02:01.724998+00:00 [running]> on host dc64bc371a82
[2024-06-17T09:02:56.056+0000] {taskinstance.py:2648} INFO - Exporting env vars: AIRFLOW_CTX_DAG_EMAIL='protectorateog@gmail.com' AIRFLOW_CTX_DAG_OWNER='protectorate' AIRFLOW_CTX_DAG_ID='postgres_to_s3' AIRFLOW_CTX_TASK_ID='transform' AIRFLOW_CTX_EXECUTION_DATE='2024-06-17T09:02:01.724998+00:00' AIRFLOW_CTX_TRY_NUMBER='1' AIRFLOW_CTX_DAG_RUN_ID='manual__2024-06-17T09:02:01.724998+00:00'
[2024-06-17T09:02:56.065+0000] {taskinstance.py:430} INFO - ::endgroup::
[2024-06-17T09:02:57.015+0000] {python.py:237} INFO - Done. Returned value was:   first_name  ... nationality
0       Andy  ...          US

[1 rows x 11 columns]
[2024-06-17T09:02:59.630+0000] {taskinstance.py:441} INFO - ::group::Post task execution logs
[2024-06-17T09:03:03.266+0000] {taskinstance.py:1206} INFO - Marking task as SUCCESS. dag_id=postgres_to_s3, task_id=transform, run_id=manual__2024-06-17T09:02:01.724998+00:00, execution_date=20240617T090201, start_date=20240617T090255, end_date=20240617T090303
[2024-06-17T09:03:03.526+0000] {local_task_job_runner.py:240} INFO - Task exited with return code 0
[2024-06-17T09:03:03.571+0000] {taskinstance.py:3498} INFO - 1 downstream tasks scheduled from follow-on schedule check
[2024-06-17T09:03:03.751+0000] {local_task_job_runner.py:222} INFO - ::endgroup::
