[2024-06-22T14:47:19.006+0000] {local_task_job_runner.py:120} INFO - ::group::Pre task execution logs
[2024-06-22T14:47:19.027+0000] {taskinstance.py:2076} INFO - Dependencies all met for dep_context=non-requeueable deps ti=<TaskInstance: csv_ingest_s3.load_to_s3 manual__2024-06-22T14:47:06.663702+00:00 [queued]>
[2024-06-22T14:47:19.038+0000] {taskinstance.py:2076} INFO - Dependencies all met for dep_context=requeueable deps ti=<TaskInstance: csv_ingest_s3.load_to_s3 manual__2024-06-22T14:47:06.663702+00:00 [queued]>
[2024-06-22T14:47:19.039+0000] {taskinstance.py:2306} INFO - Starting attempt 1 of 6
[2024-06-22T14:47:19.368+0000] {taskinstance.py:2330} INFO - Executing <Task(PythonOperator): load_to_s3> on 2024-06-22 14:47:06.663702+00:00
[2024-06-22T14:47:19.379+0000] {standard_task_runner.py:90} INFO - Running: ['***', 'tasks', 'run', 'csv_ingest_s3', 'load_to_s3', 'manual__2024-06-22T14:47:06.663702+00:00', '--job-id', '9', '--raw', '--subdir', 'DAGS_FOLDER/csv_s3.py', '--cfg-path', '/tmp/tmplrfvq_5b']
[2024-06-22T14:47:19.383+0000] {standard_task_runner.py:91} INFO - Job 9: Subtask load_to_s3
[2024-06-22T14:47:19.389+0000] {logging_mixin.py:188} WARNING - /home/***/.local/lib/python3.12/site-packages/***/task/task_runner/standard_task_runner.py:61 DeprecationWarning: This process (pid=1316) is multi-threaded, use of fork() may lead to deadlocks in the child.
[2024-06-22T14:47:19.390+0000] {standard_task_runner.py:63} INFO - Started process 1320 to run task
[2024-06-22T14:47:19.775+0000] {task_command.py:426} INFO - Running <TaskInstance: csv_ingest_s3.load_to_s3 manual__2024-06-22T14:47:06.663702+00:00 [running]> on host 6380d29236af
[2024-06-22T14:47:20.710+0000] {taskinstance.py:2648} INFO - Exporting env vars: AIRFLOW_CTX_DAG_OWNER='protectorate' AIRFLOW_CTX_DAG_ID='csv_ingest_s3' AIRFLOW_CTX_TASK_ID='load_to_s3' AIRFLOW_CTX_EXECUTION_DATE='2024-06-22T14:47:06.663702+00:00' AIRFLOW_CTX_TRY_NUMBER='1' AIRFLOW_CTX_DAG_RUN_ID='manual__2024-06-22T14:47:06.663702+00:00'
[2024-06-22T14:47:20.726+0000] {taskinstance.py:430} INFO - ::endgroup::
[2024-06-22T14:47:20.971+0000] {base.py:84} INFO - Using connection ID 'simple_store' for task execution.
[2024-06-22T14:47:20.984+0000] {connection_wrapper.py:384} INFO - AWS Connection (conn_id='simple_store', conn_type='aws') credentials retrieved from login and password.
[2024-06-22T14:47:27.352+0000] {python.py:237} INFO - Done. Returned value was: None
[2024-06-22T14:47:27.353+0000] {taskinstance.py:441} INFO - ::group::Post task execution logs
[2024-06-22T14:47:27.363+0000] {taskinstance.py:1206} INFO - Marking task as SUCCESS. dag_id=csv_ingest_s3, task_id=load_to_s3, run_id=manual__2024-06-22T14:47:06.663702+00:00, execution_date=20240622T144706, start_date=20240622T144719, end_date=20240622T144727
[2024-06-22T14:47:27.614+0000] {local_task_job_runner.py:240} INFO - Task exited with return code 0
[2024-06-22T14:47:27.634+0000] {taskinstance.py:3498} INFO - 0 downstream tasks scheduled from follow-on schedule check
[2024-06-22T14:47:28.056+0000] {local_task_job_runner.py:222} INFO - ::endgroup::
