[2024-06-14T12:45:57.605+0000] {local_task_job_runner.py:120} INFO - ::group::Pre task execution logs
[2024-06-14T12:45:57.819+0000] {taskinstance.py:2076} INFO - Dependencies all met for dep_context=non-requeueable deps ti=<TaskInstance: first_python_operator.greet_task2 scheduled__2024-06-05T00:00:00+00:00 [queued]>
[2024-06-14T12:45:57.839+0000] {taskinstance.py:2076} INFO - Dependencies all met for dep_context=requeueable deps ti=<TaskInstance: first_python_operator.greet_task2 scheduled__2024-06-05T00:00:00+00:00 [queued]>
[2024-06-14T12:45:57.840+0000] {taskinstance.py:2306} INFO - Starting attempt 1 of 6
[2024-06-14T12:45:58.185+0000] {taskinstance.py:2330} INFO - Executing <Task(PythonOperator): greet_task2> on 2024-06-05 00:00:00+00:00
[2024-06-14T12:45:58.207+0000] {logging_mixin.py:188} WARNING - /home/***/.local/lib/python3.12/site-packages/***/task/task_runner/standard_task_runner.py:61 DeprecationWarning: This process (pid=471) is multi-threaded, use of fork() may lead to deadlocks in the child.
[2024-06-14T12:45:58.210+0000] {standard_task_runner.py:63} INFO - Started process 482 to run task
[2024-06-14T12:45:58.212+0000] {standard_task_runner.py:90} INFO - Running: ['***', 'tasks', 'run', 'first_python_operator', 'greet_task2', 'scheduled__2024-06-05T00:00:00+00:00', '--job-id', '32', '--raw', '--subdir', 'DAGS_FOLDER/pythonops.py', '--cfg-path', '/tmp/tmpc4g8wyii']
[2024-06-14T12:45:58.216+0000] {standard_task_runner.py:91} INFO - Job 32: Subtask greet_task2
[2024-06-14T12:45:58.466+0000] {task_command.py:426} INFO - Running <TaskInstance: first_python_operator.greet_task2 scheduled__2024-06-05T00:00:00+00:00 [running]> on host 4ad055bac4bf
[2024-06-14T12:45:59.398+0000] {taskinstance.py:2648} INFO - Exporting env vars: AIRFLOW_CTX_DAG_OWNER='protectorate' AIRFLOW_CTX_DAG_ID='first_python_operator' AIRFLOW_CTX_TASK_ID='greet_task2' AIRFLOW_CTX_EXECUTION_DATE='2024-06-05T00:00:00+00:00' AIRFLOW_CTX_TRY_NUMBER='1' AIRFLOW_CTX_DAG_RUN_ID='scheduled__2024-06-05T00:00:00+00:00'
[2024-06-14T12:45:59.400+0000] {taskinstance.py:430} INFO - ::endgroup::
[2024-06-14T12:45:59.425+0000] {logging_mixin.py:188} INFO - Hello Adewunmi!!!, welcome to *** with python operator task 2
[2024-06-14T12:45:59.426+0000] {python.py:237} INFO - Done. Returned value was: None
[2024-06-14T12:45:59.427+0000] {taskinstance.py:441} INFO - ::group::Post task execution logs
[2024-06-14T12:45:59.441+0000] {taskinstance.py:1206} INFO - Marking task as SUCCESS. dag_id=first_python_operator, task_id=greet_task2, run_id=scheduled__2024-06-05T00:00:00+00:00, execution_date=20240605T000000, start_date=20240614T124557, end_date=20240614T124559
[2024-06-14T12:45:59.867+0000] {local_task_job_runner.py:240} INFO - Task exited with return code 0
[2024-06-14T12:45:59.981+0000] {taskinstance.py:3498} INFO - 0 downstream tasks scheduled from follow-on schedule check
[2024-06-14T12:46:00.323+0000] {local_task_job_runner.py:222} INFO - ::endgroup::
[2024-06-15T10:12:37.630+0000] {local_task_job_runner.py:120} INFO - ::group::Pre task execution logs
[2024-06-15T10:12:37.771+0000] {taskinstance.py:2076} INFO - Dependencies all met for dep_context=non-requeueable deps ti=<TaskInstance: first_python_operator.greet_task2 scheduled__2024-06-05T00:00:00+00:00 [queued]>
[2024-06-15T10:12:37.788+0000] {taskinstance.py:2076} INFO - Dependencies all met for dep_context=requeueable deps ti=<TaskInstance: first_python_operator.greet_task2 scheduled__2024-06-05T00:00:00+00:00 [queued]>
[2024-06-15T10:12:37.789+0000] {taskinstance.py:2306} INFO - Starting attempt 1 of 6
[2024-06-15T10:12:37.969+0000] {taskinstance.py:2330} INFO - Executing <Task(PythonOperator): greet_task2> on 2024-06-05 00:00:00+00:00
[2024-06-15T10:12:38.010+0000] {logging_mixin.py:188} WARNING - /home/***/.local/lib/python3.12/site-packages/***/task/task_runner/standard_task_runner.py:61 DeprecationWarning: This process (pid=2711) is multi-threaded, use of fork() may lead to deadlocks in the child.
[2024-06-15T10:12:38.000+0000] {standard_task_runner.py:90} INFO - Running: ['***', 'tasks', 'run', 'first_python_operator', 'greet_task2', 'scheduled__2024-06-05T00:00:00+00:00', '--job-id', '28', '--raw', '--subdir', 'DAGS_FOLDER/pythonops.py', '--cfg-path', '/tmp/tmp9zo3mmwb']
[2024-06-15T10:12:38.020+0000] {standard_task_runner.py:91} INFO - Job 28: Subtask greet_task2
[2024-06-15T10:12:38.015+0000] {standard_task_runner.py:63} INFO - Started process 2718 to run task
[2024-06-15T10:12:38.427+0000] {task_command.py:426} INFO - Running <TaskInstance: first_python_operator.greet_task2 scheduled__2024-06-05T00:00:00+00:00 [running]> on host d4d3ae2e009b
[2024-06-15T10:12:38.940+0000] {taskinstance.py:2648} INFO - Exporting env vars: AIRFLOW_CTX_DAG_OWNER='protectorate' AIRFLOW_CTX_DAG_ID='first_python_operator' AIRFLOW_CTX_TASK_ID='greet_task2' AIRFLOW_CTX_EXECUTION_DATE='2024-06-05T00:00:00+00:00' AIRFLOW_CTX_TRY_NUMBER='1' AIRFLOW_CTX_DAG_RUN_ID='scheduled__2024-06-05T00:00:00+00:00'
[2024-06-15T10:12:38.942+0000] {taskinstance.py:430} INFO - ::endgroup::
[2024-06-15T10:12:38.978+0000] {logging_mixin.py:188} INFO - Hello Adewunmi!!!, welcome to *** with python operator task 2
[2024-06-15T10:12:38.979+0000] {python.py:237} INFO - Done. Returned value was: None
[2024-06-15T10:12:38.981+0000] {taskinstance.py:441} INFO - ::group::Post task execution logs
[2024-06-15T10:12:38.997+0000] {taskinstance.py:1206} INFO - Marking task as SUCCESS. dag_id=first_python_operator, task_id=greet_task2, run_id=scheduled__2024-06-05T00:00:00+00:00, execution_date=20240605T000000, start_date=20240615T101237, end_date=20240615T101238
[2024-06-15T10:12:39.406+0000] {local_task_job_runner.py:240} INFO - Task exited with return code 0
[2024-06-15T10:12:39.424+0000] {local_task_job_runner.py:222} INFO - ::endgroup::
