[2024-06-22T14:54:08.397+0000] {local_task_job_runner.py:120} INFO - ::group::Pre task execution logs
[2024-06-22T14:54:08.418+0000] {taskinstance.py:2076} INFO - Dependencies all met for dep_context=non-requeueable deps ti=<TaskInstance: csv_ingest_s3.load_to_s3 manual__2024-06-22T14:53:40.474828+00:00 [queued]>
[2024-06-22T14:54:08.431+0000] {taskinstance.py:2076} INFO - Dependencies all met for dep_context=requeueable deps ti=<TaskInstance: csv_ingest_s3.load_to_s3 manual__2024-06-22T14:53:40.474828+00:00 [queued]>
[2024-06-22T14:54:08.433+0000] {taskinstance.py:2306} INFO - Starting attempt 1 of 6
[2024-06-22T14:54:08.773+0000] {taskinstance.py:2330} INFO - Executing <Task(PythonOperator): load_to_s3> on 2024-06-22 14:53:40.474828+00:00
[2024-06-22T14:54:08.783+0000] {standard_task_runner.py:90} INFO - Running: ['***', 'tasks', 'run', 'csv_ingest_s3', 'load_to_s3', 'manual__2024-06-22T14:53:40.474828+00:00', '--job-id', '11', '--raw', '--subdir', 'DAGS_FOLDER/csv_s3.py', '--cfg-path', '/tmp/tmpouxhjc3o']
[2024-06-22T14:54:08.786+0000] {standard_task_runner.py:91} INFO - Job 11: Subtask load_to_s3
[2024-06-22T14:54:08.789+0000] {logging_mixin.py:188} WARNING - /home/***/.local/lib/python3.12/site-packages/***/task/task_runner/standard_task_runner.py:61 DeprecationWarning: This process (pid=1806) is multi-threaded, use of fork() may lead to deadlocks in the child.
[2024-06-22T14:54:08.791+0000] {standard_task_runner.py:63} INFO - Started process 1814 to run task
[2024-06-22T14:54:10.070+0000] {task_command.py:426} INFO - Running <TaskInstance: csv_ingest_s3.load_to_s3 manual__2024-06-22T14:53:40.474828+00:00 [running]> on host 6380d29236af
[2024-06-22T14:54:11.797+0000] {taskinstance.py:2648} INFO - Exporting env vars: AIRFLOW_CTX_DAG_OWNER='protectorate' AIRFLOW_CTX_DAG_ID='csv_ingest_s3' AIRFLOW_CTX_TASK_ID='load_to_s3' AIRFLOW_CTX_EXECUTION_DATE='2024-06-22T14:53:40.474828+00:00' AIRFLOW_CTX_TRY_NUMBER='1' AIRFLOW_CTX_DAG_RUN_ID='manual__2024-06-22T14:53:40.474828+00:00'
[2024-06-22T14:54:11.799+0000] {taskinstance.py:430} INFO - ::endgroup::
[2024-06-22T14:54:18.657+0000] {base.py:84} INFO - Using connection ID 'simple_store' for task execution.
[2024-06-22T14:54:18.658+0000] {connection_wrapper.py:384} INFO - AWS Connection (conn_id='simple_store', conn_type='aws') credentials retrieved from login and password.
[2024-06-22T14:54:24.207+0000] {python.py:237} INFO - Done. Returned value was: None
[2024-06-22T14:54:24.208+0000] {taskinstance.py:441} INFO - ::group::Post task execution logs
[2024-06-22T14:54:24.218+0000] {taskinstance.py:1206} INFO - Marking task as SUCCESS. dag_id=csv_ingest_s3, task_id=load_to_s3, run_id=manual__2024-06-22T14:53:40.474828+00:00, execution_date=20240622T145340, start_date=20240622T145408, end_date=20240622T145424
[2024-06-22T14:54:24.379+0000] {local_task_job_runner.py:240} INFO - Task exited with return code 0
[2024-06-22T14:54:24.396+0000] {taskinstance.py:3498} INFO - 0 downstream tasks scheduled from follow-on schedule check
[2024-06-22T14:54:24.577+0000] {local_task_job_runner.py:222} INFO - ::endgroup::
