[2024-06-16T06:30:44.100+0000] {processor.py:161} INFO - Started process (PID=8763) to work on /opt/airflow/dags/rand.py
[2024-06-16T06:30:44.102+0000] {processor.py:830} INFO - Processing file /opt/airflow/dags/rand.py for tasks to queue
[2024-06-16T06:30:44.104+0000] {logging_mixin.py:188} INFO - [2024-06-16T06:30:44.103+0000] {dagbag.py:545} INFO - Filling up the DagBag from /opt/airflow/dags/rand.py
[2024-06-16T06:30:48.171+0000] {processor.py:840} INFO - DAG(s) 'rand_request' retrieved from /opt/airflow/dags/rand.py
[2024-06-16T06:30:48.211+0000] {logging_mixin.py:188} INFO - [2024-06-16T06:30:48.210+0000] {dag.py:3096} INFO - Sync 1 DAGs
[2024-06-16T06:30:56.425+0000] {logging_mixin.py:188} INFO - [2024-06-16T06:30:56.425+0000] {dag.py:3954} INFO - Setting next_dagrun for rand_request to 2024-06-16 06:05:00+00:00, run_after=2024-06-16 07:05:00+00:00
[2024-06-16T06:31:02.371+0000] {processor.py:183} INFO - Processing /opt/airflow/dags/rand.py took 18.289 seconds
[2024-06-16T06:31:35.009+0000] {processor.py:161} INFO - Started process (PID=8808) to work on /opt/airflow/dags/rand.py
[2024-06-16T06:31:35.118+0000] {processor.py:830} INFO - Processing file /opt/airflow/dags/rand.py for tasks to queue
[2024-06-16T06:31:35.119+0000] {logging_mixin.py:188} INFO - [2024-06-16T06:31:35.119+0000] {dagbag.py:545} INFO - Filling up the DagBag from /opt/airflow/dags/rand.py
[2024-06-16T06:31:40.975+0000] {processor.py:840} INFO - DAG(s) 'rand_request' retrieved from /opt/airflow/dags/rand.py
[2024-06-16T06:31:41.293+0000] {logging_mixin.py:188} INFO - [2024-06-16T06:31:41.293+0000] {dag.py:3096} INFO - Sync 1 DAGs
[2024-06-16T06:31:41.494+0000] {logging_mixin.py:188} INFO - [2024-06-16T06:31:41.494+0000] {dag.py:3954} INFO - Setting next_dagrun for rand_request to 2024-06-16 06:05:00+00:00, run_after=2024-06-16 07:05:00+00:00
[2024-06-16T06:31:45.124+0000] {processor.py:183} INFO - Processing /opt/airflow/dags/rand.py took 10.123 seconds
[2024-06-16T06:32:18.352+0000] {processor.py:161} INFO - Started process (PID=8850) to work on /opt/airflow/dags/rand.py
[2024-06-16T06:32:18.793+0000] {processor.py:830} INFO - Processing file /opt/airflow/dags/rand.py for tasks to queue
[2024-06-16T06:32:18.794+0000] {logging_mixin.py:188} INFO - [2024-06-16T06:32:18.794+0000] {dagbag.py:545} INFO - Filling up the DagBag from /opt/airflow/dags/rand.py
[2024-06-16T06:32:21.384+0000] {processor.py:840} INFO - DAG(s) 'rand_request' retrieved from /opt/airflow/dags/rand.py
[2024-06-16T06:32:21.789+0000] {logging_mixin.py:188} INFO - [2024-06-16T06:32:21.788+0000] {dag.py:3096} INFO - Sync 1 DAGs
[2024-06-16T06:32:22.093+0000] {logging_mixin.py:188} INFO - [2024-06-16T06:32:22.093+0000] {dag.py:3954} INFO - Setting next_dagrun for rand_request to 2024-06-16 06:05:00+00:00, run_after=2024-06-16 07:05:00+00:00
[2024-06-16T06:32:24.553+0000] {processor.py:183} INFO - Processing /opt/airflow/dags/rand.py took 6.210 seconds
[2024-06-16T06:32:55.286+0000] {processor.py:161} INFO - Started process (PID=8893) to work on /opt/airflow/dags/rand.py
[2024-06-16T06:32:55.287+0000] {processor.py:830} INFO - Processing file /opt/airflow/dags/rand.py for tasks to queue
[2024-06-16T06:32:55.289+0000] {logging_mixin.py:188} INFO - [2024-06-16T06:32:55.288+0000] {dagbag.py:545} INFO - Filling up the DagBag from /opt/airflow/dags/rand.py
[2024-06-16T06:32:56.116+0000] {processor.py:840} INFO - DAG(s) 'rand_request' retrieved from /opt/airflow/dags/rand.py
[2024-06-16T06:32:56.142+0000] {logging_mixin.py:188} INFO - [2024-06-16T06:32:56.142+0000] {dag.py:3096} INFO - Sync 1 DAGs
[2024-06-16T06:32:56.168+0000] {logging_mixin.py:188} INFO - [2024-06-16T06:32:56.168+0000] {dag.py:3954} INFO - Setting next_dagrun for rand_request to 2024-06-16 06:05:00+00:00, run_after=2024-06-16 07:05:00+00:00
[2024-06-16T06:32:57.934+0000] {processor.py:183} INFO - Processing /opt/airflow/dags/rand.py took 2.658 seconds
[2024-06-16T06:33:34.753+0000] {processor.py:161} INFO - Started process (PID=8933) to work on /opt/airflow/dags/rand.py
[2024-06-16T06:33:34.754+0000] {processor.py:830} INFO - Processing file /opt/airflow/dags/rand.py for tasks to queue
[2024-06-16T06:33:34.756+0000] {logging_mixin.py:188} INFO - [2024-06-16T06:33:34.756+0000] {dagbag.py:545} INFO - Filling up the DagBag from /opt/airflow/dags/rand.py
[2024-06-16T06:33:35.762+0000] {processor.py:840} INFO - DAG(s) 'rand_request' retrieved from /opt/airflow/dags/rand.py
[2024-06-16T06:33:35.796+0000] {logging_mixin.py:188} INFO - [2024-06-16T06:33:35.795+0000] {dag.py:3096} INFO - Sync 1 DAGs
[2024-06-16T06:33:35.837+0000] {logging_mixin.py:188} INFO - [2024-06-16T06:33:35.837+0000] {dag.py:3954} INFO - Setting next_dagrun for rand_request to 2024-06-16 06:05:00+00:00, run_after=2024-06-16 07:05:00+00:00
[2024-06-16T06:33:37.903+0000] {processor.py:183} INFO - Processing /opt/airflow/dags/rand.py took 3.163 seconds
[2024-06-16T06:34:26.209+0000] {processor.py:161} INFO - Started process (PID=8979) to work on /opt/airflow/dags/rand.py
[2024-06-16T06:34:26.210+0000] {processor.py:830} INFO - Processing file /opt/airflow/dags/rand.py for tasks to queue
[2024-06-16T06:34:26.212+0000] {logging_mixin.py:188} INFO - [2024-06-16T06:34:26.211+0000] {dagbag.py:545} INFO - Filling up the DagBag from /opt/airflow/dags/rand.py
[2024-06-16T06:34:28.485+0000] {processor.py:840} INFO - DAG(s) 'rand_request' retrieved from /opt/airflow/dags/rand.py
[2024-06-16T06:34:28.585+0000] {logging_mixin.py:188} INFO - [2024-06-16T06:34:28.584+0000] {dag.py:3096} INFO - Sync 1 DAGs
[2024-06-16T06:34:28.620+0000] {logging_mixin.py:188} INFO - [2024-06-16T06:34:28.620+0000] {dag.py:3954} INFO - Setting next_dagrun for rand_request to 2024-06-16 06:05:00+00:00, run_after=2024-06-16 07:05:00+00:00
[2024-06-16T06:34:32.007+0000] {processor.py:183} INFO - Processing /opt/airflow/dags/rand.py took 5.808 seconds
[2024-06-16T06:35:03.529+0000] {processor.py:161} INFO - Started process (PID=9020) to work on /opt/airflow/dags/rand.py
[2024-06-16T06:35:03.559+0000] {processor.py:830} INFO - Processing file /opt/airflow/dags/rand.py for tasks to queue
[2024-06-16T06:35:03.560+0000] {logging_mixin.py:188} INFO - [2024-06-16T06:35:03.560+0000] {dagbag.py:545} INFO - Filling up the DagBag from /opt/airflow/dags/rand.py
[2024-06-16T06:35:04.177+0000] {processor.py:840} INFO - DAG(s) 'rand_request' retrieved from /opt/airflow/dags/rand.py
[2024-06-16T06:35:04.206+0000] {logging_mixin.py:188} INFO - [2024-06-16T06:35:04.205+0000] {dag.py:3096} INFO - Sync 1 DAGs
[2024-06-16T06:35:04.237+0000] {logging_mixin.py:188} INFO - [2024-06-16T06:35:04.236+0000] {dag.py:3954} INFO - Setting next_dagrun for rand_request to 2024-06-16 06:05:00+00:00, run_after=2024-06-16 07:05:00+00:00
[2024-06-16T06:35:05.987+0000] {processor.py:183} INFO - Processing /opt/airflow/dags/rand.py took 2.466 seconds
[2024-06-16T06:35:37.356+0000] {processor.py:161} INFO - Started process (PID=9062) to work on /opt/airflow/dags/rand.py
[2024-06-16T06:35:37.358+0000] {processor.py:830} INFO - Processing file /opt/airflow/dags/rand.py for tasks to queue
[2024-06-16T06:35:37.361+0000] {logging_mixin.py:188} INFO - [2024-06-16T06:35:37.359+0000] {dagbag.py:545} INFO - Filling up the DagBag from /opt/airflow/dags/rand.py
[2024-06-16T06:35:38.362+0000] {processor.py:840} INFO - DAG(s) 'rand_request' retrieved from /opt/airflow/dags/rand.py
[2024-06-16T06:35:38.396+0000] {logging_mixin.py:188} INFO - [2024-06-16T06:35:38.395+0000] {dag.py:3096} INFO - Sync 1 DAGs
[2024-06-16T06:35:38.435+0000] {logging_mixin.py:188} INFO - [2024-06-16T06:35:38.434+0000] {dag.py:3954} INFO - Setting next_dagrun for rand_request to 2024-06-16 06:05:00+00:00, run_after=2024-06-16 07:05:00+00:00
[2024-06-16T06:35:39.609+0000] {processor.py:183} INFO - Processing /opt/airflow/dags/rand.py took 2.263 seconds
[2024-06-16T06:36:12.070+0000] {processor.py:161} INFO - Started process (PID=9104) to work on /opt/airflow/dags/rand.py
[2024-06-16T06:36:12.072+0000] {processor.py:830} INFO - Processing file /opt/airflow/dags/rand.py for tasks to queue
[2024-06-16T06:36:12.075+0000] {logging_mixin.py:188} INFO - [2024-06-16T06:36:12.074+0000] {dagbag.py:545} INFO - Filling up the DagBag from /opt/airflow/dags/rand.py
[2024-06-16T06:36:13.597+0000] {processor.py:840} INFO - DAG(s) 'rand_request' retrieved from /opt/airflow/dags/rand.py
[2024-06-16T06:36:13.678+0000] {logging_mixin.py:188} INFO - [2024-06-16T06:36:13.677+0000] {dag.py:3096} INFO - Sync 1 DAGs
[2024-06-16T06:36:13.707+0000] {logging_mixin.py:188} INFO - [2024-06-16T06:36:13.707+0000] {dag.py:3954} INFO - Setting next_dagrun for rand_request to 2024-06-16 06:05:00+00:00, run_after=2024-06-16 07:05:00+00:00
[2024-06-16T06:36:16.191+0000] {processor.py:183} INFO - Processing /opt/airflow/dags/rand.py took 4.143 seconds
[2024-06-16T06:36:47.358+0000] {processor.py:161} INFO - Started process (PID=9149) to work on /opt/airflow/dags/rand.py
[2024-06-16T06:36:47.359+0000] {processor.py:830} INFO - Processing file /opt/airflow/dags/rand.py for tasks to queue
[2024-06-16T06:36:47.360+0000] {logging_mixin.py:188} INFO - [2024-06-16T06:36:47.360+0000] {dagbag.py:545} INFO - Filling up the DagBag from /opt/airflow/dags/rand.py
[2024-06-16T06:36:50.280+0000] {processor.py:840} INFO - DAG(s) 'rand_request' retrieved from /opt/airflow/dags/rand.py
[2024-06-16T06:36:50.351+0000] {logging_mixin.py:188} INFO - [2024-06-16T06:36:50.350+0000] {dag.py:3096} INFO - Sync 1 DAGs
[2024-06-16T06:36:50.376+0000] {logging_mixin.py:188} INFO - [2024-06-16T06:36:50.375+0000] {dag.py:3954} INFO - Setting next_dagrun for rand_request to 2024-06-16 06:05:00+00:00, run_after=2024-06-16 07:05:00+00:00
[2024-06-16T06:36:52.825+0000] {processor.py:183} INFO - Processing /opt/airflow/dags/rand.py took 5.476 seconds
[2024-06-16T06:37:25.124+0000] {processor.py:161} INFO - Started process (PID=9197) to work on /opt/airflow/dags/rand.py
[2024-06-16T06:37:25.126+0000] {processor.py:830} INFO - Processing file /opt/airflow/dags/rand.py for tasks to queue
[2024-06-16T06:37:25.128+0000] {logging_mixin.py:188} INFO - [2024-06-16T06:37:25.127+0000] {dagbag.py:545} INFO - Filling up the DagBag from /opt/airflow/dags/rand.py
[2024-06-16T06:37:26.178+0000] {processor.py:840} INFO - DAG(s) 'rand_request' retrieved from /opt/airflow/dags/rand.py
[2024-06-16T06:37:26.209+0000] {logging_mixin.py:188} INFO - [2024-06-16T06:37:26.208+0000] {dag.py:3096} INFO - Sync 1 DAGs
[2024-06-16T06:37:26.240+0000] {logging_mixin.py:188} INFO - [2024-06-16T06:37:26.240+0000] {dag.py:3954} INFO - Setting next_dagrun for rand_request to 2024-06-16 06:05:00+00:00, run_after=2024-06-16 07:05:00+00:00
[2024-06-16T06:37:28.566+0000] {processor.py:183} INFO - Processing /opt/airflow/dags/rand.py took 3.458 seconds
[2024-06-16T06:37:58.717+0000] {processor.py:161} INFO - Started process (PID=9241) to work on /opt/airflow/dags/rand.py
[2024-06-16T06:37:58.719+0000] {processor.py:830} INFO - Processing file /opt/airflow/dags/rand.py for tasks to queue
[2024-06-16T06:37:58.721+0000] {logging_mixin.py:188} INFO - [2024-06-16T06:37:58.720+0000] {dagbag.py:545} INFO - Filling up the DagBag from /opt/airflow/dags/rand.py
[2024-06-16T06:37:59.670+0000] {processor.py:840} INFO - DAG(s) 'rand_request' retrieved from /opt/airflow/dags/rand.py
[2024-06-16T06:37:59.701+0000] {logging_mixin.py:188} INFO - [2024-06-16T06:37:59.700+0000] {dag.py:3096} INFO - Sync 1 DAGs
[2024-06-16T06:37:59.737+0000] {logging_mixin.py:188} INFO - [2024-06-16T06:37:59.736+0000] {dag.py:3954} INFO - Setting next_dagrun for rand_request to 2024-06-16 06:05:00+00:00, run_after=2024-06-16 07:05:00+00:00
[2024-06-16T06:38:02.126+0000] {processor.py:183} INFO - Processing /opt/airflow/dags/rand.py took 3.420 seconds
[2024-06-16T06:38:32.817+0000] {processor.py:161} INFO - Started process (PID=9293) to work on /opt/airflow/dags/rand.py
[2024-06-16T06:38:32.818+0000] {processor.py:830} INFO - Processing file /opt/airflow/dags/rand.py for tasks to queue
[2024-06-16T06:38:32.820+0000] {logging_mixin.py:188} INFO - [2024-06-16T06:38:32.820+0000] {dagbag.py:545} INFO - Filling up the DagBag from /opt/airflow/dags/rand.py
[2024-06-16T06:38:34.492+0000] {processor.py:840} INFO - DAG(s) 'rand_request' retrieved from /opt/airflow/dags/rand.py
[2024-06-16T06:38:34.604+0000] {logging_mixin.py:188} INFO - [2024-06-16T06:38:34.603+0000] {dag.py:3096} INFO - Sync 1 DAGs
[2024-06-16T06:38:34.672+0000] {logging_mixin.py:188} INFO - [2024-06-16T06:38:34.672+0000] {dag.py:3954} INFO - Setting next_dagrun for rand_request to 2024-06-16 06:05:00+00:00, run_after=2024-06-16 07:05:00+00:00
[2024-06-16T06:38:35.214+0000] {processor.py:183} INFO - Processing /opt/airflow/dags/rand.py took 2.411 seconds
[2024-06-16T06:39:05.415+0000] {processor.py:161} INFO - Started process (PID=9347) to work on /opt/airflow/dags/rand.py
[2024-06-16T06:39:05.417+0000] {processor.py:830} INFO - Processing file /opt/airflow/dags/rand.py for tasks to queue
[2024-06-16T06:39:05.419+0000] {logging_mixin.py:188} INFO - [2024-06-16T06:39:05.418+0000] {dagbag.py:545} INFO - Filling up the DagBag from /opt/airflow/dags/rand.py
[2024-06-16T06:39:06.146+0000] {processor.py:840} INFO - DAG(s) 'rand_request' retrieved from /opt/airflow/dags/rand.py
[2024-06-16T06:39:06.181+0000] {logging_mixin.py:188} INFO - [2024-06-16T06:39:06.179+0000] {dag.py:3096} INFO - Sync 1 DAGs
[2024-06-16T06:39:06.249+0000] {logging_mixin.py:188} INFO - [2024-06-16T06:39:06.249+0000] {dag.py:3954} INFO - Setting next_dagrun for rand_request to 2024-06-16 06:05:00+00:00, run_after=2024-06-16 07:05:00+00:00
[2024-06-16T06:39:06.898+0000] {processor.py:183} INFO - Processing /opt/airflow/dags/rand.py took 1.498 seconds
[2024-06-16T06:39:37.585+0000] {processor.py:161} INFO - Started process (PID=9394) to work on /opt/airflow/dags/rand.py
[2024-06-16T06:39:37.588+0000] {processor.py:830} INFO - Processing file /opt/airflow/dags/rand.py for tasks to queue
[2024-06-16T06:39:37.591+0000] {logging_mixin.py:188} INFO - [2024-06-16T06:39:37.590+0000] {dagbag.py:545} INFO - Filling up the DagBag from /opt/airflow/dags/rand.py
[2024-06-16T06:39:38.273+0000] {processor.py:840} INFO - DAG(s) 'rand_request' retrieved from /opt/airflow/dags/rand.py
[2024-06-16T06:39:38.299+0000] {logging_mixin.py:188} INFO - [2024-06-16T06:39:38.298+0000] {dag.py:3096} INFO - Sync 1 DAGs
[2024-06-16T06:39:38.329+0000] {logging_mixin.py:188} INFO - [2024-06-16T06:39:38.328+0000] {dag.py:3954} INFO - Setting next_dagrun for rand_request to 2024-06-16 06:05:00+00:00, run_after=2024-06-16 07:05:00+00:00
[2024-06-16T06:39:38.626+0000] {processor.py:183} INFO - Processing /opt/airflow/dags/rand.py took 1.059 seconds
[2024-06-16T06:40:08.795+0000] {processor.py:161} INFO - Started process (PID=9434) to work on /opt/airflow/dags/rand.py
[2024-06-16T06:40:08.799+0000] {processor.py:830} INFO - Processing file /opt/airflow/dags/rand.py for tasks to queue
[2024-06-16T06:40:08.801+0000] {logging_mixin.py:188} INFO - [2024-06-16T06:40:08.801+0000] {dagbag.py:545} INFO - Filling up the DagBag from /opt/airflow/dags/rand.py
[2024-06-16T06:40:09.707+0000] {processor.py:840} INFO - DAG(s) 'rand_request' retrieved from /opt/airflow/dags/rand.py
[2024-06-16T06:40:09.743+0000] {logging_mixin.py:188} INFO - [2024-06-16T06:40:09.742+0000] {dag.py:3096} INFO - Sync 1 DAGs
[2024-06-16T06:40:09.781+0000] {logging_mixin.py:188} INFO - [2024-06-16T06:40:09.780+0000] {dag.py:3954} INFO - Setting next_dagrun for rand_request to 2024-06-16 06:05:00+00:00, run_after=2024-06-16 07:05:00+00:00
[2024-06-16T06:40:10.106+0000] {processor.py:183} INFO - Processing /opt/airflow/dags/rand.py took 1.329 seconds
[2024-06-16T06:40:40.842+0000] {processor.py:161} INFO - Started process (PID=9474) to work on /opt/airflow/dags/rand.py
[2024-06-16T06:40:40.843+0000] {processor.py:830} INFO - Processing file /opt/airflow/dags/rand.py for tasks to queue
[2024-06-16T06:40:40.845+0000] {logging_mixin.py:188} INFO - [2024-06-16T06:40:40.844+0000] {dagbag.py:545} INFO - Filling up the DagBag from /opt/airflow/dags/rand.py
[2024-06-16T06:40:41.540+0000] {processor.py:840} INFO - DAG(s) 'rand_request' retrieved from /opt/airflow/dags/rand.py
[2024-06-16T06:40:41.568+0000] {logging_mixin.py:188} INFO - [2024-06-16T06:40:41.567+0000] {dag.py:3096} INFO - Sync 1 DAGs
[2024-06-16T06:40:41.600+0000] {logging_mixin.py:188} INFO - [2024-06-16T06:40:41.599+0000] {dag.py:3954} INFO - Setting next_dagrun for rand_request to 2024-06-16 06:05:00+00:00, run_after=2024-06-16 07:05:00+00:00
[2024-06-16T06:40:41.827+0000] {processor.py:183} INFO - Processing /opt/airflow/dags/rand.py took 0.994 seconds
[2024-06-16T06:41:12.147+0000] {processor.py:161} INFO - Started process (PID=9515) to work on /opt/airflow/dags/rand.py
[2024-06-16T06:41:12.149+0000] {processor.py:830} INFO - Processing file /opt/airflow/dags/rand.py for tasks to queue
[2024-06-16T06:41:12.153+0000] {logging_mixin.py:188} INFO - [2024-06-16T06:41:12.152+0000] {dagbag.py:545} INFO - Filling up the DagBag from /opt/airflow/dags/rand.py
[2024-06-16T06:41:13.133+0000] {processor.py:840} INFO - DAG(s) 'rand_request' retrieved from /opt/airflow/dags/rand.py
[2024-06-16T06:41:13.184+0000] {logging_mixin.py:188} INFO - [2024-06-16T06:41:13.183+0000] {dag.py:3096} INFO - Sync 1 DAGs
[2024-06-16T06:41:13.266+0000] {logging_mixin.py:188} INFO - [2024-06-16T06:41:13.252+0000] {dag.py:3954} INFO - Setting next_dagrun for rand_request to 2024-06-16 06:05:00+00:00, run_after=2024-06-16 07:05:00+00:00
[2024-06-16T06:41:13.519+0000] {processor.py:183} INFO - Processing /opt/airflow/dags/rand.py took 1.393 seconds
[2024-06-16T06:41:44.313+0000] {processor.py:161} INFO - Started process (PID=9556) to work on /opt/airflow/dags/rand.py
[2024-06-16T06:41:44.314+0000] {processor.py:830} INFO - Processing file /opt/airflow/dags/rand.py for tasks to queue
[2024-06-16T06:41:44.315+0000] {logging_mixin.py:188} INFO - [2024-06-16T06:41:44.315+0000] {dagbag.py:545} INFO - Filling up the DagBag from /opt/airflow/dags/rand.py
[2024-06-16T06:41:44.999+0000] {processor.py:840} INFO - DAG(s) 'rand_request' retrieved from /opt/airflow/dags/rand.py
[2024-06-16T06:41:45.029+0000] {logging_mixin.py:188} INFO - [2024-06-16T06:41:45.029+0000] {dag.py:3096} INFO - Sync 1 DAGs
[2024-06-16T06:41:45.059+0000] {logging_mixin.py:188} INFO - [2024-06-16T06:41:45.059+0000] {dag.py:3954} INFO - Setting next_dagrun for rand_request to 2024-06-16 06:05:00+00:00, run_after=2024-06-16 07:05:00+00:00
[2024-06-16T06:41:45.487+0000] {processor.py:183} INFO - Processing /opt/airflow/dags/rand.py took 1.184 seconds
[2024-06-16T06:42:15.633+0000] {processor.py:161} INFO - Started process (PID=9594) to work on /opt/airflow/dags/rand.py
[2024-06-16T06:42:15.635+0000] {processor.py:830} INFO - Processing file /opt/airflow/dags/rand.py for tasks to queue
[2024-06-16T06:42:15.636+0000] {logging_mixin.py:188} INFO - [2024-06-16T06:42:15.636+0000] {dagbag.py:545} INFO - Filling up the DagBag from /opt/airflow/dags/rand.py
[2024-06-16T06:42:17.058+0000] {processor.py:840} INFO - DAG(s) 'rand_request' retrieved from /opt/airflow/dags/rand.py
[2024-06-16T06:42:17.163+0000] {logging_mixin.py:188} INFO - [2024-06-16T06:42:17.162+0000] {dag.py:3096} INFO - Sync 1 DAGs
[2024-06-16T06:42:17.259+0000] {logging_mixin.py:188} INFO - [2024-06-16T06:42:17.259+0000] {dag.py:3954} INFO - Setting next_dagrun for rand_request to 2024-06-16 06:05:00+00:00, run_after=2024-06-16 07:05:00+00:00
[2024-06-16T06:42:17.695+0000] {processor.py:183} INFO - Processing /opt/airflow/dags/rand.py took 2.072 seconds
[2024-06-16T06:42:48.023+0000] {processor.py:161} INFO - Started process (PID=9634) to work on /opt/airflow/dags/rand.py
[2024-06-16T06:42:48.026+0000] {processor.py:830} INFO - Processing file /opt/airflow/dags/rand.py for tasks to queue
[2024-06-16T06:42:48.028+0000] {logging_mixin.py:188} INFO - [2024-06-16T06:42:48.027+0000] {dagbag.py:545} INFO - Filling up the DagBag from /opt/airflow/dags/rand.py
[2024-06-16T06:42:48.751+0000] {processor.py:840} INFO - DAG(s) 'rand_request' retrieved from /opt/airflow/dags/rand.py
[2024-06-16T06:42:48.777+0000] {logging_mixin.py:188} INFO - [2024-06-16T06:42:48.776+0000] {dag.py:3096} INFO - Sync 1 DAGs
[2024-06-16T06:42:48.804+0000] {logging_mixin.py:188} INFO - [2024-06-16T06:42:48.804+0000] {dag.py:3954} INFO - Setting next_dagrun for rand_request to 2024-06-16 06:05:00+00:00, run_after=2024-06-16 07:05:00+00:00
[2024-06-16T06:42:48.912+0000] {processor.py:183} INFO - Processing /opt/airflow/dags/rand.py took 0.904 seconds
[2024-06-16T06:43:19.510+0000] {processor.py:161} INFO - Started process (PID=9669) to work on /opt/airflow/dags/rand.py
[2024-06-16T06:43:19.513+0000] {processor.py:830} INFO - Processing file /opt/airflow/dags/rand.py for tasks to queue
[2024-06-16T06:43:19.516+0000] {logging_mixin.py:188} INFO - [2024-06-16T06:43:19.515+0000] {dagbag.py:545} INFO - Filling up the DagBag from /opt/airflow/dags/rand.py
[2024-06-16T06:43:21.493+0000] {processor.py:840} INFO - DAG(s) 'rand_request' retrieved from /opt/airflow/dags/rand.py
[2024-06-16T06:43:21.549+0000] {logging_mixin.py:188} INFO - [2024-06-16T06:43:21.548+0000] {dag.py:3096} INFO - Sync 1 DAGs
[2024-06-16T06:43:21.601+0000] {logging_mixin.py:188} INFO - [2024-06-16T06:43:21.601+0000] {dag.py:3954} INFO - Setting next_dagrun for rand_request to 2024-06-16 06:05:00+00:00, run_after=2024-06-16 07:05:00+00:00
[2024-06-16T06:43:21.998+0000] {processor.py:183} INFO - Processing /opt/airflow/dags/rand.py took 2.500 seconds
[2024-06-16T06:43:52.890+0000] {processor.py:161} INFO - Started process (PID=9709) to work on /opt/airflow/dags/rand.py
[2024-06-16T06:43:52.891+0000] {processor.py:830} INFO - Processing file /opt/airflow/dags/rand.py for tasks to queue
[2024-06-16T06:43:52.894+0000] {logging_mixin.py:188} INFO - [2024-06-16T06:43:52.893+0000] {dagbag.py:545} INFO - Filling up the DagBag from /opt/airflow/dags/rand.py
[2024-06-16T06:43:53.458+0000] {processor.py:840} INFO - DAG(s) 'rand_request' retrieved from /opt/airflow/dags/rand.py
[2024-06-16T06:43:53.492+0000] {logging_mixin.py:188} INFO - [2024-06-16T06:43:53.491+0000] {dag.py:3096} INFO - Sync 1 DAGs
[2024-06-16T06:43:53.526+0000] {logging_mixin.py:188} INFO - [2024-06-16T06:43:53.525+0000] {dag.py:3954} INFO - Setting next_dagrun for rand_request to 2024-06-16 06:05:00+00:00, run_after=2024-06-16 07:05:00+00:00
[2024-06-16T06:43:53.816+0000] {processor.py:183} INFO - Processing /opt/airflow/dags/rand.py took 0.936 seconds
[2024-06-16T06:44:24.554+0000] {processor.py:161} INFO - Started process (PID=9749) to work on /opt/airflow/dags/rand.py
[2024-06-16T06:44:24.556+0000] {processor.py:830} INFO - Processing file /opt/airflow/dags/rand.py for tasks to queue
[2024-06-16T06:44:24.558+0000] {logging_mixin.py:188} INFO - [2024-06-16T06:44:24.557+0000] {dagbag.py:545} INFO - Filling up the DagBag from /opt/airflow/dags/rand.py
[2024-06-16T06:44:25.325+0000] {processor.py:840} INFO - DAG(s) 'rand_request' retrieved from /opt/airflow/dags/rand.py
[2024-06-16T06:44:25.370+0000] {logging_mixin.py:188} INFO - [2024-06-16T06:44:25.369+0000] {dag.py:3096} INFO - Sync 1 DAGs
[2024-06-16T06:44:25.423+0000] {logging_mixin.py:188} INFO - [2024-06-16T06:44:25.423+0000] {dag.py:3954} INFO - Setting next_dagrun for rand_request to 2024-06-16 06:05:00+00:00, run_after=2024-06-16 07:05:00+00:00
[2024-06-16T06:44:25.505+0000] {processor.py:183} INFO - Processing /opt/airflow/dags/rand.py took 0.965 seconds
[2024-06-16T06:44:55.881+0000] {processor.py:161} INFO - Started process (PID=9789) to work on /opt/airflow/dags/rand.py
[2024-06-16T06:44:55.883+0000] {processor.py:830} INFO - Processing file /opt/airflow/dags/rand.py for tasks to queue
[2024-06-16T06:44:55.885+0000] {logging_mixin.py:188} INFO - [2024-06-16T06:44:55.884+0000] {dagbag.py:545} INFO - Filling up the DagBag from /opt/airflow/dags/rand.py
[2024-06-16T06:44:56.333+0000] {processor.py:840} INFO - DAG(s) 'rand_request' retrieved from /opt/airflow/dags/rand.py
[2024-06-16T06:44:56.361+0000] {logging_mixin.py:188} INFO - [2024-06-16T06:44:56.361+0000] {dag.py:3096} INFO - Sync 1 DAGs
[2024-06-16T06:44:56.390+0000] {logging_mixin.py:188} INFO - [2024-06-16T06:44:56.389+0000] {dag.py:3954} INFO - Setting next_dagrun for rand_request to 2024-06-16 06:05:00+00:00, run_after=2024-06-16 07:05:00+00:00
[2024-06-16T06:44:56.462+0000] {processor.py:183} INFO - Processing /opt/airflow/dags/rand.py took 0.590 seconds
[2024-06-16T06:45:27.476+0000] {processor.py:161} INFO - Started process (PID=9828) to work on /opt/airflow/dags/rand.py
[2024-06-16T06:45:27.477+0000] {processor.py:830} INFO - Processing file /opt/airflow/dags/rand.py for tasks to queue
[2024-06-16T06:45:27.479+0000] {logging_mixin.py:188} INFO - [2024-06-16T06:45:27.478+0000] {dagbag.py:545} INFO - Filling up the DagBag from /opt/airflow/dags/rand.py
[2024-06-16T06:45:27.954+0000] {processor.py:840} INFO - DAG(s) 'rand_request' retrieved from /opt/airflow/dags/rand.py
[2024-06-16T06:45:27.983+0000] {logging_mixin.py:188} INFO - [2024-06-16T06:45:27.982+0000] {dag.py:3096} INFO - Sync 1 DAGs
[2024-06-16T06:45:28.012+0000] {logging_mixin.py:188} INFO - [2024-06-16T06:45:28.012+0000] {dag.py:3954} INFO - Setting next_dagrun for rand_request to 2024-06-16 06:05:00+00:00, run_after=2024-06-16 07:05:00+00:00
[2024-06-16T06:45:28.153+0000] {processor.py:183} INFO - Processing /opt/airflow/dags/rand.py took 0.688 seconds
[2024-06-16T06:45:58.235+0000] {processor.py:161} INFO - Started process (PID=9869) to work on /opt/airflow/dags/rand.py
[2024-06-16T06:45:58.237+0000] {processor.py:830} INFO - Processing file /opt/airflow/dags/rand.py for tasks to queue
[2024-06-16T06:45:58.238+0000] {logging_mixin.py:188} INFO - [2024-06-16T06:45:58.237+0000] {dagbag.py:545} INFO - Filling up the DagBag from /opt/airflow/dags/rand.py
[2024-06-16T06:45:58.930+0000] {processor.py:840} INFO - DAG(s) 'rand_request' retrieved from /opt/airflow/dags/rand.py
[2024-06-16T06:45:58.970+0000] {logging_mixin.py:188} INFO - [2024-06-16T06:45:58.969+0000] {dag.py:3096} INFO - Sync 1 DAGs
[2024-06-16T06:45:59.009+0000] {logging_mixin.py:188} INFO - [2024-06-16T06:45:59.009+0000] {dag.py:3954} INFO - Setting next_dagrun for rand_request to 2024-06-16 06:05:00+00:00, run_after=2024-06-16 07:05:00+00:00
[2024-06-16T06:45:59.145+0000] {processor.py:183} INFO - Processing /opt/airflow/dags/rand.py took 0.918 seconds
[2024-06-16T06:46:29.416+0000] {processor.py:161} INFO - Started process (PID=9910) to work on /opt/airflow/dags/rand.py
[2024-06-16T06:46:29.419+0000] {processor.py:830} INFO - Processing file /opt/airflow/dags/rand.py for tasks to queue
[2024-06-16T06:46:29.422+0000] {logging_mixin.py:188} INFO - [2024-06-16T06:46:29.421+0000] {dagbag.py:545} INFO - Filling up the DagBag from /opt/airflow/dags/rand.py
[2024-06-16T06:46:30.005+0000] {processor.py:840} INFO - DAG(s) 'rand_request' retrieved from /opt/airflow/dags/rand.py
[2024-06-16T06:46:30.039+0000] {logging_mixin.py:188} INFO - [2024-06-16T06:46:30.038+0000] {dag.py:3096} INFO - Sync 1 DAGs
[2024-06-16T06:46:30.081+0000] {logging_mixin.py:188} INFO - [2024-06-16T06:46:30.080+0000] {dag.py:3954} INFO - Setting next_dagrun for rand_request to 2024-06-16 06:05:00+00:00, run_after=2024-06-16 07:05:00+00:00
[2024-06-16T06:46:30.246+0000] {processor.py:183} INFO - Processing /opt/airflow/dags/rand.py took 0.846 seconds
[2024-06-16T06:47:01.035+0000] {processor.py:161} INFO - Started process (PID=9950) to work on /opt/airflow/dags/rand.py
[2024-06-16T06:47:01.036+0000] {processor.py:830} INFO - Processing file /opt/airflow/dags/rand.py for tasks to queue
[2024-06-16T06:47:01.038+0000] {logging_mixin.py:188} INFO - [2024-06-16T06:47:01.037+0000] {dagbag.py:545} INFO - Filling up the DagBag from /opt/airflow/dags/rand.py
[2024-06-16T06:47:03.338+0000] {processor.py:840} INFO - DAG(s) 'rand_request' retrieved from /opt/airflow/dags/rand.py
[2024-06-16T06:47:05.058+0000] {logging_mixin.py:188} INFO - [2024-06-16T06:47:05.058+0000] {dag.py:3096} INFO - Sync 1 DAGs
[2024-06-16T06:47:07.167+0000] {logging_mixin.py:188} INFO - [2024-06-16T06:47:07.166+0000] {dag.py:3954} INFO - Setting next_dagrun for rand_request to 2024-06-16 06:05:00+00:00, run_after=2024-06-16 07:05:00+00:00
[2024-06-16T06:47:08.808+0000] {processor.py:183} INFO - Processing /opt/airflow/dags/rand.py took 7.785 seconds
[2024-06-16T06:47:58.963+0000] {processor.py:161} INFO - Started process (PID=9993) to work on /opt/airflow/dags/rand.py
[2024-06-16T06:47:58.965+0000] {processor.py:830} INFO - Processing file /opt/airflow/dags/rand.py for tasks to queue
[2024-06-16T06:47:58.966+0000] {logging_mixin.py:188} INFO - [2024-06-16T06:47:58.966+0000] {dagbag.py:545} INFO - Filling up the DagBag from /opt/airflow/dags/rand.py
[2024-06-16T06:48:05.887+0000] {processor.py:840} INFO - DAG(s) 'rand_request' retrieved from /opt/airflow/dags/rand.py
[2024-06-16T06:48:06.222+0000] {logging_mixin.py:188} INFO - [2024-06-16T06:48:06.221+0000] {dag.py:3096} INFO - Sync 1 DAGs
[2024-06-16T06:48:06.252+0000] {logging_mixin.py:188} INFO - [2024-06-16T06:48:06.251+0000] {dag.py:3954} INFO - Setting next_dagrun for rand_request to 2024-06-16 06:05:00+00:00, run_after=2024-06-16 07:05:00+00:00
[2024-06-16T06:48:06.414+0000] {processor.py:183} INFO - Processing /opt/airflow/dags/rand.py took 7.459 seconds
[2024-06-16T06:48:37.135+0000] {processor.py:161} INFO - Started process (PID=10029) to work on /opt/airflow/dags/rand.py
[2024-06-16T06:48:37.137+0000] {processor.py:830} INFO - Processing file /opt/airflow/dags/rand.py for tasks to queue
[2024-06-16T06:48:37.139+0000] {logging_mixin.py:188} INFO - [2024-06-16T06:48:37.138+0000] {dagbag.py:545} INFO - Filling up the DagBag from /opt/airflow/dags/rand.py
[2024-06-16T06:48:37.838+0000] {processor.py:840} INFO - DAG(s) 'rand_request' retrieved from /opt/airflow/dags/rand.py
[2024-06-16T06:48:38.005+0000] {logging_mixin.py:188} INFO - [2024-06-16T06:48:38.004+0000] {dag.py:3096} INFO - Sync 1 DAGs
[2024-06-16T06:48:38.065+0000] {logging_mixin.py:188} INFO - [2024-06-16T06:48:38.065+0000] {dag.py:3954} INFO - Setting next_dagrun for rand_request to 2024-06-16 06:05:00+00:00, run_after=2024-06-16 07:05:00+00:00
[2024-06-16T06:48:38.303+0000] {processor.py:183} INFO - Processing /opt/airflow/dags/rand.py took 1.182 seconds
[2024-06-16T06:49:08.437+0000] {processor.py:161} INFO - Started process (PID=10069) to work on /opt/airflow/dags/rand.py
[2024-06-16T06:49:08.439+0000] {processor.py:830} INFO - Processing file /opt/airflow/dags/rand.py for tasks to queue
[2024-06-16T06:49:08.441+0000] {logging_mixin.py:188} INFO - [2024-06-16T06:49:08.441+0000] {dagbag.py:545} INFO - Filling up the DagBag from /opt/airflow/dags/rand.py
[2024-06-16T06:49:09.318+0000] {processor.py:840} INFO - DAG(s) 'rand_request' retrieved from /opt/airflow/dags/rand.py
[2024-06-16T06:49:09.440+0000] {logging_mixin.py:188} INFO - [2024-06-16T06:49:09.440+0000] {dag.py:3096} INFO - Sync 1 DAGs
[2024-06-16T06:49:09.508+0000] {logging_mixin.py:188} INFO - [2024-06-16T06:49:09.508+0000] {dag.py:3954} INFO - Setting next_dagrun for rand_request to 2024-06-16 06:05:00+00:00, run_after=2024-06-16 07:05:00+00:00
[2024-06-16T06:49:09.889+0000] {processor.py:183} INFO - Processing /opt/airflow/dags/rand.py took 1.467 seconds
[2024-06-16T06:49:40.045+0000] {processor.py:161} INFO - Started process (PID=10110) to work on /opt/airflow/dags/rand.py
[2024-06-16T06:49:40.047+0000] {processor.py:830} INFO - Processing file /opt/airflow/dags/rand.py for tasks to queue
[2024-06-16T06:49:40.048+0000] {logging_mixin.py:188} INFO - [2024-06-16T06:49:40.048+0000] {dagbag.py:545} INFO - Filling up the DagBag from /opt/airflow/dags/rand.py
[2024-06-16T06:49:40.604+0000] {processor.py:840} INFO - DAG(s) 'rand_request' retrieved from /opt/airflow/dags/rand.py
[2024-06-16T06:49:40.646+0000] {logging_mixin.py:188} INFO - [2024-06-16T06:49:40.645+0000] {dag.py:3096} INFO - Sync 1 DAGs
[2024-06-16T06:49:40.694+0000] {logging_mixin.py:188} INFO - [2024-06-16T06:49:40.694+0000] {dag.py:3954} INFO - Setting next_dagrun for rand_request to 2024-06-16 06:05:00+00:00, run_after=2024-06-16 07:05:00+00:00
[2024-06-16T06:49:40.785+0000] {processor.py:183} INFO - Processing /opt/airflow/dags/rand.py took 0.753 seconds
[2024-06-16T06:50:11.385+0000] {processor.py:161} INFO - Started process (PID=10151) to work on /opt/airflow/dags/rand.py
[2024-06-16T06:50:11.387+0000] {processor.py:830} INFO - Processing file /opt/airflow/dags/rand.py for tasks to queue
[2024-06-16T06:50:11.389+0000] {logging_mixin.py:188} INFO - [2024-06-16T06:50:11.389+0000] {dagbag.py:545} INFO - Filling up the DagBag from /opt/airflow/dags/rand.py
[2024-06-16T06:50:11.945+0000] {processor.py:840} INFO - DAG(s) 'rand_request' retrieved from /opt/airflow/dags/rand.py
[2024-06-16T06:50:11.983+0000] {logging_mixin.py:188} INFO - [2024-06-16T06:50:11.983+0000] {dag.py:3096} INFO - Sync 1 DAGs
[2024-06-16T06:50:12.024+0000] {logging_mixin.py:188} INFO - [2024-06-16T06:50:12.023+0000] {dag.py:3954} INFO - Setting next_dagrun for rand_request to 2024-06-16 06:05:00+00:00, run_after=2024-06-16 07:05:00+00:00
[2024-06-16T06:50:12.120+0000] {processor.py:183} INFO - Processing /opt/airflow/dags/rand.py took 0.745 seconds
[2024-06-16T06:50:42.199+0000] {processor.py:161} INFO - Started process (PID=10191) to work on /opt/airflow/dags/rand.py
[2024-06-16T06:50:42.201+0000] {processor.py:830} INFO - Processing file /opt/airflow/dags/rand.py for tasks to queue
[2024-06-16T06:50:42.202+0000] {logging_mixin.py:188} INFO - [2024-06-16T06:50:42.202+0000] {dagbag.py:545} INFO - Filling up the DagBag from /opt/airflow/dags/rand.py
[2024-06-16T06:50:42.697+0000] {processor.py:840} INFO - DAG(s) 'rand_request' retrieved from /opt/airflow/dags/rand.py
[2024-06-16T06:50:42.734+0000] {logging_mixin.py:188} INFO - [2024-06-16T06:50:42.733+0000] {dag.py:3096} INFO - Sync 1 DAGs
[2024-06-16T06:50:42.774+0000] {logging_mixin.py:188} INFO - [2024-06-16T06:50:42.774+0000] {dag.py:3954} INFO - Setting next_dagrun for rand_request to 2024-06-16 06:05:00+00:00, run_after=2024-06-16 07:05:00+00:00
[2024-06-16T06:50:42.907+0000] {processor.py:183} INFO - Processing /opt/airflow/dags/rand.py took 0.718 seconds
[2024-06-16T06:51:13.127+0000] {processor.py:161} INFO - Started process (PID=10232) to work on /opt/airflow/dags/rand.py
[2024-06-16T06:51:13.152+0000] {processor.py:830} INFO - Processing file /opt/airflow/dags/rand.py for tasks to queue
[2024-06-16T06:51:13.154+0000] {logging_mixin.py:188} INFO - [2024-06-16T06:51:13.153+0000] {dagbag.py:545} INFO - Filling up the DagBag from /opt/airflow/dags/rand.py
[2024-06-16T06:51:14.096+0000] {processor.py:840} INFO - DAG(s) 'rand_request' retrieved from /opt/airflow/dags/rand.py
[2024-06-16T06:51:14.149+0000] {logging_mixin.py:188} INFO - [2024-06-16T06:51:14.148+0000] {dag.py:3096} INFO - Sync 1 DAGs
[2024-06-16T06:51:14.204+0000] {logging_mixin.py:188} INFO - [2024-06-16T06:51:14.203+0000] {dag.py:3954} INFO - Setting next_dagrun for rand_request to 2024-06-16 06:05:00+00:00, run_after=2024-06-16 07:05:00+00:00
[2024-06-16T06:51:14.470+0000] {processor.py:183} INFO - Processing /opt/airflow/dags/rand.py took 1.354 seconds
[2024-06-16T06:51:45.371+0000] {processor.py:161} INFO - Started process (PID=10272) to work on /opt/airflow/dags/rand.py
[2024-06-16T06:51:45.373+0000] {processor.py:830} INFO - Processing file /opt/airflow/dags/rand.py for tasks to queue
[2024-06-16T06:51:45.377+0000] {logging_mixin.py:188} INFO - [2024-06-16T06:51:45.375+0000] {dagbag.py:545} INFO - Filling up the DagBag from /opt/airflow/dags/rand.py
[2024-06-16T06:51:46.428+0000] {processor.py:840} INFO - DAG(s) 'rand_request' retrieved from /opt/airflow/dags/rand.py
[2024-06-16T06:51:46.510+0000] {logging_mixin.py:188} INFO - [2024-06-16T06:51:46.508+0000] {dag.py:3096} INFO - Sync 1 DAGs
[2024-06-16T06:51:46.578+0000] {logging_mixin.py:188} INFO - [2024-06-16T06:51:46.577+0000] {dag.py:3954} INFO - Setting next_dagrun for rand_request to 2024-06-16 06:05:00+00:00, run_after=2024-06-16 07:05:00+00:00
[2024-06-16T06:51:47.309+0000] {processor.py:183} INFO - Processing /opt/airflow/dags/rand.py took 1.952 seconds
[2024-06-16T06:52:18.034+0000] {processor.py:161} INFO - Started process (PID=10314) to work on /opt/airflow/dags/rand.py
[2024-06-16T06:52:18.035+0000] {processor.py:830} INFO - Processing file /opt/airflow/dags/rand.py for tasks to queue
[2024-06-16T06:52:18.037+0000] {logging_mixin.py:188} INFO - [2024-06-16T06:52:18.036+0000] {dagbag.py:545} INFO - Filling up the DagBag from /opt/airflow/dags/rand.py
[2024-06-16T06:52:18.694+0000] {processor.py:840} INFO - DAG(s) 'rand_request' retrieved from /opt/airflow/dags/rand.py
[2024-06-16T06:52:18.752+0000] {logging_mixin.py:188} INFO - [2024-06-16T06:52:18.752+0000] {dag.py:3096} INFO - Sync 1 DAGs
[2024-06-16T06:52:18.799+0000] {logging_mixin.py:188} INFO - [2024-06-16T06:52:18.799+0000] {dag.py:3954} INFO - Setting next_dagrun for rand_request to 2024-06-16 06:05:00+00:00, run_after=2024-06-16 07:05:00+00:00
[2024-06-16T06:52:18.899+0000] {processor.py:183} INFO - Processing /opt/airflow/dags/rand.py took 0.879 seconds
[2024-06-16T06:52:49.165+0000] {processor.py:161} INFO - Started process (PID=10354) to work on /opt/airflow/dags/rand.py
[2024-06-16T06:52:49.167+0000] {processor.py:830} INFO - Processing file /opt/airflow/dags/rand.py for tasks to queue
[2024-06-16T06:52:49.169+0000] {logging_mixin.py:188} INFO - [2024-06-16T06:52:49.168+0000] {dagbag.py:545} INFO - Filling up the DagBag from /opt/airflow/dags/rand.py
[2024-06-16T06:52:50.018+0000] {processor.py:840} INFO - DAG(s) 'rand_request' retrieved from /opt/airflow/dags/rand.py
[2024-06-16T06:52:50.058+0000] {logging_mixin.py:188} INFO - [2024-06-16T06:52:50.057+0000] {dag.py:3096} INFO - Sync 1 DAGs
[2024-06-16T06:52:50.112+0000] {logging_mixin.py:188} INFO - [2024-06-16T06:52:50.112+0000] {dag.py:3954} INFO - Setting next_dagrun for rand_request to 2024-06-16 06:05:00+00:00, run_after=2024-06-16 07:05:00+00:00
[2024-06-16T06:52:50.251+0000] {processor.py:183} INFO - Processing /opt/airflow/dags/rand.py took 1.096 seconds
[2024-06-16T06:53:20.373+0000] {processor.py:161} INFO - Started process (PID=10394) to work on /opt/airflow/dags/rand.py
[2024-06-16T06:53:20.374+0000] {processor.py:830} INFO - Processing file /opt/airflow/dags/rand.py for tasks to queue
[2024-06-16T06:53:20.376+0000] {logging_mixin.py:188} INFO - [2024-06-16T06:53:20.375+0000] {dagbag.py:545} INFO - Filling up the DagBag from /opt/airflow/dags/rand.py
[2024-06-16T06:53:20.905+0000] {processor.py:840} INFO - DAG(s) 'rand_request' retrieved from /opt/airflow/dags/rand.py
[2024-06-16T06:53:20.940+0000] {logging_mixin.py:188} INFO - [2024-06-16T06:53:20.939+0000] {dag.py:3096} INFO - Sync 1 DAGs
[2024-06-16T06:53:20.971+0000] {logging_mixin.py:188} INFO - [2024-06-16T06:53:20.971+0000] {dag.py:3954} INFO - Setting next_dagrun for rand_request to 2024-06-16 06:05:00+00:00, run_after=2024-06-16 07:05:00+00:00
[2024-06-16T06:53:21.074+0000] {processor.py:183} INFO - Processing /opt/airflow/dags/rand.py took 0.710 seconds
[2024-06-16T06:53:51.330+0000] {processor.py:161} INFO - Started process (PID=10434) to work on /opt/airflow/dags/rand.py
[2024-06-16T06:53:51.331+0000] {processor.py:830} INFO - Processing file /opt/airflow/dags/rand.py for tasks to queue
[2024-06-16T06:53:51.333+0000] {logging_mixin.py:188} INFO - [2024-06-16T06:53:51.332+0000] {dagbag.py:545} INFO - Filling up the DagBag from /opt/airflow/dags/rand.py
[2024-06-16T06:53:51.885+0000] {processor.py:840} INFO - DAG(s) 'rand_request' retrieved from /opt/airflow/dags/rand.py
[2024-06-16T06:53:51.974+0000] {logging_mixin.py:188} INFO - [2024-06-16T06:53:51.973+0000] {dag.py:3096} INFO - Sync 1 DAGs
[2024-06-16T06:53:52.022+0000] {logging_mixin.py:188} INFO - [2024-06-16T06:53:52.022+0000] {dag.py:3954} INFO - Setting next_dagrun for rand_request to 2024-06-16 06:05:00+00:00, run_after=2024-06-16 07:05:00+00:00
[2024-06-16T06:53:52.123+0000] {processor.py:183} INFO - Processing /opt/airflow/dags/rand.py took 0.804 seconds
[2024-06-16T06:54:22.512+0000] {processor.py:161} INFO - Started process (PID=10479) to work on /opt/airflow/dags/rand.py
[2024-06-16T06:54:22.513+0000] {processor.py:830} INFO - Processing file /opt/airflow/dags/rand.py for tasks to queue
[2024-06-16T06:54:22.514+0000] {logging_mixin.py:188} INFO - [2024-06-16T06:54:22.514+0000] {dagbag.py:545} INFO - Filling up the DagBag from /opt/airflow/dags/rand.py
[2024-06-16T06:54:23.035+0000] {processor.py:840} INFO - DAG(s) 'rand_request' retrieved from /opt/airflow/dags/rand.py
[2024-06-16T06:54:23.065+0000] {logging_mixin.py:188} INFO - [2024-06-16T06:54:23.064+0000] {dag.py:3096} INFO - Sync 1 DAGs
[2024-06-16T06:54:23.108+0000] {logging_mixin.py:188} INFO - [2024-06-16T06:54:23.108+0000] {dag.py:3954} INFO - Setting next_dagrun for rand_request to 2024-06-16 06:05:00+00:00, run_after=2024-06-16 07:05:00+00:00
[2024-06-16T06:54:23.210+0000] {processor.py:183} INFO - Processing /opt/airflow/dags/rand.py took 0.712 seconds
[2024-06-16T06:54:54.165+0000] {processor.py:161} INFO - Started process (PID=10524) to work on /opt/airflow/dags/rand.py
[2024-06-16T06:54:54.167+0000] {processor.py:830} INFO - Processing file /opt/airflow/dags/rand.py for tasks to queue
[2024-06-16T06:54:54.169+0000] {logging_mixin.py:188} INFO - [2024-06-16T06:54:54.168+0000] {dagbag.py:545} INFO - Filling up the DagBag from /opt/airflow/dags/rand.py
[2024-06-16T06:54:54.718+0000] {processor.py:840} INFO - DAG(s) 'rand_request' retrieved from /opt/airflow/dags/rand.py
[2024-06-16T06:54:54.752+0000] {logging_mixin.py:188} INFO - [2024-06-16T06:54:54.751+0000] {dag.py:3096} INFO - Sync 1 DAGs
[2024-06-16T06:54:54.788+0000] {logging_mixin.py:188} INFO - [2024-06-16T06:54:54.788+0000] {dag.py:3954} INFO - Setting next_dagrun for rand_request to 2024-06-16 06:05:00+00:00, run_after=2024-06-16 07:05:00+00:00
[2024-06-16T06:54:55.040+0000] {processor.py:183} INFO - Processing /opt/airflow/dags/rand.py took 0.888 seconds
[2024-06-16T06:55:25.833+0000] {processor.py:161} INFO - Started process (PID=10594) to work on /opt/airflow/dags/rand.py
[2024-06-16T06:55:25.834+0000] {processor.py:830} INFO - Processing file /opt/airflow/dags/rand.py for tasks to queue
[2024-06-16T06:55:25.836+0000] {logging_mixin.py:188} INFO - [2024-06-16T06:55:25.835+0000] {dagbag.py:545} INFO - Filling up the DagBag from /opt/airflow/dags/rand.py
[2024-06-16T06:55:26.291+0000] {processor.py:840} INFO - DAG(s) 'rand_request' retrieved from /opt/airflow/dags/rand.py
[2024-06-16T06:55:26.326+0000] {logging_mixin.py:188} INFO - [2024-06-16T06:55:26.326+0000] {dag.py:3096} INFO - Sync 1 DAGs
[2024-06-16T06:55:26.359+0000] {logging_mixin.py:188} INFO - [2024-06-16T06:55:26.359+0000] {dag.py:3954} INFO - Setting next_dagrun for rand_request to 2024-06-16 06:05:00+00:00, run_after=2024-06-16 07:05:00+00:00
[2024-06-16T06:55:26.459+0000] {processor.py:183} INFO - Processing /opt/airflow/dags/rand.py took 0.639 seconds
[2024-06-16T06:55:56.951+0000] {processor.py:161} INFO - Started process (PID=10646) to work on /opt/airflow/dags/rand.py
[2024-06-16T06:55:56.956+0000] {processor.py:830} INFO - Processing file /opt/airflow/dags/rand.py for tasks to queue
[2024-06-16T06:55:56.960+0000] {logging_mixin.py:188} INFO - [2024-06-16T06:55:56.959+0000] {dagbag.py:545} INFO - Filling up the DagBag from /opt/airflow/dags/rand.py
[2024-06-16T06:55:57.537+0000] {processor.py:840} INFO - DAG(s) 'rand_request' retrieved from /opt/airflow/dags/rand.py
[2024-06-16T06:55:57.574+0000] {logging_mixin.py:188} INFO - [2024-06-16T06:55:57.573+0000] {dag.py:3096} INFO - Sync 1 DAGs
[2024-06-16T06:55:57.615+0000] {logging_mixin.py:188} INFO - [2024-06-16T06:55:57.614+0000] {dag.py:3954} INFO - Setting next_dagrun for rand_request to 2024-06-16 06:05:00+00:00, run_after=2024-06-16 07:05:00+00:00
[2024-06-16T06:55:57.730+0000] {processor.py:183} INFO - Processing /opt/airflow/dags/rand.py took 0.794 seconds
[2024-06-16T06:56:28.136+0000] {processor.py:161} INFO - Started process (PID=10686) to work on /opt/airflow/dags/rand.py
[2024-06-16T06:56:28.137+0000] {processor.py:830} INFO - Processing file /opt/airflow/dags/rand.py for tasks to queue
[2024-06-16T06:56:28.139+0000] {logging_mixin.py:188} INFO - [2024-06-16T06:56:28.138+0000] {dagbag.py:545} INFO - Filling up the DagBag from /opt/airflow/dags/rand.py
[2024-06-16T06:56:28.649+0000] {processor.py:840} INFO - DAG(s) 'rand_request' retrieved from /opt/airflow/dags/rand.py
[2024-06-16T06:56:28.682+0000] {logging_mixin.py:188} INFO - [2024-06-16T06:56:28.681+0000] {dag.py:3096} INFO - Sync 1 DAGs
[2024-06-16T06:56:28.719+0000] {logging_mixin.py:188} INFO - [2024-06-16T06:56:28.718+0000] {dag.py:3954} INFO - Setting next_dagrun for rand_request to 2024-06-16 06:05:00+00:00, run_after=2024-06-16 07:05:00+00:00
[2024-06-16T06:56:28.862+0000] {processor.py:183} INFO - Processing /opt/airflow/dags/rand.py took 0.734 seconds
[2024-06-16T06:56:59.746+0000] {processor.py:161} INFO - Started process (PID=10732) to work on /opt/airflow/dags/rand.py
[2024-06-16T06:56:59.752+0000] {processor.py:830} INFO - Processing file /opt/airflow/dags/rand.py for tasks to queue
[2024-06-16T06:56:59.754+0000] {logging_mixin.py:188} INFO - [2024-06-16T06:56:59.754+0000] {dagbag.py:545} INFO - Filling up the DagBag from /opt/airflow/dags/rand.py
[2024-06-16T06:57:00.743+0000] {processor.py:840} INFO - DAG(s) 'rand_request' retrieved from /opt/airflow/dags/rand.py
[2024-06-16T06:57:00.848+0000] {logging_mixin.py:188} INFO - [2024-06-16T06:57:00.847+0000] {dag.py:3096} INFO - Sync 1 DAGs
[2024-06-16T06:57:00.915+0000] {logging_mixin.py:188} INFO - [2024-06-16T06:57:00.914+0000] {dag.py:3954} INFO - Setting next_dagrun for rand_request to 2024-06-16 06:05:00+00:00, run_after=2024-06-16 07:05:00+00:00
[2024-06-16T06:57:01.282+0000] {processor.py:183} INFO - Processing /opt/airflow/dags/rand.py took 1.546 seconds
[2024-06-16T06:57:31.525+0000] {processor.py:161} INFO - Started process (PID=10772) to work on /opt/airflow/dags/rand.py
[2024-06-16T06:57:31.563+0000] {processor.py:830} INFO - Processing file /opt/airflow/dags/rand.py for tasks to queue
[2024-06-16T06:57:31.572+0000] {logging_mixin.py:188} INFO - [2024-06-16T06:57:31.571+0000] {dagbag.py:545} INFO - Filling up the DagBag from /opt/airflow/dags/rand.py
[2024-06-16T06:57:32.463+0000] {processor.py:840} INFO - DAG(s) 'rand_request' retrieved from /opt/airflow/dags/rand.py
[2024-06-16T06:57:32.543+0000] {logging_mixin.py:188} INFO - [2024-06-16T06:57:32.542+0000] {dag.py:3096} INFO - Sync 1 DAGs
[2024-06-16T06:57:32.631+0000] {logging_mixin.py:188} INFO - [2024-06-16T06:57:32.631+0000] {dag.py:3954} INFO - Setting next_dagrun for rand_request to 2024-06-16 06:05:00+00:00, run_after=2024-06-16 07:05:00+00:00
[2024-06-16T06:57:32.990+0000] {processor.py:183} INFO - Processing /opt/airflow/dags/rand.py took 1.481 seconds
[2024-06-16T06:58:03.384+0000] {processor.py:161} INFO - Started process (PID=10812) to work on /opt/airflow/dags/rand.py
[2024-06-16T06:58:03.386+0000] {processor.py:830} INFO - Processing file /opt/airflow/dags/rand.py for tasks to queue
[2024-06-16T06:58:03.387+0000] {logging_mixin.py:188} INFO - [2024-06-16T06:58:03.387+0000] {dagbag.py:545} INFO - Filling up the DagBag from /opt/airflow/dags/rand.py
[2024-06-16T06:58:03.881+0000] {processor.py:840} INFO - DAG(s) 'rand_request' retrieved from /opt/airflow/dags/rand.py
[2024-06-16T06:58:03.915+0000] {logging_mixin.py:188} INFO - [2024-06-16T06:58:03.915+0000] {dag.py:3096} INFO - Sync 1 DAGs
[2024-06-16T06:58:03.949+0000] {logging_mixin.py:188} INFO - [2024-06-16T06:58:03.949+0000] {dag.py:3954} INFO - Setting next_dagrun for rand_request to 2024-06-16 06:05:00+00:00, run_after=2024-06-16 07:05:00+00:00
[2024-06-16T06:58:04.181+0000] {processor.py:183} INFO - Processing /opt/airflow/dags/rand.py took 0.806 seconds
[2024-06-16T06:58:34.369+0000] {processor.py:161} INFO - Started process (PID=10857) to work on /opt/airflow/dags/rand.py
[2024-06-16T06:58:34.371+0000] {processor.py:830} INFO - Processing file /opt/airflow/dags/rand.py for tasks to queue
[2024-06-16T06:58:34.373+0000] {logging_mixin.py:188} INFO - [2024-06-16T06:58:34.372+0000] {dagbag.py:545} INFO - Filling up the DagBag from /opt/airflow/dags/rand.py
[2024-06-16T06:58:34.789+0000] {processor.py:840} INFO - DAG(s) 'rand_request' retrieved from /opt/airflow/dags/rand.py
[2024-06-16T06:58:34.819+0000] {logging_mixin.py:188} INFO - [2024-06-16T06:58:34.819+0000] {dag.py:3096} INFO - Sync 1 DAGs
[2024-06-16T06:58:34.848+0000] {logging_mixin.py:188} INFO - [2024-06-16T06:58:34.848+0000] {dag.py:3954} INFO - Setting next_dagrun for rand_request to 2024-06-16 06:05:00+00:00, run_after=2024-06-16 07:05:00+00:00
[2024-06-16T06:58:35.448+0000] {processor.py:183} INFO - Processing /opt/airflow/dags/rand.py took 1.090 seconds
[2024-06-16T06:59:05.822+0000] {processor.py:161} INFO - Started process (PID=10902) to work on /opt/airflow/dags/rand.py
[2024-06-16T06:59:05.824+0000] {processor.py:830} INFO - Processing file /opt/airflow/dags/rand.py for tasks to queue
[2024-06-16T06:59:05.825+0000] {logging_mixin.py:188} INFO - [2024-06-16T06:59:05.825+0000] {dagbag.py:545} INFO - Filling up the DagBag from /opt/airflow/dags/rand.py
[2024-06-16T06:59:06.291+0000] {processor.py:840} INFO - DAG(s) 'rand_request' retrieved from /opt/airflow/dags/rand.py
[2024-06-16T06:59:06.322+0000] {logging_mixin.py:188} INFO - [2024-06-16T06:59:06.322+0000] {dag.py:3096} INFO - Sync 1 DAGs
[2024-06-16T06:59:06.354+0000] {logging_mixin.py:188} INFO - [2024-06-16T06:59:06.354+0000] {dag.py:3954} INFO - Setting next_dagrun for rand_request to 2024-06-16 06:05:00+00:00, run_after=2024-06-16 07:05:00+00:00
[2024-06-16T06:59:06.547+0000] {processor.py:183} INFO - Processing /opt/airflow/dags/rand.py took 0.734 seconds
[2024-06-16T06:59:37.480+0000] {processor.py:161} INFO - Started process (PID=10941) to work on /opt/airflow/dags/rand.py
[2024-06-16T06:59:37.482+0000] {processor.py:830} INFO - Processing file /opt/airflow/dags/rand.py for tasks to queue
[2024-06-16T06:59:37.485+0000] {logging_mixin.py:188} INFO - [2024-06-16T06:59:37.484+0000] {dagbag.py:545} INFO - Filling up the DagBag from /opt/airflow/dags/rand.py
[2024-06-16T06:59:38.090+0000] {processor.py:840} INFO - DAG(s) 'rand_request' retrieved from /opt/airflow/dags/rand.py
[2024-06-16T06:59:38.125+0000] {logging_mixin.py:188} INFO - [2024-06-16T06:59:38.124+0000] {dag.py:3096} INFO - Sync 1 DAGs
[2024-06-16T06:59:38.167+0000] {logging_mixin.py:188} INFO - [2024-06-16T06:59:38.166+0000] {dag.py:3954} INFO - Setting next_dagrun for rand_request to 2024-06-16 06:05:00+00:00, run_after=2024-06-16 07:05:00+00:00
[2024-06-16T06:59:40.107+0000] {processor.py:183} INFO - Processing /opt/airflow/dags/rand.py took 2.635 seconds
[2024-06-16T07:00:11.160+0000] {processor.py:161} INFO - Started process (PID=10981) to work on /opt/airflow/dags/rand.py
[2024-06-16T07:00:11.187+0000] {processor.py:830} INFO - Processing file /opt/airflow/dags/rand.py for tasks to queue
[2024-06-16T07:00:11.211+0000] {logging_mixin.py:188} INFO - [2024-06-16T07:00:11.211+0000] {dagbag.py:545} INFO - Filling up the DagBag from /opt/airflow/dags/rand.py
[2024-06-16T07:00:12.203+0000] {processor.py:840} INFO - DAG(s) 'rand_request' retrieved from /opt/airflow/dags/rand.py
[2024-06-16T07:00:12.275+0000] {logging_mixin.py:188} INFO - [2024-06-16T07:00:12.275+0000] {dag.py:3096} INFO - Sync 1 DAGs
[2024-06-16T07:00:12.324+0000] {logging_mixin.py:188} INFO - [2024-06-16T07:00:12.324+0000] {dag.py:3954} INFO - Setting next_dagrun for rand_request to 2024-06-16 06:05:00+00:00, run_after=2024-06-16 07:05:00+00:00
[2024-06-16T07:00:13.488+0000] {processor.py:183} INFO - Processing /opt/airflow/dags/rand.py took 2.344 seconds
[2024-06-16T07:00:44.781+0000] {processor.py:161} INFO - Started process (PID=11033) to work on /opt/airflow/dags/rand.py
[2024-06-16T07:00:44.783+0000] {processor.py:830} INFO - Processing file /opt/airflow/dags/rand.py for tasks to queue
[2024-06-16T07:00:44.784+0000] {logging_mixin.py:188} INFO - [2024-06-16T07:00:44.784+0000] {dagbag.py:545} INFO - Filling up the DagBag from /opt/airflow/dags/rand.py
[2024-06-16T07:00:45.239+0000] {processor.py:840} INFO - DAG(s) 'rand_request' retrieved from /opt/airflow/dags/rand.py
[2024-06-16T07:00:45.268+0000] {logging_mixin.py:188} INFO - [2024-06-16T07:00:45.268+0000] {dag.py:3096} INFO - Sync 1 DAGs
[2024-06-16T07:00:45.301+0000] {logging_mixin.py:188} INFO - [2024-06-16T07:00:45.301+0000] {dag.py:3954} INFO - Setting next_dagrun for rand_request to 2024-06-16 06:05:00+00:00, run_after=2024-06-16 07:05:00+00:00
[2024-06-16T07:00:45.658+0000] {processor.py:183} INFO - Processing /opt/airflow/dags/rand.py took 0.885 seconds
[2024-06-16T07:01:16.014+0000] {processor.py:161} INFO - Started process (PID=11072) to work on /opt/airflow/dags/rand.py
[2024-06-16T07:01:16.015+0000] {processor.py:830} INFO - Processing file /opt/airflow/dags/rand.py for tasks to queue
[2024-06-16T07:01:16.017+0000] {logging_mixin.py:188} INFO - [2024-06-16T07:01:16.016+0000] {dagbag.py:545} INFO - Filling up the DagBag from /opt/airflow/dags/rand.py
[2024-06-16T07:01:16.455+0000] {processor.py:840} INFO - DAG(s) 'rand_request' retrieved from /opt/airflow/dags/rand.py
[2024-06-16T07:01:16.484+0000] {logging_mixin.py:188} INFO - [2024-06-16T07:01:16.483+0000] {dag.py:3096} INFO - Sync 1 DAGs
[2024-06-16T07:01:16.520+0000] {logging_mixin.py:188} INFO - [2024-06-16T07:01:16.519+0000] {dag.py:3954} INFO - Setting next_dagrun for rand_request to 2024-06-16 06:05:00+00:00, run_after=2024-06-16 07:05:00+00:00
[2024-06-16T07:01:16.913+0000] {processor.py:183} INFO - Processing /opt/airflow/dags/rand.py took 0.910 seconds
[2024-06-16T07:01:56.938+0000] {processor.py:161} INFO - Started process (PID=11107) to work on /opt/airflow/dags/rand.py
[2024-06-16T07:01:56.939+0000] {processor.py:830} INFO - Processing file /opt/airflow/dags/rand.py for tasks to queue
[2024-06-16T07:01:56.941+0000] {logging_mixin.py:188} INFO - [2024-06-16T07:01:56.940+0000] {dagbag.py:545} INFO - Filling up the DagBag from /opt/airflow/dags/rand.py
[2024-06-16T07:02:13.570+0000] {processor.py:840} INFO - DAG(s) 'rand_request' retrieved from /opt/airflow/dags/rand.py
[2024-06-16T07:02:13.630+0000] {logging_mixin.py:188} INFO - [2024-06-16T07:02:13.629+0000] {dag.py:3096} INFO - Sync 1 DAGs
[2024-06-16T07:02:13.719+0000] {logging_mixin.py:188} INFO - [2024-06-16T07:02:13.710+0000] {dag.py:3954} INFO - Setting next_dagrun for rand_request to 2024-06-16 06:05:00+00:00, run_after=2024-06-16 07:05:00+00:00
[2024-06-16T07:02:14.451+0000] {processor.py:183} INFO - Processing /opt/airflow/dags/rand.py took 17.522 seconds
[2024-06-16T07:02:46.807+0000] {processor.py:161} INFO - Started process (PID=11153) to work on /opt/airflow/dags/rand.py
[2024-06-16T07:02:46.810+0000] {processor.py:830} INFO - Processing file /opt/airflow/dags/rand.py for tasks to queue
[2024-06-16T07:02:46.812+0000] {logging_mixin.py:188} INFO - [2024-06-16T07:02:46.812+0000] {dagbag.py:545} INFO - Filling up the DagBag from /opt/airflow/dags/rand.py
[2024-06-16T07:02:47.476+0000] {processor.py:840} INFO - DAG(s) 'rand_request' retrieved from /opt/airflow/dags/rand.py
[2024-06-16T07:02:47.504+0000] {logging_mixin.py:188} INFO - [2024-06-16T07:02:47.504+0000] {dag.py:3096} INFO - Sync 1 DAGs
[2024-06-16T07:02:47.542+0000] {logging_mixin.py:188} INFO - [2024-06-16T07:02:47.542+0000] {dag.py:3954} INFO - Setting next_dagrun for rand_request to 2024-06-16 06:05:00+00:00, run_after=2024-06-16 07:05:00+00:00
[2024-06-16T07:02:48.941+0000] {processor.py:183} INFO - Processing /opt/airflow/dags/rand.py took 2.143 seconds
[2024-06-16T07:03:21.775+0000] {processor.py:161} INFO - Started process (PID=11187) to work on /opt/airflow/dags/rand.py
[2024-06-16T07:03:22.033+0000] {processor.py:830} INFO - Processing file /opt/airflow/dags/rand.py for tasks to queue
[2024-06-16T07:03:22.034+0000] {logging_mixin.py:188} INFO - [2024-06-16T07:03:22.034+0000] {dagbag.py:545} INFO - Filling up the DagBag from /opt/airflow/dags/rand.py
[2024-06-16T07:03:22.928+0000] {processor.py:840} INFO - DAG(s) 'rand_request' retrieved from /opt/airflow/dags/rand.py
[2024-06-16T07:03:23.549+0000] {logging_mixin.py:188} INFO - [2024-06-16T07:03:23.547+0000] {dag.py:3096} INFO - Sync 1 DAGs
[2024-06-16T07:03:23.584+0000] {logging_mixin.py:188} INFO - [2024-06-16T07:03:23.584+0000] {dag.py:3954} INFO - Setting next_dagrun for rand_request to 2024-06-16 06:05:00+00:00, run_after=2024-06-16 07:05:00+00:00
[2024-06-16T07:03:25.261+0000] {processor.py:183} INFO - Processing /opt/airflow/dags/rand.py took 3.498 seconds
[2024-06-16T07:03:55.400+0000] {processor.py:161} INFO - Started process (PID=11231) to work on /opt/airflow/dags/rand.py
[2024-06-16T07:03:55.403+0000] {processor.py:830} INFO - Processing file /opt/airflow/dags/rand.py for tasks to queue
[2024-06-16T07:03:55.406+0000] {logging_mixin.py:188} INFO - [2024-06-16T07:03:55.405+0000] {dagbag.py:545} INFO - Filling up the DagBag from /opt/airflow/dags/rand.py
[2024-06-16T07:03:56.505+0000] {processor.py:840} INFO - DAG(s) 'rand_request' retrieved from /opt/airflow/dags/rand.py
[2024-06-16T07:03:57.061+0000] {logging_mixin.py:188} INFO - [2024-06-16T07:03:57.060+0000] {dag.py:3096} INFO - Sync 1 DAGs
[2024-06-16T07:03:57.101+0000] {logging_mixin.py:188} INFO - [2024-06-16T07:03:57.101+0000] {dag.py:3954} INFO - Setting next_dagrun for rand_request to 2024-06-16 06:05:00+00:00, run_after=2024-06-16 07:05:00+00:00
[2024-06-16T07:03:57.974+0000] {processor.py:183} INFO - Processing /opt/airflow/dags/rand.py took 2.594 seconds
[2024-06-16T07:04:28.098+0000] {processor.py:161} INFO - Started process (PID=11271) to work on /opt/airflow/dags/rand.py
[2024-06-16T07:04:28.100+0000] {processor.py:830} INFO - Processing file /opt/airflow/dags/rand.py for tasks to queue
[2024-06-16T07:04:28.102+0000] {logging_mixin.py:188} INFO - [2024-06-16T07:04:28.101+0000] {dagbag.py:545} INFO - Filling up the DagBag from /opt/airflow/dags/rand.py
[2024-06-16T07:04:28.638+0000] {processor.py:840} INFO - DAG(s) 'rand_request' retrieved from /opt/airflow/dags/rand.py
[2024-06-16T07:04:28.684+0000] {logging_mixin.py:188} INFO - [2024-06-16T07:04:28.684+0000] {dag.py:3096} INFO - Sync 1 DAGs
[2024-06-16T07:04:28.723+0000] {logging_mixin.py:188} INFO - [2024-06-16T07:04:28.722+0000] {dag.py:3954} INFO - Setting next_dagrun for rand_request to 2024-06-16 06:05:00+00:00, run_after=2024-06-16 07:05:00+00:00
[2024-06-16T07:04:29.451+0000] {processor.py:183} INFO - Processing /opt/airflow/dags/rand.py took 1.362 seconds
[2024-06-16T07:05:00.517+0000] {processor.py:161} INFO - Started process (PID=11314) to work on /opt/airflow/dags/rand.py
[2024-06-16T07:05:00.518+0000] {processor.py:830} INFO - Processing file /opt/airflow/dags/rand.py for tasks to queue
[2024-06-16T07:05:00.519+0000] {logging_mixin.py:188} INFO - [2024-06-16T07:05:00.519+0000] {dagbag.py:545} INFO - Filling up the DagBag from /opt/airflow/dags/rand.py
[2024-06-16T07:05:01.116+0000] {processor.py:840} INFO - DAG(s) 'rand_request' retrieved from /opt/airflow/dags/rand.py
[2024-06-16T07:05:01.148+0000] {logging_mixin.py:188} INFO - [2024-06-16T07:05:01.148+0000] {dag.py:3096} INFO - Sync 1 DAGs
[2024-06-16T07:05:01.187+0000] {logging_mixin.py:188} INFO - [2024-06-16T07:05:01.187+0000] {dag.py:3954} INFO - Setting next_dagrun for rand_request to 2024-06-16 06:05:00+00:00, run_after=2024-06-16 07:05:00+00:00
[2024-06-16T07:05:01.379+0000] {processor.py:183} INFO - Processing /opt/airflow/dags/rand.py took 0.871 seconds
[2024-06-16T07:05:32.074+0000] {processor.py:161} INFO - Started process (PID=11360) to work on /opt/airflow/dags/rand.py
[2024-06-16T07:05:32.104+0000] {processor.py:830} INFO - Processing file /opt/airflow/dags/rand.py for tasks to queue
[2024-06-16T07:05:32.139+0000] {logging_mixin.py:188} INFO - [2024-06-16T07:05:32.138+0000] {dagbag.py:545} INFO - Filling up the DagBag from /opt/airflow/dags/rand.py
[2024-06-16T07:05:33.150+0000] {processor.py:840} INFO - DAG(s) 'rand_request' retrieved from /opt/airflow/dags/rand.py
[2024-06-16T07:05:33.218+0000] {logging_mixin.py:188} INFO - [2024-06-16T07:05:33.217+0000] {dag.py:3096} INFO - Sync 1 DAGs
[2024-06-16T07:05:33.262+0000] {logging_mixin.py:188} INFO - [2024-06-16T07:05:33.262+0000] {dag.py:3954} INFO - Setting next_dagrun for rand_request to 2024-06-16 06:05:00+00:00, run_after=2024-06-16 07:05:00+00:00
[2024-06-16T07:05:33.606+0000] {processor.py:183} INFO - Processing /opt/airflow/dags/rand.py took 1.558 seconds
[2024-06-16T07:06:04.156+0000] {processor.py:161} INFO - Started process (PID=11407) to work on /opt/airflow/dags/rand.py
[2024-06-16T07:06:04.158+0000] {processor.py:830} INFO - Processing file /opt/airflow/dags/rand.py for tasks to queue
[2024-06-16T07:06:04.159+0000] {logging_mixin.py:188} INFO - [2024-06-16T07:06:04.158+0000] {dagbag.py:545} INFO - Filling up the DagBag from /opt/airflow/dags/rand.py
[2024-06-16T07:06:04.644+0000] {processor.py:840} INFO - DAG(s) 'rand_request' retrieved from /opt/airflow/dags/rand.py
[2024-06-16T07:06:04.674+0000] {logging_mixin.py:188} INFO - [2024-06-16T07:06:04.674+0000] {dag.py:3096} INFO - Sync 1 DAGs
[2024-06-16T07:06:04.703+0000] {logging_mixin.py:188} INFO - [2024-06-16T07:06:04.703+0000] {dag.py:3954} INFO - Setting next_dagrun for rand_request to 2024-06-16 06:05:00+00:00, run_after=2024-06-16 07:05:00+00:00
[2024-06-16T07:06:06.015+0000] {processor.py:183} INFO - Processing /opt/airflow/dags/rand.py took 1.869 seconds
[2024-06-16T07:06:36.813+0000] {processor.py:161} INFO - Started process (PID=11447) to work on /opt/airflow/dags/rand.py
[2024-06-16T07:06:36.814+0000] {processor.py:830} INFO - Processing file /opt/airflow/dags/rand.py for tasks to queue
[2024-06-16T07:06:36.816+0000] {logging_mixin.py:188} INFO - [2024-06-16T07:06:36.815+0000] {dagbag.py:545} INFO - Filling up the DagBag from /opt/airflow/dags/rand.py
[2024-06-16T07:06:37.411+0000] {processor.py:840} INFO - DAG(s) 'rand_request' retrieved from /opt/airflow/dags/rand.py
[2024-06-16T07:06:37.483+0000] {logging_mixin.py:188} INFO - [2024-06-16T07:06:37.482+0000] {dag.py:3096} INFO - Sync 1 DAGs
[2024-06-16T07:06:37.524+0000] {logging_mixin.py:188} INFO - [2024-06-16T07:06:37.524+0000] {dag.py:3954} INFO - Setting next_dagrun for rand_request to 2024-06-16 06:05:00+00:00, run_after=2024-06-16 07:05:00+00:00
[2024-06-16T07:06:37.813+0000] {processor.py:183} INFO - Processing /opt/airflow/dags/rand.py took 1.009 seconds
[2024-06-16T07:07:11.887+0000] {processor.py:161} INFO - Started process (PID=11503) to work on /opt/airflow/dags/rand.py
[2024-06-16T07:07:11.889+0000] {processor.py:830} INFO - Processing file /opt/airflow/dags/rand.py for tasks to queue
[2024-06-16T07:07:11.893+0000] {logging_mixin.py:188} INFO - [2024-06-16T07:07:11.890+0000] {dagbag.py:545} INFO - Filling up the DagBag from /opt/airflow/dags/rand.py
[2024-06-16T07:07:12.545+0000] {processor.py:840} INFO - DAG(s) 'rand_request' retrieved from /opt/airflow/dags/rand.py
[2024-06-16T07:07:12.587+0000] {logging_mixin.py:188} INFO - [2024-06-16T07:07:12.586+0000] {dag.py:3096} INFO - Sync 1 DAGs
[2024-06-16T07:07:12.635+0000] {logging_mixin.py:188} INFO - [2024-06-16T07:07:12.635+0000] {dag.py:3954} INFO - Setting next_dagrun for rand_request to 2024-06-16 06:05:00+00:00, run_after=2024-06-16 07:05:00+00:00
[2024-06-16T07:07:13.113+0000] {processor.py:183} INFO - Processing /opt/airflow/dags/rand.py took 1.234 seconds
[2024-06-16T07:07:43.624+0000] {processor.py:161} INFO - Started process (PID=11543) to work on /opt/airflow/dags/rand.py
[2024-06-16T07:07:43.625+0000] {processor.py:830} INFO - Processing file /opt/airflow/dags/rand.py for tasks to queue
[2024-06-16T07:07:43.627+0000] {logging_mixin.py:188} INFO - [2024-06-16T07:07:43.627+0000] {dagbag.py:545} INFO - Filling up the DagBag from /opt/airflow/dags/rand.py
[2024-06-16T07:07:44.587+0000] {processor.py:840} INFO - DAG(s) 'rand_request' retrieved from /opt/airflow/dags/rand.py
[2024-06-16T07:07:44.627+0000] {logging_mixin.py:188} INFO - [2024-06-16T07:07:44.626+0000] {dag.py:3096} INFO - Sync 1 DAGs
[2024-06-16T07:07:44.669+0000] {logging_mixin.py:188} INFO - [2024-06-16T07:07:44.668+0000] {dag.py:3954} INFO - Setting next_dagrun for rand_request to 2024-06-16 06:05:00+00:00, run_after=2024-06-16 07:05:00+00:00
[2024-06-16T07:07:45.174+0000] {processor.py:183} INFO - Processing /opt/airflow/dags/rand.py took 1.560 seconds
[2024-06-16T07:08:15.664+0000] {processor.py:161} INFO - Started process (PID=11589) to work on /opt/airflow/dags/rand.py
[2024-06-16T07:08:15.665+0000] {processor.py:830} INFO - Processing file /opt/airflow/dags/rand.py for tasks to queue
[2024-06-16T07:08:15.667+0000] {logging_mixin.py:188} INFO - [2024-06-16T07:08:15.667+0000] {dagbag.py:545} INFO - Filling up the DagBag from /opt/airflow/dags/rand.py
[2024-06-16T07:08:16.294+0000] {processor.py:840} INFO - DAG(s) 'rand_request' retrieved from /opt/airflow/dags/rand.py
[2024-06-16T07:08:16.339+0000] {logging_mixin.py:188} INFO - [2024-06-16T07:08:16.338+0000] {dag.py:3096} INFO - Sync 1 DAGs
[2024-06-16T07:08:16.384+0000] {logging_mixin.py:188} INFO - [2024-06-16T07:08:16.384+0000] {dag.py:3954} INFO - Setting next_dagrun for rand_request to 2024-06-16 06:05:00+00:00, run_after=2024-06-16 07:05:00+00:00
[2024-06-16T07:08:16.570+0000] {processor.py:183} INFO - Processing /opt/airflow/dags/rand.py took 0.917 seconds
[2024-06-16T07:08:47.200+0000] {processor.py:161} INFO - Started process (PID=11641) to work on /opt/airflow/dags/rand.py
[2024-06-16T07:08:47.202+0000] {processor.py:830} INFO - Processing file /opt/airflow/dags/rand.py for tasks to queue
[2024-06-16T07:08:47.203+0000] {logging_mixin.py:188} INFO - [2024-06-16T07:08:47.203+0000] {dagbag.py:545} INFO - Filling up the DagBag from /opt/airflow/dags/rand.py
[2024-06-16T07:08:47.836+0000] {processor.py:840} INFO - DAG(s) 'rand_request' retrieved from /opt/airflow/dags/rand.py
[2024-06-16T07:08:47.867+0000] {logging_mixin.py:188} INFO - [2024-06-16T07:08:47.867+0000] {dag.py:3096} INFO - Sync 1 DAGs
[2024-06-16T07:08:47.901+0000] {logging_mixin.py:188} INFO - [2024-06-16T07:08:47.901+0000] {dag.py:3954} INFO - Setting next_dagrun for rand_request to 2024-06-16 06:05:00+00:00, run_after=2024-06-16 07:05:00+00:00
[2024-06-16T07:08:48.035+0000] {processor.py:183} INFO - Processing /opt/airflow/dags/rand.py took 0.849 seconds
[2024-06-16T07:09:18.293+0000] {processor.py:161} INFO - Started process (PID=11683) to work on /opt/airflow/dags/rand.py
[2024-06-16T07:09:18.294+0000] {processor.py:830} INFO - Processing file /opt/airflow/dags/rand.py for tasks to queue
[2024-06-16T07:09:18.296+0000] {logging_mixin.py:188} INFO - [2024-06-16T07:09:18.295+0000] {dagbag.py:545} INFO - Filling up the DagBag from /opt/airflow/dags/rand.py
[2024-06-16T07:09:18.771+0000] {processor.py:840} INFO - DAG(s) 'rand_request' retrieved from /opt/airflow/dags/rand.py
[2024-06-16T07:09:18.801+0000] {logging_mixin.py:188} INFO - [2024-06-16T07:09:18.801+0000] {dag.py:3096} INFO - Sync 1 DAGs
[2024-06-16T07:09:18.834+0000] {logging_mixin.py:188} INFO - [2024-06-16T07:09:18.834+0000] {dag.py:3954} INFO - Setting next_dagrun for rand_request to 2024-06-16 06:05:00+00:00, run_after=2024-06-16 07:05:00+00:00
[2024-06-16T07:09:18.916+0000] {processor.py:183} INFO - Processing /opt/airflow/dags/rand.py took 0.631 seconds
[2024-06-16T07:09:49.007+0000] {processor.py:161} INFO - Started process (PID=11729) to work on /opt/airflow/dags/rand.py
[2024-06-16T07:09:49.008+0000] {processor.py:830} INFO - Processing file /opt/airflow/dags/rand.py for tasks to queue
[2024-06-16T07:09:49.010+0000] {logging_mixin.py:188} INFO - [2024-06-16T07:09:49.009+0000] {dagbag.py:545} INFO - Filling up the DagBag from /opt/airflow/dags/rand.py
[2024-06-16T07:09:49.486+0000] {processor.py:840} INFO - DAG(s) 'rand_request' retrieved from /opt/airflow/dags/rand.py
[2024-06-16T07:09:49.517+0000] {logging_mixin.py:188} INFO - [2024-06-16T07:09:49.517+0000] {dag.py:3096} INFO - Sync 1 DAGs
[2024-06-16T07:09:49.551+0000] {logging_mixin.py:188} INFO - [2024-06-16T07:09:49.551+0000] {dag.py:3954} INFO - Setting next_dagrun for rand_request to 2024-06-16 06:05:00+00:00, run_after=2024-06-16 07:05:00+00:00
[2024-06-16T07:09:49.675+0000] {processor.py:183} INFO - Processing /opt/airflow/dags/rand.py took 0.677 seconds
[2024-06-16T07:10:20.243+0000] {processor.py:161} INFO - Started process (PID=11777) to work on /opt/airflow/dags/rand.py
[2024-06-16T07:10:20.245+0000] {processor.py:830} INFO - Processing file /opt/airflow/dags/rand.py for tasks to queue
[2024-06-16T07:10:20.246+0000] {logging_mixin.py:188} INFO - [2024-06-16T07:10:20.246+0000] {dagbag.py:545} INFO - Filling up the DagBag from /opt/airflow/dags/rand.py
[2024-06-16T07:10:20.683+0000] {processor.py:840} INFO - DAG(s) 'rand_request' retrieved from /opt/airflow/dags/rand.py
[2024-06-16T07:10:20.720+0000] {logging_mixin.py:188} INFO - [2024-06-16T07:10:20.719+0000] {dag.py:3096} INFO - Sync 1 DAGs
[2024-06-16T07:10:20.752+0000] {logging_mixin.py:188} INFO - [2024-06-16T07:10:20.752+0000] {dag.py:3954} INFO - Setting next_dagrun for rand_request to 2024-06-16 06:05:00+00:00, run_after=2024-06-16 07:05:00+00:00
[2024-06-16T07:10:21.271+0000] {processor.py:183} INFO - Processing /opt/airflow/dags/rand.py took 1.037 seconds
[2024-06-16T07:10:51.561+0000] {processor.py:161} INFO - Started process (PID=11835) to work on /opt/airflow/dags/rand.py
[2024-06-16T07:10:51.564+0000] {processor.py:830} INFO - Processing file /opt/airflow/dags/rand.py for tasks to queue
[2024-06-16T07:10:51.565+0000] {logging_mixin.py:188} INFO - [2024-06-16T07:10:51.564+0000] {dagbag.py:545} INFO - Filling up the DagBag from /opt/airflow/dags/rand.py
[2024-06-16T07:10:52.069+0000] {processor.py:840} INFO - DAG(s) 'rand_request' retrieved from /opt/airflow/dags/rand.py
[2024-06-16T07:10:52.110+0000] {logging_mixin.py:188} INFO - [2024-06-16T07:10:52.108+0000] {dag.py:3096} INFO - Sync 1 DAGs
[2024-06-16T07:10:52.149+0000] {logging_mixin.py:188} INFO - [2024-06-16T07:10:52.149+0000] {dag.py:3954} INFO - Setting next_dagrun for rand_request to 2024-06-16 06:05:00+00:00, run_after=2024-06-16 07:05:00+00:00
[2024-06-16T07:10:52.224+0000] {processor.py:183} INFO - Processing /opt/airflow/dags/rand.py took 0.671 seconds
[2024-06-16T07:11:23.030+0000] {processor.py:161} INFO - Started process (PID=11879) to work on /opt/airflow/dags/rand.py
[2024-06-16T07:11:23.032+0000] {processor.py:830} INFO - Processing file /opt/airflow/dags/rand.py for tasks to queue
[2024-06-16T07:11:23.034+0000] {logging_mixin.py:188} INFO - [2024-06-16T07:11:23.033+0000] {dagbag.py:545} INFO - Filling up the DagBag from /opt/airflow/dags/rand.py
[2024-06-16T07:11:23.903+0000] {processor.py:840} INFO - DAG(s) 'rand_request' retrieved from /opt/airflow/dags/rand.py
[2024-06-16T07:11:23.982+0000] {logging_mixin.py:188} INFO - [2024-06-16T07:11:23.981+0000] {dag.py:3096} INFO - Sync 1 DAGs
[2024-06-16T07:11:24.048+0000] {logging_mixin.py:188} INFO - [2024-06-16T07:11:24.048+0000] {dag.py:3954} INFO - Setting next_dagrun for rand_request to 2024-06-16 06:05:00+00:00, run_after=2024-06-16 07:05:00+00:00
[2024-06-16T07:11:24.184+0000] {processor.py:183} INFO - Processing /opt/airflow/dags/rand.py took 1.180 seconds
[2024-06-16T07:11:54.374+0000] {processor.py:161} INFO - Started process (PID=11926) to work on /opt/airflow/dags/rand.py
[2024-06-16T07:11:54.375+0000] {processor.py:830} INFO - Processing file /opt/airflow/dags/rand.py for tasks to queue
[2024-06-16T07:11:54.377+0000] {logging_mixin.py:188} INFO - [2024-06-16T07:11:54.376+0000] {dagbag.py:545} INFO - Filling up the DagBag from /opt/airflow/dags/rand.py
[2024-06-16T07:11:55.004+0000] {processor.py:840} INFO - DAG(s) 'rand_request' retrieved from /opt/airflow/dags/rand.py
[2024-06-16T07:11:55.140+0000] {logging_mixin.py:188} INFO - [2024-06-16T07:11:55.139+0000] {dag.py:3096} INFO - Sync 1 DAGs
[2024-06-16T07:11:55.303+0000] {logging_mixin.py:188} INFO - [2024-06-16T07:11:55.292+0000] {dag.py:3954} INFO - Setting next_dagrun for rand_request to 2024-06-16 06:05:00+00:00, run_after=2024-06-16 07:05:00+00:00
[2024-06-16T07:11:55.520+0000] {processor.py:183} INFO - Processing /opt/airflow/dags/rand.py took 1.157 seconds
[2024-06-16T07:12:25.823+0000] {processor.py:161} INFO - Started process (PID=11973) to work on /opt/airflow/dags/rand.py
[2024-06-16T07:12:25.825+0000] {processor.py:830} INFO - Processing file /opt/airflow/dags/rand.py for tasks to queue
[2024-06-16T07:12:25.827+0000] {logging_mixin.py:188} INFO - [2024-06-16T07:12:25.826+0000] {dagbag.py:545} INFO - Filling up the DagBag from /opt/airflow/dags/rand.py
[2024-06-16T07:12:26.694+0000] {processor.py:840} INFO - DAG(s) 'rand_request' retrieved from /opt/airflow/dags/rand.py
[2024-06-16T07:12:26.756+0000] {logging_mixin.py:188} INFO - [2024-06-16T07:12:26.756+0000] {dag.py:3096} INFO - Sync 1 DAGs
[2024-06-16T07:12:26.821+0000] {logging_mixin.py:188} INFO - [2024-06-16T07:12:26.820+0000] {dag.py:3954} INFO - Setting next_dagrun for rand_request to 2024-06-16 06:05:00+00:00, run_after=2024-06-16 07:05:00+00:00
[2024-06-16T07:12:27.009+0000] {processor.py:183} INFO - Processing /opt/airflow/dags/rand.py took 1.196 seconds
[2024-06-16T07:12:57.714+0000] {processor.py:161} INFO - Started process (PID=12021) to work on /opt/airflow/dags/rand.py
[2024-06-16T07:12:57.716+0000] {processor.py:830} INFO - Processing file /opt/airflow/dags/rand.py for tasks to queue
[2024-06-16T07:12:57.721+0000] {logging_mixin.py:188} INFO - [2024-06-16T07:12:57.721+0000] {dagbag.py:545} INFO - Filling up the DagBag from /opt/airflow/dags/rand.py
[2024-06-16T07:12:58.502+0000] {processor.py:840} INFO - DAG(s) 'rand_request' retrieved from /opt/airflow/dags/rand.py
[2024-06-16T07:12:58.548+0000] {logging_mixin.py:188} INFO - [2024-06-16T07:12:58.547+0000] {dag.py:3096} INFO - Sync 1 DAGs
[2024-06-16T07:12:58.600+0000] {logging_mixin.py:188} INFO - [2024-06-16T07:12:58.600+0000] {dag.py:3954} INFO - Setting next_dagrun for rand_request to 2024-06-16 06:05:00+00:00, run_after=2024-06-16 07:05:00+00:00
[2024-06-16T07:12:58.704+0000] {processor.py:183} INFO - Processing /opt/airflow/dags/rand.py took 1.003 seconds
[2024-06-16T07:13:29.701+0000] {processor.py:161} INFO - Started process (PID=12072) to work on /opt/airflow/dags/rand.py
[2024-06-16T07:13:29.703+0000] {processor.py:830} INFO - Processing file /opt/airflow/dags/rand.py for tasks to queue
[2024-06-16T07:13:29.705+0000] {logging_mixin.py:188} INFO - [2024-06-16T07:13:29.704+0000] {dagbag.py:545} INFO - Filling up the DagBag from /opt/airflow/dags/rand.py
[2024-06-16T07:13:30.402+0000] {processor.py:840} INFO - DAG(s) 'rand_request' retrieved from /opt/airflow/dags/rand.py
[2024-06-16T07:13:30.448+0000] {logging_mixin.py:188} INFO - [2024-06-16T07:13:30.447+0000] {dag.py:3096} INFO - Sync 1 DAGs
[2024-06-16T07:13:30.497+0000] {logging_mixin.py:188} INFO - [2024-06-16T07:13:30.497+0000] {dag.py:3954} INFO - Setting next_dagrun for rand_request to 2024-06-16 06:05:00+00:00, run_after=2024-06-16 07:05:00+00:00
[2024-06-16T07:13:30.606+0000] {processor.py:183} INFO - Processing /opt/airflow/dags/rand.py took 0.916 seconds
[2024-06-16T07:14:01.014+0000] {processor.py:161} INFO - Started process (PID=12120) to work on /opt/airflow/dags/rand.py
[2024-06-16T07:14:01.015+0000] {processor.py:830} INFO - Processing file /opt/airflow/dags/rand.py for tasks to queue
[2024-06-16T07:14:01.016+0000] {logging_mixin.py:188} INFO - [2024-06-16T07:14:01.016+0000] {dagbag.py:545} INFO - Filling up the DagBag from /opt/airflow/dags/rand.py
[2024-06-16T07:14:01.651+0000] {processor.py:840} INFO - DAG(s) 'rand_request' retrieved from /opt/airflow/dags/rand.py
[2024-06-16T07:14:01.693+0000] {logging_mixin.py:188} INFO - [2024-06-16T07:14:01.692+0000] {dag.py:3096} INFO - Sync 1 DAGs
[2024-06-16T07:14:01.772+0000] {logging_mixin.py:188} INFO - [2024-06-16T07:14:01.772+0000] {dag.py:3954} INFO - Setting next_dagrun for rand_request to 2024-06-16 06:05:00+00:00, run_after=2024-06-16 07:05:00+00:00
[2024-06-16T07:14:02.078+0000] {processor.py:183} INFO - Processing /opt/airflow/dags/rand.py took 1.072 seconds
[2024-06-16T07:14:32.513+0000] {processor.py:161} INFO - Started process (PID=12168) to work on /opt/airflow/dags/rand.py
[2024-06-16T07:14:32.515+0000] {processor.py:830} INFO - Processing file /opt/airflow/dags/rand.py for tasks to queue
[2024-06-16T07:14:32.516+0000] {logging_mixin.py:188} INFO - [2024-06-16T07:14:32.516+0000] {dagbag.py:545} INFO - Filling up the DagBag from /opt/airflow/dags/rand.py
[2024-06-16T07:14:33.012+0000] {processor.py:840} INFO - DAG(s) 'rand_request' retrieved from /opt/airflow/dags/rand.py
[2024-06-16T07:14:33.060+0000] {logging_mixin.py:188} INFO - [2024-06-16T07:14:33.059+0000] {dag.py:3096} INFO - Sync 1 DAGs
[2024-06-16T07:14:33.116+0000] {logging_mixin.py:188} INFO - [2024-06-16T07:14:33.116+0000] {dag.py:3954} INFO - Setting next_dagrun for rand_request to 2024-06-16 06:05:00+00:00, run_after=2024-06-16 07:05:00+00:00
[2024-06-16T07:14:34.629+0000] {processor.py:183} INFO - Processing /opt/airflow/dags/rand.py took 2.126 seconds
[2024-06-16T07:15:05.078+0000] {processor.py:161} INFO - Started process (PID=12216) to work on /opt/airflow/dags/rand.py
[2024-06-16T07:15:05.080+0000] {processor.py:830} INFO - Processing file /opt/airflow/dags/rand.py for tasks to queue
[2024-06-16T07:15:05.082+0000] {logging_mixin.py:188} INFO - [2024-06-16T07:15:05.081+0000] {dagbag.py:545} INFO - Filling up the DagBag from /opt/airflow/dags/rand.py
[2024-06-16T07:15:05.515+0000] {processor.py:840} INFO - DAG(s) 'rand_request' retrieved from /opt/airflow/dags/rand.py
[2024-06-16T07:15:05.546+0000] {logging_mixin.py:188} INFO - [2024-06-16T07:15:05.545+0000] {dag.py:3096} INFO - Sync 1 DAGs
[2024-06-16T07:15:05.588+0000] {logging_mixin.py:188} INFO - [2024-06-16T07:15:05.588+0000] {dag.py:3954} INFO - Setting next_dagrun for rand_request to 2024-06-16 06:05:00+00:00, run_after=2024-06-16 07:05:00+00:00
[2024-06-16T07:15:05.764+0000] {processor.py:183} INFO - Processing /opt/airflow/dags/rand.py took 0.697 seconds
[2024-06-16T07:15:40.087+0000] {processor.py:161} INFO - Started process (PID=12262) to work on /opt/airflow/dags/rand.py
[2024-06-16T07:15:40.275+0000] {processor.py:830} INFO - Processing file /opt/airflow/dags/rand.py for tasks to queue
[2024-06-16T07:15:40.277+0000] {logging_mixin.py:188} INFO - [2024-06-16T07:15:40.277+0000] {dagbag.py:545} INFO - Filling up the DagBag from /opt/airflow/dags/rand.py
[2024-06-16T07:15:40.776+0000] {processor.py:840} INFO - DAG(s) 'rand_request' retrieved from /opt/airflow/dags/rand.py
[2024-06-16T07:15:40.808+0000] {logging_mixin.py:188} INFO - [2024-06-16T07:15:40.808+0000] {dag.py:3096} INFO - Sync 1 DAGs
[2024-06-16T07:15:40.844+0000] {logging_mixin.py:188} INFO - [2024-06-16T07:15:40.844+0000] {dag.py:3954} INFO - Setting next_dagrun for rand_request to 2024-06-16 06:05:00+00:00, run_after=2024-06-16 07:05:00+00:00
[2024-06-16T07:15:42.663+0000] {processor.py:183} INFO - Processing /opt/airflow/dags/rand.py took 2.592 seconds
[2024-06-16T07:16:26.901+0000] {processor.py:161} INFO - Started process (PID=12300) to work on /opt/airflow/dags/rand.py
[2024-06-16T07:16:26.903+0000] {processor.py:830} INFO - Processing file /opt/airflow/dags/rand.py for tasks to queue
[2024-06-16T07:16:26.905+0000] {logging_mixin.py:188} INFO - [2024-06-16T07:16:26.904+0000] {dagbag.py:545} INFO - Filling up the DagBag from /opt/airflow/dags/rand.py
[2024-06-16T07:16:28.560+0000] {processor.py:840} INFO - DAG(s) 'rand_request' retrieved from /opt/airflow/dags/rand.py
[2024-06-16T07:16:28.623+0000] {logging_mixin.py:188} INFO - [2024-06-16T07:16:28.622+0000] {dag.py:3096} INFO - Sync 1 DAGs
[2024-06-16T07:16:28.697+0000] {logging_mixin.py:188} INFO - [2024-06-16T07:16:28.697+0000] {dag.py:3954} INFO - Setting next_dagrun for rand_request to 2024-06-16 06:05:00+00:00, run_after=2024-06-16 07:05:00+00:00
[2024-06-16T07:16:29.045+0000] {processor.py:183} INFO - Processing /opt/airflow/dags/rand.py took 2.179 seconds
[2024-06-16T07:16:59.219+0000] {processor.py:161} INFO - Started process (PID=12349) to work on /opt/airflow/dags/rand.py
[2024-06-16T07:16:59.221+0000] {processor.py:830} INFO - Processing file /opt/airflow/dags/rand.py for tasks to queue
[2024-06-16T07:16:59.223+0000] {logging_mixin.py:188} INFO - [2024-06-16T07:16:59.222+0000] {dagbag.py:545} INFO - Filling up the DagBag from /opt/airflow/dags/rand.py
[2024-06-16T07:16:59.686+0000] {processor.py:840} INFO - DAG(s) 'rand_request' retrieved from /opt/airflow/dags/rand.py
[2024-06-16T07:16:59.719+0000] {logging_mixin.py:188} INFO - [2024-06-16T07:16:59.718+0000] {dag.py:3096} INFO - Sync 1 DAGs
[2024-06-16T07:16:59.751+0000] {logging_mixin.py:188} INFO - [2024-06-16T07:16:59.751+0000] {dag.py:3954} INFO - Setting next_dagrun for rand_request to 2024-06-16 06:05:00+00:00, run_after=2024-06-16 07:05:00+00:00
[2024-06-16T07:16:59.874+0000] {processor.py:183} INFO - Processing /opt/airflow/dags/rand.py took 0.665 seconds
[2024-06-16T07:17:31.762+0000] {processor.py:161} INFO - Started process (PID=12395) to work on /opt/airflow/dags/rand.py
[2024-06-16T07:17:31.763+0000] {processor.py:830} INFO - Processing file /opt/airflow/dags/rand.py for tasks to queue
[2024-06-16T07:17:31.764+0000] {logging_mixin.py:188} INFO - [2024-06-16T07:17:31.764+0000] {dagbag.py:545} INFO - Filling up the DagBag from /opt/airflow/dags/rand.py
[2024-06-16T07:17:32.216+0000] {processor.py:840} INFO - DAG(s) 'rand_request' retrieved from /opt/airflow/dags/rand.py
[2024-06-16T07:17:32.253+0000] {logging_mixin.py:188} INFO - [2024-06-16T07:17:32.253+0000] {dag.py:3096} INFO - Sync 1 DAGs
[2024-06-16T07:17:32.282+0000] {logging_mixin.py:188} INFO - [2024-06-16T07:17:32.282+0000] {dag.py:3954} INFO - Setting next_dagrun for rand_request to 2024-06-16 06:05:00+00:00, run_after=2024-06-16 07:05:00+00:00
[2024-06-16T07:17:36.108+0000] {processor.py:183} INFO - Processing /opt/airflow/dags/rand.py took 4.355 seconds
[2024-06-16T07:18:06.555+0000] {processor.py:161} INFO - Started process (PID=12443) to work on /opt/airflow/dags/rand.py
[2024-06-16T07:18:06.556+0000] {processor.py:830} INFO - Processing file /opt/airflow/dags/rand.py for tasks to queue
[2024-06-16T07:18:06.558+0000] {logging_mixin.py:188} INFO - [2024-06-16T07:18:06.558+0000] {dagbag.py:545} INFO - Filling up the DagBag from /opt/airflow/dags/rand.py
[2024-06-16T07:18:07.098+0000] {processor.py:840} INFO - DAG(s) 'rand_request' retrieved from /opt/airflow/dags/rand.py
[2024-06-16T07:18:07.152+0000] {logging_mixin.py:188} INFO - [2024-06-16T07:18:07.151+0000] {dag.py:3096} INFO - Sync 1 DAGs
[2024-06-16T07:18:07.195+0000] {logging_mixin.py:188} INFO - [2024-06-16T07:18:07.194+0000] {dag.py:3954} INFO - Setting next_dagrun for rand_request to 2024-06-16 06:05:00+00:00, run_after=2024-06-16 07:05:00+00:00
[2024-06-16T07:18:07.482+0000] {processor.py:183} INFO - Processing /opt/airflow/dags/rand.py took 0.936 seconds
[2024-06-16T07:18:39.609+0000] {processor.py:161} INFO - Started process (PID=12489) to work on /opt/airflow/dags/rand.py
[2024-06-16T07:18:39.611+0000] {processor.py:830} INFO - Processing file /opt/airflow/dags/rand.py for tasks to queue
[2024-06-16T07:18:39.613+0000] {logging_mixin.py:188} INFO - [2024-06-16T07:18:39.612+0000] {dagbag.py:545} INFO - Filling up the DagBag from /opt/airflow/dags/rand.py
[2024-06-16T07:18:40.110+0000] {processor.py:840} INFO - DAG(s) 'rand_request' retrieved from /opt/airflow/dags/rand.py
[2024-06-16T07:18:40.145+0000] {logging_mixin.py:188} INFO - [2024-06-16T07:18:40.144+0000] {dag.py:3096} INFO - Sync 1 DAGs
[2024-06-16T07:18:40.185+0000] {logging_mixin.py:188} INFO - [2024-06-16T07:18:40.184+0000] {dag.py:3954} INFO - Setting next_dagrun for rand_request to 2024-06-16 06:05:00+00:00, run_after=2024-06-16 07:05:00+00:00
[2024-06-16T07:18:42.088+0000] {processor.py:183} INFO - Processing /opt/airflow/dags/rand.py took 2.500 seconds
[2024-06-16T07:19:12.769+0000] {processor.py:161} INFO - Started process (PID=12535) to work on /opt/airflow/dags/rand.py
[2024-06-16T07:19:12.770+0000] {processor.py:830} INFO - Processing file /opt/airflow/dags/rand.py for tasks to queue
[2024-06-16T07:19:12.772+0000] {logging_mixin.py:188} INFO - [2024-06-16T07:19:12.772+0000] {dagbag.py:545} INFO - Filling up the DagBag from /opt/airflow/dags/rand.py
[2024-06-16T07:19:13.217+0000] {processor.py:840} INFO - DAG(s) 'rand_request' retrieved from /opt/airflow/dags/rand.py
[2024-06-16T07:19:13.245+0000] {logging_mixin.py:188} INFO - [2024-06-16T07:19:13.245+0000] {dag.py:3096} INFO - Sync 1 DAGs
[2024-06-16T07:19:13.275+0000] {logging_mixin.py:188} INFO - [2024-06-16T07:19:13.275+0000] {dag.py:3954} INFO - Setting next_dagrun for rand_request to 2024-06-16 06:05:00+00:00, run_after=2024-06-16 07:05:00+00:00
[2024-06-16T07:19:14.436+0000] {processor.py:183} INFO - Processing /opt/airflow/dags/rand.py took 1.678 seconds
[2024-06-16T07:19:44.588+0000] {processor.py:161} INFO - Started process (PID=12583) to work on /opt/airflow/dags/rand.py
[2024-06-16T07:19:44.589+0000] {processor.py:830} INFO - Processing file /opt/airflow/dags/rand.py for tasks to queue
[2024-06-16T07:19:44.591+0000] {logging_mixin.py:188} INFO - [2024-06-16T07:19:44.590+0000] {dagbag.py:545} INFO - Filling up the DagBag from /opt/airflow/dags/rand.py
[2024-06-16T07:19:45.027+0000] {processor.py:840} INFO - DAG(s) 'rand_request' retrieved from /opt/airflow/dags/rand.py
[2024-06-16T07:19:45.057+0000] {logging_mixin.py:188} INFO - [2024-06-16T07:19:45.056+0000] {dag.py:3096} INFO - Sync 1 DAGs
[2024-06-16T07:19:45.090+0000] {logging_mixin.py:188} INFO - [2024-06-16T07:19:45.090+0000] {dag.py:3954} INFO - Setting next_dagrun for rand_request to 2024-06-16 06:05:00+00:00, run_after=2024-06-16 07:05:00+00:00
[2024-06-16T07:19:45.319+0000] {processor.py:183} INFO - Processing /opt/airflow/dags/rand.py took 0.740 seconds
