[2024-06-16T06:30:44.097+0000] {processor.py:161} INFO - Started process (PID=8766) to work on /opt/airflow/dags/rand_request_api.py
[2024-06-16T06:30:44.104+0000] {processor.py:830} INFO - Processing file /opt/airflow/dags/rand_request_api.py for tasks to queue
[2024-06-16T06:30:44.107+0000] {logging_mixin.py:188} INFO - [2024-06-16T06:30:44.106+0000] {dagbag.py:545} INFO - Filling up the DagBag from /opt/airflow/dags/rand_request_api.py
[2024-06-16T06:30:47.322+0000] {processor.py:840} INFO - DAG(s) 'ran_info_api' retrieved from /opt/airflow/dags/rand_request_api.py
[2024-06-16T06:30:47.421+0000] {logging_mixin.py:188} INFO - [2024-06-16T06:30:47.421+0000] {dag.py:3096} INFO - Sync 1 DAGs
[2024-06-16T06:30:47.872+0000] {logging_mixin.py:188} INFO - [2024-06-16T06:30:47.872+0000] {dag.py:3954} INFO - Setting next_dagrun for ran_info_api to 2024-06-16 05:05:00+00:00, run_after=2024-06-16 06:05:00+00:00
[2024-06-16T06:30:53.904+0000] {processor.py:183} INFO - Processing /opt/airflow/dags/rand_request_api.py took 9.829 seconds
[2024-06-16T06:31:27.147+0000] {processor.py:161} INFO - Started process (PID=8804) to work on /opt/airflow/dags/rand_request_api.py
[2024-06-16T06:31:27.646+0000] {processor.py:830} INFO - Processing file /opt/airflow/dags/rand_request_api.py for tasks to queue
[2024-06-16T06:31:27.648+0000] {logging_mixin.py:188} INFO - [2024-06-16T06:31:27.647+0000] {dagbag.py:545} INFO - Filling up the DagBag from /opt/airflow/dags/rand_request_api.py
[2024-06-16T06:31:28.538+0000] {processor.py:840} INFO - DAG(s) 'ran_info_api' retrieved from /opt/airflow/dags/rand_request_api.py
[2024-06-16T06:31:28.575+0000] {logging_mixin.py:188} INFO - [2024-06-16T06:31:28.574+0000] {dag.py:3096} INFO - Sync 1 DAGs
[2024-06-16T06:31:28.600+0000] {logging_mixin.py:188} INFO - [2024-06-16T06:31:28.600+0000] {dag.py:3954} INFO - Setting next_dagrun for ran_info_api to 2024-06-16 05:05:00+00:00, run_after=2024-06-16 06:05:00+00:00
[2024-06-16T06:31:39.497+0000] {processor.py:183} INFO - Processing /opt/airflow/dags/rand_request_api.py took 12.358 seconds
[2024-06-16T06:32:12.695+0000] {processor.py:161} INFO - Started process (PID=8846) to work on /opt/airflow/dags/rand_request_api.py
[2024-06-16T06:32:13.178+0000] {processor.py:830} INFO - Processing file /opt/airflow/dags/rand_request_api.py for tasks to queue
[2024-06-16T06:32:13.435+0000] {logging_mixin.py:188} INFO - [2024-06-16T06:32:13.434+0000] {dagbag.py:545} INFO - Filling up the DagBag from /opt/airflow/dags/rand_request_api.py
[2024-06-16T06:32:16.806+0000] {processor.py:840} INFO - DAG(s) 'ran_info_api' retrieved from /opt/airflow/dags/rand_request_api.py
[2024-06-16T06:32:17.091+0000] {logging_mixin.py:188} INFO - [2024-06-16T06:32:17.090+0000] {dag.py:3096} INFO - Sync 1 DAGs
[2024-06-16T06:32:17.119+0000] {logging_mixin.py:188} INFO - [2024-06-16T06:32:17.119+0000] {dag.py:3954} INFO - Setting next_dagrun for ran_info_api to 2024-06-16 05:05:00+00:00, run_after=2024-06-16 06:05:00+00:00
[2024-06-16T06:32:20.527+0000] {processor.py:183} INFO - Processing /opt/airflow/dags/rand_request_api.py took 7.841 seconds
[2024-06-16T06:32:51.183+0000] {processor.py:161} INFO - Started process (PID=8887) to work on /opt/airflow/dags/rand_request_api.py
[2024-06-16T06:32:51.184+0000] {processor.py:830} INFO - Processing file /opt/airflow/dags/rand_request_api.py for tasks to queue
[2024-06-16T06:32:51.185+0000] {logging_mixin.py:188} INFO - [2024-06-16T06:32:51.185+0000] {dagbag.py:545} INFO - Filling up the DagBag from /opt/airflow/dags/rand_request_api.py
[2024-06-16T06:32:52.082+0000] {processor.py:840} INFO - DAG(s) 'ran_info_api' retrieved from /opt/airflow/dags/rand_request_api.py
[2024-06-16T06:32:52.114+0000] {logging_mixin.py:188} INFO - [2024-06-16T06:32:52.114+0000] {dag.py:3096} INFO - Sync 1 DAGs
[2024-06-16T06:32:52.141+0000] {logging_mixin.py:188} INFO - [2024-06-16T06:32:52.141+0000] {dag.py:3954} INFO - Setting next_dagrun for ran_info_api to 2024-06-16 05:05:00+00:00, run_after=2024-06-16 06:05:00+00:00
[2024-06-16T06:32:54.294+0000] {processor.py:183} INFO - Processing /opt/airflow/dags/rand_request_api.py took 3.120 seconds
[2024-06-16T06:33:26.604+0000] {processor.py:161} INFO - Started process (PID=8927) to work on /opt/airflow/dags/rand_request_api.py
[2024-06-16T06:33:26.606+0000] {processor.py:830} INFO - Processing file /opt/airflow/dags/rand_request_api.py for tasks to queue
[2024-06-16T06:33:26.612+0000] {logging_mixin.py:188} INFO - [2024-06-16T06:33:26.612+0000] {dagbag.py:545} INFO - Filling up the DagBag from /opt/airflow/dags/rand_request_api.py
[2024-06-16T06:33:27.943+0000] {processor.py:840} INFO - DAG(s) 'ran_info_api' retrieved from /opt/airflow/dags/rand_request_api.py
[2024-06-16T06:33:28.411+0000] {logging_mixin.py:188} INFO - [2024-06-16T06:33:28.410+0000] {dag.py:3096} INFO - Sync 1 DAGs
[2024-06-16T06:33:28.659+0000] {logging_mixin.py:188} INFO - [2024-06-16T06:33:28.659+0000] {dag.py:3954} INFO - Setting next_dagrun for ran_info_api to 2024-06-16 05:05:00+00:00, run_after=2024-06-16 06:05:00+00:00
[2024-06-16T06:33:36.737+0000] {processor.py:183} INFO - Processing /opt/airflow/dags/rand_request_api.py took 10.175 seconds
[2024-06-16T06:34:10.618+0000] {processor.py:161} INFO - Started process (PID=8964) to work on /opt/airflow/dags/rand_request_api.py
[2024-06-16T06:34:10.621+0000] {processor.py:830} INFO - Processing file /opt/airflow/dags/rand_request_api.py for tasks to queue
[2024-06-16T06:34:10.626+0000] {logging_mixin.py:188} INFO - [2024-06-16T06:34:10.625+0000] {dagbag.py:545} INFO - Filling up the DagBag from /opt/airflow/dags/rand_request_api.py
[2024-06-16T06:34:23.050+0000] {processor.py:840} INFO - DAG(s) 'ran_info_api' retrieved from /opt/airflow/dags/rand_request_api.py
[2024-06-16T06:34:23.502+0000] {logging_mixin.py:188} INFO - [2024-06-16T06:34:23.502+0000] {dag.py:3096} INFO - Sync 1 DAGs
[2024-06-16T06:34:23.905+0000] {logging_mixin.py:188} INFO - [2024-06-16T06:34:23.905+0000] {dag.py:3954} INFO - Setting next_dagrun for ran_info_api to 2024-06-16 05:05:00+00:00, run_after=2024-06-16 06:05:00+00:00
[2024-06-16T06:34:26.630+0000] {processor.py:183} INFO - Processing /opt/airflow/dags/rand_request_api.py took 16.387 seconds
[2024-06-16T06:34:57.731+0000] {processor.py:161} INFO - Started process (PID=9007) to work on /opt/airflow/dags/rand_request_api.py
[2024-06-16T06:34:57.733+0000] {processor.py:830} INFO - Processing file /opt/airflow/dags/rand_request_api.py for tasks to queue
[2024-06-16T06:34:57.734+0000] {logging_mixin.py:188} INFO - [2024-06-16T06:34:57.734+0000] {dagbag.py:545} INFO - Filling up the DagBag from /opt/airflow/dags/rand_request_api.py
[2024-06-16T06:34:58.597+0000] {processor.py:840} INFO - DAG(s) 'ran_info_api' retrieved from /opt/airflow/dags/rand_request_api.py
[2024-06-16T06:34:58.936+0000] {logging_mixin.py:188} INFO - [2024-06-16T06:34:58.935+0000] {dag.py:3096} INFO - Sync 1 DAGs
[2024-06-16T06:34:58.971+0000] {logging_mixin.py:188} INFO - [2024-06-16T06:34:58.971+0000] {dag.py:3954} INFO - Setting next_dagrun for ran_info_api to 2024-06-16 05:05:00+00:00, run_after=2024-06-16 06:05:00+00:00
[2024-06-16T06:35:00.419+0000] {processor.py:183} INFO - Processing /opt/airflow/dags/rand_request_api.py took 2.701 seconds
[2024-06-16T06:35:31.189+0000] {processor.py:161} INFO - Started process (PID=9049) to work on /opt/airflow/dags/rand_request_api.py
[2024-06-16T06:35:31.191+0000] {processor.py:830} INFO - Processing file /opt/airflow/dags/rand_request_api.py for tasks to queue
[2024-06-16T06:35:31.193+0000] {logging_mixin.py:188} INFO - [2024-06-16T06:35:31.192+0000] {dagbag.py:545} INFO - Filling up the DagBag from /opt/airflow/dags/rand_request_api.py
[2024-06-16T06:35:32.475+0000] {processor.py:840} INFO - DAG(s) 'ran_info_api' retrieved from /opt/airflow/dags/rand_request_api.py
[2024-06-16T06:35:32.521+0000] {logging_mixin.py:188} INFO - [2024-06-16T06:35:32.521+0000] {dag.py:3096} INFO - Sync 1 DAGs
[2024-06-16T06:35:32.561+0000] {logging_mixin.py:188} INFO - [2024-06-16T06:35:32.561+0000] {dag.py:3954} INFO - Setting next_dagrun for ran_info_api to 2024-06-16 05:05:00+00:00, run_after=2024-06-16 06:05:00+00:00
[2024-06-16T06:35:33.472+0000] {processor.py:183} INFO - Processing /opt/airflow/dags/rand_request_api.py took 2.295 seconds
[2024-06-16T06:36:07.603+0000] {processor.py:161} INFO - Started process (PID=9087) to work on /opt/airflow/dags/rand_request_api.py
[2024-06-16T06:36:07.882+0000] {processor.py:830} INFO - Processing file /opt/airflow/dags/rand_request_api.py for tasks to queue
[2024-06-16T06:36:07.884+0000] {logging_mixin.py:188} INFO - [2024-06-16T06:36:07.883+0000] {dagbag.py:545} INFO - Filling up the DagBag from /opt/airflow/dags/rand_request_api.py
[2024-06-16T06:36:08.888+0000] {processor.py:840} INFO - DAG(s) 'ran_info_api' retrieved from /opt/airflow/dags/rand_request_api.py
[2024-06-16T06:36:08.925+0000] {logging_mixin.py:188} INFO - [2024-06-16T06:36:08.924+0000] {dag.py:3096} INFO - Sync 1 DAGs
[2024-06-16T06:36:08.954+0000] {logging_mixin.py:188} INFO - [2024-06-16T06:36:08.954+0000] {dag.py:3954} INFO - Setting next_dagrun for ran_info_api to 2024-06-16 05:05:00+00:00, run_after=2024-06-16 06:05:00+00:00
[2024-06-16T06:36:09.470+0000] {processor.py:183} INFO - Processing /opt/airflow/dags/rand_request_api.py took 1.909 seconds
[2024-06-16T06:36:40.289+0000] {processor.py:161} INFO - Started process (PID=9129) to work on /opt/airflow/dags/rand_request_api.py
[2024-06-16T06:36:40.291+0000] {processor.py:830} INFO - Processing file /opt/airflow/dags/rand_request_api.py for tasks to queue
[2024-06-16T06:36:40.293+0000] {logging_mixin.py:188} INFO - [2024-06-16T06:36:40.292+0000] {dagbag.py:545} INFO - Filling up the DagBag from /opt/airflow/dags/rand_request_api.py
[2024-06-16T06:36:40.949+0000] {processor.py:840} INFO - DAG(s) 'ran_info_api' retrieved from /opt/airflow/dags/rand_request_api.py
[2024-06-16T06:36:41.054+0000] {logging_mixin.py:188} INFO - [2024-06-16T06:36:41.054+0000] {dag.py:3096} INFO - Sync 1 DAGs
[2024-06-16T06:36:41.082+0000] {logging_mixin.py:188} INFO - [2024-06-16T06:36:41.081+0000] {dag.py:3954} INFO - Setting next_dagrun for ran_info_api to 2024-06-16 05:05:00+00:00, run_after=2024-06-16 06:05:00+00:00
[2024-06-16T06:36:41.379+0000] {processor.py:183} INFO - Processing /opt/airflow/dags/rand_request_api.py took 1.104 seconds
[2024-06-16T06:37:11.833+0000] {processor.py:161} INFO - Started process (PID=9172) to work on /opt/airflow/dags/rand_request_api.py
[2024-06-16T06:37:11.834+0000] {processor.py:830} INFO - Processing file /opt/airflow/dags/rand_request_api.py for tasks to queue
[2024-06-16T06:37:11.836+0000] {logging_mixin.py:188} INFO - [2024-06-16T06:37:11.835+0000] {dagbag.py:545} INFO - Filling up the DagBag from /opt/airflow/dags/rand_request_api.py
[2024-06-16T06:37:12.740+0000] {processor.py:840} INFO - DAG(s) 'ran_info_api' retrieved from /opt/airflow/dags/rand_request_api.py
[2024-06-16T06:37:12.771+0000] {logging_mixin.py:188} INFO - [2024-06-16T06:37:12.771+0000] {dag.py:3096} INFO - Sync 1 DAGs
[2024-06-16T06:37:12.804+0000] {logging_mixin.py:188} INFO - [2024-06-16T06:37:12.804+0000] {dag.py:3954} INFO - Setting next_dagrun for ran_info_api to 2024-06-16 05:05:00+00:00, run_after=2024-06-16 06:05:00+00:00
[2024-06-16T06:37:14.335+0000] {processor.py:183} INFO - Processing /opt/airflow/dags/rand_request_api.py took 2.511 seconds
[2024-06-16T06:37:44.416+0000] {processor.py:161} INFO - Started process (PID=9217) to work on /opt/airflow/dags/rand_request_api.py
[2024-06-16T06:37:44.418+0000] {processor.py:830} INFO - Processing file /opt/airflow/dags/rand_request_api.py for tasks to queue
[2024-06-16T06:37:44.419+0000] {logging_mixin.py:188} INFO - [2024-06-16T06:37:44.419+0000] {dagbag.py:545} INFO - Filling up the DagBag from /opt/airflow/dags/rand_request_api.py
[2024-06-16T06:37:45.089+0000] {processor.py:840} INFO - DAG(s) 'ran_info_api' retrieved from /opt/airflow/dags/rand_request_api.py
[2024-06-16T06:37:45.136+0000] {logging_mixin.py:188} INFO - [2024-06-16T06:37:45.135+0000] {dag.py:3096} INFO - Sync 1 DAGs
[2024-06-16T06:37:45.175+0000] {logging_mixin.py:188} INFO - [2024-06-16T06:37:45.174+0000] {dag.py:3954} INFO - Setting next_dagrun for ran_info_api to 2024-06-16 05:05:00+00:00, run_after=2024-06-16 06:05:00+00:00
[2024-06-16T06:37:46.521+0000] {processor.py:183} INFO - Processing /opt/airflow/dags/rand_request_api.py took 2.116 seconds
[2024-06-16T06:38:16.734+0000] {processor.py:161} INFO - Started process (PID=9263) to work on /opt/airflow/dags/rand_request_api.py
[2024-06-16T06:38:16.738+0000] {processor.py:830} INFO - Processing file /opt/airflow/dags/rand_request_api.py for tasks to queue
[2024-06-16T06:38:16.739+0000] {logging_mixin.py:188} INFO - [2024-06-16T06:38:16.739+0000] {dagbag.py:545} INFO - Filling up the DagBag from /opt/airflow/dags/rand_request_api.py
[2024-06-16T06:38:17.667+0000] {processor.py:840} INFO - DAG(s) 'ran_info_api' retrieved from /opt/airflow/dags/rand_request_api.py
[2024-06-16T06:38:17.703+0000] {logging_mixin.py:188} INFO - [2024-06-16T06:38:17.702+0000] {dag.py:3096} INFO - Sync 1 DAGs
[2024-06-16T06:38:17.759+0000] {logging_mixin.py:188} INFO - [2024-06-16T06:38:17.758+0000] {dag.py:3954} INFO - Setting next_dagrun for ran_info_api to 2024-06-16 05:05:00+00:00, run_after=2024-06-16 06:05:00+00:00
[2024-06-16T06:38:18.286+0000] {processor.py:183} INFO - Processing /opt/airflow/dags/rand_request_api.py took 1.570 seconds
[2024-06-16T06:38:48.971+0000] {processor.py:161} INFO - Started process (PID=9317) to work on /opt/airflow/dags/rand_request_api.py
[2024-06-16T06:38:48.972+0000] {processor.py:830} INFO - Processing file /opt/airflow/dags/rand_request_api.py for tasks to queue
[2024-06-16T06:38:48.975+0000] {logging_mixin.py:188} INFO - [2024-06-16T06:38:48.974+0000] {dagbag.py:545} INFO - Filling up the DagBag from /opt/airflow/dags/rand_request_api.py
[2024-06-16T06:38:49.852+0000] {processor.py:840} INFO - DAG(s) 'ran_info_api' retrieved from /opt/airflow/dags/rand_request_api.py
[2024-06-16T06:38:49.881+0000] {logging_mixin.py:188} INFO - [2024-06-16T06:38:49.881+0000] {dag.py:3096} INFO - Sync 1 DAGs
[2024-06-16T06:38:49.911+0000] {logging_mixin.py:188} INFO - [2024-06-16T06:38:49.911+0000] {dag.py:3954} INFO - Setting next_dagrun for ran_info_api to 2024-06-16 05:05:00+00:00, run_after=2024-06-16 06:05:00+00:00
[2024-06-16T06:38:50.147+0000] {processor.py:183} INFO - Processing /opt/airflow/dags/rand_request_api.py took 1.184 seconds
[2024-06-16T06:39:20.345+0000] {processor.py:161} INFO - Started process (PID=9366) to work on /opt/airflow/dags/rand_request_api.py
[2024-06-16T06:39:20.347+0000] {processor.py:830} INFO - Processing file /opt/airflow/dags/rand_request_api.py for tasks to queue
[2024-06-16T06:39:20.348+0000] {logging_mixin.py:188} INFO - [2024-06-16T06:39:20.348+0000] {dagbag.py:545} INFO - Filling up the DagBag from /opt/airflow/dags/rand_request_api.py
[2024-06-16T06:39:20.969+0000] {processor.py:840} INFO - DAG(s) 'ran_info_api' retrieved from /opt/airflow/dags/rand_request_api.py
[2024-06-16T06:39:20.994+0000] {logging_mixin.py:188} INFO - [2024-06-16T06:39:20.994+0000] {dag.py:3096} INFO - Sync 1 DAGs
[2024-06-16T06:39:21.027+0000] {logging_mixin.py:188} INFO - [2024-06-16T06:39:21.027+0000] {dag.py:3954} INFO - Setting next_dagrun for ran_info_api to 2024-06-16 05:05:00+00:00, run_after=2024-06-16 06:05:00+00:00
[2024-06-16T06:39:21.563+0000] {processor.py:183} INFO - Processing /opt/airflow/dags/rand_request_api.py took 1.226 seconds
[2024-06-16T06:39:52.361+0000] {processor.py:161} INFO - Started process (PID=9406) to work on /opt/airflow/dags/rand_request_api.py
[2024-06-16T06:39:52.362+0000] {processor.py:830} INFO - Processing file /opt/airflow/dags/rand_request_api.py for tasks to queue
[2024-06-16T06:39:52.365+0000] {logging_mixin.py:188} INFO - [2024-06-16T06:39:52.364+0000] {dagbag.py:545} INFO - Filling up the DagBag from /opt/airflow/dags/rand_request_api.py
[2024-06-16T06:39:53.373+0000] {processor.py:840} INFO - DAG(s) 'ran_info_api' retrieved from /opt/airflow/dags/rand_request_api.py
[2024-06-16T06:39:53.406+0000] {logging_mixin.py:188} INFO - [2024-06-16T06:39:53.405+0000] {dag.py:3096} INFO - Sync 1 DAGs
[2024-06-16T06:39:53.438+0000] {logging_mixin.py:188} INFO - [2024-06-16T06:39:53.438+0000] {dag.py:3954} INFO - Setting next_dagrun for ran_info_api to 2024-06-16 05:05:00+00:00, run_after=2024-06-16 06:05:00+00:00
[2024-06-16T06:39:53.763+0000] {processor.py:183} INFO - Processing /opt/airflow/dags/rand_request_api.py took 1.417 seconds
[2024-06-16T06:40:24.470+0000] {processor.py:161} INFO - Started process (PID=9446) to work on /opt/airflow/dags/rand_request_api.py
[2024-06-16T06:40:24.472+0000] {processor.py:830} INFO - Processing file /opt/airflow/dags/rand_request_api.py for tasks to queue
[2024-06-16T06:40:24.475+0000] {logging_mixin.py:188} INFO - [2024-06-16T06:40:24.474+0000] {dagbag.py:545} INFO - Filling up the DagBag from /opt/airflow/dags/rand_request_api.py
[2024-06-16T06:40:25.898+0000] {processor.py:840} INFO - DAG(s) 'ran_info_api' retrieved from /opt/airflow/dags/rand_request_api.py
[2024-06-16T06:40:25.938+0000] {logging_mixin.py:188} INFO - [2024-06-16T06:40:25.938+0000] {dag.py:3096} INFO - Sync 1 DAGs
[2024-06-16T06:40:25.974+0000] {logging_mixin.py:188} INFO - [2024-06-16T06:40:25.974+0000] {dag.py:3954} INFO - Setting next_dagrun for ran_info_api to 2024-06-16 05:05:00+00:00, run_after=2024-06-16 06:05:00+00:00
[2024-06-16T06:40:26.135+0000] {processor.py:183} INFO - Processing /opt/airflow/dags/rand_request_api.py took 1.684 seconds
[2024-06-16T06:40:56.282+0000] {processor.py:161} INFO - Started process (PID=9487) to work on /opt/airflow/dags/rand_request_api.py
[2024-06-16T06:40:56.284+0000] {processor.py:830} INFO - Processing file /opt/airflow/dags/rand_request_api.py for tasks to queue
[2024-06-16T06:40:56.286+0000] {logging_mixin.py:188} INFO - [2024-06-16T06:40:56.285+0000] {dagbag.py:545} INFO - Filling up the DagBag from /opt/airflow/dags/rand_request_api.py
[2024-06-16T06:40:57.012+0000] {processor.py:840} INFO - DAG(s) 'ran_info_api' retrieved from /opt/airflow/dags/rand_request_api.py
[2024-06-16T06:40:57.038+0000] {logging_mixin.py:188} INFO - [2024-06-16T06:40:57.037+0000] {dag.py:3096} INFO - Sync 1 DAGs
[2024-06-16T06:40:57.070+0000] {logging_mixin.py:188} INFO - [2024-06-16T06:40:57.070+0000] {dag.py:3954} INFO - Setting next_dagrun for ran_info_api to 2024-06-16 05:05:00+00:00, run_after=2024-06-16 06:05:00+00:00
[2024-06-16T06:40:57.225+0000] {processor.py:183} INFO - Processing /opt/airflow/dags/rand_request_api.py took 0.955 seconds
[2024-06-16T06:41:27.418+0000] {processor.py:161} INFO - Started process (PID=9528) to work on /opt/airflow/dags/rand_request_api.py
[2024-06-16T06:41:27.421+0000] {processor.py:830} INFO - Processing file /opt/airflow/dags/rand_request_api.py for tasks to queue
[2024-06-16T06:41:27.422+0000] {logging_mixin.py:188} INFO - [2024-06-16T06:41:27.421+0000] {dagbag.py:545} INFO - Filling up the DagBag from /opt/airflow/dags/rand_request_api.py
[2024-06-16T06:41:28.078+0000] {processor.py:840} INFO - DAG(s) 'ran_info_api' retrieved from /opt/airflow/dags/rand_request_api.py
[2024-06-16T06:41:28.109+0000] {logging_mixin.py:188} INFO - [2024-06-16T06:41:28.109+0000] {dag.py:3096} INFO - Sync 1 DAGs
[2024-06-16T06:41:28.137+0000] {logging_mixin.py:188} INFO - [2024-06-16T06:41:28.137+0000] {dag.py:3954} INFO - Setting next_dagrun for ran_info_api to 2024-06-16 05:05:00+00:00, run_after=2024-06-16 06:05:00+00:00
[2024-06-16T06:41:29.377+0000] {processor.py:183} INFO - Processing /opt/airflow/dags/rand_request_api.py took 1.968 seconds
[2024-06-16T06:42:02.281+0000] {processor.py:161} INFO - Started process (PID=9568) to work on /opt/airflow/dags/rand_request_api.py
[2024-06-16T06:42:02.283+0000] {processor.py:830} INFO - Processing file /opt/airflow/dags/rand_request_api.py for tasks to queue
[2024-06-16T06:42:02.284+0000] {logging_mixin.py:188} INFO - [2024-06-16T06:42:02.284+0000] {dagbag.py:545} INFO - Filling up the DagBag from /opt/airflow/dags/rand_request_api.py
[2024-06-16T06:42:02.937+0000] {processor.py:840} INFO - DAG(s) 'ran_info_api' retrieved from /opt/airflow/dags/rand_request_api.py
[2024-06-16T06:42:02.964+0000] {logging_mixin.py:188} INFO - [2024-06-16T06:42:02.963+0000] {dag.py:3096} INFO - Sync 1 DAGs
[2024-06-16T06:42:02.992+0000] {logging_mixin.py:188} INFO - [2024-06-16T06:42:02.991+0000] {dag.py:3954} INFO - Setting next_dagrun for ran_info_api to 2024-06-16 05:05:00+00:00, run_after=2024-06-16 06:05:00+00:00
[2024-06-16T06:42:03.525+0000] {processor.py:183} INFO - Processing /opt/airflow/dags/rand_request_api.py took 1.254 seconds
[2024-06-16T06:42:33.916+0000] {processor.py:161} INFO - Started process (PID=9608) to work on /opt/airflow/dags/rand_request_api.py
[2024-06-16T06:42:33.918+0000] {processor.py:830} INFO - Processing file /opt/airflow/dags/rand_request_api.py for tasks to queue
[2024-06-16T06:42:33.919+0000] {logging_mixin.py:188} INFO - [2024-06-16T06:42:33.919+0000] {dagbag.py:545} INFO - Filling up the DagBag from /opt/airflow/dags/rand_request_api.py
[2024-06-16T06:42:34.647+0000] {processor.py:840} INFO - DAG(s) 'ran_info_api' retrieved from /opt/airflow/dags/rand_request_api.py
[2024-06-16T06:42:34.671+0000] {logging_mixin.py:188} INFO - [2024-06-16T06:42:34.671+0000] {dag.py:3096} INFO - Sync 1 DAGs
[2024-06-16T06:42:34.701+0000] {logging_mixin.py:188} INFO - [2024-06-16T06:42:34.701+0000] {dag.py:3954} INFO - Setting next_dagrun for ran_info_api to 2024-06-16 05:05:00+00:00, run_after=2024-06-16 06:05:00+00:00
[2024-06-16T06:42:34.801+0000] {processor.py:183} INFO - Processing /opt/airflow/dags/rand_request_api.py took 0.896 seconds
[2024-06-16T06:43:05.261+0000] {processor.py:161} INFO - Started process (PID=9647) to work on /opt/airflow/dags/rand_request_api.py
[2024-06-16T06:43:05.262+0000] {processor.py:830} INFO - Processing file /opt/airflow/dags/rand_request_api.py for tasks to queue
[2024-06-16T06:43:05.264+0000] {logging_mixin.py:188} INFO - [2024-06-16T06:43:05.263+0000] {dagbag.py:545} INFO - Filling up the DagBag from /opt/airflow/dags/rand_request_api.py
[2024-06-16T06:43:05.904+0000] {processor.py:840} INFO - DAG(s) 'ran_info_api' retrieved from /opt/airflow/dags/rand_request_api.py
[2024-06-16T06:43:05.931+0000] {logging_mixin.py:188} INFO - [2024-06-16T06:43:05.931+0000] {dag.py:3096} INFO - Sync 1 DAGs
[2024-06-16T06:43:05.963+0000] {logging_mixin.py:188} INFO - [2024-06-16T06:43:05.962+0000] {dag.py:3954} INFO - Setting next_dagrun for ran_info_api to 2024-06-16 05:05:00+00:00, run_after=2024-06-16 06:05:00+00:00
[2024-06-16T06:43:07.707+0000] {processor.py:183} INFO - Processing /opt/airflow/dags/rand_request_api.py took 2.459 seconds
[2024-06-16T06:43:38.545+0000] {processor.py:161} INFO - Started process (PID=9687) to work on /opt/airflow/dags/rand_request_api.py
[2024-06-16T06:43:38.547+0000] {processor.py:830} INFO - Processing file /opt/airflow/dags/rand_request_api.py for tasks to queue
[2024-06-16T06:43:38.548+0000] {logging_mixin.py:188} INFO - [2024-06-16T06:43:38.547+0000] {dagbag.py:545} INFO - Filling up the DagBag from /opt/airflow/dags/rand_request_api.py
[2024-06-16T06:43:39.253+0000] {processor.py:840} INFO - DAG(s) 'ran_info_api' retrieved from /opt/airflow/dags/rand_request_api.py
[2024-06-16T06:43:39.295+0000] {logging_mixin.py:188} INFO - [2024-06-16T06:43:39.295+0000] {dag.py:3096} INFO - Sync 1 DAGs
[2024-06-16T06:43:39.332+0000] {logging_mixin.py:188} INFO - [2024-06-16T06:43:39.332+0000] {dag.py:3954} INFO - Setting next_dagrun for ran_info_api to 2024-06-16 05:05:00+00:00, run_after=2024-06-16 06:05:00+00:00
[2024-06-16T06:43:39.819+0000] {processor.py:183} INFO - Processing /opt/airflow/dags/rand_request_api.py took 1.282 seconds
[2024-06-16T06:44:10.143+0000] {processor.py:161} INFO - Started process (PID=9727) to work on /opt/airflow/dags/rand_request_api.py
[2024-06-16T06:44:10.145+0000] {processor.py:830} INFO - Processing file /opt/airflow/dags/rand_request_api.py for tasks to queue
[2024-06-16T06:44:10.157+0000] {logging_mixin.py:188} INFO - [2024-06-16T06:44:10.146+0000] {dagbag.py:545} INFO - Filling up the DagBag from /opt/airflow/dags/rand_request_api.py
[2024-06-16T06:44:11.177+0000] {processor.py:840} INFO - DAG(s) 'ran_info_api' retrieved from /opt/airflow/dags/rand_request_api.py
[2024-06-16T06:44:11.230+0000] {logging_mixin.py:188} INFO - [2024-06-16T06:44:11.229+0000] {dag.py:3096} INFO - Sync 1 DAGs
[2024-06-16T06:44:11.326+0000] {logging_mixin.py:188} INFO - [2024-06-16T06:44:11.325+0000] {dag.py:3954} INFO - Setting next_dagrun for ran_info_api to 2024-06-16 05:05:00+00:00, run_after=2024-06-16 06:05:00+00:00
[2024-06-16T06:44:11.474+0000] {processor.py:183} INFO - Processing /opt/airflow/dags/rand_request_api.py took 1.351 seconds
[2024-06-16T06:44:42.052+0000] {processor.py:161} INFO - Started process (PID=9767) to work on /opt/airflow/dags/rand_request_api.py
[2024-06-16T06:44:42.053+0000] {processor.py:830} INFO - Processing file /opt/airflow/dags/rand_request_api.py for tasks to queue
[2024-06-16T06:44:42.055+0000] {logging_mixin.py:188} INFO - [2024-06-16T06:44:42.054+0000] {dagbag.py:545} INFO - Filling up the DagBag from /opt/airflow/dags/rand_request_api.py
[2024-06-16T06:44:42.621+0000] {processor.py:840} INFO - DAG(s) 'ran_info_api' retrieved from /opt/airflow/dags/rand_request_api.py
[2024-06-16T06:44:42.658+0000] {logging_mixin.py:188} INFO - [2024-06-16T06:44:42.658+0000] {dag.py:3096} INFO - Sync 1 DAGs
[2024-06-16T06:44:42.693+0000] {logging_mixin.py:188} INFO - [2024-06-16T06:44:42.692+0000] {dag.py:3954} INFO - Setting next_dagrun for ran_info_api to 2024-06-16 05:05:00+00:00, run_after=2024-06-16 06:05:00+00:00
[2024-06-16T06:44:42.854+0000] {processor.py:183} INFO - Processing /opt/airflow/dags/rand_request_api.py took 0.811 seconds
[2024-06-16T06:45:13.057+0000] {processor.py:161} INFO - Started process (PID=9806) to work on /opt/airflow/dags/rand_request_api.py
[2024-06-16T06:45:13.058+0000] {processor.py:830} INFO - Processing file /opt/airflow/dags/rand_request_api.py for tasks to queue
[2024-06-16T06:45:13.060+0000] {logging_mixin.py:188} INFO - [2024-06-16T06:45:13.059+0000] {dagbag.py:545} INFO - Filling up the DagBag from /opt/airflow/dags/rand_request_api.py
[2024-06-16T06:45:13.475+0000] {processor.py:840} INFO - DAG(s) 'ran_info_api' retrieved from /opt/airflow/dags/rand_request_api.py
[2024-06-16T06:45:13.505+0000] {logging_mixin.py:188} INFO - [2024-06-16T06:45:13.505+0000] {dag.py:3096} INFO - Sync 1 DAGs
[2024-06-16T06:45:13.535+0000] {logging_mixin.py:188} INFO - [2024-06-16T06:45:13.535+0000] {dag.py:3954} INFO - Setting next_dagrun for ran_info_api to 2024-06-16 05:05:00+00:00, run_after=2024-06-16 06:05:00+00:00
[2024-06-16T06:45:13.894+0000] {processor.py:183} INFO - Processing /opt/airflow/dags/rand_request_api.py took 0.846 seconds
[2024-06-16T06:45:44.834+0000] {processor.py:161} INFO - Started process (PID=9847) to work on /opt/airflow/dags/rand_request_api.py
[2024-06-16T06:45:44.835+0000] {processor.py:830} INFO - Processing file /opt/airflow/dags/rand_request_api.py for tasks to queue
[2024-06-16T06:45:44.837+0000] {logging_mixin.py:188} INFO - [2024-06-16T06:45:44.836+0000] {dagbag.py:545} INFO - Filling up the DagBag from /opt/airflow/dags/rand_request_api.py
[2024-06-16T06:45:45.349+0000] {processor.py:840} INFO - DAG(s) 'ran_info_api' retrieved from /opt/airflow/dags/rand_request_api.py
[2024-06-16T06:45:45.383+0000] {logging_mixin.py:188} INFO - [2024-06-16T06:45:45.383+0000] {dag.py:3096} INFO - Sync 1 DAGs
[2024-06-16T06:45:45.422+0000] {logging_mixin.py:188} INFO - [2024-06-16T06:45:45.421+0000] {dag.py:3954} INFO - Setting next_dagrun for ran_info_api to 2024-06-16 05:05:00+00:00, run_after=2024-06-16 06:05:00+00:00
[2024-06-16T06:45:45.571+0000] {processor.py:183} INFO - Processing /opt/airflow/dags/rand_request_api.py took 0.745 seconds
[2024-06-16T06:46:16.042+0000] {processor.py:161} INFO - Started process (PID=9888) to work on /opt/airflow/dags/rand_request_api.py
[2024-06-16T06:46:16.045+0000] {processor.py:830} INFO - Processing file /opt/airflow/dags/rand_request_api.py for tasks to queue
[2024-06-16T06:46:16.048+0000] {logging_mixin.py:188} INFO - [2024-06-16T06:46:16.047+0000] {dagbag.py:545} INFO - Filling up the DagBag from /opt/airflow/dags/rand_request_api.py
[2024-06-16T06:46:16.877+0000] {processor.py:840} INFO - DAG(s) 'ran_info_api' retrieved from /opt/airflow/dags/rand_request_api.py
[2024-06-16T06:46:16.908+0000] {logging_mixin.py:188} INFO - [2024-06-16T06:46:16.908+0000] {dag.py:3096} INFO - Sync 1 DAGs
[2024-06-16T06:46:16.938+0000] {logging_mixin.py:188} INFO - [2024-06-16T06:46:16.938+0000] {dag.py:3954} INFO - Setting next_dagrun for ran_info_api to 2024-06-16 05:05:00+00:00, run_after=2024-06-16 06:05:00+00:00
[2024-06-16T06:46:17.035+0000] {processor.py:183} INFO - Processing /opt/airflow/dags/rand_request_api.py took 1.004 seconds
[2024-06-16T06:46:47.676+0000] {processor.py:161} INFO - Started process (PID=9928) to work on /opt/airflow/dags/rand_request_api.py
[2024-06-16T06:46:47.678+0000] {processor.py:830} INFO - Processing file /opt/airflow/dags/rand_request_api.py for tasks to queue
[2024-06-16T06:46:47.680+0000] {logging_mixin.py:188} INFO - [2024-06-16T06:46:47.679+0000] {dagbag.py:545} INFO - Filling up the DagBag from /opt/airflow/dags/rand_request_api.py
[2024-06-16T06:46:48.219+0000] {processor.py:840} INFO - DAG(s) 'ran_info_api' retrieved from /opt/airflow/dags/rand_request_api.py
[2024-06-16T06:46:48.270+0000] {logging_mixin.py:188} INFO - [2024-06-16T06:46:48.269+0000] {dag.py:3096} INFO - Sync 1 DAGs
[2024-06-16T06:46:48.311+0000] {logging_mixin.py:188} INFO - [2024-06-16T06:46:48.311+0000] {dag.py:3954} INFO - Setting next_dagrun for ran_info_api to 2024-06-16 05:05:00+00:00, run_after=2024-06-16 06:05:00+00:00
[2024-06-16T06:46:48.725+0000] {processor.py:183} INFO - Processing /opt/airflow/dags/rand_request_api.py took 1.056 seconds
[2024-06-16T06:47:26.838+0000] {processor.py:161} INFO - Started process (PID=9966) to work on /opt/airflow/dags/rand_request_api.py
[2024-06-16T06:47:27.270+0000] {processor.py:830} INFO - Processing file /opt/airflow/dags/rand_request_api.py for tasks to queue
[2024-06-16T06:47:27.273+0000] {logging_mixin.py:188} INFO - [2024-06-16T06:47:27.272+0000] {dagbag.py:545} INFO - Filling up the DagBag from /opt/airflow/dags/rand_request_api.py
[2024-06-16T06:47:57.751+0000] {logging_mixin.py:188} INFO - [2024-06-16T06:47:57.747+0000] {timeout.py:68} ERROR - Process timed out, PID: 9966
[2024-06-16T06:48:29.781+0000] {processor.py:161} INFO - Started process (PID=10023) to work on /opt/airflow/dags/rand_request_api.py
[2024-06-16T06:48:29.785+0000] {processor.py:830} INFO - Processing file /opt/airflow/dags/rand_request_api.py for tasks to queue
[2024-06-16T06:48:29.790+0000] {logging_mixin.py:188} INFO - [2024-06-16T06:48:29.789+0000] {dagbag.py:545} INFO - Filling up the DagBag from /opt/airflow/dags/rand_request_api.py
[2024-06-16T06:48:30.770+0000] {processor.py:840} INFO - DAG(s) 'ran_info_api' retrieved from /opt/airflow/dags/rand_request_api.py
[2024-06-16T06:48:32.896+0000] {logging_mixin.py:188} INFO - [2024-06-16T06:48:32.895+0000] {dag.py:3096} INFO - Sync 1 DAGs
[2024-06-16T06:48:32.938+0000] {logging_mixin.py:188} INFO - [2024-06-16T06:48:32.938+0000] {dag.py:3954} INFO - Setting next_dagrun for ran_info_api to 2024-06-16 05:05:00+00:00, run_after=2024-06-16 06:05:00+00:00
[2024-06-16T06:48:33.073+0000] {processor.py:183} INFO - Processing /opt/airflow/dags/rand_request_api.py took 3.307 seconds
[2024-06-16T06:49:03.357+0000] {processor.py:161} INFO - Started process (PID=10063) to work on /opt/airflow/dags/rand_request_api.py
[2024-06-16T06:49:03.358+0000] {processor.py:830} INFO - Processing file /opt/airflow/dags/rand_request_api.py for tasks to queue
[2024-06-16T06:49:03.359+0000] {logging_mixin.py:188} INFO - [2024-06-16T06:49:03.359+0000] {dagbag.py:545} INFO - Filling up the DagBag from /opt/airflow/dags/rand_request_api.py
[2024-06-16T06:49:03.803+0000] {processor.py:840} INFO - DAG(s) 'ran_info_api' retrieved from /opt/airflow/dags/rand_request_api.py
[2024-06-16T06:49:03.833+0000] {logging_mixin.py:188} INFO - [2024-06-16T06:49:03.833+0000] {dag.py:3096} INFO - Sync 1 DAGs
[2024-06-16T06:49:03.863+0000] {logging_mixin.py:188} INFO - [2024-06-16T06:49:03.863+0000] {dag.py:3954} INFO - Setting next_dagrun for ran_info_api to 2024-06-16 05:05:00+00:00, run_after=2024-06-16 06:05:00+00:00
[2024-06-16T06:49:03.983+0000] {processor.py:183} INFO - Processing /opt/airflow/dags/rand_request_api.py took 0.635 seconds
[2024-06-16T06:49:34.518+0000] {processor.py:161} INFO - Started process (PID=10104) to work on /opt/airflow/dags/rand_request_api.py
[2024-06-16T06:49:34.520+0000] {processor.py:830} INFO - Processing file /opt/airflow/dags/rand_request_api.py for tasks to queue
[2024-06-16T06:49:34.521+0000] {logging_mixin.py:188} INFO - [2024-06-16T06:49:34.521+0000] {dagbag.py:545} INFO - Filling up the DagBag from /opt/airflow/dags/rand_request_api.py
[2024-06-16T06:49:34.974+0000] {processor.py:840} INFO - DAG(s) 'ran_info_api' retrieved from /opt/airflow/dags/rand_request_api.py
[2024-06-16T06:49:35.008+0000] {logging_mixin.py:188} INFO - [2024-06-16T06:49:35.007+0000] {dag.py:3096} INFO - Sync 1 DAGs
[2024-06-16T06:49:35.043+0000] {logging_mixin.py:188} INFO - [2024-06-16T06:49:35.043+0000] {dag.py:3954} INFO - Setting next_dagrun for ran_info_api to 2024-06-16 05:05:00+00:00, run_after=2024-06-16 06:05:00+00:00
[2024-06-16T06:49:35.380+0000] {processor.py:183} INFO - Processing /opt/airflow/dags/rand_request_api.py took 0.874 seconds
[2024-06-16T06:50:05.445+0000] {processor.py:161} INFO - Started process (PID=10145) to work on /opt/airflow/dags/rand_request_api.py
[2024-06-16T06:50:05.447+0000] {processor.py:830} INFO - Processing file /opt/airflow/dags/rand_request_api.py for tasks to queue
[2024-06-16T06:50:05.448+0000] {logging_mixin.py:188} INFO - [2024-06-16T06:50:05.448+0000] {dagbag.py:545} INFO - Filling up the DagBag from /opt/airflow/dags/rand_request_api.py
[2024-06-16T06:50:05.931+0000] {processor.py:840} INFO - DAG(s) 'ran_info_api' retrieved from /opt/airflow/dags/rand_request_api.py
[2024-06-16T06:50:05.965+0000] {logging_mixin.py:188} INFO - [2024-06-16T06:50:05.965+0000] {dag.py:3096} INFO - Sync 1 DAGs
[2024-06-16T06:50:05.997+0000] {logging_mixin.py:188} INFO - [2024-06-16T06:50:05.997+0000] {dag.py:3954} INFO - Setting next_dagrun for ran_info_api to 2024-06-16 05:05:00+00:00, run_after=2024-06-16 06:05:00+00:00
[2024-06-16T06:50:06.194+0000] {processor.py:183} INFO - Processing /opt/airflow/dags/rand_request_api.py took 0.758 seconds
[2024-06-16T06:50:37.117+0000] {processor.py:161} INFO - Started process (PID=10185) to work on /opt/airflow/dags/rand_request_api.py
[2024-06-16T06:50:37.122+0000] {processor.py:830} INFO - Processing file /opt/airflow/dags/rand_request_api.py for tasks to queue
[2024-06-16T06:50:37.123+0000] {logging_mixin.py:188} INFO - [2024-06-16T06:50:37.123+0000] {dagbag.py:545} INFO - Filling up the DagBag from /opt/airflow/dags/rand_request_api.py
[2024-06-16T06:50:37.586+0000] {processor.py:840} INFO - DAG(s) 'ran_info_api' retrieved from /opt/airflow/dags/rand_request_api.py
[2024-06-16T06:50:37.624+0000] {logging_mixin.py:188} INFO - [2024-06-16T06:50:37.623+0000] {dag.py:3096} INFO - Sync 1 DAGs
[2024-06-16T06:50:37.665+0000] {logging_mixin.py:188} INFO - [2024-06-16T06:50:37.665+0000] {dag.py:3954} INFO - Setting next_dagrun for ran_info_api to 2024-06-16 05:05:00+00:00, run_after=2024-06-16 06:05:00+00:00
[2024-06-16T06:50:38.295+0000] {processor.py:183} INFO - Processing /opt/airflow/dags/rand_request_api.py took 1.191 seconds
[2024-06-16T06:51:08.865+0000] {processor.py:161} INFO - Started process (PID=10226) to work on /opt/airflow/dags/rand_request_api.py
[2024-06-16T06:51:08.882+0000] {processor.py:830} INFO - Processing file /opt/airflow/dags/rand_request_api.py for tasks to queue
[2024-06-16T06:51:08.884+0000] {logging_mixin.py:188} INFO - [2024-06-16T06:51:08.884+0000] {dagbag.py:545} INFO - Filling up the DagBag from /opt/airflow/dags/rand_request_api.py
[2024-06-16T06:51:09.563+0000] {processor.py:840} INFO - DAG(s) 'ran_info_api' retrieved from /opt/airflow/dags/rand_request_api.py
[2024-06-16T06:51:09.611+0000] {logging_mixin.py:188} INFO - [2024-06-16T06:51:09.610+0000] {dag.py:3096} INFO - Sync 1 DAGs
[2024-06-16T06:51:09.670+0000] {logging_mixin.py:188} INFO - [2024-06-16T06:51:09.669+0000] {dag.py:3954} INFO - Setting next_dagrun for ran_info_api to 2024-06-16 05:05:00+00:00, run_after=2024-06-16 06:05:00+00:00
[2024-06-16T06:51:09.800+0000] {processor.py:183} INFO - Processing /opt/airflow/dags/rand_request_api.py took 0.953 seconds
[2024-06-16T06:51:40.849+0000] {processor.py:161} INFO - Started process (PID=10266) to work on /opt/airflow/dags/rand_request_api.py
[2024-06-16T06:51:40.851+0000] {processor.py:830} INFO - Processing file /opt/airflow/dags/rand_request_api.py for tasks to queue
[2024-06-16T06:51:40.853+0000] {logging_mixin.py:188} INFO - [2024-06-16T06:51:40.853+0000] {dagbag.py:545} INFO - Filling up the DagBag from /opt/airflow/dags/rand_request_api.py
[2024-06-16T06:51:41.327+0000] {processor.py:840} INFO - DAG(s) 'ran_info_api' retrieved from /opt/airflow/dags/rand_request_api.py
[2024-06-16T06:51:41.362+0000] {logging_mixin.py:188} INFO - [2024-06-16T06:51:41.361+0000] {dag.py:3096} INFO - Sync 1 DAGs
[2024-06-16T06:51:41.395+0000] {logging_mixin.py:188} INFO - [2024-06-16T06:51:41.395+0000] {dag.py:3954} INFO - Setting next_dagrun for ran_info_api to 2024-06-16 05:05:00+00:00, run_after=2024-06-16 06:05:00+00:00
[2024-06-16T06:51:41.704+0000] {processor.py:183} INFO - Processing /opt/airflow/dags/rand_request_api.py took 0.871 seconds
[2024-06-16T06:52:11.898+0000] {processor.py:161} INFO - Started process (PID=10307) to work on /opt/airflow/dags/rand_request_api.py
[2024-06-16T06:52:11.900+0000] {processor.py:830} INFO - Processing file /opt/airflow/dags/rand_request_api.py for tasks to queue
[2024-06-16T06:52:11.903+0000] {logging_mixin.py:188} INFO - [2024-06-16T06:52:11.902+0000] {dagbag.py:545} INFO - Filling up the DagBag from /opt/airflow/dags/rand_request_api.py
[2024-06-16T06:52:12.897+0000] {processor.py:840} INFO - DAG(s) 'ran_info_api' retrieved from /opt/airflow/dags/rand_request_api.py
[2024-06-16T06:52:12.947+0000] {logging_mixin.py:188} INFO - [2024-06-16T06:52:12.947+0000] {dag.py:3096} INFO - Sync 1 DAGs
[2024-06-16T06:52:12.998+0000] {logging_mixin.py:188} INFO - [2024-06-16T06:52:12.998+0000] {dag.py:3954} INFO - Setting next_dagrun for ran_info_api to 2024-06-16 05:05:00+00:00, run_after=2024-06-16 06:05:00+00:00
[2024-06-16T06:52:13.199+0000] {processor.py:183} INFO - Processing /opt/airflow/dags/rand_request_api.py took 1.317 seconds
[2024-06-16T06:52:43.535+0000] {processor.py:161} INFO - Started process (PID=10348) to work on /opt/airflow/dags/rand_request_api.py
[2024-06-16T06:52:43.536+0000] {processor.py:830} INFO - Processing file /opt/airflow/dags/rand_request_api.py for tasks to queue
[2024-06-16T06:52:43.538+0000] {logging_mixin.py:188} INFO - [2024-06-16T06:52:43.537+0000] {dagbag.py:545} INFO - Filling up the DagBag from /opt/airflow/dags/rand_request_api.py
[2024-06-16T06:52:43.983+0000] {processor.py:840} INFO - DAG(s) 'ran_info_api' retrieved from /opt/airflow/dags/rand_request_api.py
[2024-06-16T06:52:44.017+0000] {logging_mixin.py:188} INFO - [2024-06-16T06:52:44.016+0000] {dag.py:3096} INFO - Sync 1 DAGs
[2024-06-16T06:52:44.052+0000] {logging_mixin.py:188} INFO - [2024-06-16T06:52:44.051+0000] {dag.py:3954} INFO - Setting next_dagrun for ran_info_api to 2024-06-16 05:05:00+00:00, run_after=2024-06-16 06:05:00+00:00
[2024-06-16T06:52:44.152+0000] {processor.py:183} INFO - Processing /opt/airflow/dags/rand_request_api.py took 0.627 seconds
[2024-06-16T06:53:14.611+0000] {processor.py:161} INFO - Started process (PID=10388) to work on /opt/airflow/dags/rand_request_api.py
[2024-06-16T06:53:14.613+0000] {processor.py:830} INFO - Processing file /opt/airflow/dags/rand_request_api.py for tasks to queue
[2024-06-16T06:53:14.615+0000] {logging_mixin.py:188} INFO - [2024-06-16T06:53:14.615+0000] {dagbag.py:545} INFO - Filling up the DagBag from /opt/airflow/dags/rand_request_api.py
[2024-06-16T06:53:15.077+0000] {processor.py:840} INFO - DAG(s) 'ran_info_api' retrieved from /opt/airflow/dags/rand_request_api.py
[2024-06-16T06:53:15.109+0000] {logging_mixin.py:188} INFO - [2024-06-16T06:53:15.108+0000] {dag.py:3096} INFO - Sync 1 DAGs
[2024-06-16T06:53:15.145+0000] {logging_mixin.py:188} INFO - [2024-06-16T06:53:15.145+0000] {dag.py:3954} INFO - Setting next_dagrun for ran_info_api to 2024-06-16 05:05:00+00:00, run_after=2024-06-16 06:05:00+00:00
[2024-06-16T06:53:15.236+0000] {processor.py:183} INFO - Processing /opt/airflow/dags/rand_request_api.py took 0.633 seconds
[2024-06-16T06:53:45.520+0000] {processor.py:161} INFO - Started process (PID=10428) to work on /opt/airflow/dags/rand_request_api.py
[2024-06-16T06:53:45.522+0000] {processor.py:830} INFO - Processing file /opt/airflow/dags/rand_request_api.py for tasks to queue
[2024-06-16T06:53:45.523+0000] {logging_mixin.py:188} INFO - [2024-06-16T06:53:45.523+0000] {dagbag.py:545} INFO - Filling up the DagBag from /opt/airflow/dags/rand_request_api.py
[2024-06-16T06:53:46.032+0000] {processor.py:840} INFO - DAG(s) 'ran_info_api' retrieved from /opt/airflow/dags/rand_request_api.py
[2024-06-16T06:53:46.066+0000] {logging_mixin.py:188} INFO - [2024-06-16T06:53:46.065+0000] {dag.py:3096} INFO - Sync 1 DAGs
[2024-06-16T06:53:46.103+0000] {logging_mixin.py:188} INFO - [2024-06-16T06:53:46.102+0000] {dag.py:3954} INFO - Setting next_dagrun for ran_info_api to 2024-06-16 05:05:00+00:00, run_after=2024-06-16 06:05:00+00:00
[2024-06-16T06:53:46.183+0000] {processor.py:183} INFO - Processing /opt/airflow/dags/rand_request_api.py took 0.673 seconds
[2024-06-16T06:54:16.692+0000] {processor.py:161} INFO - Started process (PID=10468) to work on /opt/airflow/dags/rand_request_api.py
[2024-06-16T06:54:16.693+0000] {processor.py:830} INFO - Processing file /opt/airflow/dags/rand_request_api.py for tasks to queue
[2024-06-16T06:54:16.694+0000] {logging_mixin.py:188} INFO - [2024-06-16T06:54:16.694+0000] {dagbag.py:545} INFO - Filling up the DagBag from /opt/airflow/dags/rand_request_api.py
[2024-06-16T06:54:17.188+0000] {processor.py:840} INFO - DAG(s) 'ran_info_api' retrieved from /opt/airflow/dags/rand_request_api.py
[2024-06-16T06:54:17.219+0000] {logging_mixin.py:188} INFO - [2024-06-16T06:54:17.219+0000] {dag.py:3096} INFO - Sync 1 DAGs
[2024-06-16T06:54:17.254+0000] {logging_mixin.py:188} INFO - [2024-06-16T06:54:17.254+0000] {dag.py:3954} INFO - Setting next_dagrun for ran_info_api to 2024-06-16 05:05:00+00:00, run_after=2024-06-16 06:05:00+00:00
[2024-06-16T06:54:17.373+0000] {processor.py:183} INFO - Processing /opt/airflow/dags/rand_request_api.py took 0.690 seconds
[2024-06-16T06:54:47.561+0000] {processor.py:161} INFO - Started process (PID=10508) to work on /opt/airflow/dags/rand_request_api.py
[2024-06-16T06:54:47.563+0000] {processor.py:830} INFO - Processing file /opt/airflow/dags/rand_request_api.py for tasks to queue
[2024-06-16T06:54:47.564+0000] {logging_mixin.py:188} INFO - [2024-06-16T06:54:47.564+0000] {dagbag.py:545} INFO - Filling up the DagBag from /opt/airflow/dags/rand_request_api.py
[2024-06-16T06:54:48.001+0000] {processor.py:840} INFO - DAG(s) 'ran_info_api' retrieved from /opt/airflow/dags/rand_request_api.py
[2024-06-16T06:54:48.033+0000] {logging_mixin.py:188} INFO - [2024-06-16T06:54:48.032+0000] {dag.py:3096} INFO - Sync 1 DAGs
[2024-06-16T06:54:48.065+0000] {logging_mixin.py:188} INFO - [2024-06-16T06:54:48.065+0000] {dag.py:3954} INFO - Setting next_dagrun for ran_info_api to 2024-06-16 05:05:00+00:00, run_after=2024-06-16 06:05:00+00:00
[2024-06-16T06:54:48.169+0000] {processor.py:183} INFO - Processing /opt/airflow/dags/rand_request_api.py took 0.616 seconds
[2024-06-16T06:55:18.523+0000] {processor.py:161} INFO - Started process (PID=10578) to work on /opt/airflow/dags/rand_request_api.py
[2024-06-16T06:55:18.524+0000] {processor.py:830} INFO - Processing file /opt/airflow/dags/rand_request_api.py for tasks to queue
[2024-06-16T06:55:18.526+0000] {logging_mixin.py:188} INFO - [2024-06-16T06:55:18.525+0000] {dagbag.py:545} INFO - Filling up the DagBag from /opt/airflow/dags/rand_request_api.py
[2024-06-16T06:55:19.001+0000] {processor.py:840} INFO - DAG(s) 'ran_info_api' retrieved from /opt/airflow/dags/rand_request_api.py
[2024-06-16T06:55:19.036+0000] {logging_mixin.py:188} INFO - [2024-06-16T06:55:19.035+0000] {dag.py:3096} INFO - Sync 1 DAGs
[2024-06-16T06:55:19.067+0000] {logging_mixin.py:188} INFO - [2024-06-16T06:55:19.067+0000] {dag.py:3954} INFO - Setting next_dagrun for ran_info_api to 2024-06-16 05:05:00+00:00, run_after=2024-06-16 06:05:00+00:00
[2024-06-16T06:55:19.243+0000] {processor.py:183} INFO - Processing /opt/airflow/dags/rand_request_api.py took 0.729 seconds
[2024-06-16T06:55:49.993+0000] {processor.py:161} INFO - Started process (PID=10624) to work on /opt/airflow/dags/rand_request_api.py
[2024-06-16T06:55:49.994+0000] {processor.py:830} INFO - Processing file /opt/airflow/dags/rand_request_api.py for tasks to queue
[2024-06-16T06:55:49.996+0000] {logging_mixin.py:188} INFO - [2024-06-16T06:55:49.995+0000] {dagbag.py:545} INFO - Filling up the DagBag from /opt/airflow/dags/rand_request_api.py
[2024-06-16T06:55:50.661+0000] {processor.py:840} INFO - DAG(s) 'ran_info_api' retrieved from /opt/airflow/dags/rand_request_api.py
[2024-06-16T06:55:50.689+0000] {logging_mixin.py:188} INFO - [2024-06-16T06:55:50.689+0000] {dag.py:3096} INFO - Sync 1 DAGs
[2024-06-16T06:55:50.717+0000] {logging_mixin.py:188} INFO - [2024-06-16T06:55:50.717+0000] {dag.py:3954} INFO - Setting next_dagrun for ran_info_api to 2024-06-16 05:05:00+00:00, run_after=2024-06-16 06:05:00+00:00
[2024-06-16T06:55:52.602+0000] {processor.py:183} INFO - Processing /opt/airflow/dags/rand_request_api.py took 2.619 seconds
[2024-06-16T06:56:23.298+0000] {processor.py:161} INFO - Started process (PID=10664) to work on /opt/airflow/dags/rand_request_api.py
[2024-06-16T06:56:23.299+0000] {processor.py:830} INFO - Processing file /opt/airflow/dags/rand_request_api.py for tasks to queue
[2024-06-16T06:56:23.311+0000] {logging_mixin.py:188} INFO - [2024-06-16T06:56:23.311+0000] {dagbag.py:545} INFO - Filling up the DagBag from /opt/airflow/dags/rand_request_api.py
[2024-06-16T06:56:23.968+0000] {processor.py:840} INFO - DAG(s) 'ran_info_api' retrieved from /opt/airflow/dags/rand_request_api.py
[2024-06-16T06:56:24.012+0000] {logging_mixin.py:188} INFO - [2024-06-16T06:56:24.011+0000] {dag.py:3096} INFO - Sync 1 DAGs
[2024-06-16T06:56:24.072+0000] {logging_mixin.py:188} INFO - [2024-06-16T06:56:24.071+0000] {dag.py:3954} INFO - Setting next_dagrun for ran_info_api to 2024-06-16 05:05:00+00:00, run_after=2024-06-16 06:05:00+00:00
[2024-06-16T06:56:24.181+0000] {processor.py:183} INFO - Processing /opt/airflow/dags/rand_request_api.py took 0.893 seconds
[2024-06-16T06:56:54.392+0000] {processor.py:161} INFO - Started process (PID=10716) to work on /opt/airflow/dags/rand_request_api.py
[2024-06-16T06:56:54.394+0000] {processor.py:830} INFO - Processing file /opt/airflow/dags/rand_request_api.py for tasks to queue
[2024-06-16T06:56:54.395+0000] {logging_mixin.py:188} INFO - [2024-06-16T06:56:54.395+0000] {dagbag.py:545} INFO - Filling up the DagBag from /opt/airflow/dags/rand_request_api.py
[2024-06-16T06:56:54.963+0000] {processor.py:840} INFO - DAG(s) 'ran_info_api' retrieved from /opt/airflow/dags/rand_request_api.py
[2024-06-16T06:56:55.015+0000] {logging_mixin.py:188} INFO - [2024-06-16T06:56:55.014+0000] {dag.py:3096} INFO - Sync 1 DAGs
[2024-06-16T06:56:55.075+0000] {logging_mixin.py:188} INFO - [2024-06-16T06:56:55.074+0000] {dag.py:3954} INFO - Setting next_dagrun for ran_info_api to 2024-06-16 05:05:00+00:00, run_after=2024-06-16 06:05:00+00:00
[2024-06-16T06:56:55.192+0000] {processor.py:183} INFO - Processing /opt/airflow/dags/rand_request_api.py took 0.813 seconds
[2024-06-16T06:57:25.338+0000] {processor.py:161} INFO - Started process (PID=10756) to work on /opt/airflow/dags/rand_request_api.py
[2024-06-16T06:57:25.376+0000] {processor.py:830} INFO - Processing file /opt/airflow/dags/rand_request_api.py for tasks to queue
[2024-06-16T06:57:25.377+0000] {logging_mixin.py:188} INFO - [2024-06-16T06:57:25.377+0000] {dagbag.py:545} INFO - Filling up the DagBag from /opt/airflow/dags/rand_request_api.py
[2024-06-16T06:57:25.829+0000] {processor.py:840} INFO - DAG(s) 'ran_info_api' retrieved from /opt/airflow/dags/rand_request_api.py
[2024-06-16T06:57:25.861+0000] {logging_mixin.py:188} INFO - [2024-06-16T06:57:25.860+0000] {dag.py:3096} INFO - Sync 1 DAGs
[2024-06-16T06:57:25.890+0000] {logging_mixin.py:188} INFO - [2024-06-16T06:57:25.890+0000] {dag.py:3954} INFO - Setting next_dagrun for ran_info_api to 2024-06-16 05:05:00+00:00, run_after=2024-06-16 06:05:00+00:00
[2024-06-16T06:57:26.328+0000] {processor.py:183} INFO - Processing /opt/airflow/dags/rand_request_api.py took 0.998 seconds
[2024-06-16T06:57:56.868+0000] {processor.py:161} INFO - Started process (PID=10796) to work on /opt/airflow/dags/rand_request_api.py
[2024-06-16T06:57:56.870+0000] {processor.py:830} INFO - Processing file /opt/airflow/dags/rand_request_api.py for tasks to queue
[2024-06-16T06:57:56.871+0000] {logging_mixin.py:188} INFO - [2024-06-16T06:57:56.870+0000] {dagbag.py:545} INFO - Filling up the DagBag from /opt/airflow/dags/rand_request_api.py
[2024-06-16T06:57:57.613+0000] {processor.py:840} INFO - DAG(s) 'ran_info_api' retrieved from /opt/airflow/dags/rand_request_api.py
[2024-06-16T06:57:57.643+0000] {logging_mixin.py:188} INFO - [2024-06-16T06:57:57.643+0000] {dag.py:3096} INFO - Sync 1 DAGs
[2024-06-16T06:57:57.677+0000] {logging_mixin.py:188} INFO - [2024-06-16T06:57:57.677+0000] {dag.py:3954} INFO - Setting next_dagrun for ran_info_api to 2024-06-16 05:05:00+00:00, run_after=2024-06-16 06:05:00+00:00
[2024-06-16T06:57:57.965+0000] {processor.py:183} INFO - Processing /opt/airflow/dags/rand_request_api.py took 1.110 seconds
[2024-06-16T06:58:28.335+0000] {processor.py:161} INFO - Started process (PID=10841) to work on /opt/airflow/dags/rand_request_api.py
[2024-06-16T06:58:28.337+0000] {processor.py:830} INFO - Processing file /opt/airflow/dags/rand_request_api.py for tasks to queue
[2024-06-16T06:58:28.338+0000] {logging_mixin.py:188} INFO - [2024-06-16T06:58:28.338+0000] {dagbag.py:545} INFO - Filling up the DagBag from /opt/airflow/dags/rand_request_api.py
[2024-06-16T06:58:28.822+0000] {processor.py:840} INFO - DAG(s) 'ran_info_api' retrieved from /opt/airflow/dags/rand_request_api.py
[2024-06-16T06:58:28.851+0000] {logging_mixin.py:188} INFO - [2024-06-16T06:58:28.850+0000] {dag.py:3096} INFO - Sync 1 DAGs
[2024-06-16T06:58:28.879+0000] {logging_mixin.py:188} INFO - [2024-06-16T06:58:28.879+0000] {dag.py:3954} INFO - Setting next_dagrun for ran_info_api to 2024-06-16 05:05:00+00:00, run_after=2024-06-16 06:05:00+00:00
[2024-06-16T06:58:31.115+0000] {processor.py:183} INFO - Processing /opt/airflow/dags/rand_request_api.py took 2.794 seconds
[2024-06-16T06:59:01.455+0000] {processor.py:161} INFO - Started process (PID=10886) to work on /opt/airflow/dags/rand_request_api.py
[2024-06-16T06:59:01.457+0000] {processor.py:830} INFO - Processing file /opt/airflow/dags/rand_request_api.py for tasks to queue
[2024-06-16T06:59:01.458+0000] {logging_mixin.py:188} INFO - [2024-06-16T06:59:01.458+0000] {dagbag.py:545} INFO - Filling up the DagBag from /opt/airflow/dags/rand_request_api.py
[2024-06-16T06:59:01.995+0000] {processor.py:840} INFO - DAG(s) 'ran_info_api' retrieved from /opt/airflow/dags/rand_request_api.py
[2024-06-16T06:59:02.028+0000] {logging_mixin.py:188} INFO - [2024-06-16T06:59:02.028+0000] {dag.py:3096} INFO - Sync 1 DAGs
[2024-06-16T06:59:02.069+0000] {logging_mixin.py:188} INFO - [2024-06-16T06:59:02.069+0000] {dag.py:3954} INFO - Setting next_dagrun for ran_info_api to 2024-06-16 05:05:00+00:00, run_after=2024-06-16 06:05:00+00:00
[2024-06-16T06:59:03.026+0000] {processor.py:183} INFO - Processing /opt/airflow/dags/rand_request_api.py took 1.583 seconds
[2024-06-16T06:59:33.325+0000] {processor.py:161} INFO - Started process (PID=10925) to work on /opt/airflow/dags/rand_request_api.py
[2024-06-16T06:59:33.327+0000] {processor.py:830} INFO - Processing file /opt/airflow/dags/rand_request_api.py for tasks to queue
[2024-06-16T06:59:33.328+0000] {logging_mixin.py:188} INFO - [2024-06-16T06:59:33.328+0000] {dagbag.py:545} INFO - Filling up the DagBag from /opt/airflow/dags/rand_request_api.py
[2024-06-16T06:59:33.941+0000] {processor.py:840} INFO - DAG(s) 'ran_info_api' retrieved from /opt/airflow/dags/rand_request_api.py
[2024-06-16T06:59:33.976+0000] {logging_mixin.py:188} INFO - [2024-06-16T06:59:33.976+0000] {dag.py:3096} INFO - Sync 1 DAGs
[2024-06-16T06:59:34.018+0000] {logging_mixin.py:188} INFO - [2024-06-16T06:59:34.018+0000] {dag.py:3954} INFO - Setting next_dagrun for ran_info_api to 2024-06-16 05:05:00+00:00, run_after=2024-06-16 06:05:00+00:00
[2024-06-16T06:59:34.324+0000] {processor.py:183} INFO - Processing /opt/airflow/dags/rand_request_api.py took 1.008 seconds
[2024-06-16T07:00:05.157+0000] {processor.py:161} INFO - Started process (PID=10963) to work on /opt/airflow/dags/rand_request_api.py
[2024-06-16T07:00:05.159+0000] {processor.py:830} INFO - Processing file /opt/airflow/dags/rand_request_api.py for tasks to queue
[2024-06-16T07:00:05.161+0000] {logging_mixin.py:188} INFO - [2024-06-16T07:00:05.160+0000] {dagbag.py:545} INFO - Filling up the DagBag from /opt/airflow/dags/rand_request_api.py
[2024-06-16T07:00:05.908+0000] {processor.py:840} INFO - DAG(s) 'ran_info_api' retrieved from /opt/airflow/dags/rand_request_api.py
[2024-06-16T07:00:05.965+0000] {logging_mixin.py:188} INFO - [2024-06-16T07:00:05.964+0000] {dag.py:3096} INFO - Sync 1 DAGs
[2024-06-16T07:00:05.997+0000] {logging_mixin.py:188} INFO - [2024-06-16T07:00:05.996+0000] {dag.py:3954} INFO - Setting next_dagrun for ran_info_api to 2024-06-16 05:05:00+00:00, run_after=2024-06-16 06:05:00+00:00
[2024-06-16T07:00:06.662+0000] {processor.py:183} INFO - Processing /opt/airflow/dags/rand_request_api.py took 1.522 seconds
[2024-06-16T07:00:36.829+0000] {processor.py:161} INFO - Started process (PID=11011) to work on /opt/airflow/dags/rand_request_api.py
[2024-06-16T07:00:36.909+0000] {processor.py:830} INFO - Processing file /opt/airflow/dags/rand_request_api.py for tasks to queue
[2024-06-16T07:00:36.911+0000] {logging_mixin.py:188} INFO - [2024-06-16T07:00:36.911+0000] {dagbag.py:545} INFO - Filling up the DagBag from /opt/airflow/dags/rand_request_api.py
[2024-06-16T07:00:37.379+0000] {processor.py:840} INFO - DAG(s) 'ran_info_api' retrieved from /opt/airflow/dags/rand_request_api.py
[2024-06-16T07:00:37.528+0000] {logging_mixin.py:188} INFO - [2024-06-16T07:00:37.527+0000] {dag.py:3096} INFO - Sync 1 DAGs
[2024-06-16T07:00:37.556+0000] {logging_mixin.py:188} INFO - [2024-06-16T07:00:37.556+0000] {dag.py:3954} INFO - Setting next_dagrun for ran_info_api to 2024-06-16 05:05:00+00:00, run_after=2024-06-16 06:05:00+00:00
[2024-06-16T07:00:37.944+0000] {processor.py:183} INFO - Processing /opt/airflow/dags/rand_request_api.py took 1.123 seconds
[2024-06-16T07:01:08.529+0000] {processor.py:161} INFO - Started process (PID=11052) to work on /opt/airflow/dags/rand_request_api.py
[2024-06-16T07:01:08.532+0000] {processor.py:830} INFO - Processing file /opt/airflow/dags/rand_request_api.py for tasks to queue
[2024-06-16T07:01:08.540+0000] {logging_mixin.py:188} INFO - [2024-06-16T07:01:08.536+0000] {dagbag.py:545} INFO - Filling up the DagBag from /opt/airflow/dags/rand_request_api.py
[2024-06-16T07:01:09.394+0000] {processor.py:840} INFO - DAG(s) 'ran_info_api' retrieved from /opt/airflow/dags/rand_request_api.py
[2024-06-16T07:01:09.431+0000] {logging_mixin.py:188} INFO - [2024-06-16T07:01:09.430+0000] {dag.py:3096} INFO - Sync 1 DAGs
[2024-06-16T07:01:10.610+0000] {logging_mixin.py:188} INFO - [2024-06-16T07:01:10.610+0000] {dag.py:3954} INFO - Setting next_dagrun for ran_info_api to 2024-06-16 05:05:00+00:00, run_after=2024-06-16 06:05:00+00:00
[2024-06-16T07:01:10.879+0000] {processor.py:183} INFO - Processing /opt/airflow/dags/rand_request_api.py took 2.367 seconds
[2024-06-16T07:01:41.089+0000] {processor.py:161} INFO - Started process (PID=11098) to work on /opt/airflow/dags/rand_request_api.py
[2024-06-16T07:01:41.091+0000] {processor.py:830} INFO - Processing file /opt/airflow/dags/rand_request_api.py for tasks to queue
[2024-06-16T07:01:41.092+0000] {logging_mixin.py:188} INFO - [2024-06-16T07:01:41.091+0000] {dagbag.py:545} INFO - Filling up the DagBag from /opt/airflow/dags/rand_request_api.py
[2024-06-16T07:02:03.242+0000] {processor.py:840} INFO - DAG(s) 'ran_info_api' retrieved from /opt/airflow/dags/rand_request_api.py
[2024-06-16T07:02:04.531+0000] {logging_mixin.py:188} INFO - [2024-06-16T07:02:04.530+0000] {dag.py:3096} INFO - Sync 1 DAGs
[2024-06-16T07:02:11.796+0000] {logging_mixin.py:188} INFO - [2024-06-16T07:02:11.796+0000] {dag.py:3954} INFO - Setting next_dagrun for ran_info_api to 2024-06-16 05:05:00+00:00, run_after=2024-06-16 06:05:00+00:00
[2024-06-16T07:02:13.567+0000] {processor.py:183} INFO - Processing /opt/airflow/dags/rand_request_api.py took 32.488 seconds
[2024-06-16T07:02:44.238+0000] {processor.py:161} INFO - Started process (PID=11140) to work on /opt/airflow/dags/rand_request_api.py
[2024-06-16T07:02:44.239+0000] {processor.py:830} INFO - Processing file /opt/airflow/dags/rand_request_api.py for tasks to queue
[2024-06-16T07:02:44.243+0000] {logging_mixin.py:188} INFO - [2024-06-16T07:02:44.241+0000] {dagbag.py:545} INFO - Filling up the DagBag from /opt/airflow/dags/rand_request_api.py
[2024-06-16T07:02:46.048+0000] {processor.py:840} INFO - DAG(s) 'ran_info_api' retrieved from /opt/airflow/dags/rand_request_api.py
[2024-06-16T07:02:46.084+0000] {logging_mixin.py:188} INFO - [2024-06-16T07:02:46.083+0000] {dag.py:3096} INFO - Sync 1 DAGs
[2024-06-16T07:02:46.116+0000] {logging_mixin.py:188} INFO - [2024-06-16T07:02:46.116+0000] {dag.py:3954} INFO - Setting next_dagrun for ran_info_api to 2024-06-16 05:05:00+00:00, run_after=2024-06-16 06:05:00+00:00
[2024-06-16T07:02:47.404+0000] {processor.py:183} INFO - Processing /opt/airflow/dags/rand_request_api.py took 3.174 seconds
[2024-06-16T07:03:18.179+0000] {processor.py:161} INFO - Started process (PID=11175) to work on /opt/airflow/dags/rand_request_api.py
[2024-06-16T07:03:18.257+0000] {processor.py:830} INFO - Processing file /opt/airflow/dags/rand_request_api.py for tasks to queue
[2024-06-16T07:03:18.259+0000] {logging_mixin.py:188} INFO - [2024-06-16T07:03:18.258+0000] {dagbag.py:545} INFO - Filling up the DagBag from /opt/airflow/dags/rand_request_api.py
[2024-06-16T07:03:18.783+0000] {processor.py:840} INFO - DAG(s) 'ran_info_api' retrieved from /opt/airflow/dags/rand_request_api.py
[2024-06-16T07:03:18.933+0000] {logging_mixin.py:188} INFO - [2024-06-16T07:03:18.933+0000] {dag.py:3096} INFO - Sync 1 DAGs
[2024-06-16T07:03:18.974+0000] {logging_mixin.py:188} INFO - [2024-06-16T07:03:18.974+0000] {dag.py:3954} INFO - Setting next_dagrun for ran_info_api to 2024-06-16 05:05:00+00:00, run_after=2024-06-16 06:05:00+00:00
[2024-06-16T07:03:20.729+0000] {processor.py:183} INFO - Processing /opt/airflow/dags/rand_request_api.py took 2.562 seconds
[2024-06-16T07:03:51.152+0000] {processor.py:161} INFO - Started process (PID=11214) to work on /opt/airflow/dags/rand_request_api.py
[2024-06-16T07:03:51.154+0000] {processor.py:830} INFO - Processing file /opt/airflow/dags/rand_request_api.py for tasks to queue
[2024-06-16T07:03:51.155+0000] {logging_mixin.py:188} INFO - [2024-06-16T07:03:51.155+0000] {dagbag.py:545} INFO - Filling up the DagBag from /opt/airflow/dags/rand_request_api.py
[2024-06-16T07:03:51.672+0000] {processor.py:840} INFO - DAG(s) 'ran_info_api' retrieved from /opt/airflow/dags/rand_request_api.py
[2024-06-16T07:03:51.714+0000] {logging_mixin.py:188} INFO - [2024-06-16T07:03:51.714+0000] {dag.py:3096} INFO - Sync 1 DAGs
[2024-06-16T07:03:51.754+0000] {logging_mixin.py:188} INFO - [2024-06-16T07:03:51.754+0000] {dag.py:3954} INFO - Setting next_dagrun for ran_info_api to 2024-06-16 05:05:00+00:00, run_after=2024-06-16 06:05:00+00:00
[2024-06-16T07:03:52.381+0000] {processor.py:183} INFO - Processing /opt/airflow/dags/rand_request_api.py took 1.239 seconds
[2024-06-16T07:04:24.611+0000] {processor.py:161} INFO - Started process (PID=11258) to work on /opt/airflow/dags/rand_request_api.py
[2024-06-16T07:04:24.613+0000] {processor.py:830} INFO - Processing file /opt/airflow/dags/rand_request_api.py for tasks to queue
[2024-06-16T07:04:24.615+0000] {logging_mixin.py:188} INFO - [2024-06-16T07:04:24.614+0000] {dagbag.py:545} INFO - Filling up the DagBag from /opt/airflow/dags/rand_request_api.py
[2024-06-16T07:04:25.130+0000] {processor.py:840} INFO - DAG(s) 'ran_info_api' retrieved from /opt/airflow/dags/rand_request_api.py
[2024-06-16T07:04:25.174+0000] {logging_mixin.py:188} INFO - [2024-06-16T07:04:25.173+0000] {dag.py:3096} INFO - Sync 1 DAGs
[2024-06-16T07:04:25.218+0000] {logging_mixin.py:188} INFO - [2024-06-16T07:04:25.218+0000] {dag.py:3954} INFO - Setting next_dagrun for ran_info_api to 2024-06-16 05:05:00+00:00, run_after=2024-06-16 06:05:00+00:00
[2024-06-16T07:04:27.607+0000] {processor.py:183} INFO - Processing /opt/airflow/dags/rand_request_api.py took 3.008 seconds
[2024-06-16T07:04:58.876+0000] {processor.py:161} INFO - Started process (PID=11303) to work on /opt/airflow/dags/rand_request_api.py
[2024-06-16T07:04:58.877+0000] {processor.py:830} INFO - Processing file /opt/airflow/dags/rand_request_api.py for tasks to queue
[2024-06-16T07:04:58.879+0000] {logging_mixin.py:188} INFO - [2024-06-16T07:04:58.878+0000] {dagbag.py:545} INFO - Filling up the DagBag from /opt/airflow/dags/rand_request_api.py
[2024-06-16T07:04:59.499+0000] {processor.py:840} INFO - DAG(s) 'ran_info_api' retrieved from /opt/airflow/dags/rand_request_api.py
[2024-06-16T07:04:59.528+0000] {logging_mixin.py:188} INFO - [2024-06-16T07:04:59.528+0000] {dag.py:3096} INFO - Sync 1 DAGs
[2024-06-16T07:04:59.562+0000] {logging_mixin.py:188} INFO - [2024-06-16T07:04:59.562+0000] {dag.py:3954} INFO - Setting next_dagrun for ran_info_api to 2024-06-16 05:05:00+00:00, run_after=2024-06-16 06:05:00+00:00
[2024-06-16T07:04:59.870+0000] {processor.py:183} INFO - Processing /opt/airflow/dags/rand_request_api.py took 1.005 seconds
[2024-06-16T07:05:31.056+0000] {processor.py:161} INFO - Started process (PID=11351) to work on /opt/airflow/dags/rand_request_api.py
[2024-06-16T07:05:31.084+0000] {processor.py:830} INFO - Processing file /opt/airflow/dags/rand_request_api.py for tasks to queue
[2024-06-16T07:05:31.102+0000] {logging_mixin.py:188} INFO - [2024-06-16T07:05:31.101+0000] {dagbag.py:545} INFO - Filling up the DagBag from /opt/airflow/dags/rand_request_api.py
[2024-06-16T07:05:32.660+0000] {processor.py:840} INFO - DAG(s) 'ran_info_api' retrieved from /opt/airflow/dags/rand_request_api.py
[2024-06-16T07:05:32.779+0000] {logging_mixin.py:188} INFO - [2024-06-16T07:05:32.778+0000] {dag.py:3096} INFO - Sync 1 DAGs
[2024-06-16T07:05:32.864+0000] {logging_mixin.py:188} INFO - [2024-06-16T07:05:32.864+0000] {dag.py:3954} INFO - Setting next_dagrun for ran_info_api to 2024-06-16 06:05:00+00:00, run_after=2024-06-16 07:05:00+00:00
[2024-06-16T07:05:33.117+0000] {processor.py:183} INFO - Processing /opt/airflow/dags/rand_request_api.py took 2.083 seconds
[2024-06-16T07:06:03.561+0000] {processor.py:161} INFO - Started process (PID=11403) to work on /opt/airflow/dags/rand_request_api.py
[2024-06-16T07:06:03.562+0000] {processor.py:830} INFO - Processing file /opt/airflow/dags/rand_request_api.py for tasks to queue
[2024-06-16T07:06:03.567+0000] {logging_mixin.py:188} INFO - [2024-06-16T07:06:03.566+0000] {dagbag.py:545} INFO - Filling up the DagBag from /opt/airflow/dags/rand_request_api.py
[2024-06-16T07:06:04.039+0000] {processor.py:840} INFO - DAG(s) 'ran_info_api' retrieved from /opt/airflow/dags/rand_request_api.py
[2024-06-16T07:06:04.074+0000] {logging_mixin.py:188} INFO - [2024-06-16T07:06:04.073+0000] {dag.py:3096} INFO - Sync 1 DAGs
[2024-06-16T07:06:04.122+0000] {logging_mixin.py:188} INFO - [2024-06-16T07:06:04.121+0000] {dag.py:3954} INFO - Setting next_dagrun for ran_info_api to 2024-06-16 06:05:00+00:00, run_after=2024-06-16 07:05:00+00:00
[2024-06-16T07:06:05.173+0000] {processor.py:183} INFO - Processing /opt/airflow/dags/rand_request_api.py took 1.625 seconds
[2024-06-16T07:06:37.461+0000] {processor.py:161} INFO - Started process (PID=11453) to work on /opt/airflow/dags/rand_request_api.py
[2024-06-16T07:06:37.463+0000] {processor.py:830} INFO - Processing file /opt/airflow/dags/rand_request_api.py for tasks to queue
[2024-06-16T07:06:37.465+0000] {logging_mixin.py:188} INFO - [2024-06-16T07:06:37.464+0000] {dagbag.py:545} INFO - Filling up the DagBag from /opt/airflow/dags/rand_request_api.py
[2024-06-16T07:06:38.021+0000] {processor.py:840} INFO - DAG(s) 'ran_info_api' retrieved from /opt/airflow/dags/rand_request_api.py
[2024-06-16T07:06:38.065+0000] {logging_mixin.py:188} INFO - [2024-06-16T07:06:38.064+0000] {dag.py:3096} INFO - Sync 1 DAGs
[2024-06-16T07:06:38.110+0000] {logging_mixin.py:188} INFO - [2024-06-16T07:06:38.110+0000] {dag.py:3954} INFO - Setting next_dagrun for ran_info_api to 2024-06-16 06:05:00+00:00, run_after=2024-06-16 07:05:00+00:00
[2024-06-16T07:06:38.266+0000] {processor.py:183} INFO - Processing /opt/airflow/dags/rand_request_api.py took 0.816 seconds
[2024-06-16T07:07:12.404+0000] {processor.py:161} INFO - Started process (PID=11509) to work on /opt/airflow/dags/rand_request_api.py
[2024-06-16T07:07:12.405+0000] {processor.py:830} INFO - Processing file /opt/airflow/dags/rand_request_api.py for tasks to queue
[2024-06-16T07:07:12.409+0000] {logging_mixin.py:188} INFO - [2024-06-16T07:07:12.408+0000] {dagbag.py:545} INFO - Filling up the DagBag from /opt/airflow/dags/rand_request_api.py
[2024-06-16T07:07:13.084+0000] {processor.py:840} INFO - DAG(s) 'ran_info_api' retrieved from /opt/airflow/dags/rand_request_api.py
[2024-06-16T07:07:13.135+0000] {logging_mixin.py:188} INFO - [2024-06-16T07:07:13.134+0000] {dag.py:3096} INFO - Sync 1 DAGs
[2024-06-16T07:07:13.178+0000] {logging_mixin.py:188} INFO - [2024-06-16T07:07:13.178+0000] {dag.py:3954} INFO - Setting next_dagrun for ran_info_api to 2024-06-16 06:05:00+00:00, run_after=2024-06-16 07:05:00+00:00
[2024-06-16T07:07:13.503+0000] {processor.py:183} INFO - Processing /opt/airflow/dags/rand_request_api.py took 1.110 seconds
[2024-06-16T07:07:44.111+0000] {processor.py:161} INFO - Started process (PID=11549) to work on /opt/airflow/dags/rand_request_api.py
[2024-06-16T07:07:44.112+0000] {processor.py:830} INFO - Processing file /opt/airflow/dags/rand_request_api.py for tasks to queue
[2024-06-16T07:07:44.114+0000] {logging_mixin.py:188} INFO - [2024-06-16T07:07:44.113+0000] {dagbag.py:545} INFO - Filling up the DagBag from /opt/airflow/dags/rand_request_api.py
[2024-06-16T07:07:45.255+0000] {processor.py:840} INFO - DAG(s) 'ran_info_api' retrieved from /opt/airflow/dags/rand_request_api.py
[2024-06-16T07:07:45.288+0000] {logging_mixin.py:188} INFO - [2024-06-16T07:07:45.287+0000] {dag.py:3096} INFO - Sync 1 DAGs
[2024-06-16T07:07:45.321+0000] {logging_mixin.py:188} INFO - [2024-06-16T07:07:45.320+0000] {dag.py:3954} INFO - Setting next_dagrun for ran_info_api to 2024-06-16 06:05:00+00:00, run_after=2024-06-16 07:05:00+00:00
[2024-06-16T07:07:45.520+0000] {processor.py:183} INFO - Processing /opt/airflow/dags/rand_request_api.py took 1.432 seconds
[2024-06-16T07:08:16.203+0000] {processor.py:161} INFO - Started process (PID=11595) to work on /opt/airflow/dags/rand_request_api.py
[2024-06-16T07:08:16.205+0000] {processor.py:830} INFO - Processing file /opt/airflow/dags/rand_request_api.py for tasks to queue
[2024-06-16T07:08:16.207+0000] {logging_mixin.py:188} INFO - [2024-06-16T07:08:16.206+0000] {dagbag.py:545} INFO - Filling up the DagBag from /opt/airflow/dags/rand_request_api.py
[2024-06-16T07:08:16.787+0000] {processor.py:840} INFO - DAG(s) 'ran_info_api' retrieved from /opt/airflow/dags/rand_request_api.py
[2024-06-16T07:08:16.814+0000] {logging_mixin.py:188} INFO - [2024-06-16T07:08:16.814+0000] {dag.py:3096} INFO - Sync 1 DAGs
[2024-06-16T07:08:16.846+0000] {logging_mixin.py:188} INFO - [2024-06-16T07:08:16.846+0000] {dag.py:3954} INFO - Setting next_dagrun for ran_info_api to 2024-06-16 06:05:00+00:00, run_after=2024-06-16 07:05:00+00:00
[2024-06-16T07:08:16.961+0000] {processor.py:183} INFO - Processing /opt/airflow/dags/rand_request_api.py took 0.779 seconds
[2024-06-16T07:08:48.123+0000] {processor.py:161} INFO - Started process (PID=11647) to work on /opt/airflow/dags/rand_request_api.py
[2024-06-16T07:08:48.125+0000] {processor.py:830} INFO - Processing file /opt/airflow/dags/rand_request_api.py for tasks to queue
[2024-06-16T07:08:48.127+0000] {logging_mixin.py:188} INFO - [2024-06-16T07:08:48.127+0000] {dagbag.py:545} INFO - Filling up the DagBag from /opt/airflow/dags/rand_request_api.py
[2024-06-16T07:08:48.696+0000] {processor.py:840} INFO - DAG(s) 'ran_info_api' retrieved from /opt/airflow/dags/rand_request_api.py
[2024-06-16T07:08:48.731+0000] {logging_mixin.py:188} INFO - [2024-06-16T07:08:48.731+0000] {dag.py:3096} INFO - Sync 1 DAGs
[2024-06-16T07:08:48.775+0000] {logging_mixin.py:188} INFO - [2024-06-16T07:08:48.775+0000] {dag.py:3954} INFO - Setting next_dagrun for ran_info_api to 2024-06-16 06:05:00+00:00, run_after=2024-06-16 07:05:00+00:00
[2024-06-16T07:08:49.016+0000] {processor.py:183} INFO - Processing /opt/airflow/dags/rand_request_api.py took 0.905 seconds
[2024-06-16T07:09:19.320+0000] {processor.py:161} INFO - Started process (PID=11693) to work on /opt/airflow/dags/rand_request_api.py
[2024-06-16T07:09:19.321+0000] {processor.py:830} INFO - Processing file /opt/airflow/dags/rand_request_api.py for tasks to queue
[2024-06-16T07:09:19.325+0000] {logging_mixin.py:188} INFO - [2024-06-16T07:09:19.325+0000] {dagbag.py:545} INFO - Filling up the DagBag from /opt/airflow/dags/rand_request_api.py
[2024-06-16T07:09:19.835+0000] {processor.py:840} INFO - DAG(s) 'ran_info_api' retrieved from /opt/airflow/dags/rand_request_api.py
[2024-06-16T07:09:19.891+0000] {logging_mixin.py:188} INFO - [2024-06-16T07:09:19.890+0000] {dag.py:3096} INFO - Sync 1 DAGs
[2024-06-16T07:09:19.921+0000] {logging_mixin.py:188} INFO - [2024-06-16T07:09:19.920+0000] {dag.py:3954} INFO - Setting next_dagrun for ran_info_api to 2024-06-16 06:05:00+00:00, run_after=2024-06-16 07:05:00+00:00
[2024-06-16T07:09:20.013+0000] {processor.py:183} INFO - Processing /opt/airflow/dags/rand_request_api.py took 0.706 seconds
[2024-06-16T07:09:50.514+0000] {processor.py:161} INFO - Started process (PID=11735) to work on /opt/airflow/dags/rand_request_api.py
[2024-06-16T07:09:50.516+0000] {processor.py:830} INFO - Processing file /opt/airflow/dags/rand_request_api.py for tasks to queue
[2024-06-16T07:09:50.517+0000] {logging_mixin.py:188} INFO - [2024-06-16T07:09:50.516+0000] {dagbag.py:545} INFO - Filling up the DagBag from /opt/airflow/dags/rand_request_api.py
[2024-06-16T07:09:50.964+0000] {processor.py:840} INFO - DAG(s) 'ran_info_api' retrieved from /opt/airflow/dags/rand_request_api.py
[2024-06-16T07:09:50.994+0000] {logging_mixin.py:188} INFO - [2024-06-16T07:09:50.993+0000] {dag.py:3096} INFO - Sync 1 DAGs
[2024-06-16T07:09:51.024+0000] {logging_mixin.py:188} INFO - [2024-06-16T07:09:51.023+0000] {dag.py:3954} INFO - Setting next_dagrun for ran_info_api to 2024-06-16 06:05:00+00:00, run_after=2024-06-16 07:05:00+00:00
[2024-06-16T07:09:51.262+0000] {processor.py:183} INFO - Processing /opt/airflow/dags/rand_request_api.py took 0.756 seconds
[2024-06-16T07:10:21.351+0000] {processor.py:161} INFO - Started process (PID=11783) to work on /opt/airflow/dags/rand_request_api.py
[2024-06-16T07:10:21.353+0000] {processor.py:830} INFO - Processing file /opt/airflow/dags/rand_request_api.py for tasks to queue
[2024-06-16T07:10:21.354+0000] {logging_mixin.py:188} INFO - [2024-06-16T07:10:21.354+0000] {dagbag.py:545} INFO - Filling up the DagBag from /opt/airflow/dags/rand_request_api.py
[2024-06-16T07:10:21.894+0000] {processor.py:840} INFO - DAG(s) 'ran_info_api' retrieved from /opt/airflow/dags/rand_request_api.py
[2024-06-16T07:10:21.938+0000] {logging_mixin.py:188} INFO - [2024-06-16T07:10:21.937+0000] {dag.py:3096} INFO - Sync 1 DAGs
[2024-06-16T07:10:21.972+0000] {logging_mixin.py:188} INFO - [2024-06-16T07:10:21.972+0000] {dag.py:3954} INFO - Setting next_dagrun for ran_info_api to 2024-06-16 06:05:00+00:00, run_after=2024-06-16 07:05:00+00:00
[2024-06-16T07:10:22.051+0000] {processor.py:183} INFO - Processing /opt/airflow/dags/rand_request_api.py took 0.709 seconds
[2024-06-16T07:10:52.297+0000] {processor.py:161} INFO - Started process (PID=11841) to work on /opt/airflow/dags/rand_request_api.py
[2024-06-16T07:10:52.298+0000] {processor.py:830} INFO - Processing file /opt/airflow/dags/rand_request_api.py for tasks to queue
[2024-06-16T07:10:52.301+0000] {logging_mixin.py:188} INFO - [2024-06-16T07:10:52.301+0000] {dagbag.py:545} INFO - Filling up the DagBag from /opt/airflow/dags/rand_request_api.py
[2024-06-16T07:10:52.773+0000] {processor.py:840} INFO - DAG(s) 'ran_info_api' retrieved from /opt/airflow/dags/rand_request_api.py
[2024-06-16T07:10:52.802+0000] {logging_mixin.py:188} INFO - [2024-06-16T07:10:52.802+0000] {dag.py:3096} INFO - Sync 1 DAGs
[2024-06-16T07:10:52.837+0000] {logging_mixin.py:188} INFO - [2024-06-16T07:10:52.836+0000] {dag.py:3954} INFO - Setting next_dagrun for ran_info_api to 2024-06-16 06:05:00+00:00, run_after=2024-06-16 07:05:00+00:00
[2024-06-16T07:10:52.994+0000] {processor.py:183} INFO - Processing /opt/airflow/dags/rand_request_api.py took 0.707 seconds
[2024-06-16T07:11:23.105+0000] {processor.py:161} INFO - Started process (PID=11884) to work on /opt/airflow/dags/rand_request_api.py
[2024-06-16T07:11:23.107+0000] {processor.py:830} INFO - Processing file /opt/airflow/dags/rand_request_api.py for tasks to queue
[2024-06-16T07:11:23.111+0000] {logging_mixin.py:188} INFO - [2024-06-16T07:11:23.110+0000] {dagbag.py:545} INFO - Filling up the DagBag from /opt/airflow/dags/rand_request_api.py
[2024-06-16T07:11:23.947+0000] {processor.py:840} INFO - DAG(s) 'ran_info_api' retrieved from /opt/airflow/dags/rand_request_api.py
[2024-06-16T07:11:24.025+0000] {logging_mixin.py:188} INFO - [2024-06-16T07:11:24.021+0000] {dag.py:3096} INFO - Sync 1 DAGs
[2024-06-16T07:11:24.087+0000] {logging_mixin.py:188} INFO - [2024-06-16T07:11:24.086+0000] {dag.py:3954} INFO - Setting next_dagrun for ran_info_api to 2024-06-16 06:05:00+00:00, run_after=2024-06-16 07:05:00+00:00
[2024-06-16T07:11:24.219+0000] {processor.py:183} INFO - Processing /opt/airflow/dags/rand_request_api.py took 1.131 seconds
[2024-06-16T07:11:54.390+0000] {processor.py:161} INFO - Started process (PID=11929) to work on /opt/airflow/dags/rand_request_api.py
[2024-06-16T07:11:54.391+0000] {processor.py:830} INFO - Processing file /opt/airflow/dags/rand_request_api.py for tasks to queue
[2024-06-16T07:11:54.393+0000] {logging_mixin.py:188} INFO - [2024-06-16T07:11:54.392+0000] {dagbag.py:545} INFO - Filling up the DagBag from /opt/airflow/dags/rand_request_api.py
[2024-06-16T07:11:55.081+0000] {processor.py:840} INFO - DAG(s) 'ran_info_api' retrieved from /opt/airflow/dags/rand_request_api.py
[2024-06-16T07:11:55.193+0000] {logging_mixin.py:188} INFO - [2024-06-16T07:11:55.192+0000] {dag.py:3096} INFO - Sync 1 DAGs
[2024-06-16T07:11:55.321+0000] {logging_mixin.py:188} INFO - [2024-06-16T07:11:55.320+0000] {dag.py:3954} INFO - Setting next_dagrun for ran_info_api to 2024-06-16 06:05:00+00:00, run_after=2024-06-16 07:05:00+00:00
[2024-06-16T07:11:55.450+0000] {processor.py:183} INFO - Processing /opt/airflow/dags/rand_request_api.py took 1.073 seconds
[2024-06-16T07:12:26.003+0000] {processor.py:161} INFO - Started process (PID=11978) to work on /opt/airflow/dags/rand_request_api.py
[2024-06-16T07:12:26.006+0000] {processor.py:830} INFO - Processing file /opt/airflow/dags/rand_request_api.py for tasks to queue
[2024-06-16T07:12:26.008+0000] {logging_mixin.py:188} INFO - [2024-06-16T07:12:26.007+0000] {dagbag.py:545} INFO - Filling up the DagBag from /opt/airflow/dags/rand_request_api.py
[2024-06-16T07:12:26.860+0000] {processor.py:840} INFO - DAG(s) 'ran_info_api' retrieved from /opt/airflow/dags/rand_request_api.py
[2024-06-16T07:12:26.892+0000] {logging_mixin.py:188} INFO - [2024-06-16T07:12:26.892+0000] {dag.py:3096} INFO - Sync 1 DAGs
[2024-06-16T07:12:26.938+0000] {logging_mixin.py:188} INFO - [2024-06-16T07:12:26.938+0000] {dag.py:3954} INFO - Setting next_dagrun for ran_info_api to 2024-06-16 06:05:00+00:00, run_after=2024-06-16 07:05:00+00:00
[2024-06-16T07:12:27.083+0000] {processor.py:183} INFO - Processing /opt/airflow/dags/rand_request_api.py took 1.093 seconds
[2024-06-16T07:12:57.750+0000] {processor.py:161} INFO - Started process (PID=12024) to work on /opt/airflow/dags/rand_request_api.py
[2024-06-16T07:12:57.751+0000] {processor.py:830} INFO - Processing file /opt/airflow/dags/rand_request_api.py for tasks to queue
[2024-06-16T07:12:57.754+0000] {logging_mixin.py:188} INFO - [2024-06-16T07:12:57.753+0000] {dagbag.py:545} INFO - Filling up the DagBag from /opt/airflow/dags/rand_request_api.py
[2024-06-16T07:12:58.508+0000] {processor.py:840} INFO - DAG(s) 'ran_info_api' retrieved from /opt/airflow/dags/rand_request_api.py
[2024-06-16T07:12:58.553+0000] {logging_mixin.py:188} INFO - [2024-06-16T07:12:58.552+0000] {dag.py:3096} INFO - Sync 1 DAGs
[2024-06-16T07:12:58.601+0000] {logging_mixin.py:188} INFO - [2024-06-16T07:12:58.601+0000] {dag.py:3954} INFO - Setting next_dagrun for ran_info_api to 2024-06-16 06:05:00+00:00, run_after=2024-06-16 07:05:00+00:00
[2024-06-16T07:12:58.679+0000] {processor.py:183} INFO - Processing /opt/airflow/dags/rand_request_api.py took 0.946 seconds
[2024-06-16T07:13:28.776+0000] {processor.py:161} INFO - Started process (PID=12068) to work on /opt/airflow/dags/rand_request_api.py
[2024-06-16T07:13:28.779+0000] {processor.py:830} INFO - Processing file /opt/airflow/dags/rand_request_api.py for tasks to queue
[2024-06-16T07:13:28.781+0000] {logging_mixin.py:188} INFO - [2024-06-16T07:13:28.780+0000] {dagbag.py:545} INFO - Filling up the DagBag from /opt/airflow/dags/rand_request_api.py
[2024-06-16T07:13:29.503+0000] {processor.py:840} INFO - DAG(s) 'ran_info_api' retrieved from /opt/airflow/dags/rand_request_api.py
[2024-06-16T07:13:29.568+0000] {logging_mixin.py:188} INFO - [2024-06-16T07:13:29.567+0000] {dag.py:3096} INFO - Sync 1 DAGs
[2024-06-16T07:13:29.614+0000] {logging_mixin.py:188} INFO - [2024-06-16T07:13:29.614+0000] {dag.py:3954} INFO - Setting next_dagrun for ran_info_api to 2024-06-16 06:05:00+00:00, run_after=2024-06-16 07:05:00+00:00
[2024-06-16T07:13:29.723+0000] {processor.py:183} INFO - Processing /opt/airflow/dags/rand_request_api.py took 0.957 seconds
[2024-06-16T07:14:00.020+0000] {processor.py:161} INFO - Started process (PID=12112) to work on /opt/airflow/dags/rand_request_api.py
[2024-06-16T07:14:00.061+0000] {processor.py:830} INFO - Processing file /opt/airflow/dags/rand_request_api.py for tasks to queue
[2024-06-16T07:14:00.062+0000] {logging_mixin.py:188} INFO - [2024-06-16T07:14:00.062+0000] {dagbag.py:545} INFO - Filling up the DagBag from /opt/airflow/dags/rand_request_api.py
[2024-06-16T07:14:00.546+0000] {processor.py:840} INFO - DAG(s) 'ran_info_api' retrieved from /opt/airflow/dags/rand_request_api.py
[2024-06-16T07:14:00.576+0000] {logging_mixin.py:188} INFO - [2024-06-16T07:14:00.576+0000] {dag.py:3096} INFO - Sync 1 DAGs
[2024-06-16T07:14:00.617+0000] {logging_mixin.py:188} INFO - [2024-06-16T07:14:00.617+0000] {dag.py:3954} INFO - Setting next_dagrun for ran_info_api to 2024-06-16 06:05:00+00:00, run_after=2024-06-16 07:05:00+00:00
[2024-06-16T07:14:00.947+0000] {processor.py:183} INFO - Processing /opt/airflow/dags/rand_request_api.py took 0.937 seconds
[2024-06-16T07:14:31.461+0000] {processor.py:161} INFO - Started process (PID=12160) to work on /opt/airflow/dags/rand_request_api.py
[2024-06-16T07:14:31.463+0000] {processor.py:830} INFO - Processing file /opt/airflow/dags/rand_request_api.py for tasks to queue
[2024-06-16T07:14:31.464+0000] {logging_mixin.py:188} INFO - [2024-06-16T07:14:31.464+0000] {dagbag.py:545} INFO - Filling up the DagBag from /opt/airflow/dags/rand_request_api.py
[2024-06-16T07:14:31.915+0000] {processor.py:840} INFO - DAG(s) 'ran_info_api' retrieved from /opt/airflow/dags/rand_request_api.py
[2024-06-16T07:14:31.945+0000] {logging_mixin.py:188} INFO - [2024-06-16T07:14:31.944+0000] {dag.py:3096} INFO - Sync 1 DAGs
[2024-06-16T07:14:31.973+0000] {logging_mixin.py:188} INFO - [2024-06-16T07:14:31.973+0000] {dag.py:3954} INFO - Setting next_dagrun for ran_info_api to 2024-06-16 06:05:00+00:00, run_after=2024-06-16 07:05:00+00:00
[2024-06-16T07:14:32.446+0000] {processor.py:183} INFO - Processing /opt/airflow/dags/rand_request_api.py took 0.994 seconds
[2024-06-16T07:15:03.349+0000] {processor.py:161} INFO - Started process (PID=12210) to work on /opt/airflow/dags/rand_request_api.py
[2024-06-16T07:15:03.350+0000] {processor.py:830} INFO - Processing file /opt/airflow/dags/rand_request_api.py for tasks to queue
[2024-06-16T07:15:03.352+0000] {logging_mixin.py:188} INFO - [2024-06-16T07:15:03.351+0000] {dagbag.py:545} INFO - Filling up the DagBag from /opt/airflow/dags/rand_request_api.py
[2024-06-16T07:15:03.784+0000] {processor.py:840} INFO - DAG(s) 'ran_info_api' retrieved from /opt/airflow/dags/rand_request_api.py
[2024-06-16T07:15:03.815+0000] {logging_mixin.py:188} INFO - [2024-06-16T07:15:03.815+0000] {dag.py:3096} INFO - Sync 1 DAGs
[2024-06-16T07:15:03.847+0000] {logging_mixin.py:188} INFO - [2024-06-16T07:15:03.847+0000] {dag.py:3954} INFO - Setting next_dagrun for ran_info_api to 2024-06-16 06:05:00+00:00, run_after=2024-06-16 07:05:00+00:00
[2024-06-16T07:15:03.989+0000] {processor.py:183} INFO - Processing /opt/airflow/dags/rand_request_api.py took 0.649 seconds
[2024-06-16T07:15:34.117+0000] {processor.py:161} INFO - Started process (PID=12254) to work on /opt/airflow/dags/rand_request_api.py
[2024-06-16T07:15:34.119+0000] {processor.py:830} INFO - Processing file /opt/airflow/dags/rand_request_api.py for tasks to queue
[2024-06-16T07:15:34.120+0000] {logging_mixin.py:188} INFO - [2024-06-16T07:15:34.120+0000] {dagbag.py:545} INFO - Filling up the DagBag from /opt/airflow/dags/rand_request_api.py
[2024-06-16T07:15:34.546+0000] {processor.py:840} INFO - DAG(s) 'ran_info_api' retrieved from /opt/airflow/dags/rand_request_api.py
[2024-06-16T07:15:35.398+0000] {logging_mixin.py:188} INFO - [2024-06-16T07:15:35.397+0000] {dag.py:3096} INFO - Sync 1 DAGs
[2024-06-16T07:15:35.434+0000] {logging_mixin.py:188} INFO - [2024-06-16T07:15:35.433+0000] {dag.py:3954} INFO - Setting next_dagrun for ran_info_api to 2024-06-16 06:05:00+00:00, run_after=2024-06-16 07:05:00+00:00
[2024-06-16T07:15:39.681+0000] {processor.py:183} INFO - Processing /opt/airflow/dags/rand_request_api.py took 5.572 seconds
[2024-06-16T07:16:28.663+0000] {processor.py:161} INFO - Started process (PID=12306) to work on /opt/airflow/dags/rand_request_api.py
[2024-06-16T07:16:28.665+0000] {processor.py:830} INFO - Processing file /opt/airflow/dags/rand_request_api.py for tasks to queue
[2024-06-16T07:16:28.668+0000] {logging_mixin.py:188} INFO - [2024-06-16T07:16:28.667+0000] {dagbag.py:545} INFO - Filling up the DagBag from /opt/airflow/dags/rand_request_api.py
[2024-06-16T07:16:29.539+0000] {processor.py:840} INFO - DAG(s) 'ran_info_api' retrieved from /opt/airflow/dags/rand_request_api.py
[2024-06-16T07:16:29.616+0000] {logging_mixin.py:188} INFO - [2024-06-16T07:16:29.615+0000] {dag.py:3096} INFO - Sync 1 DAGs
[2024-06-16T07:16:29.666+0000] {logging_mixin.py:188} INFO - [2024-06-16T07:16:29.665+0000] {dag.py:3954} INFO - Setting next_dagrun for ran_info_api to 2024-06-16 06:05:00+00:00, run_after=2024-06-16 07:05:00+00:00
[2024-06-16T07:16:29.843+0000] {processor.py:183} INFO - Processing /opt/airflow/dags/rand_request_api.py took 1.193 seconds
[2024-06-16T07:16:59.947+0000] {processor.py:161} INFO - Started process (PID=12357) to work on /opt/airflow/dags/rand_request_api.py
[2024-06-16T07:16:59.949+0000] {processor.py:830} INFO - Processing file /opt/airflow/dags/rand_request_api.py for tasks to queue
[2024-06-16T07:16:59.950+0000] {logging_mixin.py:188} INFO - [2024-06-16T07:16:59.950+0000] {dagbag.py:545} INFO - Filling up the DagBag from /opt/airflow/dags/rand_request_api.py
[2024-06-16T07:17:00.432+0000] {processor.py:840} INFO - DAG(s) 'ran_info_api' retrieved from /opt/airflow/dags/rand_request_api.py
[2024-06-16T07:17:00.473+0000] {logging_mixin.py:188} INFO - [2024-06-16T07:17:00.472+0000] {dag.py:3096} INFO - Sync 1 DAGs
[2024-06-16T07:17:00.512+0000] {logging_mixin.py:188} INFO - [2024-06-16T07:17:00.512+0000] {dag.py:3954} INFO - Setting next_dagrun for ran_info_api to 2024-06-16 06:05:00+00:00, run_after=2024-06-16 07:05:00+00:00
[2024-06-16T07:17:00.643+0000] {processor.py:183} INFO - Processing /opt/airflow/dags/rand_request_api.py took 0.703 seconds
[2024-06-16T07:17:32.937+0000] {processor.py:161} INFO - Started process (PID=12407) to work on /opt/airflow/dags/rand_request_api.py
[2024-06-16T07:17:32.940+0000] {processor.py:830} INFO - Processing file /opt/airflow/dags/rand_request_api.py for tasks to queue
[2024-06-16T07:17:32.942+0000] {logging_mixin.py:188} INFO - [2024-06-16T07:17:32.941+0000] {dagbag.py:545} INFO - Filling up the DagBag from /opt/airflow/dags/rand_request_api.py
[2024-06-16T07:17:33.430+0000] {processor.py:840} INFO - DAG(s) 'ran_info_api' retrieved from /opt/airflow/dags/rand_request_api.py
[2024-06-16T07:17:33.462+0000] {logging_mixin.py:188} INFO - [2024-06-16T07:17:33.462+0000] {dag.py:3096} INFO - Sync 1 DAGs
[2024-06-16T07:17:33.495+0000] {logging_mixin.py:188} INFO - [2024-06-16T07:17:33.495+0000] {dag.py:3954} INFO - Setting next_dagrun for ran_info_api to 2024-06-16 06:05:00+00:00, run_after=2024-06-16 07:05:00+00:00
[2024-06-16T07:17:37.599+0000] {processor.py:183} INFO - Processing /opt/airflow/dags/rand_request_api.py took 4.671 seconds
[2024-06-16T07:18:08.181+0000] {processor.py:161} INFO - Started process (PID=12449) to work on /opt/airflow/dags/rand_request_api.py
[2024-06-16T07:18:08.182+0000] {processor.py:830} INFO - Processing file /opt/airflow/dags/rand_request_api.py for tasks to queue
[2024-06-16T07:18:08.184+0000] {logging_mixin.py:188} INFO - [2024-06-16T07:18:08.183+0000] {dagbag.py:545} INFO - Filling up the DagBag from /opt/airflow/dags/rand_request_api.py
[2024-06-16T07:18:08.736+0000] {processor.py:840} INFO - DAG(s) 'ran_info_api' retrieved from /opt/airflow/dags/rand_request_api.py
[2024-06-16T07:18:08.769+0000] {logging_mixin.py:188} INFO - [2024-06-16T07:18:08.769+0000] {dag.py:3096} INFO - Sync 1 DAGs
[2024-06-16T07:18:08.816+0000] {logging_mixin.py:188} INFO - [2024-06-16T07:18:08.815+0000] {dag.py:3954} INFO - Setting next_dagrun for ran_info_api to 2024-06-16 06:05:00+00:00, run_after=2024-06-16 07:05:00+00:00
[2024-06-16T07:18:08.964+0000] {processor.py:183} INFO - Processing /opt/airflow/dags/rand_request_api.py took 0.797 seconds
[2024-06-16T07:18:39.917+0000] {processor.py:161} INFO - Started process (PID=12493) to work on /opt/airflow/dags/rand_request_api.py
[2024-06-16T07:18:39.919+0000] {processor.py:830} INFO - Processing file /opt/airflow/dags/rand_request_api.py for tasks to queue
[2024-06-16T07:18:39.920+0000] {logging_mixin.py:188} INFO - [2024-06-16T07:18:39.920+0000] {dagbag.py:545} INFO - Filling up the DagBag from /opt/airflow/dags/rand_request_api.py
[2024-06-16T07:18:40.382+0000] {processor.py:840} INFO - DAG(s) 'ran_info_api' retrieved from /opt/airflow/dags/rand_request_api.py
[2024-06-16T07:18:40.413+0000] {logging_mixin.py:188} INFO - [2024-06-16T07:18:40.412+0000] {dag.py:3096} INFO - Sync 1 DAGs
[2024-06-16T07:18:40.443+0000] {logging_mixin.py:188} INFO - [2024-06-16T07:18:40.443+0000] {dag.py:3954} INFO - Setting next_dagrun for ran_info_api to 2024-06-16 06:05:00+00:00, run_after=2024-06-16 07:05:00+00:00
[2024-06-16T07:18:42.111+0000] {processor.py:183} INFO - Processing /opt/airflow/dags/rand_request_api.py took 2.203 seconds
[2024-06-16T07:19:13.794+0000] {processor.py:161} INFO - Started process (PID=12539) to work on /opt/airflow/dags/rand_request_api.py
[2024-06-16T07:19:13.795+0000] {processor.py:830} INFO - Processing file /opt/airflow/dags/rand_request_api.py for tasks to queue
[2024-06-16T07:19:13.796+0000] {logging_mixin.py:188} INFO - [2024-06-16T07:19:13.796+0000] {dagbag.py:545} INFO - Filling up the DagBag from /opt/airflow/dags/rand_request_api.py
[2024-06-16T07:19:14.398+0000] {processor.py:840} INFO - DAG(s) 'ran_info_api' retrieved from /opt/airflow/dags/rand_request_api.py
[2024-06-16T07:19:14.438+0000] {logging_mixin.py:188} INFO - [2024-06-16T07:19:14.438+0000] {dag.py:3096} INFO - Sync 1 DAGs
[2024-06-16T07:19:14.502+0000] {logging_mixin.py:188} INFO - [2024-06-16T07:19:14.501+0000] {dag.py:3954} INFO - Setting next_dagrun for ran_info_api to 2024-06-16 06:05:00+00:00, run_after=2024-06-16 07:05:00+00:00
[2024-06-16T07:19:15.080+0000] {processor.py:183} INFO - Processing /opt/airflow/dags/rand_request_api.py took 1.298 seconds
[2024-06-16T07:19:45.393+0000] {processor.py:161} INFO - Started process (PID=12589) to work on /opt/airflow/dags/rand_request_api.py
[2024-06-16T07:19:45.394+0000] {processor.py:830} INFO - Processing file /opt/airflow/dags/rand_request_api.py for tasks to queue
[2024-06-16T07:19:45.396+0000] {logging_mixin.py:188} INFO - [2024-06-16T07:19:45.395+0000] {dagbag.py:545} INFO - Filling up the DagBag from /opt/airflow/dags/rand_request_api.py
[2024-06-16T07:19:45.873+0000] {processor.py:840} INFO - DAG(s) 'ran_info_api' retrieved from /opt/airflow/dags/rand_request_api.py
[2024-06-16T07:19:45.912+0000] {logging_mixin.py:188} INFO - [2024-06-16T07:19:45.911+0000] {dag.py:3096} INFO - Sync 1 DAGs
[2024-06-16T07:19:45.941+0000] {logging_mixin.py:188} INFO - [2024-06-16T07:19:45.941+0000] {dag.py:3954} INFO - Setting next_dagrun for ran_info_api to 2024-06-16 06:05:00+00:00, run_after=2024-06-16 07:05:00+00:00
[2024-06-16T07:19:46.336+0000] {processor.py:183} INFO - Processing /opt/airflow/dags/rand_request_api.py took 0.951 seconds
[2024-06-16T07:20:16.624+0000] {processor.py:161} INFO - Started process (PID=12629) to work on /opt/airflow/dags/rand_request_api.py
[2024-06-16T07:20:16.625+0000] {processor.py:830} INFO - Processing file /opt/airflow/dags/rand_request_api.py for tasks to queue
[2024-06-16T07:20:16.627+0000] {logging_mixin.py:188} INFO - [2024-06-16T07:20:16.626+0000] {dagbag.py:545} INFO - Filling up the DagBag from /opt/airflow/dags/rand_request_api.py
[2024-06-16T07:20:17.234+0000] {processor.py:840} INFO - DAG(s) 'ran_info_api' retrieved from /opt/airflow/dags/rand_request_api.py
[2024-06-16T07:20:17.285+0000] {logging_mixin.py:188} INFO - [2024-06-16T07:20:17.285+0000] {dag.py:3096} INFO - Sync 1 DAGs
[2024-06-16T07:20:17.332+0000] {logging_mixin.py:188} INFO - [2024-06-16T07:20:17.332+0000] {dag.py:3954} INFO - Setting next_dagrun for ran_info_api to 2024-06-16 06:05:00+00:00, run_after=2024-06-16 07:05:00+00:00
[2024-06-16T07:20:18.095+0000] {processor.py:183} INFO - Processing /opt/airflow/dags/rand_request_api.py took 1.479 seconds
[2024-06-16T07:20:48.570+0000] {processor.py:161} INFO - Started process (PID=12668) to work on /opt/airflow/dags/rand_request_api.py
[2024-06-16T07:20:48.571+0000] {processor.py:830} INFO - Processing file /opt/airflow/dags/rand_request_api.py for tasks to queue
[2024-06-16T07:20:48.573+0000] {logging_mixin.py:188} INFO - [2024-06-16T07:20:48.572+0000] {dagbag.py:545} INFO - Filling up the DagBag from /opt/airflow/dags/rand_request_api.py
[2024-06-16T07:20:49.040+0000] {processor.py:840} INFO - DAG(s) 'ran_info_api' retrieved from /opt/airflow/dags/rand_request_api.py
[2024-06-16T07:20:49.072+0000] {logging_mixin.py:188} INFO - [2024-06-16T07:20:49.072+0000] {dag.py:3096} INFO - Sync 1 DAGs
[2024-06-16T07:20:49.108+0000] {logging_mixin.py:188} INFO - [2024-06-16T07:20:49.108+0000] {dag.py:3954} INFO - Setting next_dagrun for ran_info_api to 2024-06-16 06:05:00+00:00, run_after=2024-06-16 07:05:00+00:00
[2024-06-16T07:20:52.511+0000] {processor.py:183} INFO - Processing /opt/airflow/dags/rand_request_api.py took 3.953 seconds
