[2024-06-16T12:26:03.579+0000] {processor.py:161} INFO - Started process (PID=8656) to work on /opt/airflow/dags/sqlach.py
[2024-06-16T12:26:03.581+0000] {processor.py:830} INFO - Processing file /opt/airflow/dags/sqlach.py for tasks to queue
[2024-06-16T12:26:03.583+0000] {logging_mixin.py:188} INFO - [2024-06-16T12:26:03.582+0000] {dagbag.py:545} INFO - Filling up the DagBag from /opt/airflow/dags/sqlach.py
[2024-06-16T12:26:04.398+0000] {processor.py:840} INFO - DAG(s) 'user_request' retrieved from /opt/airflow/dags/sqlach.py
[2024-06-16T12:26:08.871+0000] {logging_mixin.py:188} INFO - [2024-06-16T12:26:08.870+0000] {override.py:1829} INFO - Created Permission View: can edit on DAG:user_request
[2024-06-16T12:26:08.915+0000] {logging_mixin.py:188} INFO - [2024-06-16T12:26:08.915+0000] {override.py:1829} INFO - Created Permission View: can read on DAG:user_request
[2024-06-16T12:26:08.962+0000] {logging_mixin.py:188} INFO - [2024-06-16T12:26:08.961+0000] {override.py:1829} INFO - Created Permission View: can delete on DAG:user_request
[2024-06-16T12:26:08.963+0000] {logging_mixin.py:188} INFO - [2024-06-16T12:26:08.962+0000] {dag.py:3096} INFO - Sync 1 DAGs
[2024-06-16T12:26:08.978+0000] {logging_mixin.py:188} INFO - [2024-06-16T12:26:08.977+0000] {dag.py:3118} INFO - Creating ORM DAG for user_request
[2024-06-16T12:26:09.012+0000] {logging_mixin.py:188} INFO - [2024-06-16T12:26:09.012+0000] {dag.py:3954} INFO - Setting next_dagrun for user_request to 2024-06-17 00:00:00+00:00, run_after=2024-06-18 00:00:00+00:00
[2024-06-16T12:26:09.123+0000] {processor.py:183} INFO - Processing /opt/airflow/dags/sqlach.py took 5.555 seconds
[2024-06-16T12:26:39.649+0000] {processor.py:161} INFO - Started process (PID=8702) to work on /opt/airflow/dags/sqlach.py
[2024-06-16T12:26:39.666+0000] {processor.py:830} INFO - Processing file /opt/airflow/dags/sqlach.py for tasks to queue
[2024-06-16T12:26:39.674+0000] {logging_mixin.py:188} INFO - [2024-06-16T12:26:39.674+0000] {dagbag.py:545} INFO - Filling up the DagBag from /opt/airflow/dags/sqlach.py
[2024-06-16T12:26:40.988+0000] {processor.py:840} INFO - DAG(s) 'user_request' retrieved from /opt/airflow/dags/sqlach.py
[2024-06-16T12:26:41.041+0000] {logging_mixin.py:188} INFO - [2024-06-16T12:26:41.040+0000] {dag.py:3096} INFO - Sync 1 DAGs
[2024-06-16T12:26:41.075+0000] {logging_mixin.py:188} INFO - [2024-06-16T12:26:41.074+0000] {dag.py:3954} INFO - Setting next_dagrun for user_request to 2024-06-17 00:00:00+00:00, run_after=2024-06-18 00:00:00+00:00
[2024-06-16T12:26:41.181+0000] {processor.py:183} INFO - Processing /opt/airflow/dags/sqlach.py took 1.567 seconds
[2024-06-16T12:27:11.388+0000] {processor.py:161} INFO - Started process (PID=8741) to work on /opt/airflow/dags/sqlach.py
[2024-06-16T12:27:11.391+0000] {processor.py:830} INFO - Processing file /opt/airflow/dags/sqlach.py for tasks to queue
[2024-06-16T12:27:11.398+0000] {logging_mixin.py:188} INFO - [2024-06-16T12:27:11.393+0000] {dagbag.py:545} INFO - Filling up the DagBag from /opt/airflow/dags/sqlach.py
[2024-06-16T12:27:11.965+0000] {processor.py:840} INFO - DAG(s) 'user_request' retrieved from /opt/airflow/dags/sqlach.py
[2024-06-16T12:27:11.995+0000] {logging_mixin.py:188} INFO - [2024-06-16T12:27:11.994+0000] {dag.py:3096} INFO - Sync 1 DAGs
[2024-06-16T12:27:12.021+0000] {logging_mixin.py:188} INFO - [2024-06-16T12:27:12.021+0000] {dag.py:3954} INFO - Setting next_dagrun for user_request to 2024-06-17 00:00:00+00:00, run_after=2024-06-18 00:00:00+00:00
[2024-06-16T12:27:12.235+0000] {processor.py:183} INFO - Processing /opt/airflow/dags/sqlach.py took 0.862 seconds
[2024-06-16T12:27:42.933+0000] {processor.py:161} INFO - Started process (PID=8781) to work on /opt/airflow/dags/sqlach.py
[2024-06-16T12:27:42.934+0000] {processor.py:830} INFO - Processing file /opt/airflow/dags/sqlach.py for tasks to queue
[2024-06-16T12:27:42.936+0000] {logging_mixin.py:188} INFO - [2024-06-16T12:27:42.935+0000] {dagbag.py:545} INFO - Filling up the DagBag from /opt/airflow/dags/sqlach.py
[2024-06-16T12:27:43.383+0000] {processor.py:840} INFO - DAG(s) 'user_request' retrieved from /opt/airflow/dags/sqlach.py
[2024-06-16T12:27:43.412+0000] {logging_mixin.py:188} INFO - [2024-06-16T12:27:43.412+0000] {dag.py:3096} INFO - Sync 1 DAGs
[2024-06-16T12:27:43.437+0000] {logging_mixin.py:188} INFO - [2024-06-16T12:27:43.437+0000] {dag.py:3954} INFO - Setting next_dagrun for user_request to 2024-06-17 00:00:00+00:00, run_after=2024-06-18 00:00:00+00:00
[2024-06-16T12:27:43.493+0000] {processor.py:183} INFO - Processing /opt/airflow/dags/sqlach.py took 0.571 seconds
[2024-06-16T12:28:13.929+0000] {processor.py:161} INFO - Started process (PID=8821) to work on /opt/airflow/dags/sqlach.py
[2024-06-16T12:28:13.931+0000] {processor.py:830} INFO - Processing file /opt/airflow/dags/sqlach.py for tasks to queue
[2024-06-16T12:28:13.932+0000] {logging_mixin.py:188} INFO - [2024-06-16T12:28:13.932+0000] {dagbag.py:545} INFO - Filling up the DagBag from /opt/airflow/dags/sqlach.py
[2024-06-16T12:28:14.362+0000] {processor.py:840} INFO - DAG(s) 'user_request' retrieved from /opt/airflow/dags/sqlach.py
[2024-06-16T12:28:14.395+0000] {logging_mixin.py:188} INFO - [2024-06-16T12:28:14.395+0000] {dag.py:3096} INFO - Sync 1 DAGs
[2024-06-16T12:28:14.418+0000] {logging_mixin.py:188} INFO - [2024-06-16T12:28:14.417+0000] {dag.py:3954} INFO - Setting next_dagrun for user_request to 2024-06-17 00:00:00+00:00, run_after=2024-06-18 00:00:00+00:00
[2024-06-16T12:28:14.496+0000] {processor.py:183} INFO - Processing /opt/airflow/dags/sqlach.py took 0.575 seconds
[2024-06-16T12:28:44.828+0000] {processor.py:161} INFO - Started process (PID=8861) to work on /opt/airflow/dags/sqlach.py
[2024-06-16T12:28:44.830+0000] {processor.py:830} INFO - Processing file /opt/airflow/dags/sqlach.py for tasks to queue
[2024-06-16T12:28:44.831+0000] {logging_mixin.py:188} INFO - [2024-06-16T12:28:44.831+0000] {dagbag.py:545} INFO - Filling up the DagBag from /opt/airflow/dags/sqlach.py
[2024-06-16T12:28:45.252+0000] {processor.py:840} INFO - DAG(s) 'user_request' retrieved from /opt/airflow/dags/sqlach.py
[2024-06-16T12:28:45.281+0000] {logging_mixin.py:188} INFO - [2024-06-16T12:28:45.281+0000] {dag.py:3096} INFO - Sync 1 DAGs
[2024-06-16T12:28:45.307+0000] {logging_mixin.py:188} INFO - [2024-06-16T12:28:45.307+0000] {dag.py:3954} INFO - Setting next_dagrun for user_request to 2024-06-17 00:00:00+00:00, run_after=2024-06-18 00:00:00+00:00
[2024-06-16T12:28:45.362+0000] {processor.py:183} INFO - Processing /opt/airflow/dags/sqlach.py took 0.545 seconds
[2024-06-16T12:29:16.206+0000] {processor.py:161} INFO - Started process (PID=8901) to work on /opt/airflow/dags/sqlach.py
[2024-06-16T12:29:16.207+0000] {processor.py:830} INFO - Processing file /opt/airflow/dags/sqlach.py for tasks to queue
[2024-06-16T12:29:16.209+0000] {logging_mixin.py:188} INFO - [2024-06-16T12:29:16.208+0000] {dagbag.py:545} INFO - Filling up the DagBag from /opt/airflow/dags/sqlach.py
[2024-06-16T12:29:16.637+0000] {processor.py:840} INFO - DAG(s) 'user_request' retrieved from /opt/airflow/dags/sqlach.py
[2024-06-16T12:29:16.668+0000] {logging_mixin.py:188} INFO - [2024-06-16T12:29:16.667+0000] {dag.py:3096} INFO - Sync 1 DAGs
[2024-06-16T12:29:16.694+0000] {logging_mixin.py:188} INFO - [2024-06-16T12:29:16.694+0000] {dag.py:3954} INFO - Setting next_dagrun for user_request to 2024-06-17 00:00:00+00:00, run_after=2024-06-18 00:00:00+00:00
[2024-06-16T12:29:16.823+0000] {processor.py:183} INFO - Processing /opt/airflow/dags/sqlach.py took 0.625 seconds
[2024-06-16T12:29:47.126+0000] {processor.py:161} INFO - Started process (PID=8941) to work on /opt/airflow/dags/sqlach.py
[2024-06-16T12:29:47.128+0000] {processor.py:830} INFO - Processing file /opt/airflow/dags/sqlach.py for tasks to queue
[2024-06-16T12:29:47.129+0000] {logging_mixin.py:188} INFO - [2024-06-16T12:29:47.129+0000] {dagbag.py:545} INFO - Filling up the DagBag from /opt/airflow/dags/sqlach.py
[2024-06-16T12:29:47.540+0000] {processor.py:840} INFO - DAG(s) 'user_request' retrieved from /opt/airflow/dags/sqlach.py
[2024-06-16T12:29:47.570+0000] {logging_mixin.py:188} INFO - [2024-06-16T12:29:47.569+0000] {dag.py:3096} INFO - Sync 1 DAGs
[2024-06-16T12:29:47.592+0000] {logging_mixin.py:188} INFO - [2024-06-16T12:29:47.592+0000] {dag.py:3954} INFO - Setting next_dagrun for user_request to 2024-06-17 00:00:00+00:00, run_after=2024-06-18 00:00:00+00:00
[2024-06-16T12:29:47.649+0000] {processor.py:183} INFO - Processing /opt/airflow/dags/sqlach.py took 0.533 seconds
[2024-06-16T12:30:17.986+0000] {processor.py:161} INFO - Started process (PID=8982) to work on /opt/airflow/dags/sqlach.py
[2024-06-16T12:30:17.987+0000] {processor.py:830} INFO - Processing file /opt/airflow/dags/sqlach.py for tasks to queue
[2024-06-16T12:30:17.989+0000] {logging_mixin.py:188} INFO - [2024-06-16T12:30:17.988+0000] {dagbag.py:545} INFO - Filling up the DagBag from /opt/airflow/dags/sqlach.py
[2024-06-16T12:30:18.432+0000] {processor.py:840} INFO - DAG(s) 'user_request' retrieved from /opt/airflow/dags/sqlach.py
[2024-06-16T12:30:18.465+0000] {logging_mixin.py:188} INFO - [2024-06-16T12:30:18.464+0000] {dag.py:3096} INFO - Sync 1 DAGs
[2024-06-16T12:30:18.488+0000] {logging_mixin.py:188} INFO - [2024-06-16T12:30:18.487+0000] {dag.py:3954} INFO - Setting next_dagrun for user_request to 2024-06-17 00:00:00+00:00, run_after=2024-06-18 00:00:00+00:00
[2024-06-16T12:30:18.542+0000] {processor.py:183} INFO - Processing /opt/airflow/dags/sqlach.py took 0.564 seconds
[2024-06-16T12:30:49.254+0000] {processor.py:161} INFO - Started process (PID=9022) to work on /opt/airflow/dags/sqlach.py
[2024-06-16T12:30:49.255+0000] {processor.py:830} INFO - Processing file /opt/airflow/dags/sqlach.py for tasks to queue
[2024-06-16T12:30:49.256+0000] {logging_mixin.py:188} INFO - [2024-06-16T12:30:49.256+0000] {dagbag.py:545} INFO - Filling up the DagBag from /opt/airflow/dags/sqlach.py
[2024-06-16T12:30:49.690+0000] {processor.py:840} INFO - DAG(s) 'user_request' retrieved from /opt/airflow/dags/sqlach.py
[2024-06-16T12:30:49.719+0000] {logging_mixin.py:188} INFO - [2024-06-16T12:30:49.719+0000] {dag.py:3096} INFO - Sync 1 DAGs
[2024-06-16T12:30:49.742+0000] {logging_mixin.py:188} INFO - [2024-06-16T12:30:49.742+0000] {dag.py:3954} INFO - Setting next_dagrun for user_request to 2024-06-17 00:00:00+00:00, run_after=2024-06-18 00:00:00+00:00
[2024-06-16T12:30:49.803+0000] {processor.py:183} INFO - Processing /opt/airflow/dags/sqlach.py took 0.557 seconds
[2024-06-16T12:31:19.864+0000] {processor.py:161} INFO - Started process (PID=9062) to work on /opt/airflow/dags/sqlach.py
[2024-06-16T12:31:19.865+0000] {processor.py:830} INFO - Processing file /opt/airflow/dags/sqlach.py for tasks to queue
[2024-06-16T12:31:19.867+0000] {logging_mixin.py:188} INFO - [2024-06-16T12:31:19.866+0000] {dagbag.py:545} INFO - Filling up the DagBag from /opt/airflow/dags/sqlach.py
[2024-06-16T12:31:20.344+0000] {processor.py:840} INFO - DAG(s) 'user_request' retrieved from /opt/airflow/dags/sqlach.py
[2024-06-16T12:31:20.387+0000] {logging_mixin.py:188} INFO - [2024-06-16T12:31:20.387+0000] {dag.py:3096} INFO - Sync 1 DAGs
[2024-06-16T12:31:20.420+0000] {logging_mixin.py:188} INFO - [2024-06-16T12:31:20.419+0000] {dag.py:3954} INFO - Setting next_dagrun for user_request to 2024-06-17 00:00:00+00:00, run_after=2024-06-18 00:00:00+00:00
[2024-06-16T12:31:20.480+0000] {processor.py:183} INFO - Processing /opt/airflow/dags/sqlach.py took 0.625 seconds
[2024-06-16T12:31:50.666+0000] {processor.py:161} INFO - Started process (PID=9102) to work on /opt/airflow/dags/sqlach.py
[2024-06-16T12:31:50.667+0000] {processor.py:830} INFO - Processing file /opt/airflow/dags/sqlach.py for tasks to queue
[2024-06-16T12:31:50.669+0000] {logging_mixin.py:188} INFO - [2024-06-16T12:31:50.668+0000] {dagbag.py:545} INFO - Filling up the DagBag from /opt/airflow/dags/sqlach.py
[2024-06-16T12:31:51.118+0000] {processor.py:840} INFO - DAG(s) 'user_request' retrieved from /opt/airflow/dags/sqlach.py
[2024-06-16T12:31:51.148+0000] {logging_mixin.py:188} INFO - [2024-06-16T12:31:51.147+0000] {dag.py:3096} INFO - Sync 1 DAGs
[2024-06-16T12:31:51.173+0000] {logging_mixin.py:188} INFO - [2024-06-16T12:31:51.172+0000] {dag.py:3954} INFO - Setting next_dagrun for user_request to 2024-06-17 00:00:00+00:00, run_after=2024-06-18 00:00:00+00:00
[2024-06-16T12:31:51.230+0000] {processor.py:183} INFO - Processing /opt/airflow/dags/sqlach.py took 0.576 seconds
[2024-06-16T12:32:21.556+0000] {processor.py:161} INFO - Started process (PID=9142) to work on /opt/airflow/dags/sqlach.py
[2024-06-16T12:32:21.558+0000] {processor.py:830} INFO - Processing file /opt/airflow/dags/sqlach.py for tasks to queue
[2024-06-16T12:32:21.559+0000] {logging_mixin.py:188} INFO - [2024-06-16T12:32:21.559+0000] {dagbag.py:545} INFO - Filling up the DagBag from /opt/airflow/dags/sqlach.py
[2024-06-16T12:32:21.970+0000] {processor.py:840} INFO - DAG(s) 'user_request' retrieved from /opt/airflow/dags/sqlach.py
[2024-06-16T12:32:21.999+0000] {logging_mixin.py:188} INFO - [2024-06-16T12:32:21.998+0000] {dag.py:3096} INFO - Sync 1 DAGs
[2024-06-16T12:32:22.023+0000] {logging_mixin.py:188} INFO - [2024-06-16T12:32:22.022+0000] {dag.py:3954} INFO - Setting next_dagrun for user_request to 2024-06-17 00:00:00+00:00, run_after=2024-06-18 00:00:00+00:00
[2024-06-16T12:32:22.083+0000] {processor.py:183} INFO - Processing /opt/airflow/dags/sqlach.py took 0.539 seconds
[2024-06-16T12:32:52.371+0000] {processor.py:161} INFO - Started process (PID=9182) to work on /opt/airflow/dags/sqlach.py
[2024-06-16T12:32:52.372+0000] {processor.py:830} INFO - Processing file /opt/airflow/dags/sqlach.py for tasks to queue
[2024-06-16T12:32:52.374+0000] {logging_mixin.py:188} INFO - [2024-06-16T12:32:52.373+0000] {dagbag.py:545} INFO - Filling up the DagBag from /opt/airflow/dags/sqlach.py
[2024-06-16T12:32:52.805+0000] {processor.py:840} INFO - DAG(s) 'user_request' retrieved from /opt/airflow/dags/sqlach.py
[2024-06-16T12:32:52.835+0000] {logging_mixin.py:188} INFO - [2024-06-16T12:32:52.834+0000] {dag.py:3096} INFO - Sync 1 DAGs
[2024-06-16T12:32:52.858+0000] {logging_mixin.py:188} INFO - [2024-06-16T12:32:52.857+0000] {dag.py:3954} INFO - Setting next_dagrun for user_request to 2024-06-17 00:00:00+00:00, run_after=2024-06-18 00:00:00+00:00
[2024-06-16T12:32:52.917+0000] {processor.py:183} INFO - Processing /opt/airflow/dags/sqlach.py took 0.554 seconds
[2024-06-16T12:33:23.032+0000] {processor.py:161} INFO - Started process (PID=9222) to work on /opt/airflow/dags/sqlach.py
[2024-06-16T12:33:23.034+0000] {processor.py:830} INFO - Processing file /opt/airflow/dags/sqlach.py for tasks to queue
[2024-06-16T12:33:23.035+0000] {logging_mixin.py:188} INFO - [2024-06-16T12:33:23.035+0000] {dagbag.py:545} INFO - Filling up the DagBag from /opt/airflow/dags/sqlach.py
[2024-06-16T12:33:23.483+0000] {processor.py:840} INFO - DAG(s) 'user_request' retrieved from /opt/airflow/dags/sqlach.py
[2024-06-16T12:33:23.512+0000] {logging_mixin.py:188} INFO - [2024-06-16T12:33:23.512+0000] {dag.py:3096} INFO - Sync 1 DAGs
[2024-06-16T12:33:23.535+0000] {logging_mixin.py:188} INFO - [2024-06-16T12:33:23.535+0000] {dag.py:3954} INFO - Setting next_dagrun for user_request to 2024-06-17 00:00:00+00:00, run_after=2024-06-18 00:00:00+00:00
[2024-06-16T12:33:23.592+0000] {processor.py:183} INFO - Processing /opt/airflow/dags/sqlach.py took 0.568 seconds
[2024-06-16T12:33:53.696+0000] {processor.py:161} INFO - Started process (PID=9262) to work on /opt/airflow/dags/sqlach.py
[2024-06-16T12:33:53.697+0000] {processor.py:830} INFO - Processing file /opt/airflow/dags/sqlach.py for tasks to queue
[2024-06-16T12:33:53.699+0000] {logging_mixin.py:188} INFO - [2024-06-16T12:33:53.698+0000] {dagbag.py:545} INFO - Filling up the DagBag from /opt/airflow/dags/sqlach.py
[2024-06-16T12:33:54.124+0000] {processor.py:840} INFO - DAG(s) 'user_request' retrieved from /opt/airflow/dags/sqlach.py
[2024-06-16T12:33:54.152+0000] {logging_mixin.py:188} INFO - [2024-06-16T12:33:54.151+0000] {dag.py:3096} INFO - Sync 1 DAGs
[2024-06-16T12:33:54.176+0000] {logging_mixin.py:188} INFO - [2024-06-16T12:33:54.175+0000] {dag.py:3954} INFO - Setting next_dagrun for user_request to 2024-06-17 00:00:00+00:00, run_after=2024-06-18 00:00:00+00:00
[2024-06-16T12:33:54.397+0000] {processor.py:183} INFO - Processing /opt/airflow/dags/sqlach.py took 0.709 seconds
[2024-06-16T12:34:24.926+0000] {processor.py:161} INFO - Started process (PID=9303) to work on /opt/airflow/dags/sqlach.py
[2024-06-16T12:34:24.927+0000] {processor.py:830} INFO - Processing file /opt/airflow/dags/sqlach.py for tasks to queue
[2024-06-16T12:34:24.928+0000] {logging_mixin.py:188} INFO - [2024-06-16T12:34:24.928+0000] {dagbag.py:545} INFO - Filling up the DagBag from /opt/airflow/dags/sqlach.py
[2024-06-16T12:34:25.363+0000] {processor.py:840} INFO - DAG(s) 'user_request' retrieved from /opt/airflow/dags/sqlach.py
[2024-06-16T12:34:25.397+0000] {logging_mixin.py:188} INFO - [2024-06-16T12:34:25.397+0000] {dag.py:3096} INFO - Sync 1 DAGs
[2024-06-16T12:34:25.422+0000] {logging_mixin.py:188} INFO - [2024-06-16T12:34:25.421+0000] {dag.py:3954} INFO - Setting next_dagrun for user_request to 2024-06-17 00:00:00+00:00, run_after=2024-06-18 00:00:00+00:00
[2024-06-16T12:34:25.755+0000] {processor.py:183} INFO - Processing /opt/airflow/dags/sqlach.py took 0.837 seconds
[2024-06-16T12:34:56.166+0000] {processor.py:161} INFO - Started process (PID=9343) to work on /opt/airflow/dags/sqlach.py
[2024-06-16T12:34:56.167+0000] {processor.py:830} INFO - Processing file /opt/airflow/dags/sqlach.py for tasks to queue
[2024-06-16T12:34:56.169+0000] {logging_mixin.py:188} INFO - [2024-06-16T12:34:56.168+0000] {dagbag.py:545} INFO - Filling up the DagBag from /opt/airflow/dags/sqlach.py
[2024-06-16T12:34:56.649+0000] {processor.py:840} INFO - DAG(s) 'user_request' retrieved from /opt/airflow/dags/sqlach.py
[2024-06-16T12:34:56.679+0000] {logging_mixin.py:188} INFO - [2024-06-16T12:34:56.679+0000] {dag.py:3096} INFO - Sync 1 DAGs
[2024-06-16T12:34:56.703+0000] {logging_mixin.py:188} INFO - [2024-06-16T12:34:56.702+0000] {dag.py:3954} INFO - Setting next_dagrun for user_request to 2024-06-17 00:00:00+00:00, run_after=2024-06-18 00:00:00+00:00
[2024-06-16T12:34:56.798+0000] {processor.py:183} INFO - Processing /opt/airflow/dags/sqlach.py took 0.641 seconds
