[2024-06-14T12:45:33.417+0000] {local_task_job_runner.py:120} INFO - ::group::Pre task execution logs
[2024-06-14T12:45:33.787+0000] {taskinstance.py:2076} INFO - Dependencies all met for dep_context=non-requeueable deps ti=<TaskInstance: first_python_operator.greet_task2 scheduled__2024-05-26T00:00:00+00:00 [queued]>
[2024-06-14T12:45:33.850+0000] {taskinstance.py:2076} INFO - Dependencies all met for dep_context=requeueable deps ti=<TaskInstance: first_python_operator.greet_task2 scheduled__2024-05-26T00:00:00+00:00 [queued]>
[2024-06-14T12:45:33.851+0000] {taskinstance.py:2306} INFO - Starting attempt 1 of 6
[2024-06-14T12:45:34.418+0000] {taskinstance.py:2330} INFO - Executing <Task(PythonOperator): greet_task2> on 2024-05-26 00:00:00+00:00
[2024-06-14T12:45:34.438+0000] {standard_task_runner.py:90} INFO - Running: ['***', 'tasks', 'run', 'first_python_operator', 'greet_task2', 'scheduled__2024-05-26T00:00:00+00:00', '--job-id', '17', '--raw', '--subdir', 'DAGS_FOLDER/pythonops.py', '--cfg-path', '/tmp/tmpvee_7re7']
[2024-06-14T12:45:34.442+0000] {logging_mixin.py:188} WARNING - /home/***/.local/lib/python3.12/site-packages/***/task/task_runner/standard_task_runner.py:61 DeprecationWarning: This process (pid=421) is multi-threaded, use of fork() may lead to deadlocks in the child.
[2024-06-14T12:45:34.442+0000] {standard_task_runner.py:91} INFO - Job 17: Subtask greet_task2
[2024-06-14T12:45:34.444+0000] {standard_task_runner.py:63} INFO - Started process 426 to run task
[2024-06-14T12:45:35.741+0000] {task_command.py:426} INFO - Running <TaskInstance: first_python_operator.greet_task2 scheduled__2024-05-26T00:00:00+00:00 [running]> on host 4ad055bac4bf
[2024-06-14T12:45:37.288+0000] {taskinstance.py:2648} INFO - Exporting env vars: AIRFLOW_CTX_DAG_OWNER='protectorate' AIRFLOW_CTX_DAG_ID='first_python_operator' AIRFLOW_CTX_TASK_ID='greet_task2' AIRFLOW_CTX_EXECUTION_DATE='2024-05-26T00:00:00+00:00' AIRFLOW_CTX_TRY_NUMBER='1' AIRFLOW_CTX_DAG_RUN_ID='scheduled__2024-05-26T00:00:00+00:00'
[2024-06-14T12:45:37.289+0000] {taskinstance.py:430} INFO - ::endgroup::
[2024-06-14T12:45:37.334+0000] {logging_mixin.py:188} INFO - Hello Adewunmi!!!, welcome to *** with python operator task 2
[2024-06-14T12:45:37.336+0000] {python.py:237} INFO - Done. Returned value was: None
[2024-06-14T12:45:37.337+0000] {taskinstance.py:441} INFO - ::group::Post task execution logs
[2024-06-14T12:45:37.379+0000] {taskinstance.py:1206} INFO - Marking task as SUCCESS. dag_id=first_python_operator, task_id=greet_task2, run_id=scheduled__2024-05-26T00:00:00+00:00, execution_date=20240526T000000, start_date=20240614T124533, end_date=20240614T124537
[2024-06-14T12:45:38.044+0000] {local_task_job_runner.py:240} INFO - Task exited with return code 0
[2024-06-14T12:45:38.419+0000] {taskinstance.py:3498} INFO - 0 downstream tasks scheduled from follow-on schedule check
[2024-06-14T12:45:38.923+0000] {local_task_job_runner.py:222} INFO - ::endgroup::
[2024-06-15T10:12:20.319+0000] {local_task_job_runner.py:120} INFO - ::group::Pre task execution logs
[2024-06-15T10:12:20.708+0000] {taskinstance.py:2076} INFO - Dependencies all met for dep_context=non-requeueable deps ti=<TaskInstance: first_python_operator.greet_task2 scheduled__2024-05-26T00:00:00+00:00 [queued]>
[2024-06-15T10:12:20.864+0000] {taskinstance.py:2076} INFO - Dependencies all met for dep_context=requeueable deps ti=<TaskInstance: first_python_operator.greet_task2 scheduled__2024-05-26T00:00:00+00:00 [queued]>
[2024-06-15T10:12:20.951+0000] {taskinstance.py:2306} INFO - Starting attempt 1 of 6
[2024-06-15T10:12:21.397+0000] {taskinstance.py:2330} INFO - Executing <Task(PythonOperator): greet_task2> on 2024-05-26 00:00:00+00:00
[2024-06-15T10:12:21.418+0000] {standard_task_runner.py:90} INFO - Running: ['***', 'tasks', 'run', 'first_python_operator', 'greet_task2', 'scheduled__2024-05-26T00:00:00+00:00', '--job-id', '13', '--raw', '--subdir', 'DAGS_FOLDER/pythonops.py', '--cfg-path', '/tmp/tmph9rdvb5a']
[2024-06-15T10:12:21.431+0000] {standard_task_runner.py:91} INFO - Job 13: Subtask greet_task2
[2024-06-15T10:12:21.430+0000] {logging_mixin.py:188} WARNING - /home/***/.local/lib/python3.12/site-packages/***/task/task_runner/standard_task_runner.py:61 DeprecationWarning: This process (pid=2667) is multi-threaded, use of fork() may lead to deadlocks in the child.
[2024-06-15T10:12:21.436+0000] {standard_task_runner.py:63} INFO - Started process 2688 to run task
[2024-06-15T10:12:21.985+0000] {task_command.py:426} INFO - Running <TaskInstance: first_python_operator.greet_task2 scheduled__2024-05-26T00:00:00+00:00 [running]> on host d4d3ae2e009b
[2024-06-15T10:12:23.007+0000] {taskinstance.py:2648} INFO - Exporting env vars: AIRFLOW_CTX_DAG_OWNER='protectorate' AIRFLOW_CTX_DAG_ID='first_python_operator' AIRFLOW_CTX_TASK_ID='greet_task2' AIRFLOW_CTX_EXECUTION_DATE='2024-05-26T00:00:00+00:00' AIRFLOW_CTX_TRY_NUMBER='1' AIRFLOW_CTX_DAG_RUN_ID='scheduled__2024-05-26T00:00:00+00:00'
[2024-06-15T10:12:23.026+0000] {taskinstance.py:430} INFO - ::endgroup::
[2024-06-15T10:12:23.168+0000] {logging_mixin.py:188} INFO - Hello Adewunmi!!!, welcome to *** with python operator task 2
[2024-06-15T10:12:23.170+0000] {python.py:237} INFO - Done. Returned value was: None
[2024-06-15T10:12:23.182+0000] {taskinstance.py:441} INFO - ::group::Post task execution logs
[2024-06-15T10:12:23.246+0000] {taskinstance.py:1206} INFO - Marking task as SUCCESS. dag_id=first_python_operator, task_id=greet_task2, run_id=scheduled__2024-05-26T00:00:00+00:00, execution_date=20240526T000000, start_date=20240615T101220, end_date=20240615T101223
[2024-06-15T10:12:23.551+0000] {local_task_job_runner.py:240} INFO - Task exited with return code 0
[2024-06-15T10:12:23.639+0000] {taskinstance.py:3498} INFO - 0 downstream tasks scheduled from follow-on schedule check
[2024-06-15T10:12:24.219+0000] {local_task_job_runner.py:222} INFO - ::endgroup::
