[2024-06-14T12:40:03.581+0000] {processor.py:161} INFO - Started process (PID=165) to work on /opt/airflow/dags/pythonops.py
[2024-06-14T12:40:03.582+0000] {processor.py:830} INFO - Processing file /opt/airflow/dags/pythonops.py for tasks to queue
[2024-06-14T12:40:03.584+0000] {logging_mixin.py:188} INFO - [2024-06-14T12:40:03.584+0000] {dagbag.py:545} INFO - Filling up the DagBag from /opt/airflow/dags/pythonops.py
[2024-06-14T12:40:03.799+0000] {processor.py:840} INFO - DAG(s) 'first_python_operator' retrieved from /opt/airflow/dags/pythonops.py
[2024-06-14T12:40:05.235+0000] {logging_mixin.py:188} INFO - [2024-06-14T12:40:05.234+0000] {override.py:1829} INFO - Created Permission View: can edit on DAG:first_python_operator
[2024-06-14T12:40:05.310+0000] {logging_mixin.py:188} INFO - [2024-06-14T12:40:05.309+0000] {override.py:1829} INFO - Created Permission View: can delete on DAG:first_python_operator
[2024-06-14T12:40:05.351+0000] {logging_mixin.py:188} INFO - [2024-06-14T12:40:05.350+0000] {override.py:1829} INFO - Created Permission View: can read on DAG:first_python_operator
[2024-06-14T12:40:05.351+0000] {logging_mixin.py:188} INFO - [2024-06-14T12:40:05.351+0000] {dag.py:3096} INFO - Sync 1 DAGs
[2024-06-14T12:40:05.367+0000] {logging_mixin.py:188} INFO - [2024-06-14T12:40:05.367+0000] {dag.py:3118} INFO - Creating ORM DAG for first_python_operator
[2024-06-14T12:40:05.383+0000] {logging_mixin.py:188} INFO - [2024-06-14T12:40:05.383+0000] {dag.py:3954} INFO - Setting next_dagrun for first_python_operator to 2024-05-26 00:00:00+00:00, run_after=2024-05-27 00:00:00+00:00
[2024-06-14T12:40:05.482+0000] {processor.py:183} INFO - Processing /opt/airflow/dags/pythonops.py took 1.910 seconds
[2024-06-14T12:40:35.903+0000] {processor.py:161} INFO - Started process (PID=188) to work on /opt/airflow/dags/pythonops.py
[2024-06-14T12:40:35.905+0000] {processor.py:830} INFO - Processing file /opt/airflow/dags/pythonops.py for tasks to queue
[2024-06-14T12:40:35.908+0000] {logging_mixin.py:188} INFO - [2024-06-14T12:40:35.907+0000] {dagbag.py:545} INFO - Filling up the DagBag from /opt/airflow/dags/pythonops.py
[2024-06-14T12:40:35.944+0000] {processor.py:840} INFO - DAG(s) 'first_python_operator' retrieved from /opt/airflow/dags/pythonops.py
[2024-06-14T12:40:36.039+0000] {logging_mixin.py:188} INFO - [2024-06-14T12:40:36.038+0000] {dag.py:3096} INFO - Sync 1 DAGs
[2024-06-14T12:40:36.118+0000] {logging_mixin.py:188} INFO - [2024-06-14T12:40:36.118+0000] {dag.py:3954} INFO - Setting next_dagrun for first_python_operator to 2024-05-26 00:00:00+00:00, run_after=2024-05-27 00:00:00+00:00
[2024-06-14T12:40:36.185+0000] {processor.py:183} INFO - Processing /opt/airflow/dags/pythonops.py took 0.293 seconds
[2024-06-14T12:41:14.209+0000] {processor.py:161} INFO - Started process (PID=207) to work on /opt/airflow/dags/pythonops.py
[2024-06-14T12:41:14.314+0000] {processor.py:830} INFO - Processing file /opt/airflow/dags/pythonops.py for tasks to queue
[2024-06-14T12:41:14.316+0000] {logging_mixin.py:188} INFO - [2024-06-14T12:41:14.316+0000] {dagbag.py:545} INFO - Filling up the DagBag from /opt/airflow/dags/pythonops.py
[2024-06-14T12:41:14.399+0000] {processor.py:840} INFO - DAG(s) 'first_python_operator' retrieved from /opt/airflow/dags/pythonops.py
[2024-06-14T12:41:14.443+0000] {logging_mixin.py:188} INFO - [2024-06-14T12:41:14.442+0000] {dag.py:3096} INFO - Sync 1 DAGs
[2024-06-14T12:41:14.474+0000] {logging_mixin.py:188} INFO - [2024-06-14T12:41:14.474+0000] {dag.py:3954} INFO - Setting next_dagrun for first_python_operator to 2024-05-26 00:00:00+00:00, run_after=2024-05-27 00:00:00+00:00
[2024-06-14T12:41:15.626+0000] {processor.py:183} INFO - Processing /opt/airflow/dags/pythonops.py took 1.427 seconds
[2024-06-14T12:41:46.022+0000] {processor.py:161} INFO - Started process (PID=230) to work on /opt/airflow/dags/pythonops.py
[2024-06-14T12:41:46.023+0000] {processor.py:830} INFO - Processing file /opt/airflow/dags/pythonops.py for tasks to queue
[2024-06-14T12:41:46.028+0000] {logging_mixin.py:188} INFO - [2024-06-14T12:41:46.027+0000] {dagbag.py:545} INFO - Filling up the DagBag from /opt/airflow/dags/pythonops.py
[2024-06-14T12:41:46.097+0000] {processor.py:840} INFO - DAG(s) 'first_python_operator' retrieved from /opt/airflow/dags/pythonops.py
[2024-06-14T12:41:46.217+0000] {logging_mixin.py:188} INFO - [2024-06-14T12:41:46.217+0000] {dag.py:3096} INFO - Sync 1 DAGs
[2024-06-14T12:41:46.278+0000] {logging_mixin.py:188} INFO - [2024-06-14T12:41:46.277+0000] {dag.py:3954} INFO - Setting next_dagrun for first_python_operator to 2024-05-26 00:00:00+00:00, run_after=2024-05-27 00:00:00+00:00
[2024-06-14T12:41:46.745+0000] {processor.py:183} INFO - Processing /opt/airflow/dags/pythonops.py took 0.733 seconds
[2024-06-14T12:42:17.194+0000] {processor.py:161} INFO - Started process (PID=251) to work on /opt/airflow/dags/pythonops.py
[2024-06-14T12:42:17.450+0000] {processor.py:830} INFO - Processing file /opt/airflow/dags/pythonops.py for tasks to queue
[2024-06-14T12:42:17.453+0000] {logging_mixin.py:188} INFO - [2024-06-14T12:42:17.453+0000] {dagbag.py:545} INFO - Filling up the DagBag from /opt/airflow/dags/pythonops.py
[2024-06-14T12:42:17.598+0000] {processor.py:840} INFO - DAG(s) 'first_python_operator' retrieved from /opt/airflow/dags/pythonops.py
[2024-06-14T12:42:17.656+0000] {logging_mixin.py:188} INFO - [2024-06-14T12:42:17.655+0000] {dag.py:3096} INFO - Sync 1 DAGs
[2024-06-14T12:42:17.693+0000] {logging_mixin.py:188} INFO - [2024-06-14T12:42:17.691+0000] {dag.py:3954} INFO - Setting next_dagrun for first_python_operator to 2024-05-26 00:00:00+00:00, run_after=2024-05-27 00:00:00+00:00
[2024-06-14T12:42:18.476+0000] {processor.py:183} INFO - Processing /opt/airflow/dags/pythonops.py took 1.293 seconds
[2024-06-14T12:42:49.268+0000] {processor.py:161} INFO - Started process (PID=272) to work on /opt/airflow/dags/pythonops.py
[2024-06-14T12:42:49.269+0000] {processor.py:830} INFO - Processing file /opt/airflow/dags/pythonops.py for tasks to queue
[2024-06-14T12:42:49.274+0000] {logging_mixin.py:188} INFO - [2024-06-14T12:42:49.274+0000] {dagbag.py:545} INFO - Filling up the DagBag from /opt/airflow/dags/pythonops.py
[2024-06-14T12:42:49.309+0000] {processor.py:840} INFO - DAG(s) 'first_python_operator' retrieved from /opt/airflow/dags/pythonops.py
[2024-06-14T12:42:49.363+0000] {logging_mixin.py:188} INFO - [2024-06-14T12:42:49.363+0000] {dag.py:3096} INFO - Sync 1 DAGs
[2024-06-14T12:42:49.425+0000] {logging_mixin.py:188} INFO - [2024-06-14T12:42:49.425+0000] {dag.py:3954} INFO - Setting next_dagrun for first_python_operator to 2024-05-26 00:00:00+00:00, run_after=2024-05-27 00:00:00+00:00
[2024-06-14T12:42:49.568+0000] {processor.py:183} INFO - Processing /opt/airflow/dags/pythonops.py took 0.313 seconds
[2024-06-14T12:43:20.008+0000] {processor.py:161} INFO - Started process (PID=293) to work on /opt/airflow/dags/pythonops.py
[2024-06-14T12:43:20.009+0000] {processor.py:830} INFO - Processing file /opt/airflow/dags/pythonops.py for tasks to queue
[2024-06-14T12:43:20.012+0000] {logging_mixin.py:188} INFO - [2024-06-14T12:43:20.012+0000] {dagbag.py:545} INFO - Filling up the DagBag from /opt/airflow/dags/pythonops.py
[2024-06-14T12:43:20.047+0000] {processor.py:840} INFO - DAG(s) 'first_python_operator' retrieved from /opt/airflow/dags/pythonops.py
[2024-06-14T12:43:20.105+0000] {logging_mixin.py:188} INFO - [2024-06-14T12:43:20.104+0000] {dag.py:3096} INFO - Sync 1 DAGs
[2024-06-14T12:43:20.145+0000] {logging_mixin.py:188} INFO - [2024-06-14T12:43:20.145+0000] {dag.py:3954} INFO - Setting next_dagrun for first_python_operator to 2024-05-26 00:00:00+00:00, run_after=2024-05-27 00:00:00+00:00
[2024-06-14T12:43:20.213+0000] {processor.py:183} INFO - Processing /opt/airflow/dags/pythonops.py took 0.218 seconds
[2024-06-14T12:43:50.761+0000] {processor.py:161} INFO - Started process (PID=319) to work on /opt/airflow/dags/pythonops.py
[2024-06-14T12:43:50.762+0000] {processor.py:830} INFO - Processing file /opt/airflow/dags/pythonops.py for tasks to queue
[2024-06-14T12:43:50.765+0000] {logging_mixin.py:188} INFO - [2024-06-14T12:43:50.764+0000] {dagbag.py:545} INFO - Filling up the DagBag from /opt/airflow/dags/pythonops.py
[2024-06-14T12:43:50.795+0000] {processor.py:840} INFO - DAG(s) 'first_python_operator' retrieved from /opt/airflow/dags/pythonops.py
[2024-06-14T12:43:50.835+0000] {logging_mixin.py:188} INFO - [2024-06-14T12:43:50.835+0000] {dag.py:3096} INFO - Sync 1 DAGs
[2024-06-14T12:43:50.873+0000] {logging_mixin.py:188} INFO - [2024-06-14T12:43:50.872+0000] {dag.py:3954} INFO - Setting next_dagrun for first_python_operator to 2024-05-26 00:00:00+00:00, run_after=2024-05-27 00:00:00+00:00
[2024-06-14T12:43:50.939+0000] {processor.py:183} INFO - Processing /opt/airflow/dags/pythonops.py took 0.188 seconds
[2024-06-14T12:44:21.384+0000] {processor.py:161} INFO - Started process (PID=340) to work on /opt/airflow/dags/pythonops.py
[2024-06-14T12:44:21.386+0000] {processor.py:830} INFO - Processing file /opt/airflow/dags/pythonops.py for tasks to queue
[2024-06-14T12:44:21.388+0000] {logging_mixin.py:188} INFO - [2024-06-14T12:44:21.388+0000] {dagbag.py:545} INFO - Filling up the DagBag from /opt/airflow/dags/pythonops.py
[2024-06-14T12:44:21.421+0000] {processor.py:840} INFO - DAG(s) 'first_python_operator' retrieved from /opt/airflow/dags/pythonops.py
[2024-06-14T12:44:21.466+0000] {logging_mixin.py:188} INFO - [2024-06-14T12:44:21.465+0000] {dag.py:3096} INFO - Sync 1 DAGs
[2024-06-14T12:44:21.508+0000] {logging_mixin.py:188} INFO - [2024-06-14T12:44:21.508+0000] {dag.py:3954} INFO - Setting next_dagrun for first_python_operator to 2024-05-26 00:00:00+00:00, run_after=2024-05-27 00:00:00+00:00
[2024-06-14T12:44:22.254+0000] {processor.py:183} INFO - Processing /opt/airflow/dags/pythonops.py took 0.881 seconds
[2024-06-14T12:44:52.980+0000] {processor.py:161} INFO - Started process (PID=366) to work on /opt/airflow/dags/pythonops.py
[2024-06-14T12:44:52.982+0000] {processor.py:830} INFO - Processing file /opt/airflow/dags/pythonops.py for tasks to queue
[2024-06-14T12:44:52.985+0000] {logging_mixin.py:188} INFO - [2024-06-14T12:44:52.985+0000] {dagbag.py:545} INFO - Filling up the DagBag from /opt/airflow/dags/pythonops.py
[2024-06-14T12:44:53.015+0000] {processor.py:840} INFO - DAG(s) 'first_python_operator' retrieved from /opt/airflow/dags/pythonops.py
[2024-06-14T12:44:53.063+0000] {logging_mixin.py:188} INFO - [2024-06-14T12:44:53.063+0000] {dag.py:3096} INFO - Sync 1 DAGs
[2024-06-14T12:44:53.116+0000] {logging_mixin.py:188} INFO - [2024-06-14T12:44:53.116+0000] {dag.py:3954} INFO - Setting next_dagrun for first_python_operator to 2024-05-26 00:00:00+00:00, run_after=2024-05-27 00:00:00+00:00
[2024-06-14T12:44:53.218+0000] {processor.py:183} INFO - Processing /opt/airflow/dags/pythonops.py took 0.250 seconds
[2024-06-14T12:45:24.261+0000] {processor.py:161} INFO - Started process (PID=395) to work on /opt/airflow/dags/pythonops.py
[2024-06-14T12:45:24.362+0000] {processor.py:830} INFO - Processing file /opt/airflow/dags/pythonops.py for tasks to queue
[2024-06-14T12:45:24.366+0000] {logging_mixin.py:188} INFO - [2024-06-14T12:45:24.366+0000] {dagbag.py:545} INFO - Filling up the DagBag from /opt/airflow/dags/pythonops.py
[2024-06-14T12:45:24.406+0000] {processor.py:840} INFO - DAG(s) 'first_python_operator' retrieved from /opt/airflow/dags/pythonops.py
[2024-06-14T12:45:24.513+0000] {logging_mixin.py:188} INFO - [2024-06-14T12:45:24.513+0000] {dag.py:3096} INFO - Sync 1 DAGs
[2024-06-14T12:45:24.617+0000] {logging_mixin.py:188} INFO - [2024-06-14T12:45:24.616+0000] {dag.py:3954} INFO - Setting next_dagrun for first_python_operator to 2024-05-29 00:00:00+00:00, run_after=2024-05-30 00:00:00+00:00
[2024-06-14T12:45:25.412+0000] {processor.py:183} INFO - Processing /opt/airflow/dags/pythonops.py took 1.177 seconds
[2024-06-14T12:45:55.925+0000] {processor.py:161} INFO - Started process (PID=458) to work on /opt/airflow/dags/pythonops.py
[2024-06-14T12:45:55.926+0000] {processor.py:830} INFO - Processing file /opt/airflow/dags/pythonops.py for tasks to queue
[2024-06-14T12:45:55.929+0000] {logging_mixin.py:188} INFO - [2024-06-14T12:45:55.928+0000] {dagbag.py:545} INFO - Filling up the DagBag from /opt/airflow/dags/pythonops.py
[2024-06-14T12:45:55.958+0000] {processor.py:840} INFO - DAG(s) 'first_python_operator' retrieved from /opt/airflow/dags/pythonops.py
[2024-06-14T12:45:56.120+0000] {logging_mixin.py:188} INFO - [2024-06-14T12:45:56.120+0000] {dag.py:3096} INFO - Sync 1 DAGs
[2024-06-14T12:45:56.202+0000] {logging_mixin.py:188} INFO - [2024-06-14T12:45:56.201+0000] {dag.py:3954} INFO - Setting next_dagrun for first_python_operator to 2024-06-08 00:00:00+00:00, run_after=2024-06-09 00:00:00+00:00
[2024-06-14T12:45:56.406+0000] {processor.py:183} INFO - Processing /opt/airflow/dags/pythonops.py took 0.493 seconds
[2024-06-14T12:46:26.841+0000] {processor.py:161} INFO - Started process (PID=515) to work on /opt/airflow/dags/pythonops.py
[2024-06-14T12:46:26.853+0000] {processor.py:830} INFO - Processing file /opt/airflow/dags/pythonops.py for tasks to queue
[2024-06-14T12:46:26.858+0000] {logging_mixin.py:188} INFO - [2024-06-14T12:46:26.856+0000] {dagbag.py:545} INFO - Filling up the DagBag from /opt/airflow/dags/pythonops.py
[2024-06-14T12:46:26.895+0000] {processor.py:840} INFO - DAG(s) 'first_python_operator' retrieved from /opt/airflow/dags/pythonops.py
[2024-06-14T12:46:26.957+0000] {logging_mixin.py:188} INFO - [2024-06-14T12:46:26.956+0000] {dag.py:3096} INFO - Sync 1 DAGs
[2024-06-14T12:46:27.017+0000] {logging_mixin.py:188} INFO - [2024-06-14T12:46:27.016+0000] {dag.py:3954} INFO - Setting next_dagrun for first_python_operator to 2024-06-14 00:00:00+00:00, run_after=2024-06-15 00:00:00+00:00
[2024-06-14T12:46:27.305+0000] {processor.py:183} INFO - Processing /opt/airflow/dags/pythonops.py took 0.475 seconds
[2024-06-14T12:46:57.625+0000] {processor.py:161} INFO - Started process (PID=536) to work on /opt/airflow/dags/pythonops.py
[2024-06-14T12:46:57.626+0000] {processor.py:830} INFO - Processing file /opt/airflow/dags/pythonops.py for tasks to queue
[2024-06-14T12:46:57.629+0000] {logging_mixin.py:188} INFO - [2024-06-14T12:46:57.629+0000] {dagbag.py:545} INFO - Filling up the DagBag from /opt/airflow/dags/pythonops.py
[2024-06-14T12:46:57.664+0000] {processor.py:840} INFO - DAG(s) 'first_python_operator' retrieved from /opt/airflow/dags/pythonops.py
[2024-06-14T12:46:57.709+0000] {logging_mixin.py:188} INFO - [2024-06-14T12:46:57.708+0000] {dag.py:3096} INFO - Sync 1 DAGs
[2024-06-14T12:46:57.746+0000] {logging_mixin.py:188} INFO - [2024-06-14T12:46:57.746+0000] {dag.py:3954} INFO - Setting next_dagrun for first_python_operator to 2024-06-14 00:00:00+00:00, run_after=2024-06-15 00:00:00+00:00
[2024-06-14T12:46:57.932+0000] {processor.py:183} INFO - Processing /opt/airflow/dags/pythonops.py took 0.318 seconds
[2024-06-14T12:47:28.303+0000] {processor.py:161} INFO - Started process (PID=557) to work on /opt/airflow/dags/pythonops.py
[2024-06-14T12:47:28.305+0000] {processor.py:830} INFO - Processing file /opt/airflow/dags/pythonops.py for tasks to queue
[2024-06-14T12:47:28.308+0000] {logging_mixin.py:188} INFO - [2024-06-14T12:47:28.307+0000] {dagbag.py:545} INFO - Filling up the DagBag from /opt/airflow/dags/pythonops.py
[2024-06-14T12:47:28.339+0000] {processor.py:840} INFO - DAG(s) 'first_python_operator' retrieved from /opt/airflow/dags/pythonops.py
[2024-06-14T12:47:28.380+0000] {logging_mixin.py:188} INFO - [2024-06-14T12:47:28.380+0000] {dag.py:3096} INFO - Sync 1 DAGs
[2024-06-14T12:47:28.457+0000] {logging_mixin.py:188} INFO - [2024-06-14T12:47:28.456+0000] {dag.py:3954} INFO - Setting next_dagrun for first_python_operator to 2024-06-14 00:00:00+00:00, run_after=2024-06-15 00:00:00+00:00
[2024-06-14T12:47:28.532+0000] {processor.py:183} INFO - Processing /opt/airflow/dags/pythonops.py took 0.241 seconds
[2024-06-14T12:47:59.122+0000] {processor.py:161} INFO - Started process (PID=583) to work on /opt/airflow/dags/pythonops.py
[2024-06-14T12:47:59.124+0000] {processor.py:830} INFO - Processing file /opt/airflow/dags/pythonops.py for tasks to queue
[2024-06-14T12:47:59.128+0000] {logging_mixin.py:188} INFO - [2024-06-14T12:47:59.127+0000] {dagbag.py:545} INFO - Filling up the DagBag from /opt/airflow/dags/pythonops.py
[2024-06-14T12:47:59.180+0000] {processor.py:840} INFO - DAG(s) 'first_python_operator' retrieved from /opt/airflow/dags/pythonops.py
[2024-06-14T12:47:59.249+0000] {logging_mixin.py:188} INFO - [2024-06-14T12:47:59.248+0000] {dag.py:3096} INFO - Sync 1 DAGs
[2024-06-14T12:47:59.307+0000] {logging_mixin.py:188} INFO - [2024-06-14T12:47:59.306+0000] {dag.py:3954} INFO - Setting next_dagrun for first_python_operator to 2024-06-14 00:00:00+00:00, run_after=2024-06-15 00:00:00+00:00
[2024-06-14T12:47:59.818+0000] {processor.py:183} INFO - Processing /opt/airflow/dags/pythonops.py took 0.727 seconds
[2024-06-14T12:48:30.068+0000] {processor.py:161} INFO - Started process (PID=606) to work on /opt/airflow/dags/pythonops.py
[2024-06-14T12:48:30.070+0000] {processor.py:830} INFO - Processing file /opt/airflow/dags/pythonops.py for tasks to queue
[2024-06-14T12:48:30.074+0000] {logging_mixin.py:188} INFO - [2024-06-14T12:48:30.073+0000] {dagbag.py:545} INFO - Filling up the DagBag from /opt/airflow/dags/pythonops.py
[2024-06-14T12:48:30.112+0000] {processor.py:840} INFO - DAG(s) 'first_python_operator' retrieved from /opt/airflow/dags/pythonops.py
[2024-06-14T12:48:30.164+0000] {logging_mixin.py:188} INFO - [2024-06-14T12:48:30.164+0000] {dag.py:3096} INFO - Sync 1 DAGs
[2024-06-14T12:48:30.208+0000] {logging_mixin.py:188} INFO - [2024-06-14T12:48:30.207+0000] {dag.py:3954} INFO - Setting next_dagrun for first_python_operator to 2024-06-14 00:00:00+00:00, run_after=2024-06-15 00:00:00+00:00
[2024-06-14T12:48:30.329+0000] {processor.py:183} INFO - Processing /opt/airflow/dags/pythonops.py took 0.271 seconds
[2024-06-14T12:49:02.533+0000] {processor.py:161} INFO - Started process (PID=627) to work on /opt/airflow/dags/pythonops.py
[2024-06-14T12:49:02.535+0000] {processor.py:830} INFO - Processing file /opt/airflow/dags/pythonops.py for tasks to queue
[2024-06-14T12:49:02.537+0000] {logging_mixin.py:188} INFO - [2024-06-14T12:49:02.537+0000] {dagbag.py:545} INFO - Filling up the DagBag from /opt/airflow/dags/pythonops.py
[2024-06-14T12:49:02.571+0000] {processor.py:840} INFO - DAG(s) 'first_python_operator' retrieved from /opt/airflow/dags/pythonops.py
[2024-06-14T12:49:02.630+0000] {logging_mixin.py:188} INFO - [2024-06-14T12:49:02.629+0000] {dag.py:3096} INFO - Sync 1 DAGs
[2024-06-14T12:49:02.673+0000] {logging_mixin.py:188} INFO - [2024-06-14T12:49:02.673+0000] {dag.py:3954} INFO - Setting next_dagrun for first_python_operator to 2024-06-14 00:00:00+00:00, run_after=2024-06-15 00:00:00+00:00
[2024-06-14T12:49:04.891+0000] {processor.py:183} INFO - Processing /opt/airflow/dags/pythonops.py took 2.371 seconds
[2024-06-14T12:49:35.925+0000] {processor.py:161} INFO - Started process (PID=648) to work on /opt/airflow/dags/pythonops.py
[2024-06-14T12:49:35.926+0000] {processor.py:830} INFO - Processing file /opt/airflow/dags/pythonops.py for tasks to queue
[2024-06-14T12:49:35.928+0000] {logging_mixin.py:188} INFO - [2024-06-14T12:49:35.927+0000] {dagbag.py:545} INFO - Filling up the DagBag from /opt/airflow/dags/pythonops.py
[2024-06-14T12:49:35.962+0000] {processor.py:840} INFO - DAG(s) 'first_python_operator' retrieved from /opt/airflow/dags/pythonops.py
[2024-06-14T12:49:36.010+0000] {logging_mixin.py:188} INFO - [2024-06-14T12:49:36.010+0000] {dag.py:3096} INFO - Sync 1 DAGs
[2024-06-14T12:49:36.052+0000] {logging_mixin.py:188} INFO - [2024-06-14T12:49:36.051+0000] {dag.py:3954} INFO - Setting next_dagrun for first_python_operator to 2024-06-14 00:00:00+00:00, run_after=2024-06-15 00:00:00+00:00
[2024-06-14T12:49:37.103+0000] {processor.py:183} INFO - Processing /opt/airflow/dags/pythonops.py took 1.191 seconds
[2024-06-14T12:50:08.154+0000] {processor.py:161} INFO - Started process (PID=669) to work on /opt/airflow/dags/pythonops.py
[2024-06-14T12:50:08.156+0000] {processor.py:830} INFO - Processing file /opt/airflow/dags/pythonops.py for tasks to queue
[2024-06-14T12:50:08.157+0000] {logging_mixin.py:188} INFO - [2024-06-14T12:50:08.157+0000] {dagbag.py:545} INFO - Filling up the DagBag from /opt/airflow/dags/pythonops.py
[2024-06-14T12:50:08.205+0000] {processor.py:840} INFO - DAG(s) 'first_python_operator' retrieved from /opt/airflow/dags/pythonops.py
[2024-06-14T12:50:08.262+0000] {logging_mixin.py:188} INFO - [2024-06-14T12:50:08.262+0000] {dag.py:3096} INFO - Sync 1 DAGs
[2024-06-14T12:50:08.323+0000] {logging_mixin.py:188} INFO - [2024-06-14T12:50:08.323+0000] {dag.py:3954} INFO - Setting next_dagrun for first_python_operator to 2024-06-14 00:00:00+00:00, run_after=2024-06-15 00:00:00+00:00
[2024-06-14T12:50:12.865+0000] {processor.py:183} INFO - Processing /opt/airflow/dags/pythonops.py took 4.724 seconds
[2024-06-14T12:50:43.193+0000] {processor.py:161} INFO - Started process (PID=691) to work on /opt/airflow/dags/pythonops.py
[2024-06-14T12:50:43.195+0000] {processor.py:830} INFO - Processing file /opt/airflow/dags/pythonops.py for tasks to queue
[2024-06-14T12:50:43.197+0000] {logging_mixin.py:188} INFO - [2024-06-14T12:50:43.197+0000] {dagbag.py:545} INFO - Filling up the DagBag from /opt/airflow/dags/pythonops.py
[2024-06-14T12:50:43.234+0000] {processor.py:840} INFO - DAG(s) 'first_python_operator' retrieved from /opt/airflow/dags/pythonops.py
[2024-06-14T12:50:43.283+0000] {logging_mixin.py:188} INFO - [2024-06-14T12:50:43.283+0000] {dag.py:3096} INFO - Sync 1 DAGs
[2024-06-14T12:50:43.332+0000] {logging_mixin.py:188} INFO - [2024-06-14T12:50:43.331+0000] {dag.py:3954} INFO - Setting next_dagrun for first_python_operator to 2024-06-14 00:00:00+00:00, run_after=2024-06-15 00:00:00+00:00
[2024-06-14T12:50:43.915+0000] {processor.py:183} INFO - Processing /opt/airflow/dags/pythonops.py took 0.733 seconds
[2024-06-14T12:51:14.018+0000] {processor.py:161} INFO - Started process (PID=712) to work on /opt/airflow/dags/pythonops.py
[2024-06-14T12:51:14.019+0000] {processor.py:830} INFO - Processing file /opt/airflow/dags/pythonops.py for tasks to queue
[2024-06-14T12:51:14.020+0000] {logging_mixin.py:188} INFO - [2024-06-14T12:51:14.020+0000] {dagbag.py:545} INFO - Filling up the DagBag from /opt/airflow/dags/pythonops.py
[2024-06-14T12:51:14.047+0000] {processor.py:840} INFO - DAG(s) 'first_python_operator' retrieved from /opt/airflow/dags/pythonops.py
[2024-06-14T12:51:14.087+0000] {logging_mixin.py:188} INFO - [2024-06-14T12:51:14.086+0000] {dag.py:3096} INFO - Sync 1 DAGs
[2024-06-14T12:51:14.118+0000] {logging_mixin.py:188} INFO - [2024-06-14T12:51:14.117+0000] {dag.py:3954} INFO - Setting next_dagrun for first_python_operator to 2024-06-14 00:00:00+00:00, run_after=2024-06-15 00:00:00+00:00
[2024-06-14T12:51:14.681+0000] {processor.py:183} INFO - Processing /opt/airflow/dags/pythonops.py took 0.671 seconds
[2024-06-14T12:51:45.540+0000] {processor.py:161} INFO - Started process (PID=733) to work on /opt/airflow/dags/pythonops.py
[2024-06-14T12:51:45.542+0000] {processor.py:830} INFO - Processing file /opt/airflow/dags/pythonops.py for tasks to queue
[2024-06-14T12:51:45.543+0000] {logging_mixin.py:188} INFO - [2024-06-14T12:51:45.543+0000] {dagbag.py:545} INFO - Filling up the DagBag from /opt/airflow/dags/pythonops.py
[2024-06-14T12:51:45.570+0000] {processor.py:840} INFO - DAG(s) 'first_python_operator' retrieved from /opt/airflow/dags/pythonops.py
[2024-06-14T12:51:45.605+0000] {logging_mixin.py:188} INFO - [2024-06-14T12:51:45.605+0000] {dag.py:3096} INFO - Sync 1 DAGs
[2024-06-14T12:51:45.644+0000] {logging_mixin.py:188} INFO - [2024-06-14T12:51:45.644+0000] {dag.py:3954} INFO - Setting next_dagrun for first_python_operator to 2024-06-14 00:00:00+00:00, run_after=2024-06-15 00:00:00+00:00
[2024-06-14T12:51:46.421+0000] {processor.py:183} INFO - Processing /opt/airflow/dags/pythonops.py took 0.889 seconds
[2024-06-14T12:52:16.631+0000] {processor.py:161} INFO - Started process (PID=748) to work on /opt/airflow/dags/pythonops.py
[2024-06-14T12:52:16.642+0000] {processor.py:830} INFO - Processing file /opt/airflow/dags/pythonops.py for tasks to queue
[2024-06-14T12:52:16.644+0000] {logging_mixin.py:188} INFO - [2024-06-14T12:52:16.644+0000] {dagbag.py:545} INFO - Filling up the DagBag from /opt/airflow/dags/pythonops.py
[2024-06-14T12:52:24.048+0000] {processor.py:840} INFO - DAG(s) 'first_python_operator' retrieved from /opt/airflow/dags/pythonops.py
[2024-06-14T12:52:24.114+0000] {logging_mixin.py:188} INFO - [2024-06-14T12:52:24.113+0000] {dag.py:3096} INFO - Sync 1 DAGs
[2024-06-14T12:52:24.188+0000] {logging_mixin.py:188} INFO - [2024-06-14T12:52:24.188+0000] {dag.py:3954} INFO - Setting next_dagrun for first_python_operator to 2024-06-14 00:00:00+00:00, run_after=2024-06-15 00:00:00+00:00
[2024-06-14T12:52:25.767+0000] {processor.py:183} INFO - Processing /opt/airflow/dags/pythonops.py took 9.162 seconds
[2024-06-14T12:52:56.420+0000] {processor.py:161} INFO - Started process (PID=786) to work on /opt/airflow/dags/pythonops.py
[2024-06-14T12:52:56.425+0000] {processor.py:830} INFO - Processing file /opt/airflow/dags/pythonops.py for tasks to queue
[2024-06-14T12:52:56.428+0000] {logging_mixin.py:188} INFO - [2024-06-14T12:52:56.427+0000] {dagbag.py:545} INFO - Filling up the DagBag from /opt/airflow/dags/pythonops.py
[2024-06-14T12:52:56.515+0000] {processor.py:840} INFO - DAG(s) 'first_python_operator' retrieved from /opt/airflow/dags/pythonops.py
[2024-06-14T12:52:56.577+0000] {logging_mixin.py:188} INFO - [2024-06-14T12:52:56.577+0000] {dag.py:3096} INFO - Sync 1 DAGs
[2024-06-14T12:52:56.630+0000] {logging_mixin.py:188} INFO - [2024-06-14T12:52:56.630+0000] {dag.py:3954} INFO - Setting next_dagrun for first_python_operator to 2024-06-14 00:00:00+00:00, run_after=2024-06-15 00:00:00+00:00
[2024-06-14T12:52:58.753+0000] {processor.py:183} INFO - Processing /opt/airflow/dags/pythonops.py took 2.380 seconds
[2024-06-14T12:53:29.564+0000] {processor.py:161} INFO - Started process (PID=806) to work on /opt/airflow/dags/pythonops.py
[2024-06-14T12:53:29.565+0000] {processor.py:830} INFO - Processing file /opt/airflow/dags/pythonops.py for tasks to queue
[2024-06-14T12:53:29.567+0000] {logging_mixin.py:188} INFO - [2024-06-14T12:53:29.567+0000] {dagbag.py:545} INFO - Filling up the DagBag from /opt/airflow/dags/pythonops.py
[2024-06-14T12:53:29.600+0000] {processor.py:840} INFO - DAG(s) 'first_python_operator' retrieved from /opt/airflow/dags/pythonops.py
[2024-06-14T12:53:29.637+0000] {logging_mixin.py:188} INFO - [2024-06-14T12:53:29.636+0000] {dag.py:3096} INFO - Sync 1 DAGs
[2024-06-14T12:53:29.676+0000] {logging_mixin.py:188} INFO - [2024-06-14T12:53:29.675+0000] {dag.py:3954} INFO - Setting next_dagrun for first_python_operator to 2024-06-14 00:00:00+00:00, run_after=2024-06-15 00:00:00+00:00
[2024-06-14T12:53:30.466+0000] {processor.py:183} INFO - Processing /opt/airflow/dags/pythonops.py took 0.915 seconds
[2024-06-14T12:54:01.106+0000] {processor.py:161} INFO - Started process (PID=827) to work on /opt/airflow/dags/pythonops.py
[2024-06-14T12:54:01.108+0000] {processor.py:830} INFO - Processing file /opt/airflow/dags/pythonops.py for tasks to queue
[2024-06-14T12:54:01.110+0000] {logging_mixin.py:188} INFO - [2024-06-14T12:54:01.109+0000] {dagbag.py:545} INFO - Filling up the DagBag from /opt/airflow/dags/pythonops.py
[2024-06-14T12:54:01.150+0000] {processor.py:840} INFO - DAG(s) 'first_python_operator' retrieved from /opt/airflow/dags/pythonops.py
[2024-06-14T12:54:01.190+0000] {logging_mixin.py:188} INFO - [2024-06-14T12:54:01.190+0000] {dag.py:3096} INFO - Sync 1 DAGs
[2024-06-14T12:54:01.224+0000] {logging_mixin.py:188} INFO - [2024-06-14T12:54:01.224+0000] {dag.py:3954} INFO - Setting next_dagrun for first_python_operator to 2024-06-14 00:00:00+00:00, run_after=2024-06-15 00:00:00+00:00
[2024-06-14T12:54:02.518+0000] {processor.py:183} INFO - Processing /opt/airflow/dags/pythonops.py took 1.420 seconds
[2024-06-14T12:54:32.683+0000] {processor.py:161} INFO - Started process (PID=842) to work on /opt/airflow/dags/pythonops.py
[2024-06-14T12:54:32.689+0000] {processor.py:830} INFO - Processing file /opt/airflow/dags/pythonops.py for tasks to queue
[2024-06-14T12:54:32.691+0000] {logging_mixin.py:188} INFO - [2024-06-14T12:54:32.690+0000] {dagbag.py:545} INFO - Filling up the DagBag from /opt/airflow/dags/pythonops.py
[2024-06-14T12:54:32.760+0000] {processor.py:840} INFO - DAG(s) 'first_python_operator' retrieved from /opt/airflow/dags/pythonops.py
[2024-06-14T12:54:32.875+0000] {logging_mixin.py:188} INFO - [2024-06-14T12:54:32.874+0000] {dag.py:3096} INFO - Sync 1 DAGs
[2024-06-14T12:54:32.965+0000] {logging_mixin.py:188} INFO - [2024-06-14T12:54:32.964+0000] {dag.py:3954} INFO - Setting next_dagrun for first_python_operator to 2024-06-14 00:00:00+00:00, run_after=2024-06-15 00:00:00+00:00
[2024-06-14T12:54:33.200+0000] {processor.py:183} INFO - Processing /opt/airflow/dags/pythonops.py took 0.535 seconds
[2024-06-14T12:55:03.346+0000] {processor.py:161} INFO - Started process (PID=861) to work on /opt/airflow/dags/pythonops.py
[2024-06-14T12:55:03.350+0000] {processor.py:830} INFO - Processing file /opt/airflow/dags/pythonops.py for tasks to queue
[2024-06-14T12:55:03.353+0000] {logging_mixin.py:188} INFO - [2024-06-14T12:55:03.352+0000] {dagbag.py:545} INFO - Filling up the DagBag from /opt/airflow/dags/pythonops.py
[2024-06-14T12:55:03.403+0000] {processor.py:840} INFO - DAG(s) 'first_python_operator' retrieved from /opt/airflow/dags/pythonops.py
[2024-06-14T12:55:03.446+0000] {logging_mixin.py:188} INFO - [2024-06-14T12:55:03.446+0000] {dag.py:3096} INFO - Sync 1 DAGs
[2024-06-14T12:55:03.477+0000] {logging_mixin.py:188} INFO - [2024-06-14T12:55:03.477+0000] {dag.py:3954} INFO - Setting next_dagrun for first_python_operator to 2024-06-14 00:00:00+00:00, run_after=2024-06-15 00:00:00+00:00
[2024-06-14T12:55:04.090+0000] {processor.py:183} INFO - Processing /opt/airflow/dags/pythonops.py took 0.755 seconds
[2024-06-14T12:55:34.295+0000] {processor.py:161} INFO - Started process (PID=879) to work on /opt/airflow/dags/pythonops.py
[2024-06-14T12:55:34.296+0000] {processor.py:830} INFO - Processing file /opt/airflow/dags/pythonops.py for tasks to queue
[2024-06-14T12:55:34.298+0000] {logging_mixin.py:188} INFO - [2024-06-14T12:55:34.297+0000] {dagbag.py:545} INFO - Filling up the DagBag from /opt/airflow/dags/pythonops.py
[2024-06-14T12:55:34.331+0000] {processor.py:840} INFO - DAG(s) 'first_python_operator' retrieved from /opt/airflow/dags/pythonops.py
[2024-06-14T12:55:34.372+0000] {logging_mixin.py:188} INFO - [2024-06-14T12:55:34.371+0000] {dag.py:3096} INFO - Sync 1 DAGs
[2024-06-14T12:55:34.416+0000] {logging_mixin.py:188} INFO - [2024-06-14T12:55:34.415+0000] {dag.py:3954} INFO - Setting next_dagrun for first_python_operator to 2024-06-14 00:00:00+00:00, run_after=2024-06-15 00:00:00+00:00
[2024-06-14T12:55:34.532+0000] {processor.py:183} INFO - Processing /opt/airflow/dags/pythonops.py took 0.246 seconds
[2024-06-14T12:56:04.939+0000] {processor.py:161} INFO - Started process (PID=901) to work on /opt/airflow/dags/pythonops.py
[2024-06-14T12:56:04.941+0000] {processor.py:830} INFO - Processing file /opt/airflow/dags/pythonops.py for tasks to queue
[2024-06-14T12:56:04.943+0000] {logging_mixin.py:188} INFO - [2024-06-14T12:56:04.942+0000] {dagbag.py:545} INFO - Filling up the DagBag from /opt/airflow/dags/pythonops.py
[2024-06-14T12:56:05.009+0000] {processor.py:840} INFO - DAG(s) 'first_python_operator' retrieved from /opt/airflow/dags/pythonops.py
[2024-06-14T12:56:05.048+0000] {logging_mixin.py:188} INFO - [2024-06-14T12:56:05.048+0000] {dag.py:3096} INFO - Sync 1 DAGs
[2024-06-14T12:56:05.082+0000] {logging_mixin.py:188} INFO - [2024-06-14T12:56:05.082+0000] {dag.py:3954} INFO - Setting next_dagrun for first_python_operator to 2024-06-14 00:00:00+00:00, run_after=2024-06-15 00:00:00+00:00
[2024-06-14T12:56:05.200+0000] {processor.py:183} INFO - Processing /opt/airflow/dags/pythonops.py took 0.271 seconds
[2024-06-14T12:56:35.842+0000] {processor.py:161} INFO - Started process (PID=923) to work on /opt/airflow/dags/pythonops.py
[2024-06-14T12:56:35.844+0000] {processor.py:830} INFO - Processing file /opt/airflow/dags/pythonops.py for tasks to queue
[2024-06-14T12:56:35.848+0000] {logging_mixin.py:188} INFO - [2024-06-14T12:56:35.847+0000] {dagbag.py:545} INFO - Filling up the DagBag from /opt/airflow/dags/pythonops.py
[2024-06-14T12:56:35.896+0000] {processor.py:840} INFO - DAG(s) 'first_python_operator' retrieved from /opt/airflow/dags/pythonops.py
[2024-06-14T12:56:36.012+0000] {logging_mixin.py:188} INFO - [2024-06-14T12:56:36.012+0000] {dag.py:3096} INFO - Sync 1 DAGs
[2024-06-14T12:56:36.096+0000] {logging_mixin.py:188} INFO - [2024-06-14T12:56:36.096+0000] {dag.py:3954} INFO - Setting next_dagrun for first_python_operator to 2024-06-14 00:00:00+00:00, run_after=2024-06-15 00:00:00+00:00
[2024-06-14T12:56:36.365+0000] {processor.py:183} INFO - Processing /opt/airflow/dags/pythonops.py took 0.535 seconds
[2024-06-14T12:57:06.764+0000] {processor.py:161} INFO - Started process (PID=944) to work on /opt/airflow/dags/pythonops.py
[2024-06-14T12:57:06.766+0000] {processor.py:830} INFO - Processing file /opt/airflow/dags/pythonops.py for tasks to queue
[2024-06-14T12:57:06.768+0000] {logging_mixin.py:188} INFO - [2024-06-14T12:57:06.767+0000] {dagbag.py:545} INFO - Filling up the DagBag from /opt/airflow/dags/pythonops.py
[2024-06-14T12:57:06.794+0000] {processor.py:840} INFO - DAG(s) 'first_python_operator' retrieved from /opt/airflow/dags/pythonops.py
[2024-06-14T12:57:06.829+0000] {logging_mixin.py:188} INFO - [2024-06-14T12:57:06.828+0000] {dag.py:3096} INFO - Sync 1 DAGs
[2024-06-14T12:57:06.859+0000] {logging_mixin.py:188} INFO - [2024-06-14T12:57:06.858+0000] {dag.py:3954} INFO - Setting next_dagrun for first_python_operator to 2024-06-14 00:00:00+00:00, run_after=2024-06-15 00:00:00+00:00
[2024-06-14T12:57:07.056+0000] {processor.py:183} INFO - Processing /opt/airflow/dags/pythonops.py took 0.300 seconds
[2024-06-14T12:57:37.465+0000] {processor.py:161} INFO - Started process (PID=965) to work on /opt/airflow/dags/pythonops.py
[2024-06-14T12:57:37.467+0000] {processor.py:830} INFO - Processing file /opt/airflow/dags/pythonops.py for tasks to queue
[2024-06-14T12:57:37.469+0000] {logging_mixin.py:188} INFO - [2024-06-14T12:57:37.468+0000] {dagbag.py:545} INFO - Filling up the DagBag from /opt/airflow/dags/pythonops.py
[2024-06-14T12:57:37.546+0000] {processor.py:840} INFO - DAG(s) 'first_python_operator' retrieved from /opt/airflow/dags/pythonops.py
[2024-06-14T12:57:37.599+0000] {logging_mixin.py:188} INFO - [2024-06-14T12:57:37.598+0000] {dag.py:3096} INFO - Sync 1 DAGs
[2024-06-14T12:57:37.652+0000] {logging_mixin.py:188} INFO - [2024-06-14T12:57:37.652+0000] {dag.py:3954} INFO - Setting next_dagrun for first_python_operator to 2024-06-14 00:00:00+00:00, run_after=2024-06-15 00:00:00+00:00
[2024-06-14T12:57:38.013+0000] {processor.py:183} INFO - Processing /opt/airflow/dags/pythonops.py took 0.556 seconds
[2024-06-14T12:58:08.645+0000] {processor.py:161} INFO - Started process (PID=985) to work on /opt/airflow/dags/pythonops.py
[2024-06-14T12:58:08.731+0000] {processor.py:830} INFO - Processing file /opt/airflow/dags/pythonops.py for tasks to queue
[2024-06-14T12:58:08.734+0000] {logging_mixin.py:188} INFO - [2024-06-14T12:58:08.733+0000] {dagbag.py:545} INFO - Filling up the DagBag from /opt/airflow/dags/pythonops.py
[2024-06-14T12:58:08.833+0000] {processor.py:840} INFO - DAG(s) 'first_python_operator' retrieved from /opt/airflow/dags/pythonops.py
[2024-06-14T12:58:08.889+0000] {logging_mixin.py:188} INFO - [2024-06-14T12:58:08.888+0000] {dag.py:3096} INFO - Sync 1 DAGs
[2024-06-14T12:58:08.951+0000] {logging_mixin.py:188} INFO - [2024-06-14T12:58:08.951+0000] {dag.py:3954} INFO - Setting next_dagrun for first_python_operator to 2024-06-14 00:00:00+00:00, run_after=2024-06-15 00:00:00+00:00
[2024-06-14T12:58:09.636+0000] {processor.py:183} INFO - Processing /opt/airflow/dags/pythonops.py took 1.008 seconds
[2024-06-14T12:58:42.556+0000] {processor.py:161} INFO - Started process (PID=1004) to work on /opt/airflow/dags/pythonops.py
[2024-06-14T12:58:42.558+0000] {processor.py:830} INFO - Processing file /opt/airflow/dags/pythonops.py for tasks to queue
[2024-06-14T12:58:42.560+0000] {logging_mixin.py:188} INFO - [2024-06-14T12:58:42.559+0000] {dagbag.py:545} INFO - Filling up the DagBag from /opt/airflow/dags/pythonops.py
[2024-06-14T12:58:43.742+0000] {processor.py:840} INFO - DAG(s) 'first_python_operator' retrieved from /opt/airflow/dags/pythonops.py
[2024-06-14T12:58:44.295+0000] {logging_mixin.py:188} INFO - [2024-06-14T12:58:44.294+0000] {dag.py:3096} INFO - Sync 1 DAGs
[2024-06-14T12:58:44.835+0000] {logging_mixin.py:188} INFO - [2024-06-14T12:58:44.835+0000] {dag.py:3954} INFO - Setting next_dagrun for first_python_operator to 2024-06-14 00:00:00+00:00, run_after=2024-06-15 00:00:00+00:00
[2024-06-14T12:58:45.079+0000] {processor.py:183} INFO - Processing /opt/airflow/dags/pythonops.py took 2.533 seconds
[2024-06-14T12:59:15.200+0000] {processor.py:161} INFO - Started process (PID=1027) to work on /opt/airflow/dags/pythonops.py
[2024-06-14T12:59:15.202+0000] {processor.py:830} INFO - Processing file /opt/airflow/dags/pythonops.py for tasks to queue
[2024-06-14T12:59:15.205+0000] {logging_mixin.py:188} INFO - [2024-06-14T12:59:15.204+0000] {dagbag.py:545} INFO - Filling up the DagBag from /opt/airflow/dags/pythonops.py
[2024-06-14T12:59:15.246+0000] {processor.py:840} INFO - DAG(s) 'first_python_operator' retrieved from /opt/airflow/dags/pythonops.py
[2024-06-14T12:59:15.286+0000] {logging_mixin.py:188} INFO - [2024-06-14T12:59:15.286+0000] {dag.py:3096} INFO - Sync 1 DAGs
[2024-06-14T12:59:15.323+0000] {logging_mixin.py:188} INFO - [2024-06-14T12:59:15.323+0000] {dag.py:3954} INFO - Setting next_dagrun for first_python_operator to 2024-06-14 00:00:00+00:00, run_after=2024-06-15 00:00:00+00:00
[2024-06-14T12:59:15.388+0000] {processor.py:183} INFO - Processing /opt/airflow/dags/pythonops.py took 0.203 seconds
[2024-06-14T12:59:51.242+0000] {processor.py:161} INFO - Started process (PID=1047) to work on /opt/airflow/dags/pythonops.py
[2024-06-14T12:59:52.802+0000] {processor.py:830} INFO - Processing file /opt/airflow/dags/pythonops.py for tasks to queue
[2024-06-14T12:59:52.805+0000] {logging_mixin.py:188} INFO - [2024-06-14T12:59:52.804+0000] {dagbag.py:545} INFO - Filling up the DagBag from /opt/airflow/dags/pythonops.py
[2024-06-14T12:59:55.899+0000] {processor.py:840} INFO - DAG(s) 'first_python_operator' retrieved from /opt/airflow/dags/pythonops.py
[2024-06-14T13:00:01.559+0000] {logging_mixin.py:188} INFO - [2024-06-14T13:00:01.559+0000] {dag.py:3096} INFO - Sync 1 DAGs
[2024-06-14T13:00:04.046+0000] {logging_mixin.py:188} INFO - [2024-06-14T13:00:04.046+0000] {dag.py:3954} INFO - Setting next_dagrun for first_python_operator to 2024-06-14 00:00:00+00:00, run_after=2024-06-15 00:00:00+00:00
[2024-06-14T13:00:06.389+0000] {processor.py:183} INFO - Processing /opt/airflow/dags/pythonops.py took 15.159 seconds
[2024-06-14T13:00:36.496+0000] {processor.py:161} INFO - Started process (PID=1080) to work on /opt/airflow/dags/pythonops.py
[2024-06-14T13:00:36.497+0000] {processor.py:830} INFO - Processing file /opt/airflow/dags/pythonops.py for tasks to queue
[2024-06-14T13:00:36.499+0000] {logging_mixin.py:188} INFO - [2024-06-14T13:00:36.499+0000] {dagbag.py:545} INFO - Filling up the DagBag from /opt/airflow/dags/pythonops.py
[2024-06-14T13:00:36.533+0000] {processor.py:840} INFO - DAG(s) 'first_python_operator' retrieved from /opt/airflow/dags/pythonops.py
[2024-06-14T13:00:36.712+0000] {logging_mixin.py:188} INFO - [2024-06-14T13:00:36.712+0000] {dag.py:3096} INFO - Sync 1 DAGs
[2024-06-14T13:00:40.268+0000] {logging_mixin.py:188} INFO - [2024-06-14T13:00:40.267+0000] {dag.py:3954} INFO - Setting next_dagrun for first_python_operator to 2024-06-14 00:00:00+00:00, run_after=2024-06-15 00:00:00+00:00
[2024-06-14T13:00:40.786+0000] {processor.py:183} INFO - Processing /opt/airflow/dags/pythonops.py took 4.299 seconds
[2024-06-14T13:01:22.711+0000] {processor.py:161} INFO - Started process (PID=1096) to work on /opt/airflow/dags/pythonops.py
[2024-06-14T13:01:22.712+0000] {processor.py:830} INFO - Processing file /opt/airflow/dags/pythonops.py for tasks to queue
[2024-06-14T13:01:22.714+0000] {logging_mixin.py:188} INFO - [2024-06-14T13:01:22.713+0000] {dagbag.py:545} INFO - Filling up the DagBag from /opt/airflow/dags/pythonops.py
[2024-06-14T13:01:22.781+0000] {processor.py:840} INFO - DAG(s) 'first_python_operator' retrieved from /opt/airflow/dags/pythonops.py
[2024-06-14T13:01:22.814+0000] {logging_mixin.py:188} INFO - [2024-06-14T13:01:22.814+0000] {dag.py:3096} INFO - Sync 1 DAGs
[2024-06-14T13:01:23.043+0000] {logging_mixin.py:188} INFO - [2024-06-14T13:01:23.043+0000] {dag.py:3954} INFO - Setting next_dagrun for first_python_operator to 2024-06-14 00:00:00+00:00, run_after=2024-06-15 00:00:00+00:00
[2024-06-14T13:01:23.555+0000] {processor.py:183} INFO - Processing /opt/airflow/dags/pythonops.py took 0.857 seconds
[2024-06-14T13:01:53.929+0000] {processor.py:161} INFO - Started process (PID=1115) to work on /opt/airflow/dags/pythonops.py
[2024-06-14T13:01:53.931+0000] {processor.py:830} INFO - Processing file /opt/airflow/dags/pythonops.py for tasks to queue
[2024-06-14T13:01:53.933+0000] {logging_mixin.py:188} INFO - [2024-06-14T13:01:53.932+0000] {dagbag.py:545} INFO - Filling up the DagBag from /opt/airflow/dags/pythonops.py
[2024-06-14T13:01:53.960+0000] {processor.py:840} INFO - DAG(s) 'first_python_operator' retrieved from /opt/airflow/dags/pythonops.py
[2024-06-14T13:01:53.999+0000] {logging_mixin.py:188} INFO - [2024-06-14T13:01:53.998+0000] {dag.py:3096} INFO - Sync 1 DAGs
[2024-06-14T13:01:54.034+0000] {logging_mixin.py:188} INFO - [2024-06-14T13:01:54.033+0000] {dag.py:3954} INFO - Setting next_dagrun for first_python_operator to 2024-06-14 00:00:00+00:00, run_after=2024-06-15 00:00:00+00:00
[2024-06-14T13:01:54.182+0000] {processor.py:183} INFO - Processing /opt/airflow/dags/pythonops.py took 0.261 seconds
[2024-06-14T13:02:24.839+0000] {processor.py:161} INFO - Started process (PID=1135) to work on /opt/airflow/dags/pythonops.py
[2024-06-14T13:02:24.845+0000] {processor.py:830} INFO - Processing file /opt/airflow/dags/pythonops.py for tasks to queue
[2024-06-14T13:02:24.848+0000] {logging_mixin.py:188} INFO - [2024-06-14T13:02:24.847+0000] {dagbag.py:545} INFO - Filling up the DagBag from /opt/airflow/dags/pythonops.py
[2024-06-14T13:02:24.921+0000] {processor.py:840} INFO - DAG(s) 'first_python_operator' retrieved from /opt/airflow/dags/pythonops.py
[2024-06-14T13:02:24.967+0000] {logging_mixin.py:188} INFO - [2024-06-14T13:02:24.966+0000] {dag.py:3096} INFO - Sync 1 DAGs
[2024-06-14T13:02:25.021+0000] {logging_mixin.py:188} INFO - [2024-06-14T13:02:25.020+0000] {dag.py:3954} INFO - Setting next_dagrun for first_python_operator to 2024-06-14 00:00:00+00:00, run_after=2024-06-15 00:00:00+00:00
[2024-06-14T13:02:25.353+0000] {processor.py:183} INFO - Processing /opt/airflow/dags/pythonops.py took 0.538 seconds
[2024-06-14T13:02:55.510+0000] {processor.py:161} INFO - Started process (PID=1159) to work on /opt/airflow/dags/pythonops.py
[2024-06-14T13:02:55.513+0000] {processor.py:830} INFO - Processing file /opt/airflow/dags/pythonops.py for tasks to queue
[2024-06-14T13:02:55.515+0000] {logging_mixin.py:188} INFO - [2024-06-14T13:02:55.514+0000] {dagbag.py:545} INFO - Filling up the DagBag from /opt/airflow/dags/pythonops.py
[2024-06-14T13:02:55.562+0000] {processor.py:840} INFO - DAG(s) 'first_python_operator' retrieved from /opt/airflow/dags/pythonops.py
[2024-06-14T13:02:55.612+0000] {logging_mixin.py:188} INFO - [2024-06-14T13:02:55.611+0000] {dag.py:3096} INFO - Sync 1 DAGs
[2024-06-14T13:02:55.658+0000] {logging_mixin.py:188} INFO - [2024-06-14T13:02:55.658+0000] {dag.py:3954} INFO - Setting next_dagrun for first_python_operator to 2024-06-14 00:00:00+00:00, run_after=2024-06-15 00:00:00+00:00
[2024-06-14T13:02:56.338+0000] {processor.py:183} INFO - Processing /opt/airflow/dags/pythonops.py took 0.842 seconds
[2024-06-14T13:03:26.506+0000] {processor.py:161} INFO - Started process (PID=1187) to work on /opt/airflow/dags/pythonops.py
[2024-06-14T13:03:26.510+0000] {processor.py:830} INFO - Processing file /opt/airflow/dags/pythonops.py for tasks to queue
[2024-06-14T13:03:26.512+0000] {logging_mixin.py:188} INFO - [2024-06-14T13:03:26.511+0000] {dagbag.py:545} INFO - Filling up the DagBag from /opt/airflow/dags/pythonops.py
[2024-06-14T13:03:26.570+0000] {processor.py:840} INFO - DAG(s) 'first_python_operator' retrieved from /opt/airflow/dags/pythonops.py
[2024-06-14T13:03:26.636+0000] {logging_mixin.py:188} INFO - [2024-06-14T13:03:26.636+0000] {dag.py:3096} INFO - Sync 1 DAGs
[2024-06-14T13:03:26.681+0000] {logging_mixin.py:188} INFO - [2024-06-14T13:03:26.681+0000] {dag.py:3954} INFO - Setting next_dagrun for first_python_operator to 2024-06-14 00:00:00+00:00, run_after=2024-06-15 00:00:00+00:00
[2024-06-14T13:03:28.106+0000] {processor.py:183} INFO - Processing /opt/airflow/dags/pythonops.py took 1.626 seconds
[2024-06-14T13:03:58.772+0000] {processor.py:161} INFO - Started process (PID=1203) to work on /opt/airflow/dags/pythonops.py
[2024-06-14T13:03:58.773+0000] {processor.py:830} INFO - Processing file /opt/airflow/dags/pythonops.py for tasks to queue
[2024-06-14T13:03:58.775+0000] {logging_mixin.py:188} INFO - [2024-06-14T13:03:58.774+0000] {dagbag.py:545} INFO - Filling up the DagBag from /opt/airflow/dags/pythonops.py
[2024-06-14T13:03:58.802+0000] {processor.py:840} INFO - DAG(s) 'first_python_operator' retrieved from /opt/airflow/dags/pythonops.py
[2024-06-14T13:03:58.839+0000] {logging_mixin.py:188} INFO - [2024-06-14T13:03:58.839+0000] {dag.py:3096} INFO - Sync 1 DAGs
[2024-06-14T13:03:58.875+0000] {logging_mixin.py:188} INFO - [2024-06-14T13:03:58.874+0000] {dag.py:3954} INFO - Setting next_dagrun for first_python_operator to 2024-06-14 00:00:00+00:00, run_after=2024-06-15 00:00:00+00:00
[2024-06-14T13:04:03.020+0000] {processor.py:183} INFO - Processing /opt/airflow/dags/pythonops.py took 4.257 seconds
[2024-06-14T13:04:33.763+0000] {processor.py:161} INFO - Started process (PID=1226) to work on /opt/airflow/dags/pythonops.py
[2024-06-14T13:04:33.765+0000] {processor.py:830} INFO - Processing file /opt/airflow/dags/pythonops.py for tasks to queue
[2024-06-14T13:04:33.767+0000] {logging_mixin.py:188} INFO - [2024-06-14T13:04:33.766+0000] {dagbag.py:545} INFO - Filling up the DagBag from /opt/airflow/dags/pythonops.py
[2024-06-14T13:04:36.854+0000] {processor.py:840} INFO - DAG(s) 'first_python_operator' retrieved from /opt/airflow/dags/pythonops.py
[2024-06-14T13:04:36.974+0000] {logging_mixin.py:188} INFO - [2024-06-14T13:04:36.973+0000] {dag.py:3096} INFO - Sync 1 DAGs
[2024-06-14T13:04:37.031+0000] {logging_mixin.py:188} INFO - [2024-06-14T13:04:37.030+0000] {dag.py:3954} INFO - Setting next_dagrun for first_python_operator to 2024-06-14 00:00:00+00:00, run_after=2024-06-15 00:00:00+00:00
[2024-06-14T13:04:47.739+0000] {processor.py:183} INFO - Processing /opt/airflow/dags/pythonops.py took 13.993 seconds
[2024-06-14T13:05:18.534+0000] {processor.py:161} INFO - Started process (PID=1248) to work on /opt/airflow/dags/pythonops.py
[2024-06-14T13:05:18.536+0000] {processor.py:830} INFO - Processing file /opt/airflow/dags/pythonops.py for tasks to queue
[2024-06-14T13:05:18.541+0000] {logging_mixin.py:188} INFO - [2024-06-14T13:05:18.540+0000] {dagbag.py:545} INFO - Filling up the DagBag from /opt/airflow/dags/pythonops.py
[2024-06-14T13:05:18.591+0000] {processor.py:840} INFO - DAG(s) 'first_python_operator' retrieved from /opt/airflow/dags/pythonops.py
[2024-06-14T13:05:18.658+0000] {logging_mixin.py:188} INFO - [2024-06-14T13:05:18.651+0000] {dag.py:3096} INFO - Sync 1 DAGs
[2024-06-14T13:05:18.734+0000] {logging_mixin.py:188} INFO - [2024-06-14T13:05:18.734+0000] {dag.py:3954} INFO - Setting next_dagrun for first_python_operator to 2024-06-14 00:00:00+00:00, run_after=2024-06-15 00:00:00+00:00
[2024-06-14T13:05:21.621+0000] {processor.py:183} INFO - Processing /opt/airflow/dags/pythonops.py took 3.108 seconds
[2024-06-14T13:05:52.463+0000] {processor.py:161} INFO - Started process (PID=1270) to work on /opt/airflow/dags/pythonops.py
[2024-06-14T13:05:52.465+0000] {processor.py:830} INFO - Processing file /opt/airflow/dags/pythonops.py for tasks to queue
[2024-06-14T13:05:52.468+0000] {logging_mixin.py:188} INFO - [2024-06-14T13:05:52.467+0000] {dagbag.py:545} INFO - Filling up the DagBag from /opt/airflow/dags/pythonops.py
[2024-06-14T13:05:52.510+0000] {processor.py:840} INFO - DAG(s) 'first_python_operator' retrieved from /opt/airflow/dags/pythonops.py
[2024-06-14T13:05:52.547+0000] {logging_mixin.py:188} INFO - [2024-06-14T13:05:52.547+0000] {dag.py:3096} INFO - Sync 1 DAGs
[2024-06-14T13:05:52.589+0000] {logging_mixin.py:188} INFO - [2024-06-14T13:05:52.589+0000] {dag.py:3954} INFO - Setting next_dagrun for first_python_operator to 2024-06-14 00:00:00+00:00, run_after=2024-06-15 00:00:00+00:00
[2024-06-14T13:05:52.725+0000] {processor.py:183} INFO - Processing /opt/airflow/dags/pythonops.py took 0.272 seconds
[2024-06-14T13:06:23.295+0000] {processor.py:161} INFO - Started process (PID=1292) to work on /opt/airflow/dags/pythonops.py
[2024-06-14T13:06:23.499+0000] {processor.py:830} INFO - Processing file /opt/airflow/dags/pythonops.py for tasks to queue
[2024-06-14T13:06:23.501+0000] {logging_mixin.py:188} INFO - [2024-06-14T13:06:23.500+0000] {dagbag.py:545} INFO - Filling up the DagBag from /opt/airflow/dags/pythonops.py
[2024-06-14T13:06:23.553+0000] {processor.py:840} INFO - DAG(s) 'first_python_operator' retrieved from /opt/airflow/dags/pythonops.py
[2024-06-14T13:06:23.619+0000] {logging_mixin.py:188} INFO - [2024-06-14T13:06:23.619+0000] {dag.py:3096} INFO - Sync 1 DAGs
[2024-06-14T13:06:23.671+0000] {logging_mixin.py:188} INFO - [2024-06-14T13:06:23.671+0000] {dag.py:3954} INFO - Setting next_dagrun for first_python_operator to 2024-06-14 00:00:00+00:00, run_after=2024-06-15 00:00:00+00:00
[2024-06-14T13:06:24.652+0000] {processor.py:183} INFO - Processing /opt/airflow/dags/pythonops.py took 1.369 seconds
[2024-06-14T13:06:54.951+0000] {processor.py:161} INFO - Started process (PID=1317) to work on /opt/airflow/dags/pythonops.py
[2024-06-14T13:06:54.952+0000] {processor.py:830} INFO - Processing file /opt/airflow/dags/pythonops.py for tasks to queue
[2024-06-14T13:06:54.954+0000] {logging_mixin.py:188} INFO - [2024-06-14T13:06:54.953+0000] {dagbag.py:545} INFO - Filling up the DagBag from /opt/airflow/dags/pythonops.py
[2024-06-14T13:06:54.985+0000] {processor.py:840} INFO - DAG(s) 'first_python_operator' retrieved from /opt/airflow/dags/pythonops.py
[2024-06-14T13:06:55.017+0000] {logging_mixin.py:188} INFO - [2024-06-14T13:06:55.017+0000] {dag.py:3096} INFO - Sync 1 DAGs
[2024-06-14T13:06:55.054+0000] {logging_mixin.py:188} INFO - [2024-06-14T13:06:55.054+0000] {dag.py:3954} INFO - Setting next_dagrun for first_python_operator to 2024-06-14 00:00:00+00:00, run_after=2024-06-15 00:00:00+00:00
[2024-06-14T13:06:56.951+0000] {processor.py:183} INFO - Processing /opt/airflow/dags/pythonops.py took 2.009 seconds
[2024-06-14T13:07:27.335+0000] {processor.py:161} INFO - Started process (PID=1335) to work on /opt/airflow/dags/pythonops.py
[2024-06-14T13:07:27.337+0000] {processor.py:830} INFO - Processing file /opt/airflow/dags/pythonops.py for tasks to queue
[2024-06-14T13:07:27.339+0000] {logging_mixin.py:188} INFO - [2024-06-14T13:07:27.338+0000] {dagbag.py:545} INFO - Filling up the DagBag from /opt/airflow/dags/pythonops.py
[2024-06-14T13:07:27.371+0000] {processor.py:840} INFO - DAG(s) 'first_python_operator' retrieved from /opt/airflow/dags/pythonops.py
[2024-06-14T13:07:27.415+0000] {logging_mixin.py:188} INFO - [2024-06-14T13:07:27.415+0000] {dag.py:3096} INFO - Sync 1 DAGs
[2024-06-14T13:07:27.461+0000] {logging_mixin.py:188} INFO - [2024-06-14T13:07:27.461+0000] {dag.py:3954} INFO - Setting next_dagrun for first_python_operator to 2024-06-14 00:00:00+00:00, run_after=2024-06-15 00:00:00+00:00
[2024-06-14T13:07:35.157+0000] {processor.py:183} INFO - Processing /opt/airflow/dags/pythonops.py took 7.836 seconds
[2024-06-14T13:08:05.314+0000] {processor.py:161} INFO - Started process (PID=1356) to work on /opt/airflow/dags/pythonops.py
[2024-06-14T13:08:05.316+0000] {processor.py:830} INFO - Processing file /opt/airflow/dags/pythonops.py for tasks to queue
[2024-06-14T13:08:05.319+0000] {logging_mixin.py:188} INFO - [2024-06-14T13:08:05.318+0000] {dagbag.py:545} INFO - Filling up the DagBag from /opt/airflow/dags/pythonops.py
[2024-06-14T13:08:05.378+0000] {processor.py:840} INFO - DAG(s) 'first_python_operator' retrieved from /opt/airflow/dags/pythonops.py
[2024-06-14T13:08:05.435+0000] {logging_mixin.py:188} INFO - [2024-06-14T13:08:05.435+0000] {dag.py:3096} INFO - Sync 1 DAGs
[2024-06-14T13:08:05.504+0000] {logging_mixin.py:188} INFO - [2024-06-14T13:08:05.503+0000] {dag.py:3954} INFO - Setting next_dagrun for first_python_operator to 2024-06-14 00:00:00+00:00, run_after=2024-06-15 00:00:00+00:00
[2024-06-14T13:08:06.332+0000] {processor.py:183} INFO - Processing /opt/airflow/dags/pythonops.py took 1.031 seconds
[2024-06-14T13:08:36.685+0000] {processor.py:161} INFO - Started process (PID=1377) to work on /opt/airflow/dags/pythonops.py
[2024-06-14T13:08:36.687+0000] {processor.py:830} INFO - Processing file /opt/airflow/dags/pythonops.py for tasks to queue
[2024-06-14T13:08:36.688+0000] {logging_mixin.py:188} INFO - [2024-06-14T13:08:36.688+0000] {dagbag.py:545} INFO - Filling up the DagBag from /opt/airflow/dags/pythonops.py
[2024-06-14T13:08:36.724+0000] {processor.py:840} INFO - DAG(s) 'first_python_operator' retrieved from /opt/airflow/dags/pythonops.py
[2024-06-14T13:08:36.766+0000] {logging_mixin.py:188} INFO - [2024-06-14T13:08:36.765+0000] {dag.py:3096} INFO - Sync 1 DAGs
[2024-06-14T13:08:36.804+0000] {logging_mixin.py:188} INFO - [2024-06-14T13:08:36.803+0000] {dag.py:3954} INFO - Setting next_dagrun for first_python_operator to 2024-06-14 00:00:00+00:00, run_after=2024-06-15 00:00:00+00:00
[2024-06-14T13:08:39.380+0000] {processor.py:183} INFO - Processing /opt/airflow/dags/pythonops.py took 2.712 seconds
