[2024-06-15T21:10:21.834+0000] {local_task_job_runner.py:120} INFO - ::group::Pre task execution logs
[2024-06-15T21:10:21.900+0000] {taskinstance.py:2076} INFO - Dependencies all met for dep_context=non-requeueable deps ti=<TaskInstance: rand_request.load_to_s3 scheduled__2024-06-15T20:05:00+00:00 [queued]>
[2024-06-15T21:10:21.943+0000] {taskinstance.py:2076} INFO - Dependencies all met for dep_context=requeueable deps ti=<TaskInstance: rand_request.load_to_s3 scheduled__2024-06-15T20:05:00+00:00 [queued]>
[2024-06-15T21:10:21.946+0000] {taskinstance.py:2306} INFO - Starting attempt 1 of 6
[2024-06-15T21:10:22.008+0000] {taskinstance.py:2330} INFO - Executing <Task(PythonOperator): load_to_s3> on 2024-06-15 20:05:00+00:00
[2024-06-15T21:10:22.023+0000] {logging_mixin.py:188} WARNING - /home/***/.local/lib/python3.12/site-packages/***/task/task_runner/standard_task_runner.py:61 DeprecationWarning: This process (pid=8088) is multi-threaded, use of fork() may lead to deadlocks in the child.
[2024-06-15T21:10:22.021+0000] {standard_task_runner.py:90} INFO - Running: ['***', 'tasks', 'run', 'rand_request', 'load_to_s3', 'scheduled__2024-06-15T20:05:00+00:00', '--job-id', '90', '--raw', '--subdir', 'DAGS_FOLDER/rand.py', '--cfg-path', '/tmp/tmpp0fyib3y']
[2024-06-15T21:10:22.025+0000] {standard_task_runner.py:63} INFO - Started process 8101 to run task
[2024-06-15T21:10:22.025+0000] {standard_task_runner.py:91} INFO - Job 90: Subtask load_to_s3
[2024-06-15T21:10:22.176+0000] {task_command.py:426} INFO - Running <TaskInstance: rand_request.load_to_s3 scheduled__2024-06-15T20:05:00+00:00 [running]> on host d4d3ae2e009b
[2024-06-15T21:10:22.459+0000] {taskinstance.py:2648} INFO - Exporting env vars: AIRFLOW_CTX_DAG_OWNER='protectorate' AIRFLOW_CTX_DAG_ID='rand_request' AIRFLOW_CTX_TASK_ID='load_to_s3' AIRFLOW_CTX_EXECUTION_DATE='2024-06-15T20:05:00+00:00' AIRFLOW_CTX_TRY_NUMBER='1' AIRFLOW_CTX_DAG_RUN_ID='scheduled__2024-06-15T20:05:00+00:00'
[2024-06-15T21:10:22.462+0000] {taskinstance.py:430} INFO - ::endgroup::
[2024-06-15T21:10:24.237+0000] {base.py:84} INFO - Using connection ID 'simple_store' for task execution.
[2024-06-15T21:10:24.239+0000] {connection_wrapper.py:384} INFO - AWS Connection (conn_id='simple_store', conn_type='aws') credentials retrieved from login and password.
[2024-06-15T21:12:40.937+0000] {python.py:237} INFO - Done. Returned value was: None
[2024-06-15T21:12:40.938+0000] {taskinstance.py:441} INFO - ::group::Post task execution logs
[2024-06-15T21:12:40.967+0000] {taskinstance.py:1206} INFO - Marking task as SUCCESS. dag_id=rand_request, task_id=load_to_s3, run_id=scheduled__2024-06-15T20:05:00+00:00, execution_date=20240615T200500, start_date=20240615T211021, end_date=20240615T211240
[2024-06-15T21:12:41.066+0000] {local_task_job_runner.py:240} INFO - Task exited with return code 0
[2024-06-15T21:12:41.087+0000] {taskinstance.py:3498} INFO - 0 downstream tasks scheduled from follow-on schedule check
[2024-06-15T21:12:41.138+0000] {local_task_job_runner.py:222} INFO - ::endgroup::
