[2024-06-14T12:45:33.689+0000] {local_task_job_runner.py:120} INFO - ::group::Pre task execution logs
[2024-06-14T12:45:33.934+0000] {taskinstance.py:2076} INFO - Dependencies all met for dep_context=non-requeueable deps ti=<TaskInstance: first_python_operator.greet_task2 scheduled__2024-05-27T00:00:00+00:00 [queued]>
[2024-06-14T12:45:33.950+0000] {taskinstance.py:2076} INFO - Dependencies all met for dep_context=requeueable deps ti=<TaskInstance: first_python_operator.greet_task2 scheduled__2024-05-27T00:00:00+00:00 [queued]>
[2024-06-14T12:45:33.951+0000] {taskinstance.py:2306} INFO - Starting attempt 1 of 6
[2024-06-14T12:45:34.806+0000] {taskinstance.py:2330} INFO - Executing <Task(PythonOperator): greet_task2> on 2024-05-27 00:00:00+00:00
[2024-06-14T12:45:34.852+0000] {standard_task_runner.py:90} INFO - Running: ['***', 'tasks', 'run', 'first_python_operator', 'greet_task2', 'scheduled__2024-05-27T00:00:00+00:00', '--job-id', '15', '--raw', '--subdir', 'DAGS_FOLDER/pythonops.py', '--cfg-path', '/tmp/tmpbjgxcxpf']
[2024-06-14T12:45:34.858+0000] {standard_task_runner.py:91} INFO - Job 15: Subtask greet_task2
[2024-06-14T12:45:34.857+0000] {logging_mixin.py:188} WARNING - /home/***/.local/lib/python3.12/site-packages/***/task/task_runner/standard_task_runner.py:61 DeprecationWarning: This process (pid=420) is multi-threaded, use of fork() may lead to deadlocks in the child.
[2024-06-14T12:45:34.888+0000] {standard_task_runner.py:63} INFO - Started process 427 to run task
[2024-06-14T12:45:35.740+0000] {task_command.py:426} INFO - Running <TaskInstance: first_python_operator.greet_task2 scheduled__2024-05-27T00:00:00+00:00 [running]> on host 4ad055bac4bf
[2024-06-14T12:45:37.250+0000] {taskinstance.py:2648} INFO - Exporting env vars: AIRFLOW_CTX_DAG_OWNER='protectorate' AIRFLOW_CTX_DAG_ID='first_python_operator' AIRFLOW_CTX_TASK_ID='greet_task2' AIRFLOW_CTX_EXECUTION_DATE='2024-05-27T00:00:00+00:00' AIRFLOW_CTX_TRY_NUMBER='1' AIRFLOW_CTX_DAG_RUN_ID='scheduled__2024-05-27T00:00:00+00:00'
[2024-06-14T12:45:37.257+0000] {taskinstance.py:430} INFO - ::endgroup::
[2024-06-14T12:45:37.330+0000] {logging_mixin.py:188} INFO - Hello Adewunmi!!!, welcome to *** with python operator task 2
[2024-06-14T12:45:37.340+0000] {python.py:237} INFO - Done. Returned value was: None
[2024-06-14T12:45:37.341+0000] {taskinstance.py:441} INFO - ::group::Post task execution logs
[2024-06-14T12:45:37.367+0000] {taskinstance.py:1206} INFO - Marking task as SUCCESS. dag_id=first_python_operator, task_id=greet_task2, run_id=scheduled__2024-05-27T00:00:00+00:00, execution_date=20240527T000000, start_date=20240614T124533, end_date=20240614T124537
[2024-06-14T12:45:38.046+0000] {local_task_job_runner.py:240} INFO - Task exited with return code 0
[2024-06-14T12:45:38.409+0000] {taskinstance.py:3498} INFO - 0 downstream tasks scheduled from follow-on schedule check
[2024-06-14T12:45:38.923+0000] {local_task_job_runner.py:222} INFO - ::endgroup::
[2024-06-15T10:12:22.855+0000] {local_task_job_runner.py:120} INFO - ::group::Pre task execution logs
[2024-06-15T10:12:23.351+0000] {taskinstance.py:2076} INFO - Dependencies all met for dep_context=non-requeueable deps ti=<TaskInstance: first_python_operator.greet_task2 scheduled__2024-05-27T00:00:00+00:00 [queued]>
[2024-06-15T10:12:23.371+0000] {taskinstance.py:2076} INFO - Dependencies all met for dep_context=requeueable deps ti=<TaskInstance: first_python_operator.greet_task2 scheduled__2024-05-27T00:00:00+00:00 [queued]>
[2024-06-15T10:12:23.372+0000] {taskinstance.py:2306} INFO - Starting attempt 1 of 6
[2024-06-15T10:12:23.842+0000] {taskinstance.py:2330} INFO - Executing <Task(PythonOperator): greet_task2> on 2024-05-27 00:00:00+00:00
[2024-06-15T10:12:23.862+0000] {standard_task_runner.py:90} INFO - Running: ['***', 'tasks', 'run', 'first_python_operator', 'greet_task2', 'scheduled__2024-05-27T00:00:00+00:00', '--job-id', '17', '--raw', '--subdir', 'DAGS_FOLDER/pythonops.py', '--cfg-path', '/tmp/tmpu4ktd4k4']
[2024-06-15T10:12:23.868+0000] {standard_task_runner.py:91} INFO - Job 17: Subtask greet_task2
[2024-06-15T10:12:23.878+0000] {logging_mixin.py:188} WARNING - /home/***/.local/lib/python3.12/site-packages/***/task/task_runner/standard_task_runner.py:61 DeprecationWarning: This process (pid=2676) is multi-threaded, use of fork() may lead to deadlocks in the child.
[2024-06-15T10:12:23.880+0000] {standard_task_runner.py:63} INFO - Started process 2694 to run task
[2024-06-15T10:12:24.634+0000] {task_command.py:426} INFO - Running <TaskInstance: first_python_operator.greet_task2 scheduled__2024-05-27T00:00:00+00:00 [running]> on host d4d3ae2e009b
[2024-06-15T10:12:25.447+0000] {taskinstance.py:2648} INFO - Exporting env vars: AIRFLOW_CTX_DAG_OWNER='protectorate' AIRFLOW_CTX_DAG_ID='first_python_operator' AIRFLOW_CTX_TASK_ID='greet_task2' AIRFLOW_CTX_EXECUTION_DATE='2024-05-27T00:00:00+00:00' AIRFLOW_CTX_TRY_NUMBER='1' AIRFLOW_CTX_DAG_RUN_ID='scheduled__2024-05-27T00:00:00+00:00'
[2024-06-15T10:12:25.449+0000] {taskinstance.py:430} INFO - ::endgroup::
[2024-06-15T10:12:25.481+0000] {logging_mixin.py:188} INFO - Hello Adewunmi!!!, welcome to *** with python operator task 2
[2024-06-15T10:12:25.482+0000] {python.py:237} INFO - Done. Returned value was: None
[2024-06-15T10:12:25.484+0000] {taskinstance.py:441} INFO - ::group::Post task execution logs
[2024-06-15T10:12:25.502+0000] {taskinstance.py:1206} INFO - Marking task as SUCCESS. dag_id=first_python_operator, task_id=greet_task2, run_id=scheduled__2024-05-27T00:00:00+00:00, execution_date=20240527T000000, start_date=20240615T101223, end_date=20240615T101225
[2024-06-15T10:12:27.090+0000] {local_task_job_runner.py:240} INFO - Task exited with return code 0
[2024-06-15T10:12:27.109+0000] {local_task_job_runner.py:222} INFO - ::endgroup::
