[2024-06-17T08:24:19.927+0000] {local_task_job_runner.py:120} INFO - ::group::Pre task execution logs
[2024-06-17T08:24:19.949+0000] {taskinstance.py:2076} INFO - Dependencies all met for dep_context=non-requeueable deps ti=<TaskInstance: postgres.transform manual__2024-06-17T08:23:21.211998+00:00 [queued]>
[2024-06-17T08:24:19.960+0000] {taskinstance.py:2076} INFO - Dependencies all met for dep_context=requeueable deps ti=<TaskInstance: postgres.transform manual__2024-06-17T08:23:21.211998+00:00 [queued]>
[2024-06-17T08:24:19.961+0000] {taskinstance.py:2306} INFO - Starting attempt 1 of 6
[2024-06-17T08:24:20.037+0000] {taskinstance.py:2330} INFO - Executing <Task(PythonOperator): transform> on 2024-06-17 08:23:21.211998+00:00
[2024-06-17T08:24:20.048+0000] {standard_task_runner.py:90} INFO - Running: ['***', 'tasks', 'run', 'postgres', 'transform', 'manual__2024-06-17T08:23:21.211998+00:00', '--job-id', '48', '--raw', '--subdir', 'DAGS_FOLDER/postgres.py', '--cfg-path', '/tmp/tmpreek7qba']
[2024-06-17T08:24:20.051+0000] {standard_task_runner.py:91} INFO - Job 48: Subtask transform
[2024-06-17T08:24:20.054+0000] {logging_mixin.py:188} WARNING - /home/***/.local/lib/python3.12/site-packages/***/task/task_runner/standard_task_runner.py:61 DeprecationWarning: This process (pid=2174) is multi-threaded, use of fork() may lead to deadlocks in the child.
[2024-06-17T08:24:20.056+0000] {standard_task_runner.py:63} INFO - Started process 2204 to run task
[2024-06-17T08:24:20.328+0000] {task_command.py:426} INFO - Running <TaskInstance: postgres.transform manual__2024-06-17T08:23:21.211998+00:00 [running]> on host dc64bc371a82
[2024-06-17T08:24:22.698+0000] {taskinstance.py:2648} INFO - Exporting env vars: AIRFLOW_CTX_DAG_EMAIL='protectorateog@gmail.com' AIRFLOW_CTX_DAG_OWNER='protectorate' AIRFLOW_CTX_DAG_ID='postgres' AIRFLOW_CTX_TASK_ID='transform' AIRFLOW_CTX_EXECUTION_DATE='2024-06-17T08:23:21.211998+00:00' AIRFLOW_CTX_TRY_NUMBER='1' AIRFLOW_CTX_DAG_RUN_ID='manual__2024-06-17T08:23:21.211998+00:00'
[2024-06-17T08:24:22.700+0000] {taskinstance.py:430} INFO - ::endgroup::
[2024-06-17T08:24:22.733+0000] {python.py:237} INFO - Done. Returned value was:   first_name  ... nationality
0      Babür  ...          TR

[1 rows x 11 columns]
[2024-06-17T08:24:22.821+0000] {taskinstance.py:441} INFO - ::group::Post task execution logs
[2024-06-17T08:24:23.021+0000] {taskinstance.py:1206} INFO - Marking task as SUCCESS. dag_id=postgres, task_id=transform, run_id=manual__2024-06-17T08:23:21.211998+00:00, execution_date=20240617T082321, start_date=20240617T082419, end_date=20240617T082423
[2024-06-17T08:24:23.177+0000] {local_task_job_runner.py:240} INFO - Task exited with return code 0
[2024-06-17T08:24:23.206+0000] {taskinstance.py:3498} INFO - 1 downstream tasks scheduled from follow-on schedule check
[2024-06-17T08:24:23.356+0000] {local_task_job_runner.py:222} INFO - ::endgroup::
