[2024-06-16T11:42:07.554+0000] {local_task_job_runner.py:120} INFO - ::group::Pre task execution logs
[2024-06-16T11:42:07.575+0000] {taskinstance.py:2076} INFO - Dependencies all met for dep_context=non-requeueable deps ti=<TaskInstance: random_user_request_data.load_to_s3 manual__2024-06-16T11:40:57.102599+00:00 [queued]>
[2024-06-16T11:42:07.590+0000] {taskinstance.py:2076} INFO - Dependencies all met for dep_context=requeueable deps ti=<TaskInstance: random_user_request_data.load_to_s3 manual__2024-06-16T11:40:57.102599+00:00 [queued]>
[2024-06-16T11:42:07.591+0000] {taskinstance.py:2306} INFO - Starting attempt 1 of 6
[2024-06-16T11:42:07.652+0000] {taskinstance.py:2330} INFO - Executing <Task(PythonOperator): load_to_s3> on 2024-06-16 11:40:57.102599+00:00
[2024-06-16T11:42:07.679+0000] {logging_mixin.py:188} WARNING - /home/***/.local/lib/python3.12/site-packages/***/task/task_runner/standard_task_runner.py:61 DeprecationWarning: This process (pid=5493) is multi-threaded, use of fork() may lead to deadlocks in the child.
[2024-06-16T11:42:07.684+0000] {standard_task_runner.py:63} INFO - Started process 5497 to run task
[2024-06-16T11:42:07.679+0000] {standard_task_runner.py:90} INFO - Running: ['***', 'tasks', 'run', 'random_user_request_data', 'load_to_s3', 'manual__2024-06-16T11:40:57.102599+00:00', '--job-id', '91', '--raw', '--subdir', 'DAGS_FOLDER/s3_postgres.py', '--cfg-path', '/tmp/tmplyq685so']
[2024-06-16T11:42:07.685+0000] {standard_task_runner.py:91} INFO - Job 91: Subtask load_to_s3
[2024-06-16T11:42:07.799+0000] {task_command.py:426} INFO - Running <TaskInstance: random_user_request_data.load_to_s3 manual__2024-06-16T11:40:57.102599+00:00 [running]> on host f2978f02cf5d
[2024-06-16T11:42:07.989+0000] {taskinstance.py:2648} INFO - Exporting env vars: AIRFLOW_CTX_DAG_EMAIL='protectorateog@gmail.com' AIRFLOW_CTX_DAG_OWNER='protectorate' AIRFLOW_CTX_DAG_ID='random_user_request_data' AIRFLOW_CTX_TASK_ID='load_to_s3' AIRFLOW_CTX_EXECUTION_DATE='2024-06-16T11:40:57.102599+00:00' AIRFLOW_CTX_TRY_NUMBER='1' AIRFLOW_CTX_DAG_RUN_ID='manual__2024-06-16T11:40:57.102599+00:00'
[2024-06-16T11:42:07.990+0000] {taskinstance.py:430} INFO - ::endgroup::
[2024-06-16T11:42:08.021+0000] {base.py:84} INFO - Using connection ID 'post_s3' for task execution.
[2024-06-16T11:42:08.492+0000] {base.py:84} INFO - Using connection ID 'simple_store' for task execution.
[2024-06-16T11:42:08.494+0000] {connection_wrapper.py:384} INFO - AWS Connection (conn_id='simple_store', conn_type='aws') credentials retrieved from login and password.
[2024-06-16T11:42:25.120+0000] {python.py:237} INFO - Done. Returned value was: None
[2024-06-16T11:42:25.121+0000] {taskinstance.py:441} INFO - ::group::Post task execution logs
[2024-06-16T11:42:25.153+0000] {taskinstance.py:1206} INFO - Marking task as SUCCESS. dag_id=random_user_request_data, task_id=load_to_s3, run_id=manual__2024-06-16T11:40:57.102599+00:00, execution_date=20240616T114057, start_date=20240616T114207, end_date=20240616T114225
[2024-06-16T11:42:25.583+0000] {local_task_job_runner.py:240} INFO - Task exited with return code 0
[2024-06-16T11:42:25.607+0000] {taskinstance.py:3498} INFO - 0 downstream tasks scheduled from follow-on schedule check
[2024-06-16T11:42:25.984+0000] {local_task_job_runner.py:222} INFO - ::endgroup::
