[2024-06-14T12:45:25.326+0000] {local_task_job_runner.py:120} INFO - ::group::Pre task execution logs
[2024-06-14T12:45:25.377+0000] {taskinstance.py:2076} INFO - Dependencies all met for dep_context=non-requeueable deps ti=<TaskInstance: first_python_operator.greet scheduled__2024-05-26T00:00:00+00:00 [queued]>
[2024-06-14T12:45:25.394+0000] {taskinstance.py:2076} INFO - Dependencies all met for dep_context=requeueable deps ti=<TaskInstance: first_python_operator.greet scheduled__2024-05-26T00:00:00+00:00 [queued]>
[2024-06-14T12:45:25.396+0000] {taskinstance.py:2306} INFO - Starting attempt 1 of 6
[2024-06-14T12:45:25.910+0000] {taskinstance.py:2330} INFO - Executing <Task(PythonOperator): greet> on 2024-05-26 00:00:00+00:00
[2024-06-14T12:45:25.944+0000] {logging_mixin.py:188} WARNING - /home/***/.local/lib/python3.12/site-packages/***/task/task_runner/standard_task_runner.py:61 DeprecationWarning: This process (pid=392) is multi-threaded, use of fork() may lead to deadlocks in the child.
[2024-06-14T12:45:25.945+0000] {standard_task_runner.py:90} INFO - Running: ['***', 'tasks', 'run', 'first_python_operator', 'greet', 'scheduled__2024-05-26T00:00:00+00:00', '--job-id', '8', '--raw', '--subdir', 'DAGS_FOLDER/pythonops.py', '--cfg-path', '/tmp/tmpku01l8rf']
[2024-06-14T12:45:25.948+0000] {standard_task_runner.py:63} INFO - Started process 406 to run task
[2024-06-14T12:45:25.949+0000] {standard_task_runner.py:91} INFO - Job 8: Subtask greet
[2024-06-14T12:45:26.557+0000] {task_command.py:426} INFO - Running <TaskInstance: first_python_operator.greet scheduled__2024-05-26T00:00:00+00:00 [running]> on host 4ad055bac4bf
[2024-06-14T12:45:27.682+0000] {taskinstance.py:2648} INFO - Exporting env vars: AIRFLOW_CTX_DAG_OWNER='protectorate' AIRFLOW_CTX_DAG_ID='first_python_operator' AIRFLOW_CTX_TASK_ID='greet' AIRFLOW_CTX_EXECUTION_DATE='2024-05-26T00:00:00+00:00' AIRFLOW_CTX_TRY_NUMBER='1' AIRFLOW_CTX_DAG_RUN_ID='scheduled__2024-05-26T00:00:00+00:00'
[2024-06-14T12:45:27.684+0000] {taskinstance.py:430} INFO - ::endgroup::
[2024-06-14T12:45:28.879+0000] {logging_mixin.py:188} INFO - Hello Adewunmi!!!, welcome to *** with python operator
[2024-06-14T12:45:28.880+0000] {python.py:237} INFO - Done. Returned value was: None
[2024-06-14T12:45:28.882+0000] {taskinstance.py:441} INFO - ::group::Post task execution logs
[2024-06-14T12:45:28.916+0000] {taskinstance.py:1206} INFO - Marking task as SUCCESS. dag_id=first_python_operator, task_id=greet, run_id=scheduled__2024-05-26T00:00:00+00:00, execution_date=20240526T000000, start_date=20240614T124525, end_date=20240614T124528
[2024-06-14T12:45:29.219+0000] {local_task_job_runner.py:240} INFO - Task exited with return code 0
[2024-06-14T12:45:29.305+0000] {taskinstance.py:3498} INFO - 1 downstream tasks scheduled from follow-on schedule check
[2024-06-14T12:45:29.765+0000] {local_task_job_runner.py:222} INFO - ::endgroup::
[2024-06-15T10:12:12.511+0000] {local_task_job_runner.py:120} INFO - ::group::Pre task execution logs
[2024-06-15T10:12:12.686+0000] {taskinstance.py:2076} INFO - Dependencies all met for dep_context=non-requeueable deps ti=<TaskInstance: first_python_operator.greet scheduled__2024-05-26T00:00:00+00:00 [queued]>
[2024-06-15T10:12:12.712+0000] {taskinstance.py:2076} INFO - Dependencies all met for dep_context=requeueable deps ti=<TaskInstance: first_python_operator.greet scheduled__2024-05-26T00:00:00+00:00 [queued]>
[2024-06-15T10:12:12.714+0000] {taskinstance.py:2306} INFO - Starting attempt 1 of 6
[2024-06-15T10:12:12.902+0000] {taskinstance.py:2330} INFO - Executing <Task(PythonOperator): greet> on 2024-05-26 00:00:00+00:00
[2024-06-15T10:12:12.921+0000] {standard_task_runner.py:90} INFO - Running: ['***', 'tasks', 'run', 'first_python_operator', 'greet', 'scheduled__2024-05-26T00:00:00+00:00', '--job-id', '7', '--raw', '--subdir', 'DAGS_FOLDER/pythonops.py', '--cfg-path', '/tmp/tmp9vxki4xn']
[2024-06-15T10:12:12.929+0000] {standard_task_runner.py:91} INFO - Job 7: Subtask greet
[2024-06-15T10:12:12.932+0000] {logging_mixin.py:188} WARNING - /home/***/.local/lib/python3.12/site-packages/***/task/task_runner/standard_task_runner.py:61 DeprecationWarning: This process (pid=2655) is multi-threaded, use of fork() may lead to deadlocks in the child.
[2024-06-15T10:12:12.961+0000] {standard_task_runner.py:63} INFO - Started process 2659 to run task
[2024-06-15T10:12:13.165+0000] {task_command.py:426} INFO - Running <TaskInstance: first_python_operator.greet scheduled__2024-05-26T00:00:00+00:00 [running]> on host d4d3ae2e009b
[2024-06-15T10:12:13.826+0000] {taskinstance.py:2648} INFO - Exporting env vars: AIRFLOW_CTX_DAG_OWNER='protectorate' AIRFLOW_CTX_DAG_ID='first_python_operator' AIRFLOW_CTX_TASK_ID='greet' AIRFLOW_CTX_EXECUTION_DATE='2024-05-26T00:00:00+00:00' AIRFLOW_CTX_TRY_NUMBER='1' AIRFLOW_CTX_DAG_RUN_ID='scheduled__2024-05-26T00:00:00+00:00'
[2024-06-15T10:12:13.842+0000] {taskinstance.py:430} INFO - ::endgroup::
[2024-06-15T10:12:13.933+0000] {logging_mixin.py:188} INFO - Hello Adewunmi!!!, welcome to *** with python operator
[2024-06-15T10:12:13.938+0000] {python.py:237} INFO - Done. Returned value was: None
[2024-06-15T10:12:13.942+0000] {taskinstance.py:441} INFO - ::group::Post task execution logs
[2024-06-15T10:12:13.983+0000] {taskinstance.py:1206} INFO - Marking task as SUCCESS. dag_id=first_python_operator, task_id=greet, run_id=scheduled__2024-05-26T00:00:00+00:00, execution_date=20240526T000000, start_date=20240615T101212, end_date=20240615T101213
[2024-06-15T10:12:14.308+0000] {local_task_job_runner.py:240} INFO - Task exited with return code 0
[2024-06-15T10:12:14.421+0000] {taskinstance.py:3498} INFO - 1 downstream tasks scheduled from follow-on schedule check
[2024-06-15T10:12:14.706+0000] {local_task_job_runner.py:222} INFO - ::endgroup::
