[2024-06-14T12:45:42.608+0000] {local_task_job_runner.py:120} INFO - ::group::Pre task execution logs
[2024-06-14T12:45:42.818+0000] {taskinstance.py:2076} INFO - Dependencies all met for dep_context=non-requeueable deps ti=<TaskInstance: first_python_operator.greet_task2 scheduled__2024-05-31T00:00:00+00:00 [queued]>
[2024-06-14T12:45:42.929+0000] {taskinstance.py:2076} INFO - Dependencies all met for dep_context=requeueable deps ti=<TaskInstance: first_python_operator.greet_task2 scheduled__2024-05-31T00:00:00+00:00 [queued]>
[2024-06-14T12:45:42.974+0000] {taskinstance.py:2306} INFO - Starting attempt 1 of 6
[2024-06-14T12:45:43.343+0000] {taskinstance.py:2330} INFO - Executing <Task(PythonOperator): greet_task2> on 2024-05-31 00:00:00+00:00
[2024-06-14T12:45:43.356+0000] {standard_task_runner.py:90} INFO - Running: ['***', 'tasks', 'run', 'first_python_operator', 'greet_task2', 'scheduled__2024-05-31T00:00:00+00:00', '--job-id', '22', '--raw', '--subdir', 'DAGS_FOLDER/pythonops.py', '--cfg-path', '/tmp/tmp69fzeqm_']
[2024-06-14T12:45:43.360+0000] {standard_task_runner.py:91} INFO - Job 22: Subtask greet_task2
[2024-06-14T12:45:43.366+0000] {logging_mixin.py:188} WARNING - /home/***/.local/lib/python3.12/site-packages/***/task/task_runner/standard_task_runner.py:61 DeprecationWarning: This process (pid=439) is multi-threaded, use of fork() may lead to deadlocks in the child.
[2024-06-14T12:45:43.369+0000] {standard_task_runner.py:63} INFO - Started process 445 to run task
[2024-06-14T12:45:43.831+0000] {task_command.py:426} INFO - Running <TaskInstance: first_python_operator.greet_task2 scheduled__2024-05-31T00:00:00+00:00 [running]> on host 4ad055bac4bf
[2024-06-14T12:45:44.931+0000] {taskinstance.py:2648} INFO - Exporting env vars: AIRFLOW_CTX_DAG_OWNER='protectorate' AIRFLOW_CTX_DAG_ID='first_python_operator' AIRFLOW_CTX_TASK_ID='greet_task2' AIRFLOW_CTX_EXECUTION_DATE='2024-05-31T00:00:00+00:00' AIRFLOW_CTX_TRY_NUMBER='1' AIRFLOW_CTX_DAG_RUN_ID='scheduled__2024-05-31T00:00:00+00:00'
[2024-06-14T12:45:44.938+0000] {taskinstance.py:430} INFO - ::endgroup::
[2024-06-14T12:45:44.973+0000] {logging_mixin.py:188} INFO - Hello Adewunmi!!!, welcome to *** with python operator task 2
[2024-06-14T12:45:44.974+0000] {python.py:237} INFO - Done. Returned value was: None
[2024-06-14T12:45:44.975+0000] {taskinstance.py:441} INFO - ::group::Post task execution logs
[2024-06-14T12:45:44.994+0000] {taskinstance.py:1206} INFO - Marking task as SUCCESS. dag_id=first_python_operator, task_id=greet_task2, run_id=scheduled__2024-05-31T00:00:00+00:00, execution_date=20240531T000000, start_date=20240614T124542, end_date=20240614T124544
[2024-06-14T12:45:45.430+0000] {local_task_job_runner.py:240} INFO - Task exited with return code 0
[2024-06-14T12:45:45.543+0000] {local_task_job_runner.py:222} INFO - ::endgroup::
[2024-06-15T10:12:24.931+0000] {local_task_job_runner.py:120} INFO - ::group::Pre task execution logs
[2024-06-15T10:12:25.189+0000] {taskinstance.py:2076} INFO - Dependencies all met for dep_context=non-requeueable deps ti=<TaskInstance: first_python_operator.greet_task2 scheduled__2024-05-31T00:00:00+00:00 [queued]>
[2024-06-15T10:12:25.255+0000] {taskinstance.py:2076} INFO - Dependencies all met for dep_context=requeueable deps ti=<TaskInstance: first_python_operator.greet_task2 scheduled__2024-05-31T00:00:00+00:00 [queued]>
[2024-06-15T10:12:25.258+0000] {taskinstance.py:2306} INFO - Starting attempt 1 of 6
[2024-06-15T10:12:26.669+0000] {taskinstance.py:2330} INFO - Executing <Task(PythonOperator): greet_task2> on 2024-05-31 00:00:00+00:00
[2024-06-15T10:12:26.703+0000] {logging_mixin.py:188} WARNING - /home/***/.local/lib/python3.12/site-packages/***/task/task_runner/standard_task_runner.py:61 DeprecationWarning: This process (pid=2692) is multi-threaded, use of fork() may lead to deadlocks in the child.
[2024-06-15T10:12:26.708+0000] {standard_task_runner.py:90} INFO - Running: ['***', 'tasks', 'run', 'first_python_operator', 'greet_task2', 'scheduled__2024-05-31T00:00:00+00:00', '--job-id', '19', '--raw', '--subdir', 'DAGS_FOLDER/pythonops.py', '--cfg-path', '/tmp/tmpo_j6qlbs']
[2024-06-15T10:12:26.796+0000] {standard_task_runner.py:63} INFO - Started process 2699 to run task
[2024-06-15T10:12:26.797+0000] {standard_task_runner.py:91} INFO - Job 19: Subtask greet_task2
[2024-06-15T10:12:27.732+0000] {task_command.py:426} INFO - Running <TaskInstance: first_python_operator.greet_task2 scheduled__2024-05-31T00:00:00+00:00 [running]> on host d4d3ae2e009b
[2024-06-15T10:12:29.092+0000] {taskinstance.py:2648} INFO - Exporting env vars: AIRFLOW_CTX_DAG_OWNER='protectorate' AIRFLOW_CTX_DAG_ID='first_python_operator' AIRFLOW_CTX_TASK_ID='greet_task2' AIRFLOW_CTX_EXECUTION_DATE='2024-05-31T00:00:00+00:00' AIRFLOW_CTX_TRY_NUMBER='1' AIRFLOW_CTX_DAG_RUN_ID='scheduled__2024-05-31T00:00:00+00:00'
[2024-06-15T10:12:29.099+0000] {taskinstance.py:430} INFO - ::endgroup::
[2024-06-15T10:12:29.162+0000] {logging_mixin.py:188} INFO - Hello Adewunmi!!!, welcome to *** with python operator task 2
[2024-06-15T10:12:29.163+0000] {python.py:237} INFO - Done. Returned value was: None
[2024-06-15T10:12:29.167+0000] {taskinstance.py:441} INFO - ::group::Post task execution logs
[2024-06-15T10:12:29.217+0000] {taskinstance.py:1206} INFO - Marking task as SUCCESS. dag_id=first_python_operator, task_id=greet_task2, run_id=scheduled__2024-05-31T00:00:00+00:00, execution_date=20240531T000000, start_date=20240615T101225, end_date=20240615T101229
[2024-06-15T10:12:29.703+0000] {local_task_job_runner.py:240} INFO - Task exited with return code 0
[2024-06-15T10:12:29.732+0000] {local_task_job_runner.py:222} INFO - ::endgroup::
