[2024-06-14T12:45:39.142+0000] {local_task_job_runner.py:120} INFO - ::group::Pre task execution logs
[2024-06-14T12:45:39.588+0000] {taskinstance.py:2076} INFO - Dependencies all met for dep_context=non-requeueable deps ti=<TaskInstance: first_python_operator.greet_task2 scheduled__2024-05-29T00:00:00+00:00 [queued]>
[2024-06-14T12:45:39.632+0000] {taskinstance.py:2076} INFO - Dependencies all met for dep_context=requeueable deps ti=<TaskInstance: first_python_operator.greet_task2 scheduled__2024-05-29T00:00:00+00:00 [queued]>
[2024-06-14T12:45:39.633+0000] {taskinstance.py:2306} INFO - Starting attempt 1 of 6
[2024-06-14T12:45:40.371+0000] {taskinstance.py:2330} INFO - Executing <Task(PythonOperator): greet_task2> on 2024-05-29 00:00:00+00:00
[2024-06-14T12:45:40.408+0000] {standard_task_runner.py:90} INFO - Running: ['***', 'tasks', 'run', 'first_python_operator', 'greet_task2', 'scheduled__2024-05-29T00:00:00+00:00', '--job-id', '19', '--raw', '--subdir', 'DAGS_FOLDER/pythonops.py', '--cfg-path', '/tmp/tmpi0rrsw6_']
[2024-06-14T12:45:40.421+0000] {standard_task_runner.py:91} INFO - Job 19: Subtask greet_task2
[2024-06-14T12:45:40.418+0000] {logging_mixin.py:188} WARNING - /home/***/.local/lib/python3.12/site-packages/***/task/task_runner/standard_task_runner.py:61 DeprecationWarning: This process (pid=433) is multi-threaded, use of fork() may lead to deadlocks in the child.
[2024-06-14T12:45:40.432+0000] {standard_task_runner.py:63} INFO - Started process 436 to run task
[2024-06-14T12:45:41.979+0000] {task_command.py:426} INFO - Running <TaskInstance: first_python_operator.greet_task2 scheduled__2024-05-29T00:00:00+00:00 [running]> on host 4ad055bac4bf
[2024-06-14T12:45:43.163+0000] {taskinstance.py:2648} INFO - Exporting env vars: AIRFLOW_CTX_DAG_OWNER='protectorate' AIRFLOW_CTX_DAG_ID='first_python_operator' AIRFLOW_CTX_TASK_ID='greet_task2' AIRFLOW_CTX_EXECUTION_DATE='2024-05-29T00:00:00+00:00' AIRFLOW_CTX_TRY_NUMBER='1' AIRFLOW_CTX_DAG_RUN_ID='scheduled__2024-05-29T00:00:00+00:00'
[2024-06-14T12:45:43.165+0000] {taskinstance.py:430} INFO - ::endgroup::
[2024-06-14T12:45:43.203+0000] {logging_mixin.py:188} INFO - Hello Adewunmi!!!, welcome to *** with python operator task 2
[2024-06-14T12:45:43.208+0000] {python.py:237} INFO - Done. Returned value was: None
[2024-06-14T12:45:43.210+0000] {taskinstance.py:441} INFO - ::group::Post task execution logs
[2024-06-14T12:45:43.236+0000] {taskinstance.py:1206} INFO - Marking task as SUCCESS. dag_id=first_python_operator, task_id=greet_task2, run_id=scheduled__2024-05-29T00:00:00+00:00, execution_date=20240529T000000, start_date=20240614T124539, end_date=20240614T124543
[2024-06-14T12:45:43.539+0000] {local_task_job_runner.py:240} INFO - Task exited with return code 0
[2024-06-14T12:45:43.615+0000] {taskinstance.py:3498} INFO - 0 downstream tasks scheduled from follow-on schedule check
[2024-06-14T12:45:43.936+0000] {local_task_job_runner.py:222} INFO - ::endgroup::
[2024-06-15T10:12:33.443+0000] {local_task_job_runner.py:120} INFO - ::group::Pre task execution logs
[2024-06-15T10:12:33.611+0000] {taskinstance.py:2076} INFO - Dependencies all met for dep_context=non-requeueable deps ti=<TaskInstance: first_python_operator.greet_task2 scheduled__2024-05-29T00:00:00+00:00 [queued]>
[2024-06-15T10:12:33.634+0000] {taskinstance.py:2076} INFO - Dependencies all met for dep_context=requeueable deps ti=<TaskInstance: first_python_operator.greet_task2 scheduled__2024-05-29T00:00:00+00:00 [queued]>
[2024-06-15T10:12:33.636+0000] {taskinstance.py:2306} INFO - Starting attempt 1 of 6
[2024-06-15T10:12:33.916+0000] {taskinstance.py:2330} INFO - Executing <Task(PythonOperator): greet_task2> on 2024-05-29 00:00:00+00:00
[2024-06-15T10:12:33.952+0000] {logging_mixin.py:188} WARNING - /home/***/.local/lib/python3.12/site-packages/***/task/task_runner/standard_task_runner.py:61 DeprecationWarning: This process (pid=2695) is multi-threaded, use of fork() may lead to deadlocks in the child.
[2024-06-15T10:12:33.961+0000] {standard_task_runner.py:63} INFO - Started process 2706 to run task
[2024-06-15T10:12:33.952+0000] {standard_task_runner.py:90} INFO - Running: ['***', 'tasks', 'run', 'first_python_operator', 'greet_task2', 'scheduled__2024-05-29T00:00:00+00:00', '--job-id', '23', '--raw', '--subdir', 'DAGS_FOLDER/pythonops.py', '--cfg-path', '/tmp/tmp00fw_8k0']
[2024-06-15T10:12:33.976+0000] {standard_task_runner.py:91} INFO - Job 23: Subtask greet_task2
[2024-06-15T10:12:34.465+0000] {task_command.py:426} INFO - Running <TaskInstance: first_python_operator.greet_task2 scheduled__2024-05-29T00:00:00+00:00 [running]> on host d4d3ae2e009b
[2024-06-15T10:12:35.073+0000] {taskinstance.py:2648} INFO - Exporting env vars: AIRFLOW_CTX_DAG_OWNER='protectorate' AIRFLOW_CTX_DAG_ID='first_python_operator' AIRFLOW_CTX_TASK_ID='greet_task2' AIRFLOW_CTX_EXECUTION_DATE='2024-05-29T00:00:00+00:00' AIRFLOW_CTX_TRY_NUMBER='1' AIRFLOW_CTX_DAG_RUN_ID='scheduled__2024-05-29T00:00:00+00:00'
[2024-06-15T10:12:35.086+0000] {taskinstance.py:430} INFO - ::endgroup::
[2024-06-15T10:12:35.197+0000] {logging_mixin.py:188} INFO - Hello Adewunmi!!!, welcome to *** with python operator task 2
[2024-06-15T10:12:35.238+0000] {python.py:237} INFO - Done. Returned value was: None
[2024-06-15T10:12:35.243+0000] {taskinstance.py:441} INFO - ::group::Post task execution logs
[2024-06-15T10:12:35.267+0000] {taskinstance.py:1206} INFO - Marking task as SUCCESS. dag_id=first_python_operator, task_id=greet_task2, run_id=scheduled__2024-05-29T00:00:00+00:00, execution_date=20240529T000000, start_date=20240615T101233, end_date=20240615T101235
[2024-06-15T10:12:35.499+0000] {local_task_job_runner.py:240} INFO - Task exited with return code 0
[2024-06-15T10:12:35.524+0000] {local_task_job_runner.py:222} INFO - ::endgroup::
