[2024-06-17T09:12:03.063+0000] {local_task_job_runner.py:120} INFO - ::group::Pre task execution logs
[2024-06-17T09:12:03.089+0000] {taskinstance.py:2076} INFO - Dependencies all met for dep_context=non-requeueable deps ti=<TaskInstance: postgres_to_s3.load_to_s3 scheduled__2024-06-16T00:00:00+00:00 [queued]>
[2024-06-17T09:12:03.106+0000] {taskinstance.py:2076} INFO - Dependencies all met for dep_context=requeueable deps ti=<TaskInstance: postgres_to_s3.load_to_s3 scheduled__2024-06-16T00:00:00+00:00 [queued]>
[2024-06-17T09:12:03.107+0000] {taskinstance.py:2306} INFO - Starting attempt 5 of 6
[2024-06-17T09:12:03.227+0000] {taskinstance.py:2330} INFO - Executing <Task(PythonOperator): load_to_s3> on 2024-06-16 00:00:00+00:00
[2024-06-17T09:12:03.244+0000] {logging_mixin.py:188} WARNING - /home/***/.local/lib/python3.12/site-packages/***/task/task_runner/standard_task_runner.py:61 DeprecationWarning: This process (pid=6136) is multi-threaded, use of fork() may lead to deadlocks in the child.
[2024-06-17T09:12:03.246+0000] {standard_task_runner.py:63} INFO - Started process 6140 to run task
[2024-06-17T09:12:03.243+0000] {standard_task_runner.py:90} INFO - Running: ['***', 'tasks', 'run', 'postgres_to_s3', 'load_to_s3', 'scheduled__2024-06-16T00:00:00+00:00', '--job-id', '96', '--raw', '--subdir', 'DAGS_FOLDER/postgres_s3.py', '--cfg-path', '/tmp/tmpof5vth8p']
[2024-06-17T09:12:03.248+0000] {standard_task_runner.py:91} INFO - Job 96: Subtask load_to_s3
[2024-06-17T09:12:03.377+0000] {task_command.py:426} INFO - Running <TaskInstance: postgres_to_s3.load_to_s3 scheduled__2024-06-16T00:00:00+00:00 [running]> on host dc64bc371a82
[2024-06-17T09:12:03.636+0000] {taskinstance.py:2648} INFO - Exporting env vars: AIRFLOW_CTX_DAG_EMAIL='protectorateog@gmail.com' AIRFLOW_CTX_DAG_OWNER='protectorate' AIRFLOW_CTX_DAG_ID='postgres_to_s3' AIRFLOW_CTX_TASK_ID='load_to_s3' AIRFLOW_CTX_EXECUTION_DATE='2024-06-16T00:00:00+00:00' AIRFLOW_CTX_TRY_NUMBER='5' AIRFLOW_CTX_DAG_RUN_ID='scheduled__2024-06-16T00:00:00+00:00'
[2024-06-17T09:12:03.638+0000] {taskinstance.py:430} INFO - ::endgroup::
[2024-06-17T09:12:03.682+0000] {base.py:84} INFO - Using connection ID 'post_s3' for task execution.
[2024-06-17T09:12:03.713+0000] {base.py:84} INFO - Using connection ID 'simple_store' for task execution.
[2024-06-17T09:12:03.717+0000] {connection_wrapper.py:384} INFO - AWS Connection (conn_id='simple_store', conn_type='aws') credentials retrieved from login and password.
[2024-06-17T09:12:09.053+0000] {python.py:237} INFO - Done. Returned value was: None
[2024-06-17T09:12:09.055+0000] {taskinstance.py:441} INFO - ::group::Post task execution logs
[2024-06-17T09:12:09.073+0000] {taskinstance.py:1206} INFO - Marking task as SUCCESS. dag_id=postgres_to_s3, task_id=load_to_s3, run_id=scheduled__2024-06-16T00:00:00+00:00, execution_date=20240616T000000, start_date=20240617T091203, end_date=20240617T091209
[2024-06-17T09:12:09.365+0000] {local_task_job_runner.py:240} INFO - Task exited with return code 0
[2024-06-17T09:12:09.397+0000] {taskinstance.py:3498} INFO - 0 downstream tasks scheduled from follow-on schedule check
[2024-06-17T09:12:09.581+0000] {local_task_job_runner.py:222} INFO - ::endgroup::
