[2024-06-19T05:15:33.700+0000] {local_task_job_runner.py:120} INFO - ::group::Pre task execution logs
[2024-06-19T05:15:33.741+0000] {taskinstance.py:2076} INFO - Dependencies all met for dep_context=non-requeueable deps ti=<TaskInstance: postgres_to_s3.fetch_user scheduled__2024-06-18T00:00:00+00:00 [queued]>
[2024-06-19T05:15:33.759+0000] {taskinstance.py:2076} INFO - Dependencies all met for dep_context=requeueable deps ti=<TaskInstance: postgres_to_s3.fetch_user scheduled__2024-06-18T00:00:00+00:00 [queued]>
[2024-06-19T05:15:33.760+0000] {taskinstance.py:2306} INFO - Starting attempt 1 of 6
[2024-06-19T05:15:33.947+0000] {taskinstance.py:2330} INFO - Executing <Task(PythonOperator): fetch_user> on 2024-06-18 00:00:00+00:00
[2024-06-19T05:15:33.968+0000] {logging_mixin.py:188} WARNING - /home/***/.local/lib/python3.12/site-packages/***/task/task_runner/standard_task_runner.py:61 DeprecationWarning: This process (pid=182) is multi-threaded, use of fork() may lead to deadlocks in the child.
[2024-06-19T05:15:33.971+0000] {standard_task_runner.py:63} INFO - Started process 205 to run task
[2024-06-19T05:15:33.969+0000] {standard_task_runner.py:90} INFO - Running: ['***', 'tasks', 'run', 'postgres_to_s3', 'fetch_user', 'scheduled__2024-06-18T00:00:00+00:00', '--job-id', '103', '--raw', '--subdir', 'DAGS_FOLDER/postgres_s3.py', '--cfg-path', '/tmp/tmpbjdbdayt']
[2024-06-19T05:15:33.973+0000] {standard_task_runner.py:91} INFO - Job 103: Subtask fetch_user
[2024-06-19T05:15:34.220+0000] {task_command.py:426} INFO - Running <TaskInstance: postgres_to_s3.fetch_user scheduled__2024-06-18T00:00:00+00:00 [running]> on host dc64bc371a82
[2024-06-19T05:15:34.797+0000] {taskinstance.py:2648} INFO - Exporting env vars: AIRFLOW_CTX_DAG_EMAIL='protectorateog@gmail.com' AIRFLOW_CTX_DAG_OWNER='protectorate' AIRFLOW_CTX_DAG_ID='postgres_to_s3' AIRFLOW_CTX_TASK_ID='fetch_user' AIRFLOW_CTX_EXECUTION_DATE='2024-06-18T00:00:00+00:00' AIRFLOW_CTX_TRY_NUMBER='1' AIRFLOW_CTX_DAG_RUN_ID='scheduled__2024-06-18T00:00:00+00:00'
[2024-06-19T05:15:34.800+0000] {taskinstance.py:430} INFO - ::endgroup::
[2024-06-19T05:15:37.229+0000] {python.py:237} INFO - Done. Returned value was: {'gender': 'male', 'name': {'title': 'Mr', 'first': 'Önal', 'last': 'Kaya'}, 'location': {'street': {'number': 2941, 'name': 'Şehitler Cd'}, 'city': 'Çanakkale', 'state': 'Niğde', 'country': 'Turkey', 'postcode': 52080, 'coordinates': {'latitude': '70.2012', 'longitude': '-60.6020'}, 'timezone': {'offset': '-1:00', 'description': 'Azores, Cape Verde Islands'}}, 'email': 'onal.kaya@example.com', 'login': {'uuid': 'd76453a7-d43b-4009-be40-3076a83e9ab2', 'username': 'crazybird288', 'password': '***', 'salt': '1slTbbM9', 'md5': '0ca05fb6e1f4d4ee313c45b040c2c5fb', 'sha1': '8aed34869f816f22a67b925e09e6aedd27da2633', 'sha256': 'e24c8b5ceee0d057675304d83e5581c86608de03da643c5ed180123f9103506b'}, 'dob': {'date': '1948-02-13T17:25:28.934Z', 'age': 76}, 'registered': {'date': '2011-11-08T01:57:20.909Z', 'age': 12}, 'phone': '(651)-956-7134', 'cell': '(705)-379-3473', 'id': {'name': '', 'value': None}, 'picture': {'large': 'https://randomuser.me/api/portraits/men/43.jpg', 'medium': 'https://randomuser.me/api/portraits/med/men/43.jpg', 'thumbnail': 'https://randomuser.me/api/portraits/thumb/men/43.jpg'}, 'nat': 'TR'}
[2024-06-19T05:15:37.231+0000] {taskinstance.py:441} INFO - ::group::Post task execution logs
[2024-06-19T05:15:37.848+0000] {taskinstance.py:1206} INFO - Marking task as SUCCESS. dag_id=postgres_to_s3, task_id=fetch_user, run_id=scheduled__2024-06-18T00:00:00+00:00, execution_date=20240618T000000, start_date=20240619T051533, end_date=20240619T051537
[2024-06-19T05:15:38.277+0000] {local_task_job_runner.py:240} INFO - Task exited with return code 0
[2024-06-19T05:15:38.314+0000] {taskinstance.py:3498} INFO - 1 downstream tasks scheduled from follow-on schedule check
[2024-06-19T05:15:38.726+0000] {local_task_job_runner.py:222} INFO - ::endgroup::
[2024-06-22T15:21:55.635+0000] {local_task_job_runner.py:120} INFO - ::group::Pre task execution logs
[2024-06-22T15:21:59.343+0000] {taskinstance.py:2076} INFO - Dependencies all met for dep_context=non-requeueable deps ti=<TaskInstance: postgres_to_s3.fetch_user scheduled__2024-06-18T00:00:00+00:00 [queued]>
[2024-06-22T15:21:59.958+0000] {taskinstance.py:2076} INFO - Dependencies all met for dep_context=requeueable deps ti=<TaskInstance: postgres_to_s3.fetch_user scheduled__2024-06-18T00:00:00+00:00 [queued]>
[2024-06-22T15:21:59.959+0000] {taskinstance.py:2306} INFO - Starting attempt 1 of 6
[2024-06-22T15:22:01.374+0000] {taskinstance.py:2330} INFO - Executing <Task(PythonOperator): fetch_user> on 2024-06-18 00:00:00+00:00
[2024-06-22T15:22:01.383+0000] {standard_task_runner.py:90} INFO - Running: ['***', 'tasks', 'run', 'postgres_to_s3', 'fetch_user', 'scheduled__2024-06-18T00:00:00+00:00', '--job-id', '13', '--raw', '--subdir', 'DAGS_FOLDER/postgres_s3.py', '--cfg-path', '/tmp/tmph242vjws']
[2024-06-22T15:22:01.387+0000] {standard_task_runner.py:91} INFO - Job 13: Subtask fetch_user
[2024-06-22T15:22:01.390+0000] {logging_mixin.py:188} WARNING - /home/***/.local/lib/python3.12/site-packages/***/task/task_runner/standard_task_runner.py:61 DeprecationWarning: This process (pid=3753) is multi-threaded, use of fork() may lead to deadlocks in the child.
[2024-06-22T15:22:01.393+0000] {standard_task_runner.py:63} INFO - Started process 3774 to run task
[2024-06-22T15:22:04.080+0000] {task_command.py:426} INFO - Running <TaskInstance: postgres_to_s3.fetch_user scheduled__2024-06-18T00:00:00+00:00 [running]> on host 6380d29236af
[2024-06-22T15:22:10.467+0000] {taskinstance.py:2648} INFO - Exporting env vars: AIRFLOW_CTX_DAG_EMAIL='protectorateog@gmail.com' AIRFLOW_CTX_DAG_OWNER='protectorate' AIRFLOW_CTX_DAG_ID='postgres_to_s3' AIRFLOW_CTX_TASK_ID='fetch_user' AIRFLOW_CTX_EXECUTION_DATE='2024-06-18T00:00:00+00:00' AIRFLOW_CTX_TRY_NUMBER='1' AIRFLOW_CTX_DAG_RUN_ID='scheduled__2024-06-18T00:00:00+00:00'
[2024-06-22T15:22:10.469+0000] {taskinstance.py:430} INFO - ::endgroup::
[2024-06-22T15:22:16.457+0000] {python.py:237} INFO - Done. Returned value was: {'gender': 'male', 'name': {'title': 'Mr', 'first': 'Svitoyar', 'last': 'Pogrebnyak'}, 'location': {'street': {'number': 5159, 'name': 'Stepana Kovnira'}, 'city': 'Mogiliv-Podilskiy', 'state': 'Harkivska', 'country': 'Ukraine', 'postcode': 39681, 'coordinates': {'latitude': '79.2213', 'longitude': '-40.7114'}, 'timezone': {'offset': '+5:45', 'description': 'Kathmandu'}}, 'email': 'svitoyar.pogrebnyak@example.com', 'login': {'uuid': 'cac868d5-3b18-4afa-8502-cffa5400e252', 'username': 'angrycat800', 'password': '***', 'salt': 'nRfIP0QU', 'md5': 'f216aaa27c8e5d2e9c79f4b12c03edc8', 'sha1': '4553a598d3aea586719c662f44e554f17db12317', 'sha256': '3ce4f733b64c4c478806c2e398189bb35883c6a39771d4387fee63631e310fc8'}, 'dob': {'date': '1998-02-21T17:43:22.165Z', 'age': 26}, 'registered': {'date': '2021-10-03T13:39:29.729Z', 'age': 2}, 'phone': '(068) H00-9131', 'cell': '(096) P95-4542', 'id': {'name': '', 'value': None}, 'picture': {'large': 'https://randomuser.me/api/portraits/men/65.jpg', 'medium': 'https://randomuser.me/api/portraits/med/men/65.jpg', 'thumbnail': 'https://randomuser.me/api/portraits/thumb/men/65.jpg'}, 'nat': 'UA'}
[2024-06-22T15:22:16.459+0000] {taskinstance.py:441} INFO - ::group::Post task execution logs
[2024-06-22T15:22:17.038+0000] {taskinstance.py:1206} INFO - Marking task as SUCCESS. dag_id=postgres_to_s3, task_id=fetch_user, run_id=scheduled__2024-06-18T00:00:00+00:00, execution_date=20240618T000000, start_date=20240622T152159, end_date=20240622T152217
[2024-06-22T15:22:17.721+0000] {local_task_job_runner.py:240} INFO - Task exited with return code 0
[2024-06-22T15:22:17.859+0000] {taskinstance.py:3498} INFO - 1 downstream tasks scheduled from follow-on schedule check
[2024-06-22T15:22:18.704+0000] {local_task_job_runner.py:222} INFO - ::endgroup::
