[2024-06-22T15:25:57.844+0000] {local_task_job_runner.py:120} INFO - ::group::Pre task execution logs
[2024-06-22T15:25:57.869+0000] {taskinstance.py:2076} INFO - Dependencies all met for dep_context=non-requeueable deps ti=<TaskInstance: postgres_to_s3.transform scheduled__2024-06-17T00:00:00+00:00 [queued]>
[2024-06-22T15:25:57.883+0000] {taskinstance.py:2076} INFO - Dependencies all met for dep_context=requeueable deps ti=<TaskInstance: postgres_to_s3.transform scheduled__2024-06-17T00:00:00+00:00 [queued]>
[2024-06-22T15:25:57.884+0000] {taskinstance.py:2306} INFO - Starting attempt 2 of 6
[2024-06-22T15:25:57.941+0000] {taskinstance.py:2330} INFO - Executing <Task(PythonOperator): transform> on 2024-06-17 00:00:00+00:00
[2024-06-22T15:25:57.951+0000] {standard_task_runner.py:90} INFO - Running: ['***', 'tasks', 'run', 'postgres_to_s3', 'transform', 'scheduled__2024-06-17T00:00:00+00:00', '--job-id', '17', '--raw', '--subdir', 'DAGS_FOLDER/postgres_s3.py', '--cfg-path', '/tmp/tmpm46iqejl']
[2024-06-22T15:25:57.954+0000] {standard_task_runner.py:91} INFO - Job 17: Subtask transform
[2024-06-22T15:25:57.956+0000] {logging_mixin.py:188} WARNING - /home/***/.local/lib/python3.12/site-packages/***/task/task_runner/standard_task_runner.py:61 DeprecationWarning: This process (pid=3879) is multi-threaded, use of fork() may lead to deadlocks in the child.
[2024-06-22T15:25:57.959+0000] {standard_task_runner.py:63} INFO - Started process 3883 to run task
[2024-06-22T15:25:58.104+0000] {task_command.py:426} INFO - Running <TaskInstance: postgres_to_s3.transform scheduled__2024-06-17T00:00:00+00:00 [running]> on host 6380d29236af
[2024-06-22T15:25:58.411+0000] {taskinstance.py:2648} INFO - Exporting env vars: AIRFLOW_CTX_DAG_EMAIL='protectorateog@gmail.com' AIRFLOW_CTX_DAG_OWNER='protectorate' AIRFLOW_CTX_DAG_ID='postgres_to_s3' AIRFLOW_CTX_TASK_ID='transform' AIRFLOW_CTX_EXECUTION_DATE='2024-06-17T00:00:00+00:00' AIRFLOW_CTX_TRY_NUMBER='2' AIRFLOW_CTX_DAG_RUN_ID='scheduled__2024-06-17T00:00:00+00:00'
[2024-06-22T15:25:58.413+0000] {taskinstance.py:430} INFO - ::endgroup::
[2024-06-22T15:25:58.501+0000] {python.py:237} INFO - Done. Returned value was:   first_name  ... nationality
0    Gabriel  ...          AU

[1 rows x 11 columns]
[2024-06-22T15:25:59.732+0000] {taskinstance.py:441} INFO - ::group::Post task execution logs
[2024-06-22T15:26:00.232+0000] {taskinstance.py:1206} INFO - Marking task as SUCCESS. dag_id=postgres_to_s3, task_id=transform, run_id=scheduled__2024-06-17T00:00:00+00:00, execution_date=20240617T000000, start_date=20240622T152557, end_date=20240622T152600
[2024-06-22T15:26:00.788+0000] {local_task_job_runner.py:240} INFO - Task exited with return code 0
[2024-06-22T15:26:00.921+0000] {taskinstance.py:3498} INFO - 1 downstream tasks scheduled from follow-on schedule check
[2024-06-22T15:26:01.082+0000] {local_task_job_runner.py:222} INFO - ::endgroup::
