[2024-06-14T12:45:44.906+0000] {local_task_job_runner.py:120} INFO - ::group::Pre task execution logs
[2024-06-14T12:45:45.020+0000] {taskinstance.py:2076} INFO - Dependencies all met for dep_context=non-requeueable deps ti=<TaskInstance: first_python_operator.greet_task2 scheduled__2024-06-01T00:00:00+00:00 [queued]>
[2024-06-14T12:45:45.059+0000] {taskinstance.py:2076} INFO - Dependencies all met for dep_context=requeueable deps ti=<TaskInstance: first_python_operator.greet_task2 scheduled__2024-06-01T00:00:00+00:00 [queued]>
[2024-06-14T12:45:45.062+0000] {taskinstance.py:2306} INFO - Starting attempt 1 of 6
[2024-06-14T12:45:45.354+0000] {taskinstance.py:2330} INFO - Executing <Task(PythonOperator): greet_task2> on 2024-06-01 00:00:00+00:00
[2024-06-14T12:45:45.397+0000] {standard_task_runner.py:90} INFO - Running: ['***', 'tasks', 'run', 'first_python_operator', 'greet_task2', 'scheduled__2024-06-01T00:00:00+00:00', '--job-id', '24', '--raw', '--subdir', 'DAGS_FOLDER/pythonops.py', '--cfg-path', '/tmp/tmp442qi30j']
[2024-06-14T12:45:45.414+0000] {standard_task_runner.py:91} INFO - Job 24: Subtask greet_task2
[2024-06-14T12:45:45.410+0000] {logging_mixin.py:188} WARNING - /home/***/.local/lib/python3.12/site-packages/***/task/task_runner/standard_task_runner.py:61 DeprecationWarning: This process (pid=443) is multi-threaded, use of fork() may lead to deadlocks in the child.
[2024-06-14T12:45:45.443+0000] {standard_task_runner.py:63} INFO - Started process 449 to run task
[2024-06-14T12:45:45.986+0000] {task_command.py:426} INFO - Running <TaskInstance: first_python_operator.greet_task2 scheduled__2024-06-01T00:00:00+00:00 [running]> on host 4ad055bac4bf
[2024-06-14T12:45:46.538+0000] {taskinstance.py:2648} INFO - Exporting env vars: AIRFLOW_CTX_DAG_OWNER='protectorate' AIRFLOW_CTX_DAG_ID='first_python_operator' AIRFLOW_CTX_TASK_ID='greet_task2' AIRFLOW_CTX_EXECUTION_DATE='2024-06-01T00:00:00+00:00' AIRFLOW_CTX_TRY_NUMBER='1' AIRFLOW_CTX_DAG_RUN_ID='scheduled__2024-06-01T00:00:00+00:00'
[2024-06-14T12:45:46.614+0000] {taskinstance.py:430} INFO - ::endgroup::
[2024-06-14T12:45:46.674+0000] {logging_mixin.py:188} INFO - Hello Adewunmi!!!, welcome to *** with python operator task 2
[2024-06-14T12:45:46.675+0000] {python.py:237} INFO - Done. Returned value was: None
[2024-06-14T12:45:46.677+0000] {taskinstance.py:441} INFO - ::group::Post task execution logs
[2024-06-14T12:45:46.729+0000] {taskinstance.py:1206} INFO - Marking task as SUCCESS. dag_id=first_python_operator, task_id=greet_task2, run_id=scheduled__2024-06-01T00:00:00+00:00, execution_date=20240601T000000, start_date=20240614T124545, end_date=20240614T124546
[2024-06-14T12:45:47.188+0000] {local_task_job_runner.py:240} INFO - Task exited with return code 0
[2024-06-14T12:45:47.213+0000] {taskinstance.py:3498} INFO - 0 downstream tasks scheduled from follow-on schedule check
[2024-06-14T12:45:47.451+0000] {local_task_job_runner.py:222} INFO - ::endgroup::
[2024-06-15T10:12:30.941+0000] {local_task_job_runner.py:120} INFO - ::group::Pre task execution logs
[2024-06-15T10:12:31.155+0000] {taskinstance.py:2076} INFO - Dependencies all met for dep_context=non-requeueable deps ti=<TaskInstance: first_python_operator.greet_task2 scheduled__2024-06-01T00:00:00+00:00 [queued]>
[2024-06-15T10:12:31.171+0000] {taskinstance.py:2076} INFO - Dependencies all met for dep_context=requeueable deps ti=<TaskInstance: first_python_operator.greet_task2 scheduled__2024-06-01T00:00:00+00:00 [queued]>
[2024-06-15T10:12:31.172+0000] {taskinstance.py:2306} INFO - Starting attempt 1 of 6
[2024-06-15T10:12:31.449+0000] {taskinstance.py:2330} INFO - Executing <Task(PythonOperator): greet_task2> on 2024-06-01 00:00:00+00:00
[2024-06-15T10:12:31.493+0000] {logging_mixin.py:188} WARNING - /home/***/.local/lib/python3.12/site-packages/***/task/task_runner/standard_task_runner.py:61 DeprecationWarning: This process (pid=2702) is multi-threaded, use of fork() may lead to deadlocks in the child.
[2024-06-15T10:12:31.497+0000] {standard_task_runner.py:63} INFO - Started process 2704 to run task
[2024-06-15T10:12:31.493+0000] {standard_task_runner.py:90} INFO - Running: ['***', 'tasks', 'run', 'first_python_operator', 'greet_task2', 'scheduled__2024-06-01T00:00:00+00:00', '--job-id', '21', '--raw', '--subdir', 'DAGS_FOLDER/pythonops.py', '--cfg-path', '/tmp/tmpvbnb8ugu']
[2024-06-15T10:12:31.500+0000] {standard_task_runner.py:91} INFO - Job 21: Subtask greet_task2
[2024-06-15T10:12:31.850+0000] {task_command.py:426} INFO - Running <TaskInstance: first_python_operator.greet_task2 scheduled__2024-06-01T00:00:00+00:00 [running]> on host d4d3ae2e009b
[2024-06-15T10:12:32.608+0000] {taskinstance.py:2648} INFO - Exporting env vars: AIRFLOW_CTX_DAG_OWNER='protectorate' AIRFLOW_CTX_DAG_ID='first_python_operator' AIRFLOW_CTX_TASK_ID='greet_task2' AIRFLOW_CTX_EXECUTION_DATE='2024-06-01T00:00:00+00:00' AIRFLOW_CTX_TRY_NUMBER='1' AIRFLOW_CTX_DAG_RUN_ID='scheduled__2024-06-01T00:00:00+00:00'
[2024-06-15T10:12:32.611+0000] {taskinstance.py:430} INFO - ::endgroup::
[2024-06-15T10:12:32.640+0000] {logging_mixin.py:188} INFO - Hello Adewunmi!!!, welcome to *** with python operator task 2
[2024-06-15T10:12:32.641+0000] {python.py:237} INFO - Done. Returned value was: None
[2024-06-15T10:12:32.644+0000] {taskinstance.py:441} INFO - ::group::Post task execution logs
[2024-06-15T10:12:32.664+0000] {taskinstance.py:1206} INFO - Marking task as SUCCESS. dag_id=first_python_operator, task_id=greet_task2, run_id=scheduled__2024-06-01T00:00:00+00:00, execution_date=20240601T000000, start_date=20240615T101231, end_date=20240615T101232
[2024-06-15T10:12:32.896+0000] {local_task_job_runner.py:240} INFO - Task exited with return code 0
[2024-06-15T10:12:32.934+0000] {local_task_job_runner.py:222} INFO - ::endgroup::
