[2024-06-14T12:45:53.562+0000] {local_task_job_runner.py:120} INFO - ::group::Pre task execution logs
[2024-06-14T12:45:53.606+0000] {taskinstance.py:2076} INFO - Dependencies all met for dep_context=non-requeueable deps ti=<TaskInstance: first_python_operator.greet scheduled__2024-06-04T00:00:00+00:00 [queued]>
[2024-06-14T12:45:53.620+0000] {taskinstance.py:2076} INFO - Dependencies all met for dep_context=requeueable deps ti=<TaskInstance: first_python_operator.greet scheduled__2024-06-04T00:00:00+00:00 [queued]>
[2024-06-14T12:45:53.620+0000] {taskinstance.py:2306} INFO - Starting attempt 1 of 6
[2024-06-14T12:45:53.894+0000] {taskinstance.py:2330} INFO - Executing <Task(PythonOperator): greet> on 2024-06-04 00:00:00+00:00
[2024-06-14T12:45:53.904+0000] {standard_task_runner.py:90} INFO - Running: ['***', 'tasks', 'run', 'first_python_operator', 'greet', 'scheduled__2024-06-04T00:00:00+00:00', '--job-id', '27', '--raw', '--subdir', 'DAGS_FOLDER/pythonops.py', '--cfg-path', '/tmp/tmptnc5hq7v']
[2024-06-14T12:45:53.908+0000] {standard_task_runner.py:91} INFO - Job 27: Subtask greet
[2024-06-14T12:45:53.910+0000] {logging_mixin.py:188} WARNING - /home/***/.local/lib/python3.12/site-packages/***/task/task_runner/standard_task_runner.py:61 DeprecationWarning: This process (pid=453) is multi-threaded, use of fork() may lead to deadlocks in the child.
[2024-06-14T12:45:53.911+0000] {standard_task_runner.py:63} INFO - Started process 455 to run task
[2024-06-14T12:45:54.281+0000] {task_command.py:426} INFO - Running <TaskInstance: first_python_operator.greet scheduled__2024-06-04T00:00:00+00:00 [running]> on host 4ad055bac4bf
[2024-06-14T12:45:54.982+0000] {taskinstance.py:2648} INFO - Exporting env vars: AIRFLOW_CTX_DAG_OWNER='protectorate' AIRFLOW_CTX_DAG_ID='first_python_operator' AIRFLOW_CTX_TASK_ID='greet' AIRFLOW_CTX_EXECUTION_DATE='2024-06-04T00:00:00+00:00' AIRFLOW_CTX_TRY_NUMBER='1' AIRFLOW_CTX_DAG_RUN_ID='scheduled__2024-06-04T00:00:00+00:00'
[2024-06-14T12:45:54.986+0000] {taskinstance.py:430} INFO - ::endgroup::
[2024-06-14T12:45:55.024+0000] {logging_mixin.py:188} INFO - Hello Adewunmi!!!, welcome to *** with python operator
[2024-06-14T12:45:55.026+0000] {python.py:237} INFO - Done. Returned value was: None
[2024-06-14T12:45:55.027+0000] {taskinstance.py:441} INFO - ::group::Post task execution logs
[2024-06-14T12:45:55.051+0000] {taskinstance.py:1206} INFO - Marking task as SUCCESS. dag_id=first_python_operator, task_id=greet, run_id=scheduled__2024-06-04T00:00:00+00:00, execution_date=20240604T000000, start_date=20240614T124553, end_date=20240614T124555
[2024-06-14T12:45:55.541+0000] {local_task_job_runner.py:240} INFO - Task exited with return code 0
[2024-06-14T12:45:55.592+0000] {taskinstance.py:3498} INFO - 1 downstream tasks scheduled from follow-on schedule check
[2024-06-14T12:45:55.676+0000] {local_task_job_runner.py:222} INFO - ::endgroup::
[2024-06-15T10:12:27.119+0000] {local_task_job_runner.py:120} INFO - ::group::Pre task execution logs
[2024-06-15T10:12:27.347+0000] {taskinstance.py:2076} INFO - Dependencies all met for dep_context=non-requeueable deps ti=<TaskInstance: first_python_operator.greet scheduled__2024-06-04T00:00:00+00:00 [queued]>
[2024-06-15T10:12:27.364+0000] {taskinstance.py:2076} INFO - Dependencies all met for dep_context=requeueable deps ti=<TaskInstance: first_python_operator.greet scheduled__2024-06-04T00:00:00+00:00 [queued]>
[2024-06-15T10:12:27.364+0000] {taskinstance.py:2306} INFO - Starting attempt 1 of 6
[2024-06-15T10:12:27.782+0000] {taskinstance.py:2330} INFO - Executing <Task(PythonOperator): greet> on 2024-06-04 00:00:00+00:00
[2024-06-15T10:12:27.830+0000] {standard_task_runner.py:90} INFO - Running: ['***', 'tasks', 'run', 'first_python_operator', 'greet', 'scheduled__2024-06-04T00:00:00+00:00', '--job-id', '20', '--raw', '--subdir', 'DAGS_FOLDER/pythonops.py', '--cfg-path', '/tmp/tmp2oc3ln2j']
[2024-06-15T10:12:27.838+0000] {standard_task_runner.py:91} INFO - Job 20: Subtask greet
[2024-06-15T10:12:27.846+0000] {logging_mixin.py:188} WARNING - /home/***/.local/lib/python3.12/site-packages/***/task/task_runner/standard_task_runner.py:61 DeprecationWarning: This process (pid=2696) is multi-threaded, use of fork() may lead to deadlocks in the child.
[2024-06-15T10:12:27.896+0000] {standard_task_runner.py:63} INFO - Started process 2701 to run task
[2024-06-15T10:12:28.615+0000] {task_command.py:426} INFO - Running <TaskInstance: first_python_operator.greet scheduled__2024-06-04T00:00:00+00:00 [running]> on host d4d3ae2e009b
[2024-06-15T10:12:29.712+0000] {taskinstance.py:2648} INFO - Exporting env vars: AIRFLOW_CTX_DAG_OWNER='protectorate' AIRFLOW_CTX_DAG_ID='first_python_operator' AIRFLOW_CTX_TASK_ID='greet' AIRFLOW_CTX_EXECUTION_DATE='2024-06-04T00:00:00+00:00' AIRFLOW_CTX_TRY_NUMBER='1' AIRFLOW_CTX_DAG_RUN_ID='scheduled__2024-06-04T00:00:00+00:00'
[2024-06-15T10:12:29.717+0000] {taskinstance.py:430} INFO - ::endgroup::
[2024-06-15T10:12:29.759+0000] {logging_mixin.py:188} INFO - Hello Adewunmi!!!, welcome to *** with python operator
[2024-06-15T10:12:29.760+0000] {python.py:237} INFO - Done. Returned value was: None
[2024-06-15T10:12:29.761+0000] {taskinstance.py:441} INFO - ::group::Post task execution logs
[2024-06-15T10:12:29.776+0000] {taskinstance.py:1206} INFO - Marking task as SUCCESS. dag_id=first_python_operator, task_id=greet, run_id=scheduled__2024-06-04T00:00:00+00:00, execution_date=20240604T000000, start_date=20240615T101227, end_date=20240615T101229
[2024-06-15T10:12:30.307+0000] {local_task_job_runner.py:240} INFO - Task exited with return code 0
[2024-06-15T10:12:30.344+0000] {taskinstance.py:3498} INFO - 1 downstream tasks scheduled from follow-on schedule check
[2024-06-15T10:12:30.850+0000] {local_task_job_runner.py:222} INFO - ::endgroup::
