[2024-06-15T21:01:43.470+0000] {local_task_job_runner.py:120} INFO - ::group::Pre task execution logs
[2024-06-15T21:01:43.504+0000] {taskinstance.py:2076} INFO - Dependencies all met for dep_context=non-requeueable deps ti=<TaskInstance: ran_info_api.format_response manual__2024-06-15T20:56:14.861100+00:00 [queued]>
[2024-06-15T21:01:43.536+0000] {taskinstance.py:2076} INFO - Dependencies all met for dep_context=requeueable deps ti=<TaskInstance: ran_info_api.format_response manual__2024-06-15T20:56:14.861100+00:00 [queued]>
[2024-06-15T21:01:43.537+0000] {taskinstance.py:2306} INFO - Starting attempt 4 of 6
[2024-06-15T21:01:43.691+0000] {taskinstance.py:2330} INFO - Executing <Task(PythonOperator): format_response> on 2024-06-15 20:56:14.861100+00:00
[2024-06-15T21:01:43.708+0000] {logging_mixin.py:188} WARNING - /home/***/.local/lib/python3.12/site-packages/***/task/task_runner/standard_task_runner.py:61 DeprecationWarning: This process (pid=7454) is multi-threaded, use of fork() may lead to deadlocks in the child.
[2024-06-15T21:01:43.707+0000] {standard_task_runner.py:90} INFO - Running: ['***', 'tasks', 'run', 'ran_info_api', 'format_response', 'manual__2024-06-15T20:56:14.861100+00:00', '--job-id', '68', '--raw', '--subdir', 'DAGS_FOLDER/rand_request_api.py', '--cfg-path', '/tmp/tmps24_l9q1']
[2024-06-15T21:01:43.711+0000] {standard_task_runner.py:91} INFO - Job 68: Subtask format_response
[2024-06-15T21:01:43.712+0000] {standard_task_runner.py:63} INFO - Started process 7458 to run task
[2024-06-15T21:01:43.872+0000] {task_command.py:426} INFO - Running <TaskInstance: ran_info_api.format_response manual__2024-06-15T20:56:14.861100+00:00 [running]> on host d4d3ae2e009b
[2024-06-15T21:01:44.153+0000] {taskinstance.py:2648} INFO - Exporting env vars: AIRFLOW_CTX_DAG_OWNER='protectorate' AIRFLOW_CTX_DAG_ID='ran_info_api' AIRFLOW_CTX_TASK_ID='format_response' AIRFLOW_CTX_EXECUTION_DATE='2024-06-15T20:56:14.861100+00:00' AIRFLOW_CTX_TRY_NUMBER='4' AIRFLOW_CTX_DAG_RUN_ID='manual__2024-06-15T20:56:14.861100+00:00'
[2024-06-15T21:01:44.155+0000] {taskinstance.py:430} INFO - ::endgroup::
[2024-06-15T21:01:44.175+0000] {taskinstance.py:441} INFO - ::group::Post task execution logs
[2024-06-15T21:01:44.176+0000] {taskinstance.py:2905} ERROR - Task failed with exception
Traceback (most recent call last):
  File "/home/airflow/.local/lib/python3.12/site-packages/airflow/models/taskinstance.py", line 465, in _execute_task
    result = _execute_callable(context=context, **execute_callable_kwargs)
             ^^^^^^^^^^^^^^^^^^^^^^^^^^^^^^^^^^^^^^^^^^^^^^^^^^^^^^^^^^^^^
  File "/home/airflow/.local/lib/python3.12/site-packages/airflow/models/taskinstance.py", line 432, in _execute_callable
    return execute_callable(context=context, **execute_callable_kwargs)
           ^^^^^^^^^^^^^^^^^^^^^^^^^^^^^^^^^^^^^^^^^^^^^^^^^^^^^^^^^^^^
  File "/home/airflow/.local/lib/python3.12/site-packages/airflow/models/baseoperator.py", line 400, in wrapper
    return func(self, *args, **kwargs)
           ^^^^^^^^^^^^^^^^^^^^^^^^^^^
  File "/home/airflow/.local/lib/python3.12/site-packages/airflow/operators/python.py", line 235, in execute
    return_value = self.execute_callable()
                   ^^^^^^^^^^^^^^^^^^^^^^^
  File "/home/airflow/.local/lib/python3.12/site-packages/airflow/operators/python.py", line 252, in execute_callable
    return self.python_callable(*self.op_args, **self.op_kwargs)
           ^^^^^^^^^^^^^^^^^^^^^^^^^^^^^^^^^^^^^^^^^^^^^^^^^^^^^
  File "/opt/airflow/dags/rand_request_api.py", line 17, in format_response
    result = res['results'][0]
             ~~~^^^^^^^^^^^
TypeError: string indices must be integers, not 'str'
[2024-06-15T21:01:44.195+0000] {taskinstance.py:1206} INFO - Marking task as UP_FOR_RETRY. dag_id=ran_info_api, task_id=format_response, run_id=manual__2024-06-15T20:56:14.861100+00:00, execution_date=20240615T205614, start_date=20240615T210143, end_date=20240615T210144
[2024-06-15T21:01:44.291+0000] {standard_task_runner.py:110} ERROR - Failed to execute job 68 for task format_response (string indices must be integers, not 'str'; 7458)
[2024-06-15T21:01:44.333+0000] {local_task_job_runner.py:240} INFO - Task exited with return code 1
[2024-06-15T21:01:44.454+0000] {local_task_job_runner.py:222} INFO - ::endgroup::
